#
# A fatal error has been detected by the Java Runtime Environment:
#
#  SIGSEGV (0xb) at pc=0x00007f447182e009, pid=17784, tid=17819
#
# JRE version: OpenJDK Runtime Environment (9.0) (build 9-internal+0-2016-04-14-195246.buildd.src)
# Java VM: OpenJDK 64-Bit Server VM (9-internal+0-2016-04-14-195246.buildd.src, mixed mode, tiered, compressed oops, g1 gc, linux-amd64)
# Problematic frame:
# C  [libjava.so+0x1d009]  JNU_GetEnv+0x19
#
# Core dump will be written. Default location: Core dumps may be processed with "/usr/share/apport/apport %p %s %c %d %P" (or dumping to /home/jgourd/_git/school/teaching/Spring2020/Cyber Storm/challenges/reverse engineering/Inertia/distrib/core.17784)
#
# If you would like to submit a bug report, please visit:
#   http://bugreport.java.com/bugreport/crash.jsp
# The crash happened outside the Java Virtual Machine in native code.
# See problematic frame for where to report the bug.
#

---------------  S U M M A R Y ------------

Command Line: Main

Host: Intel(R) Core(TM) i5-4200M CPU @ 2.50GHz, 4 cores, 7G, Linux Mint 18.3 Sylvia
Time: Fri May 15 15:15:48 2020 CDT elapsed time: 0 seconds (0d 0h 0m 0s)

---------------  T H R E A D  ---------------

Current thread (0x00007f43d8005800):  JavaThread "AWT-EventQueue-0" [_thread_in_native, id=17819, stack(0x00007f43e9ed5000,0x00007f43e9fd6000)]

Stack: [0x00007f43e9ed5000,0x00007f43e9fd6000],  sp=0x00007f43e9fcfe20,  free space=1003k
Native frames: (J=compiled Java code, j=interpreted, Vv=VM code, C=native code)
C  [libjava.so+0x1d009]  JNU_GetEnv+0x19
C  [libfontmanager.so+0x33f8e]
C  [libfreetype.so.6+0x14d2b]  FT_Stream_Seek+0x1b

Java frames: (J=compiled Java code, j=interpreted, Vv=VM code)
j  sun.font.FreetypeFontScaler.initNativeScaler(Lsun/font/Font2D;IIZI)J+0 java.desktop@9-internal
j  sun.font.FreetypeFontScaler.<init>(Lsun/font/Font2D;IZI)V+26 java.desktop@9-internal
v  ~StubRoutines::call_stub
j  sun.reflect.NativeConstructorAccessorImpl.newInstance0(Ljava/lang/reflect/Constructor;[Ljava/lang/Object;)Ljava/lang/Object;+0 java.base@9-internal
j  sun.reflect.NativeConstructorAccessorImpl.newInstance([Ljava/lang/Object;)Ljava/lang/Object;+85 java.base@9-internal
j  sun.reflect.DelegatingConstructorAccessorImpl.newInstance([Ljava/lang/Object;)Ljava/lang/Object;+5 java.base@9-internal
j  java.lang.reflect.Constructor.newInstance([Ljava/lang/Object;)Ljava/lang/Object;+65 java.base@9-internal
j  sun.font.FontScaler.getScaler(Lsun/font/Font2D;IZI)Lsun/font/FontScaler;+39 java.desktop@9-internal
j  sun.font.TrueTypeFont.getScaler()Lsun/font/FontScaler;+21 java.desktop@9-internal
j  sun.font.FileFontStrike.<init>(Lsun/font/FileFont;Lsun/font/FontStrikeDesc;)V+204 java.desktop@9-internal
j  sun.font.FileFont.createStrike(Lsun/font/FontStrikeDesc;)Lsun/font/FontStrike;+18 java.desktop@9-internal
j  sun.font.Font2D.getStrike(Lsun/font/FontStrikeDesc;Z)Lsun/font/FontStrike;+92 java.desktop@9-internal
j  sun.font.Font2D.getStrike(Lsun/font/FontStrikeDesc;)Lsun/font/FontStrike;+3 java.desktop@9-internal
j  sun.font.CompositeStrike.getStrikeForSlot(I)Lsun/font/PhysicalStrike;+23 java.desktop@9-internal
j  sun.font.CompositeStrike.getGlyphImagePtrs([I[JI)V+2 java.desktop@9-internal
j  sun.font.GlyphList.mapChars(Lsun/java2d/loops/FontInfo;I)Z+37 java.desktop@9-internal
j  sun.font.GlyphList.setFromString(Lsun/java2d/loops/FontInfo;Ljava/lang/String;FF)Z+71 java.desktop@9-internal
j  sun.java2d.pipe.GlyphListPipe.drawString(Lsun/java2d/SunGraphics2D;Ljava/lang/String;DD)V+146 java.desktop@9-internal
j  sun.java2d.SunGraphics2D.drawString(Ljava/lang/String;II)V+68 java.desktop@9-internal
j  Game.paintComponent(Ljava/awt/Graphics;)V+55
j  javax.swing.JComponent.paint(Ljava/awt/Graphics;)V+286 java.desktop@9-internal
j  javax.swing.JComponent.paintToOffscreen(Ljava/awt/Graphics;IIIIII)V+41 java.desktop@9-internal
j  javax.swing.BufferStrategyPaintManager.paint(Ljavax/swing/JComponent;Ljavax/swing/JComponent;Ljava/awt/Graphics;IIII)Z+164 java.desktop@9-internal
j  javax.swing.RepaintManager.paint(Ljavax/swing/JComponent;Ljavax/swing/JComponent;Ljava/awt/Graphics;IIII)V+51 java.desktop@9-internal
j  javax.swing.JComponent._paintImmediately(IIII)V+683 java.desktop@9-internal
j  javax.swing.JComponent.paintImmediately(IIII)V+138 java.desktop@9-internal
j  javax.swing.RepaintManager$4.run()Ljava/lang/Void;+81 java.desktop@9-internal
j  javax.swing.RepaintManager$4.run()Ljava/lang/Object;+1 java.desktop@9-internal
v  ~StubRoutines::call_stub
j  java.security.AccessController.doPrivileged(Ljava/security/PrivilegedAction;Ljava/security/AccessControlContext;)Ljava/lang/Object;+0 java.base@9-internal
j  java.security.ProtectionDomain$JavaSecurityAccessImpl.doIntersectionPrivilege(Ljava/security/PrivilegedAction;Ljava/security/AccessControlContext;Ljava/security/AccessControlContext;)Ljava/lang/Object;+18 java.base@9-internal
j  javax.swing.RepaintManager.paintDirtyRegions(Ljava/util/Map;)V+154 java.desktop@9-internal
j  javax.swing.RepaintManager.paintDirtyRegions()V+46 java.desktop@9-internal
j  javax.swing.RepaintManager.prePaintDirtyRegions()V+73 java.desktop@9-internal
j  javax.swing.RepaintManager.access$1200(Ljavax/swing/RepaintManager;)V+1 java.desktop@9-internal
j  javax.swing.RepaintManager$ProcessingRunnable.run()V+37 java.desktop@9-internal
j  java.awt.event.InvocationEvent.dispatch()V+47 java.desktop@9-internal
j  java.awt.EventQueue.dispatchEventImpl(Ljava/awt/AWTEvent;Ljava/lang/Object;)V+21 java.desktop@9-internal
j  java.awt.EventQueue.access$500(Ljava/awt/EventQueue;Ljava/awt/AWTEvent;Ljava/lang/Object;)V+3 java.desktop@9-internal
j  java.awt.EventQueue$3.run()Ljava/lang/Void;+32 java.desktop@9-internal
j  java.awt.EventQueue$3.run()Ljava/lang/Object;+1 java.desktop@9-internal
v  ~StubRoutines::call_stub
j  java.security.AccessController.doPrivileged(Ljava/security/PrivilegedAction;Ljava/security/AccessControlContext;)Ljava/lang/Object;+0 java.base@9-internal
j  java.security.ProtectionDomain$JavaSecurityAccessImpl.doIntersectionPrivilege(Ljava/security/PrivilegedAction;Ljava/security/AccessControlContext;Ljava/security/AccessControlContext;)Ljava/lang/Object;+18 java.base@9-internal
j  java.awt.EventQueue.dispatchEvent(Ljava/awt/AWTEvent;)V+46 java.desktop@9-internal
j  java.awt.EventDispatchThread.pumpOneEventForFilters(I)V+183 java.desktop@9-internal
j  java.awt.EventDispatchThread.pumpEventsForFilter(ILjava/awt/Conditional;Ljava/awt/EventFilter;)V+35 java.desktop@9-internal
j  java.awt.EventDispatchThread.pumpEventsForHierarchy(ILjava/awt/Conditional;Ljava/awt/Component;)V+11 java.desktop@9-internal
j  java.awt.EventDispatchThread.pumpEvents(ILjava/awt/Conditional;)V+4 java.desktop@9-internal
j  java.awt.EventDispatchThread.pumpEvents(Ljava/awt/Conditional;)V+3 java.desktop@9-internal
j  java.awt.EventDispatchThread.run()V+9 java.desktop@9-internal
v  ~StubRoutines::call_stub

siginfo: si_signo: 11 (SIGSEGV), si_code: 1 (SEGV_MAPERR), si_addr: 0x0000000000000000

Register to memory mapping:

RAX=0x0000000000000000 is an unknown value
RBX=0x0000000000000000 is an unknown value
RCX=0x0000000000000000 is an unknown value
RDX=0x0000000000010002 is an unknown value
RSP=0x00007f43e9fcfe20 is pointing into the stack for thread: 0x00007f43d8005800
RBP=0x00007f43e9fcfe30 is pointing into the stack for thread: 0x00007f43d8005800
RSI=0x0000000000010002 is an unknown value
RDI=0x0000000000000000 is an unknown value
R8 =0x0000000000000000 is an unknown value
R9 =0x0000000000000000 is an unknown value
R10=0x00000000000001db is an unknown value
R11=0x00007f447182dff0: JNU_GetEnv+0x0000000000000000 in /usr/lib/jvm/java-9-openjdk-amd64/lib/amd64/libjava.so at 0x00007f4471811000
R12=0x00007f43c803c7f0 is an unknown value
R13=0x0000000000000000 is an unknown value
R14=0x0000000000000000 is an unknown value
R15=0x00007f43c803c850 is an unknown value


Registers:
RAX=0x0000000000000000, RBX=0x0000000000000000, RCX=0x0000000000000000, RDX=0x0000000000010002
RSP=0x00007f43e9fcfe20, RBP=0x00007f43e9fcfe30, RSI=0x0000000000010002, RDI=0x0000000000000000
R8 =0x0000000000000000, R9 =0x0000000000000000, R10=0x00000000000001db, R11=0x00007f447182dff0
R12=0x00007f43c803c7f0, R13=0x0000000000000000, R14=0x0000000000000000, R15=0x00007f43c803c850
RIP=0x00007f447182e009, EFLAGS=0x0000000000010246, CSGSFS=0x002b000000000033, ERR=0x0000000000000004
  TRAPNO=0x000000000000000e

Top of Stack: (sp=0x00007f43e9fcfe20)
0x00007f43e9fcfe20:   0000000000000000 c2c69d2f9b16f600
0x00007f43e9fcfe30:   00007f43e9fcfe70 00007f43ebb63f8e
0x00007f43e9fcfe40:   00007f43c803bcc0 00007f43c803c7f0
0x00007f43e9fcfe50:   0000000000000000 0000000000000000
0x00007f43e9fcfe60:   00007f43c803c7f0 00007f43c803c850
0x00007f43e9fcfe70:   0000000000000000 00007f43eb89ad2b
0x00007f43e9fcfe80:   0000000000000000 00007f43ebb2cd80
0x00007f43e9fcfe90:   0000000000000000 00007f43eb8ae8e0
0x00007f43e9fcfea0:   0000000000000002 0000003200000008
0x00007f43e9fcfeb0:   0000000000000000 0000000000000000
0x00007f43e9fcfec0:   0000006e0000005b 0000000000000000
0x00007f43e9fcfed0:   0000000000000000 0000007c00000077
0x00007f43e9fcfee0:   0000000000000000 0000000000000000
0x00007f43e9fcfef0:   0000000000000000 0000000000000000
0x00007f43e9fcff00:   0000000000000000 00007f43c8000020
0x00007f43e9fcff10:   0000000000000070 00007f43e9fcffc4
0x00007f43e9fcff20:   00007f43c803bcc0 00007f43c803c850
0x00007f43e9fcff30:   00007f43e9fcffc4 00007f4473f3c184
0x00007f43e9fcff40:   0000000000000000 00007f43e9fcff74
0x00007f43e9fcff50:   00007f43ebb299e0 c2c69d2f9b16f600
0x00007f43e9fcff60:   0000000000000070 00007f43c803bb00
0x00007f43e9fcff70:   00007f43ebb299e0 00007f43e9fd0088
0x00007f43e9fcff80:   00007f43c803bcc0 00007f43c803c850
0x00007f43e9fcff90:   00007f43c803cd80 00007f43eb89d4c2
0x00007f43e9fcffa0:   0000000100000000 00007f43e9fd0090
0x00007f43e9fcffb0:   0000000000000000 0000000000000000
0x00007f43e9fcffc0:   00000000e9fd0088 c2c69d2f9b16f600
0x00007f43e9fcffd0:   00007f43c803bb00 00007f43e9fd0090
0x00007f43e9fcffe0:   0000000000000000 00007f43c803bbe8
0x00007f43e9fcfff0:   00007f43e9fd0290 00007f43c803bb48
0x00007f43e9fd0000:   00007f43c803bcc0 00007f43eb89f581
0x00007f43e9fd0010:   00007f43e9fd0090 00007f43eb89f376 

Instructions: (pc=0x00007f447182e009)
0x00007f447182dfe9:   ff eb ea 0f 1f 40 00 55 89 f2 48 89 e5 48 83 ec
0x00007f447182dff9:   10 64 48 8b 04 25 28 00 00 00 48 89 45 f8 31 c0
0x00007f447182e009:   48 8b 07 48 8d 75 f0 ff 50 30 48 8b 4d f8 64 48
0x00007f447182e019:   33 0c 25 28 00 00 00 48 8b 45 f0 75 02 c9 c3 e8 


---------------  P R O C E S S  ---------------

Java Threads: ( => current thread )
  0x00007f446c011000 JavaThread "DestroyJavaVM" [_thread_blocked, id=17785, stack(0x00007f4474588000,0x00007f4474689000)]
  0x00007f43d4027000 JavaThread "Java Sound Event Dispatcher" daemon [_thread_blocked, id=17828, stack(0x00007f43d3440000,0x00007f43d3541000)]
=>0x00007f43d8005800 JavaThread "AWT-EventQueue-0" [_thread_in_native, id=17819, stack(0x00007f43e9ed5000,0x00007f43e9fd6000)]
  0x00007f43d8004000 JavaThread "AWT-Shutdown" [_thread_blocked, id=17818, stack(0x00007f43e9fd6000,0x00007f43ea0d7000)]
  0x00007f446c375800 JavaThread "TimerQueue" daemon [_thread_blocked, id=17813, stack(0x00007f43ea7e9000,0x00007f43ea8ea000)]
  0x00007f446c373800 JavaThread "Thread-0" [_thread_blocked, id=17812, stack(0x00007f43ea8ea000,0x00007f43ea9eb000)]
  0x00007f446c371000 JavaThread "Image Fetcher 0" daemon [_thread_blocked, id=17811, stack(0x00007f43eb04f000,0x00007f43eb150000)]
  0x00007f446c352000 JavaThread "AWT-XAWT" daemon [_thread_in_native, id=17810, stack(0x00007f43eb150000,0x00007f43eb251000)]
  0x00007f446c331800 JavaThread "Java2D Disposer" daemon [_thread_blocked, id=17809, stack(0x00007f44240c7000,0x00007f44241c8000)]
  0x00007f446c265000 JavaThread "Service Thread" daemon [_thread_blocked, id=17807, stack(0x00007f44247f5000,0x00007f44248f6000)]
  0x00007f446c1a7000 JavaThread "Common-Cleaner" daemon [_thread_blocked, id=17806, stack(0x00007f44248f6000,0x00007f44249f7000)]
  0x00007f446c16f000 JavaThread "Sweeper thread" daemon [_thread_blocked, id=17805, stack(0x00007f4424e21000,0x00007f4424f22000)]
  0x00007f446c16d800 JavaThread "C1 CompilerThread2" daemon [_thread_blocked, id=17804, stack(0x00007f4424f22000,0x00007f4425023000)]
  0x00007f446c16b800 JavaThread "C2 CompilerThread1" daemon [_thread_in_native, id=17803, stack(0x00007f4425023000,0x00007f4425124000)]
  0x00007f446c169800 JavaThread "C2 CompilerThread0" daemon [_thread_in_native, id=17802, stack(0x00007f4425124000,0x00007f4425225000)]
  0x00007f446c165000 JavaThread "Signal Dispatcher" daemon [_thread_blocked, id=17801, stack(0x00007f4425225000,0x00007f4425326000)]
  0x00007f446c163000 JavaThread "Surrogate Locker Thread (Concurrent GC)" daemon [_thread_blocked, id=17800, stack(0x00007f4425326000,0x00007f4425427000)]
  0x00007f446c151800 JavaThread "Finalizer" daemon [_thread_blocked, id=17799, stack(0x00007f44256ff000,0x00007f4425800000)]
  0x00007f446c145800 JavaThread "Reference Handler" daemon [_thread_blocked, id=17798, stack(0x00007f442c00e000,0x00007f442c10f000)]

Other Threads:
  0x00007f446c13b800 VMThread [stack: 0x00007f442c10f000,0x00007f442c210000] [id=17797]
  0x00007f446c267800 WatcherThread [stack: 0x00007f44246f4000,0x00007f44247f5000] [id=17808]

Threads with active compile tasks:
C2 CompilerThread1 711       4       java.util.HashMap::putVal (300 bytes)
C2 CompilerThread0 709       4       java.lang.AbstractStringBuilder::append (45 bytes)

VM state:not at safepoint (normal execution)

VM Mutex/Monitor currently owned by a thread: None

heap address: 0x0000000084200000, size: 1982 MB, Compressed Oops mode: 32-bit
Narrow klass base: 0x0000000000000000, Narrow klass shift: 3
Compressed class space size: 1073741824 Address: 0x0000000100000000

Heap:
 garbage-first heap   total 126976K, used 9371K [0x0000000084200000, 0x00000000843003e0, 0x0000000100000000)
  region size 1024K, 7 young (7168K), 1 survivors (1024K)
 Metaspace       used 12378K, capacity 12804K, committed 13056K, reserved 1060864K
  class space    used 1373K, capacity 1533K, committed 1536K, reserved 1048576K

Heap Regions: E=young(eden), S=young(survivor), O=old, HS=humongous(starts), HC=humongous(continues), CS=collection set, F=free, A=archive, TS=gc time stamp, AC=allocation context, TAMS=top-at-mark-start (previous, next)
|   0|0x0000000084200000, 0x0000000084300000, 0x0000000084300000|100%|HS|  |TS  0|AC  0|TAMS 0x0000000084200000, 0x0000000084200000|
|   1|0x0000000084300000, 0x0000000084400000, 0x0000000084400000|100%|HC|  |TS  0|AC  0|TAMS 0x0000000084300000, 0x0000000084300000|
|   2|0x0000000084400000, 0x0000000084500000, 0x0000000084500000|100%| O|  |TS  1|AC  0|TAMS 0x0000000084400000, 0x0000000084400000|
|   3|0x0000000084500000, 0x0000000084526e00, 0x0000000084600000| 15%| O|  |TS  1|AC  0|TAMS 0x0000000084500000, 0x0000000084500000|
|   4|0x0000000084600000, 0x0000000084600000, 0x0000000084700000|  0%| F|  |TS  0|AC  0|TAMS 0x0000000084600000, 0x0000000084600000|
|   5|0x0000000084700000, 0x0000000084700000, 0x0000000084800000|  0%| F|  |TS  0|AC  0|TAMS 0x0000000084700000, 0x0000000084700000|
|   6|0x0000000084800000, 0x0000000084800000, 0x0000000084900000|  0%| F|  |TS  0|AC  0|TAMS 0x0000000084800000, 0x0000000084800000|
|   7|0x0000000084900000, 0x0000000084900000, 0x0000000084a00000|  0%| F|  |TS  0|AC  0|TAMS 0x0000000084900000, 0x0000000084900000|
|   8|0x0000000084a00000, 0x0000000084a00000, 0x0000000084b00000|  0%| F|  |TS  0|AC  0|TAMS 0x0000000084a00000, 0x0000000084a00000|
|   9|0x0000000084b00000, 0x0000000084b00000, 0x0000000084c00000|  0%| F|  |TS  0|AC  0|TAMS 0x0000000084b00000, 0x0000000084b00000|
|  10|0x0000000084c00000, 0x0000000084c00000, 0x0000000084d00000|  0%| F|  |TS  0|AC  0|TAMS 0x0000000084c00000, 0x0000000084c00000|
|  11|0x0000000084d00000, 0x0000000084d00000, 0x0000000084e00000|  0%| F|  |TS  0|AC  0|TAMS 0x0000000084d00000, 0x0000000084d00000|
|  12|0x0000000084e00000, 0x0000000084e00000, 0x0000000084f00000|  0%| F|  |TS  0|AC  0|TAMS 0x0000000084e00000, 0x0000000084e00000|
|  13|0x0000000084f00000, 0x0000000084f00000, 0x0000000085000000|  0%| F|  |TS  0|AC  0|TAMS 0x0000000084f00000, 0x0000000084f00000|
|  14|0x0000000085000000, 0x0000000085000000, 0x0000000085100000|  0%| F|  |TS  0|AC  0|TAMS 0x0000000085000000, 0x0000000085000000|
|  15|0x0000000085100000, 0x0000000085100000, 0x0000000085200000|  0%| F|  |TS  0|AC  0|TAMS 0x0000000085100000, 0x0000000085100000|
|  16|0x0000000085200000, 0x0000000085200000, 0x0000000085300000|  0%| F|  |TS  0|AC  0|TAMS 0x0000000085200000, 0x0000000085200000|
|  17|0x0000000085300000, 0x0000000085300000, 0x0000000085400000|  0%| F|  |TS  0|AC  0|TAMS 0x0000000085300000, 0x0000000085300000|
|  18|0x0000000085400000, 0x0000000085400000, 0x0000000085500000|  0%| F|  |TS  0|AC  0|TAMS 0x0000000085400000, 0x0000000085400000|
|  19|0x0000000085500000, 0x0000000085500000, 0x0000000085600000|  0%| F|  |TS  0|AC  0|TAMS 0x0000000085500000, 0x0000000085500000|
|  20|0x0000000085600000, 0x0000000085600000, 0x0000000085700000|  0%| F|  |TS  0|AC  0|TAMS 0x0000000085600000, 0x0000000085600000|
|  21|0x0000000085700000, 0x0000000085700000, 0x0000000085800000|  0%| F|  |TS  0|AC  0|TAMS 0x0000000085700000, 0x0000000085700000|
|  22|0x0000000085800000, 0x0000000085800000, 0x0000000085900000|  0%| F|  |TS  0|AC  0|TAMS 0x0000000085800000, 0x0000000085800000|
|  23|0x0000000085900000, 0x0000000085900000, 0x0000000085a00000|  0%| F|  |TS  0|AC  0|TAMS 0x0000000085900000, 0x0000000085900000|
|  24|0x0000000085a00000, 0x0000000085a00000, 0x0000000085b00000|  0%| F|  |TS  0|AC  0|TAMS 0x0000000085a00000, 0x0000000085a00000|
|  25|0x0000000085b00000, 0x0000000085b00000, 0x0000000085c00000|  0%| F|  |TS  0|AC  0|TAMS 0x0000000085b00000, 0x0000000085b00000|
|  26|0x0000000085c00000, 0x0000000085c00000, 0x0000000085d00000|  0%| F|  |TS  0|AC  0|TAMS 0x0000000085c00000, 0x0000000085c00000|
|  27|0x0000000085d00000, 0x0000000085d00000, 0x0000000085e00000|  0%| F|  |TS  0|AC  0|TAMS 0x0000000085d00000, 0x0000000085d00000|
|  28|0x0000000085e00000, 0x0000000085e00000, 0x0000000085f00000|  0%| F|  |TS  0|AC  0|TAMS 0x0000000085e00000, 0x0000000085e00000|
|  29|0x0000000085f00000, 0x0000000085f00000, 0x0000000086000000|  0%| F|  |TS  0|AC  0|TAMS 0x0000000085f00000, 0x0000000085f00000|
|  30|0x0000000086000000, 0x0000000086000000, 0x0000000086100000|  0%| F|  |TS  0|AC  0|TAMS 0x0000000086000000, 0x0000000086000000|
|  31|0x0000000086100000, 0x0000000086100000, 0x0000000086200000|  0%| F|  |TS  0|AC  0|TAMS 0x0000000086100000, 0x0000000086100000|
|  32|0x0000000086200000, 0x0000000086200000, 0x0000000086300000|  0%| F|  |TS  0|AC  0|TAMS 0x0000000086200000, 0x0000000086200000|
|  33|0x0000000086300000, 0x0000000086300000, 0x0000000086400000|  0%| F|  |TS  0|AC  0|TAMS 0x0000000086300000, 0x0000000086300000|
|  34|0x0000000086400000, 0x0000000086400000, 0x0000000086500000|  0%| F|  |TS  0|AC  0|TAMS 0x0000000086400000, 0x0000000086400000|
|  35|0x0000000086500000, 0x0000000086500000, 0x0000000086600000|  0%| F|  |TS  0|AC  0|TAMS 0x0000000086500000, 0x0000000086500000|
|  36|0x0000000086600000, 0x0000000086600000, 0x0000000086700000|  0%| F|  |TS  0|AC  0|TAMS 0x0000000086600000, 0x0000000086600000|
|  37|0x0000000086700000, 0x0000000086700000, 0x0000000086800000|  0%| F|  |TS  0|AC  0|TAMS 0x0000000086700000, 0x0000000086700000|
|  38|0x0000000086800000, 0x0000000086800000, 0x0000000086900000|  0%| F|  |TS  0|AC  0|TAMS 0x0000000086800000, 0x0000000086800000|
|  39|0x0000000086900000, 0x0000000086900000, 0x0000000086a00000|  0%| F|  |TS  0|AC  0|TAMS 0x0000000086900000, 0x0000000086900000|
|  40|0x0000000086a00000, 0x0000000086a00000, 0x0000000086b00000|  0%| F|  |TS  0|AC  0|TAMS 0x0000000086a00000, 0x0000000086a00000|
|  41|0x0000000086b00000, 0x0000000086b00000, 0x0000000086c00000|  0%| F|  |TS  0|AC  0|TAMS 0x0000000086b00000, 0x0000000086b00000|
|  42|0x0000000086c00000, 0x0000000086c00000, 0x0000000086d00000|  0%| F|  |TS  0|AC  0|TAMS 0x0000000086c00000, 0x0000000086c00000|
|  43|0x0000000086d00000, 0x0000000086d00000, 0x0000000086e00000|  0%| F|  |TS  0|AC  0|TAMS 0x0000000086d00000, 0x0000000086d00000|
|  44|0x0000000086e00000, 0x0000000086e00000, 0x0000000086f00000|  0%| F|  |TS  0|AC  0|TAMS 0x0000000086e00000, 0x0000000086e00000|
|  45|0x0000000086f00000, 0x0000000086f00000, 0x0000000087000000|  0%| F|  |TS  0|AC  0|TAMS 0x0000000086f00000, 0x0000000086f00000|
|  46|0x0000000087000000, 0x0000000087000000, 0x0000000087100000|  0%| F|  |TS  0|AC  0|TAMS 0x0000000087000000, 0x0000000087000000|
|  47|0x0000000087100000, 0x0000000087100000, 0x0000000087200000|  0%| F|  |TS  0|AC  0|TAMS 0x0000000087100000, 0x0000000087100000|
|  48|0x0000000087200000, 0x0000000087200000, 0x0000000087300000|  0%| F|  |TS  0|AC  0|TAMS 0x0000000087200000, 0x0000000087200000|
|  49|0x0000000087300000, 0x0000000087300000, 0x0000000087400000|  0%| F|  |TS  0|AC  0|TAMS 0x0000000087300000, 0x0000000087300000|
|  50|0x0000000087400000, 0x0000000087400000, 0x0000000087500000|  0%| F|  |TS  0|AC  0|TAMS 0x0000000087400000, 0x0000000087400000|
|  51|0x0000000087500000, 0x0000000087500000, 0x0000000087600000|  0%| F|  |TS  0|AC  0|TAMS 0x0000000087500000, 0x0000000087500000|
|  52|0x0000000087600000, 0x0000000087600000, 0x0000000087700000|  0%| F|  |TS  0|AC  0|TAMS 0x0000000087600000, 0x0000000087600000|
|  53|0x0000000087700000, 0x0000000087700000, 0x0000000087800000|  0%| F|  |TS  0|AC  0|TAMS 0x0000000087700000, 0x0000000087700000|
|  54|0x0000000087800000, 0x0000000087800000, 0x0000000087900000|  0%| F|  |TS  0|AC  0|TAMS 0x0000000087800000, 0x0000000087800000|
|  55|0x0000000087900000, 0x0000000087900000, 0x0000000087a00000|  0%| F|  |TS  0|AC  0|TAMS 0x0000000087900000, 0x0000000087900000|
|  56|0x0000000087a00000, 0x0000000087a00000, 0x0000000087b00000|  0%| F|  |TS  0|AC  0|TAMS 0x0000000087a00000, 0x0000000087a00000|
|  57|0x0000000087b00000, 0x0000000087b00000, 0x0000000087c00000|  0%| F|  |TS  0|AC  0|TAMS 0x0000000087b00000, 0x0000000087b00000|
|  58|0x0000000087c00000, 0x0000000087c00000, 0x0000000087d00000|  0%| F|  |TS  0|AC  0|TAMS 0x0000000087c00000, 0x0000000087c00000|
|  59|0x0000000087d00000, 0x0000000087d00000, 0x0000000087e00000|  0%| F|  |TS  0|AC  0|TAMS 0x0000000087d00000, 0x0000000087d00000|
|  60|0x0000000087e00000, 0x0000000087e00000, 0x0000000087f00000|  0%| F|  |TS  0|AC  0|TAMS 0x0000000087e00000, 0x0000000087e00000|
|  61|0x0000000087f00000, 0x0000000087f00000, 0x0000000088000000|  0%| F|  |TS  0|AC  0|TAMS 0x0000000087f00000, 0x0000000087f00000|
|  62|0x0000000088000000, 0x0000000088000000, 0x0000000088100000|  0%| F|  |TS  0|AC  0|TAMS 0x0000000088000000, 0x0000000088000000|
|  63|0x0000000088100000, 0x0000000088100000, 0x0000000088200000|  0%| F|  |TS  0|AC  0|TAMS 0x0000000088100000, 0x0000000088100000|
|  64|0x0000000088200000, 0x0000000088200000, 0x0000000088300000|  0%| F|  |TS  0|AC  0|TAMS 0x0000000088200000, 0x0000000088200000|
|  65|0x0000000088300000, 0x0000000088300000, 0x0000000088400000|  0%| F|  |TS  0|AC  0|TAMS 0x0000000088300000, 0x0000000088300000|
|  66|0x0000000088400000, 0x0000000088400000, 0x0000000088500000|  0%| F|  |TS  0|AC  0|TAMS 0x0000000088400000, 0x0000000088400000|
|  67|0x0000000088500000, 0x0000000088500000, 0x0000000088600000|  0%| F|  |TS  0|AC  0|TAMS 0x0000000088500000, 0x0000000088500000|
|  68|0x0000000088600000, 0x0000000088600000, 0x0000000088700000|  0%| F|  |TS  0|AC  0|TAMS 0x0000000088600000, 0x0000000088600000|
|  69|0x0000000088700000, 0x0000000088700000, 0x0000000088800000|  0%| F|  |TS  0|AC  0|TAMS 0x0000000088700000, 0x0000000088700000|
|  70|0x0000000088800000, 0x0000000088800000, 0x0000000088900000|  0%| F|  |TS  0|AC  0|TAMS 0x0000000088800000, 0x0000000088800000|
|  71|0x0000000088900000, 0x0000000088900000, 0x0000000088a00000|  0%| F|  |TS  0|AC  0|TAMS 0x0000000088900000, 0x0000000088900000|
|  72|0x0000000088a00000, 0x0000000088a00000, 0x0000000088b00000|  0%| F|  |TS  0|AC  0|TAMS 0x0000000088a00000, 0x0000000088a00000|
|  73|0x0000000088b00000, 0x0000000088b00000, 0x0000000088c00000|  0%| F|  |TS  0|AC  0|TAMS 0x0000000088b00000, 0x0000000088b00000|
|  74|0x0000000088c00000, 0x0000000088c00000, 0x0000000088d00000|  0%| F|  |TS  0|AC  0|TAMS 0x0000000088c00000, 0x0000000088c00000|
|  75|0x0000000088d00000, 0x0000000088d00000, 0x0000000088e00000|  0%| F|  |TS  0|AC  0|TAMS 0x0000000088d00000, 0x0000000088d00000|
|  76|0x0000000088e00000, 0x0000000088e00000, 0x0000000088f00000|  0%| F|  |TS  0|AC  0|TAMS 0x0000000088e00000, 0x0000000088e00000|
|  77|0x0000000088f00000, 0x0000000088f00000, 0x0000000089000000|  0%| F|  |TS  0|AC  0|TAMS 0x0000000088f00000, 0x0000000088f00000|
|  78|0x0000000089000000, 0x0000000089000000, 0x0000000089100000|  0%| F|  |TS  0|AC  0|TAMS 0x0000000089000000, 0x0000000089000000|
|  79|0x0000000089100000, 0x0000000089100000, 0x0000000089200000|  0%| F|  |TS  0|AC  0|TAMS 0x0000000089100000, 0x0000000089100000|
|  80|0x0000000089200000, 0x0000000089200000, 0x0000000089300000|  0%| F|  |TS  0|AC  0|TAMS 0x0000000089200000, 0x0000000089200000|
|  81|0x0000000089300000, 0x0000000089300000, 0x0000000089400000|  0%| F|  |TS  0|AC  0|TAMS 0x0000000089300000, 0x0000000089300000|
|  82|0x0000000089400000, 0x0000000089400000, 0x0000000089500000|  0%| F|  |TS  0|AC  0|TAMS 0x0000000089400000, 0x0000000089400000|
|  83|0x0000000089500000, 0x0000000089500000, 0x0000000089600000|  0%| F|  |TS  0|AC  0|TAMS 0x0000000089500000, 0x0000000089500000|
|  84|0x0000000089600000, 0x0000000089600000, 0x0000000089700000|  0%| F|  |TS  0|AC  0|TAMS 0x0000000089600000, 0x0000000089600000|
|  85|0x0000000089700000, 0x0000000089700000, 0x0000000089800000|  0%| F|  |TS  0|AC  0|TAMS 0x0000000089700000, 0x0000000089700000|
|  86|0x0000000089800000, 0x0000000089800000, 0x0000000089900000|  0%| F|  |TS  0|AC  0|TAMS 0x0000000089800000, 0x0000000089800000|
|  87|0x0000000089900000, 0x0000000089900000, 0x0000000089a00000|  0%| F|  |TS  0|AC  0|TAMS 0x0000000089900000, 0x0000000089900000|
|  88|0x0000000089a00000, 0x0000000089a00000, 0x0000000089b00000|  0%| F|  |TS  0|AC  0|TAMS 0x0000000089a00000, 0x0000000089a00000|
|  89|0x0000000089b00000, 0x0000000089b00000, 0x0000000089c00000|  0%| F|  |TS  0|AC  0|TAMS 0x0000000089b00000, 0x0000000089b00000|
|  90|0x0000000089c00000, 0x0000000089c00000, 0x0000000089d00000|  0%| F|  |TS  0|AC  0|TAMS 0x0000000089c00000, 0x0000000089c00000|
|  91|0x0000000089d00000, 0x0000000089d00000, 0x0000000089e00000|  0%| F|  |TS  0|AC  0|TAMS 0x0000000089d00000, 0x0000000089d00000|
|  92|0x0000000089e00000, 0x0000000089e00000, 0x0000000089f00000|  0%| F|  |TS  0|AC  0|TAMS 0x0000000089e00000, 0x0000000089e00000|
|  93|0x0000000089f00000, 0x0000000089f00000, 0x000000008a000000|  0%| F|  |TS  0|AC  0|TAMS 0x0000000089f00000, 0x0000000089f00000|
|  94|0x000000008a000000, 0x000000008a000000, 0x000000008a100000|  0%| F|  |TS  0|AC  0|TAMS 0x000000008a000000, 0x000000008a000000|
|  95|0x000000008a100000, 0x000000008a100000, 0x000000008a200000|  0%| F|  |TS  0|AC  0|TAMS 0x000000008a100000, 0x000000008a100000|
|  96|0x000000008a200000, 0x000000008a200000, 0x000000008a300000|  0%| F|  |TS  0|AC  0|TAMS 0x000000008a200000, 0x000000008a200000|
|  97|0x000000008a300000, 0x000000008a300000, 0x000000008a400000|  0%| F|  |TS  0|AC  0|TAMS 0x000000008a300000, 0x000000008a300000|
|  98|0x000000008a400000, 0x000000008a400000, 0x000000008a500000|  0%| F|  |TS  0|AC  0|TAMS 0x000000008a400000, 0x000000008a400000|
|  99|0x000000008a500000, 0x000000008a500000, 0x000000008a600000|  0%| F|  |TS  0|AC  0|TAMS 0x000000008a500000, 0x000000008a500000|
| 100|0x000000008a600000, 0x000000008a600000, 0x000000008a700000|  0%| F|  |TS  0|AC  0|TAMS 0x000000008a600000, 0x000000008a600000|
| 101|0x000000008a700000, 0x000000008a700000, 0x000000008a800000|  0%| F|  |TS  0|AC  0|TAMS 0x000000008a700000, 0x000000008a700000|
| 102|0x000000008a800000, 0x000000008a800000, 0x000000008a900000|  0%| F|  |TS  0|AC  0|TAMS 0x000000008a800000, 0x000000008a800000|
| 103|0x000000008a900000, 0x000000008a900000, 0x000000008aa00000|  0%| F|  |TS  0|AC  0|TAMS 0x000000008a900000, 0x000000008a900000|
| 104|0x000000008aa00000, 0x000000008aa00000, 0x000000008ab00000|  0%| F|  |TS  0|AC  0|TAMS 0x000000008aa00000, 0x000000008aa00000|
| 105|0x000000008ab00000, 0x000000008ab00000, 0x000000008ac00000|  0%| F|  |TS  0|AC  0|TAMS 0x000000008ab00000, 0x000000008ab00000|
| 106|0x000000008ac00000, 0x000000008ac00000, 0x000000008ad00000|  0%| F|  |TS  0|AC  0|TAMS 0x000000008ac00000, 0x000000008ac00000|
| 107|0x000000008ad00000, 0x000000008ad00000, 0x000000008ae00000|  0%| F|  |TS  0|AC  0|TAMS 0x000000008ad00000, 0x000000008ad00000|
| 108|0x000000008ae00000, 0x000000008ae00000, 0x000000008af00000|  0%| F|  |TS  0|AC  0|TAMS 0x000000008ae00000, 0x000000008ae00000|
| 109|0x000000008af00000, 0x000000008af00000, 0x000000008b000000|  0%| F|  |TS  0|AC  0|TAMS 0x000000008af00000, 0x000000008af00000|
| 110|0x000000008b000000, 0x000000008b000000, 0x000000008b100000|  0%| F|  |TS  0|AC  0|TAMS 0x000000008b000000, 0x000000008b000000|
| 111|0x000000008b100000, 0x000000008b100000, 0x000000008b200000|  0%| F|  |TS  0|AC  0|TAMS 0x000000008b100000, 0x000000008b100000|
| 112|0x000000008b200000, 0x000000008b200000, 0x000000008b300000|  0%| F|  |TS  0|AC  0|TAMS 0x000000008b200000, 0x000000008b200000|
| 113|0x000000008b300000, 0x000000008b300000, 0x000000008b400000|  0%| F|  |TS  0|AC  0|TAMS 0x000000008b300000, 0x000000008b300000|
| 114|0x000000008b400000, 0x000000008b400000, 0x000000008b500000|  0%| F|  |TS  0|AC  0|TAMS 0x000000008b400000, 0x000000008b400000|
| 115|0x000000008b500000, 0x000000008b500000, 0x000000008b600000|  0%| F|  |TS  0|AC  0|TAMS 0x000000008b500000, 0x000000008b500000|
| 116|0x000000008b600000, 0x000000008b700000, 0x000000008b700000|100%| S|CS|TS  1|AC  0|TAMS 0x000000008b600000, 0x000000008b600000|
| 117|0x000000008b700000, 0x000000008b700000, 0x000000008b800000|  0%| F|  |TS  0|AC  0|TAMS 0x000000008b700000, 0x000000008b700000|
| 118|0x000000008b800000, 0x000000008b87d1a0, 0x000000008b900000| 48%| E|  |TS  0|AC  0|TAMS 0x000000008b800000, 0x000000008b800000|
| 119|0x000000008b900000, 0x000000008ba00000, 0x000000008ba00000|100%| E|CS|TS  0|AC  0|TAMS 0x000000008b900000, 0x000000008b900000|
| 120|0x000000008ba00000, 0x000000008bb00000, 0x000000008bb00000|100%| E|CS|TS  0|AC  0|TAMS 0x000000008ba00000, 0x000000008ba00000|
| 121|0x000000008bb00000, 0x000000008bc00000, 0x000000008bc00000|100%| E|CS|TS  0|AC  0|TAMS 0x000000008bb00000, 0x000000008bb00000|
| 122|0x000000008bc00000, 0x000000008bd00000, 0x000000008bd00000|100%| E|CS|TS  0|AC  0|TAMS 0x000000008bc00000, 0x000000008bc00000|
| 123|0x000000008bd00000, 0x000000008be00000, 0x000000008be00000|100%| E|CS|TS  0|AC  0|TAMS 0x000000008bd00000, 0x000000008bd00000|

Card table byte_map: [0x00007f4454cb0000,0x00007f445508f000] byte_map_base: 0x00007f445488f000

Marking Bits (Prev, Next): (CMBitMap*) 0x00007f446c060650, (CMBitMap*) 0x00007f446c0606a8
 Prev Bits: [0x00007f442e108000, 0x00007f4430000000)
 Next Bits: [0x00007f442c210000, 0x00007f442e108000)

Polling page: 0x00007f44746b4000

CodeHeap 'non-nmethods': size=5696Kb used=1279Kb max_used=1289Kb free=4416Kb
 bounds [0x00007f4455c51000, 0x00007f4455ec1000, 0x00007f44561e1000]
CodeHeap 'profiled nmethods': size=120032Kb used=1182Kb max_used=1182Kb free=118849Kb
 bounds [0x00007f44561e1000, 0x00007f4456451000, 0x00007f445d719000]
CodeHeap 'non-profiled nmethods': size=120032Kb used=221Kb max_used=221Kb free=119810Kb
 bounds [0x00007f445d719000, 0x00007f445d989000, 0x00007f4464c51000]
 total_blobs=1429 nmethods=717 adapters=473
 compilation: enabled

Compilation events (10 events):
Event: 0.436 Thread 0x00007f446c169800  709       4       java.lang.AbstractStringBuilder::append (45 bytes)
Event: 0.436 Thread 0x00007f446c16d800 nmethod 717 0x00007f4456307010 code [0x00007f4456307200, 0x00007f4456307988]
Event: 0.436 Thread 0x00007f446c16d800  719       1       java.nio.HeapByteBuffer::_get (7 bytes)
Event: 0.436 Thread 0x00007f446c16d800 nmethod 719 0x00007f445d750110 code [0x00007f445d750280, 0x00007f445d7503b0]
Event: 0.436 Thread 0x00007f446c16d800  718       3       java.nio.ByteBufferAsIntBufferB::ix (9 bytes)
Event: 0.436 Thread 0x00007f446c16d800 nmethod 718 0x00007f4456307b90 code [0x00007f4456307d00, 0x00007f4456307e50]
Event: 0.436 Thread 0x00007f446c16d800  720       3       java.nio.Bits::getIntB (30 bytes)
Event: 0.436 Thread 0x00007f446c16d800 nmethod 720 0x00007f4456307f10 code [0x00007f44563080c0, 0x00007f44563085b8]
Event: 0.436 Thread 0x00007f446c16d800  721       3       java.nio.Bits::makeInt (29 bytes)
Event: 0.436 Thread 0x00007f446c16d800 nmethod 721 0x00007f4456308710 code [0x00007f4456308880, 0x00007f44563089d0]

GC Heap History (2 events):
Event: 0.270 GC heap before
{Heap before GC invocations=0 (full 0):
 garbage-first heap   total 126976K, used 9216K [0x0000000084200000, 0x00000000843003e0, 0x0000000100000000)
  region size 1024K, 7 young (7168K), 0 survivors (0K)
 Metaspace       used 9100K, capacity 9476K, committed 9600K, reserved 1058816K
  class space    used 979K, capacity 1105K, committed 1152K, reserved 1048576K
}
Event: 0.274 GC heap after
{Heap after GC invocations=1 (full 0):
 garbage-first heap   total 126976K, used 4251K [0x0000000084200000, 0x00000000843003e0, 0x0000000100000000)
  region size 1024K, 1 young (1024K), 1 survivors (1024K)
 Metaspace       used 9100K, capacity 9476K, committed 9600K, reserved 1058816K
  class space    used 979K, capacity 1105K, committed 1152K, reserved 1048576K
}

Deoptimization events (10 events):
Event: 0.291 Thread 0x00007f446c011000 Uncommon trap: reason=class_check action=maybe_recompile pc=0x00007f445d723e2c method=java.util.HashMap.putVal(ILjava/lang/Object;Ljava/lang/Object;ZZ)Ljava/lang/Object; @ 91
Event: 0.347 Thread 0x00007f446c011000 Uncommon trap: reason=unstable_if action=reinterpret pc=0x00007f445d723e98 method=java.util.HashMap.hash(Ljava/lang/Object;)I @ 1
Event: 0.354 Thread 0x00007f446c011000 Uncommon trap: reason=class_check action=maybe_recompile pc=0x00007f445d721f44 method=java.util.HashMap.putVal(ILjava/lang/Object;Ljava/lang/Object;ZZ)Ljava/lang/Object; @ 253
Event: 0.354 Thread 0x00007f446c011000 Uncommon trap: reason=class_check action=maybe_recompile pc=0x00007f445d721f44 method=java.util.HashMap.putVal(ILjava/lang/Object;Ljava/lang/Object;ZZ)Ljava/lang/Object; @ 253
Event: 0.357 Thread 0x00007f446c011000 Uncommon trap: reason=unstable_fused_if action=reinterpret pc=0x00007f445d7310f4 method=jdk.internal.org.objectweb.asm.ByteVector.putUTF8(Ljava/lang/String;)Ljdk/internal/org/objectweb/asm/ByteVector; @ 91
Event: 0.417 Thread 0x00007f43d8005800 Uncommon trap: reason=unstable_if action=reinterpret pc=0x00007f445d74be48 method=java.lang.StringUTF16.compress([CI[BII)I @ 20
Event: 0.426 Thread 0x00007f43d8005800 Uncommon trap: reason=bimorphic_or_optimized_type_check action=maybe_recompile pc=0x00007f445d74cf00 method=java.util.HashMap.putVal(ILjava/lang/Object;Ljava/lang/Object;ZZ)Ljava/lang/Object; @ 91
Event: 0.426 Thread 0x00007f43d8005800 Uncommon trap: reason=bimorphic_or_optimized_type_check action=maybe_recompile pc=0x00007f445d74cf00 method=java.util.HashMap.putVal(ILjava/lang/Object;Ljava/lang/Object;ZZ)Ljava/lang/Object; @ 91
Event: 0.426 Thread 0x00007f43d8005800 Uncommon trap: reason=bimorphic_or_optimized_type_check action=maybe_recompile pc=0x00007f445d74cf00 method=java.util.HashMap.putVal(ILjava/lang/Object;Ljava/lang/Object;ZZ)Ljava/lang/Object; @ 91
Event: 0.426 Thread 0x00007f43d8005800 Uncommon trap: reason=bimorphic_or_optimized_type_check action=maybe_recompile pc=0x00007f445d74cf00 method=java.util.HashMap.putVal(ILjava/lang/Object;Ljava/lang/Object;ZZ)Ljava/lang/Object; @ 91

Classes redefined (0 events):
No events

Internal exceptions (7 events):
Event: 0.131 Thread 0x00007f446c011000 Exception <a 'java/lang/ClassNotFoundException': sun/awt/resources/awtProvider> (0x000000008bb5bd18) thrown at [/build/openjdk-9-argm_o/openjdk-9-9~b114/src/hotspot/src/share/vm/classfile/systemDictionary.cpp, line 224]
Event: 0.142 Thread 0x00007f446c011000 Exception <a 'java/io/FileNotFoundException'> (0x000000008bb9bbf8) thrown at [/build/openjdk-9-argm_o/openjdk-9-9~b114/src/hotspot/src/share/vm/prims/jni.cpp, line 605]
Event: 0.143 Thread 0x00007f446c011000 Exception <a 'java/io/FileNotFoundException'> (0x000000008bba3c38) thrown at [/build/openjdk-9-argm_o/openjdk-9-9~b114/src/hotspot/src/share/vm/prims/jni.cpp, line 605]
Event: 0.225 Thread 0x00007f446c011000 Exception <a 'java/lang/ClassNotFoundException': com/sun/swing/internal/plaf/metal/resources/metalProvider> (0x000000008b965b90) thrown at [/build/openjdk-9-argm_o/openjdk-9-9~b114/src/hotspot/src/share/vm/classfile/systemDictionary.cpp, line 224]
Event: 0.225 Thread 0x00007f446c011000 Exception <a 'java/lang/ClassNotFoundException': com/sun/swing/internal/plaf/basic/resources/basicProvider> (0x000000008b969250) thrown at [/build/openjdk-9-argm_o/openjdk-9-9~b114/src/hotspot/src/share/vm/classfile/systemDictionary.cpp, line 224]
Event: 0.309 Thread 0x00007f446c373800 Exception <a 'java/io/FileNotFoundException'> (0x000000008bb1dc68) thrown at [/build/openjdk-9-argm_o/openjdk-9-9~b114/src/hotspot/src/share/vm/prims/jni.cpp, line 605]
Event: 0.347 Thread 0x00007f446c011000 Implicit null exception at 0x00007f445d7231be to 0x00007f445d723e7d

Events (10 events):
Event: 0.435 loading class sun/font/CMap$NullCMapClass
Event: 0.435 loading class sun/font/CMap$NullCMapClass done
Event: 0.435 loading class sun/font/CMap$CMapFormat12
Event: 0.435 loading class sun/font/CMap$CMapFormat12 done
Event: 0.436 loading class sun/font/FileFontStrike
Event: 0.436 loading class sun/font/FileFontStrike done
Event: 0.436 loading class sun/font/FontScaler
Event: 0.436 loading class sun/font/FontScaler done
Event: 0.436 loading class sun/font/FreetypeFontScaler
Event: 0.436 loading class sun/font/FreetypeFontScaler done


Dynamic libraries:
00400000-00401000 r-xp 00000000 08:03 1456500                            /usr/lib/jvm/java-9-openjdk-amd64/bin/java
00600000-00601000 r--p 00000000 08:03 1456500                            /usr/lib/jvm/java-9-openjdk-amd64/bin/java
00601000-00602000 rw-p 00001000 08:03 1456500                            /usr/lib/jvm/java-9-openjdk-amd64/bin/java
019af000-019d0000 rw-p 00000000 00:00 0                                  [heap]
84200000-8be00000 rw-p 00000000 00:00 0 
8be00000-100000000 ---p 00000000 00:00 0 
100000000-100180000 rw-p 00000000 00:00 0 
100180000-140000000 ---p 00000000 00:00 0 
7f43b7ffe000-7f43bbfff000 rw-s 00000000 00:16 32909                      /dev/shm/pulse-shm-1241688038
7f43bbfff000-7f43c0000000 rw-s 00000000 00:16 2530638                    /dev/shm/pulse-shm-2785421580
7f43c0000000-7f43c0021000 rw-p 00000000 00:00 0 
7f43c0021000-7f43c4000000 ---p 00000000 00:00 0 
7f43c8000000-7f43c8041000 rw-p 00000000 00:00 0 
7f43c8041000-7f43cc000000 ---p 00000000 00:00 0 
7f43ced3f000-7f43ced40000 ---p 00000000 00:00 0 
7f43ced40000-7f43cf540000 rw-p 00000000 00:00 0 
7f43d304c000-7f43d3240000 rw-s 00000000 00:05 23986190                   /SYSV00000000 (deleted)
7f43d3240000-7f43d3380000 rw-p 00000000 00:00 0 
7f43d3380000-7f43d3440000 ---p 00000000 00:00 0 
7f43d3440000-7f43d3444000 ---p 00000000 00:00 0 
7f43d3444000-7f43d3541000 rw-p 00000000 00:00 0 
7f43d3541000-7f43d3547000 r-xp 00000000 08:03 1835381                    /usr/lib/x86_64-linux-gnu/alsa-lib/libasound_module_pcm_pulse.so
7f43d3547000-7f43d3746000 ---p 00006000 08:03 1835381                    /usr/lib/x86_64-linux-gnu/alsa-lib/libasound_module_pcm_pulse.so
7f43d3746000-7f43d3747000 r--p 00005000 08:03 1835381                    /usr/lib/x86_64-linux-gnu/alsa-lib/libasound_module_pcm_pulse.so
7f43d3747000-7f43d3748000 rw-p 00006000 08:03 1835381                    /usr/lib/x86_64-linux-gnu/alsa-lib/libasound_module_pcm_pulse.so
7f43d3748000-7f43d3772000 r-xp 00000000 08:03 1448141                    /usr/lib/x86_64-linux-gnu/libvorbis.so.0.4.8
7f43d3772000-7f43d3971000 ---p 0002a000 08:03 1448141                    /usr/lib/x86_64-linux-gnu/libvorbis.so.0.4.8
7f43d3971000-7f43d3972000 r--p 00029000 08:03 1448141                    /usr/lib/x86_64-linux-gnu/libvorbis.so.0.4.8
7f43d3972000-7f43d3973000 rw-p 0002a000 08:03 1448141                    /usr/lib/x86_64-linux-gnu/libvorbis.so.0.4.8
7f43d3973000-7f43d397a000 r-xp 00000000 08:03 1452557                    /usr/lib/x86_64-linux-gnu/libogg.so.0.8.2
7f43d397a000-7f43d3b7a000 ---p 00007000 08:03 1452557                    /usr/lib/x86_64-linux-gnu/libogg.so.0.8.2
7f43d3b7a000-7f43d3b7b000 r--p 00007000 08:03 1452557                    /usr/lib/x86_64-linux-gnu/libogg.so.0.8.2
7f43d3b7b000-7f43d3b7c000 rw-p 00008000 08:03 1452557                    /usr/lib/x86_64-linux-gnu/libogg.so.0.8.2
7f43d3b7c000-7f43d3b8e000 r-xp 00000000 08:03 529613                     /lib/x86_64-linux-gnu/libgpg-error.so.0.17.0
7f43d3b8e000-7f43d3d8e000 ---p 00012000 08:03 529613                     /lib/x86_64-linux-gnu/libgpg-error.so.0.17.0
7f43d3d8e000-7f43d3d8f000 r--p 00012000 08:03 529613                     /lib/x86_64-linux-gnu/libgpg-error.so.0.17.0
7f43d3d8f000-7f43d3d90000 rw-p 00013000 08:03 529613                     /lib/x86_64-linux-gnu/libgpg-error.so.0.17.0
7f43d3d90000-7f43d3dfe000 r-xp 00000000 08:03 529698                     /lib/x86_64-linux-gnu/libpcre.so.3.13.2
7f43d3dfe000-7f43d3ffe000 ---p 0006e000 08:03 529698                     /lib/x86_64-linux-gnu/libpcre.so.3.13.2
7f43d3ffe000-7f43d3fff000 r--p 0006e000 08:03 529698                     /lib/x86_64-linux-gnu/libpcre.so.3.13.2
7f43d3fff000-7f43d4000000 rw-p 0006f000 08:03 529698                     /lib/x86_64-linux-gnu/libpcre.so.3.13.2
7f43d4000000-7f43d4046000 rw-p 00000000 00:00 0 
7f43d4046000-7f43d8000000 ---p 00000000 00:00 0 
7f43d8000000-7f43d8021000 rw-p 00000000 00:00 0 
7f43d8021000-7f43dc000000 ---p 00000000 00:00 0 
7f43dc000000-7f43dc021000 rw-p 00000000 00:00 0 
7f43dc021000-7f43e0000000 ---p 00000000 00:00 0 
7f43e0000000-7f43e0055000 rw-p 00000000 00:00 0 
7f43e0055000-7f43e4000000 ---p 00000000 00:00 0 
7f43e4000000-7f43e4021000 rw-p 00000000 00:00 0 
7f43e4021000-7f43e8000000 ---p 00000000 00:00 0 
7f43e80db000-7f43e80f2000 r-xp 00000000 08:03 529394                     /lib/x86_64-linux-gnu/libresolv-2.23.so
7f43e80f2000-7f43e82f2000 ---p 00017000 08:03 529394                     /lib/x86_64-linux-gnu/libresolv-2.23.so
7f43e82f2000-7f43e82f3000 r--p 00017000 08:03 529394                     /lib/x86_64-linux-gnu/libresolv-2.23.so
7f43e82f3000-7f43e82f4000 rw-p 00018000 08:03 529394                     /lib/x86_64-linux-gnu/libresolv-2.23.so
7f43e82f4000-7f43e82f6000 rw-p 00000000 00:00 0 
7f43e82f6000-7f43e8383000 r-xp 00000000 08:03 1448139                    /usr/lib/x86_64-linux-gnu/libvorbisenc.so.2.0.11
7f43e8383000-7f43e8582000 ---p 0008d000 08:03 1448139                    /usr/lib/x86_64-linux-gnu/libvorbisenc.so.2.0.11
7f43e8582000-7f43e859e000 r--p 0008c000 08:03 1448139                    /usr/lib/x86_64-linux-gnu/libvorbisenc.so.2.0.11
7f43e859e000-7f43e859f000 rw-p 000a8000 08:03 1448139                    /usr/lib/x86_64-linux-gnu/libvorbisenc.so.2.0.11
7f43e859f000-7f43e8612000 r-xp 00000000 08:03 1451425                    /usr/lib/x86_64-linux-gnu/libFLAC.so.8.3.0
7f43e8612000-7f43e8812000 ---p 00073000 08:03 1451425                    /usr/lib/x86_64-linux-gnu/libFLAC.so.8.3.0
7f43e8812000-7f43e8813000 r--p 00073000 08:03 1451425                    /usr/lib/x86_64-linux-gnu/libFLAC.so.8.3.0
7f43e8813000-7f43e8814000 rw-p 00074000 08:03 1451425                    /usr/lib/x86_64-linux-gnu/libFLAC.so.8.3.0
7f43e8814000-7f43e88eb000 r-xp 00000000 08:03 524475                     /lib/x86_64-linux-gnu/libgcrypt.so.20.0.5
7f43e88eb000-7f43e8aeb000 ---p 000d7000 08:03 524475                     /lib/x86_64-linux-gnu/libgcrypt.so.20.0.5
7f43e8aeb000-7f43e8aec000 r--p 000d7000 08:03 524475                     /lib/x86_64-linux-gnu/libgcrypt.so.20.0.5
7f43e8aec000-7f43e8af4000 rw-p 000d8000 08:03 524475                     /lib/x86_64-linux-gnu/libgcrypt.so.20.0.5
7f43e8af4000-7f43e8af5000 rw-p 00000000 00:00 0 
7f43e8af5000-7f43e8b16000 r-xp 00000000 08:03 529636                     /lib/x86_64-linux-gnu/liblzma.so.5.0.0
7f43e8b16000-7f43e8d15000 ---p 00021000 08:03 529636                     /lib/x86_64-linux-gnu/liblzma.so.5.0.0
7f43e8d15000-7f43e8d16000 r--p 00020000 08:03 529636                     /lib/x86_64-linux-gnu/liblzma.so.5.0.0
7f43e8d16000-7f43e8d17000 rw-p 00021000 08:03 529636                     /lib/x86_64-linux-gnu/liblzma.so.5.0.0
7f43e8d17000-7f43e8d36000 r-xp 00000000 08:03 529727                     /lib/x86_64-linux-gnu/libselinux.so.1
7f43e8d36000-7f43e8f35000 ---p 0001f000 08:03 529727                     /lib/x86_64-linux-gnu/libselinux.so.1
7f43e8f35000-7f43e8f36000 r--p 0001e000 08:03 529727                     /lib/x86_64-linux-gnu/libselinux.so.1
7f43e8f36000-7f43e8f37000 rw-p 0001f000 08:03 529727                     /lib/x86_64-linux-gnu/libselinux.so.1
7f43e8f37000-7f43e8f39000 rw-p 00000000 00:00 0 
7f43e8f39000-7f43e8f3e000 r-xp 00000000 08:03 1451683                    /usr/lib/x86_64-linux-gnu/libasyncns.so.0.3.1
7f43e8f3e000-7f43e913d000 ---p 00005000 08:03 1451683                    /usr/lib/x86_64-linux-gnu/libasyncns.so.0.3.1
7f43e913d000-7f43e913e000 r--p 00004000 08:03 1451683                    /usr/lib/x86_64-linux-gnu/libasyncns.so.0.3.1
7f43e913e000-7f43e913f000 rw-p 00005000 08:03 1451683                    /usr/lib/x86_64-linux-gnu/libasyncns.so.0.3.1
7f43e913f000-7f43e91a2000 r-xp 00000000 08:03 1448046                    /usr/lib/x86_64-linux-gnu/libsndfile.so.1.0.25
7f43e91a2000-7f43e93a2000 ---p 00063000 08:03 1448046                    /usr/lib/x86_64-linux-gnu/libsndfile.so.1.0.25
7f43e93a2000-7f43e93a4000 r--p 00063000 08:03 1448046                    /usr/lib/x86_64-linux-gnu/libsndfile.so.1.0.25
7f43e93a4000-7f43e93a5000 rw-p 00065000 08:03 1448046                    /usr/lib/x86_64-linux-gnu/libsndfile.so.1.0.25
7f43e93a5000-7f43e93a9000 rw-p 00000000 00:00 0 
7f43e93a9000-7f43e93b1000 r-xp 00000000 08:03 529755                     /lib/x86_64-linux-gnu/libwrap.so.0.7.6
7f43e93b1000-7f43e95b0000 ---p 00008000 08:03 529755                     /lib/x86_64-linux-gnu/libwrap.so.0.7.6
7f43e95b0000-7f43e95b1000 r--p 00007000 08:03 529755                     /lib/x86_64-linux-gnu/libwrap.so.0.7.6
7f43e95b1000-7f43e95b2000 rw-p 00008000 08:03 529755                     /lib/x86_64-linux-gnu/libwrap.so.0.7.6
7f43e95b2000-7f43e95b3000 rw-p 00000000 00:00 0 
7f43e95b3000-7f43e95fe000 r-xp 00000000 08:03 524541                     /lib/x86_64-linux-gnu/libdbus-1.so.3.14.6
7f43e95fe000-7f43e97fd000 ---p 0004b000 08:03 524541                     /lib/x86_64-linux-gnu/libdbus-1.so.3.14.6
7f43e97fd000-7f43e97fe000 r--p 0004a000 08:03 524541                     /lib/x86_64-linux-gnu/libdbus-1.so.3.14.6
7f43e97fe000-7f43e97ff000 rw-p 0004b000 08:03 524541                     /lib/x86_64-linux-gnu/libdbus-1.so.3.14.6
7f43e97ff000-7f43e9879000 r-xp 00000000 08:03 1835514                    /usr/lib/x86_64-linux-gnu/pulseaudio/libpulsecommon-8.0.so
7f43e9879000-7f43e9a78000 ---p 0007a000 08:03 1835514                    /usr/lib/x86_64-linux-gnu/pulseaudio/libpulsecommon-8.0.so
7f43e9a78000-7f43e9a79000 r--p 00079000 08:03 1835514                    /usr/lib/x86_64-linux-gnu/pulseaudio/libpulsecommon-8.0.so
7f43e9a79000-7f43e9a7a000 rw-p 0007a000 08:03 1835514                    /usr/lib/x86_64-linux-gnu/pulseaudio/libpulsecommon-8.0.so
7f43e9a7a000-7f43e9a84000 r-xp 00000000 08:03 529628                     /lib/x86_64-linux-gnu/libjson-c.so.2.0.0
7f43e9a84000-7f43e9c83000 ---p 0000a000 08:03 529628                     /lib/x86_64-linux-gnu/libjson-c.so.2.0.0
7f43e9c83000-7f43e9c84000 r--p 00009000 08:03 529628                     /lib/x86_64-linux-gnu/libjson-c.so.2.0.0
7f43e9c84000-7f43e9c85000 rw-p 0000a000 08:03 529628                     /lib/x86_64-linux-gnu/libjson-c.so.2.0.0
7f43e9c85000-7f43e9cd3000 r-xp 00000000 08:03 1444779                    /usr/lib/x86_64-linux-gnu/libpulse.so.0.19.0
7f43e9cd3000-7f43e9ed3000 ---p 0004e000 08:03 1444779                    /usr/lib/x86_64-linux-gnu/libpulse.so.0.19.0
7f43e9ed3000-7f43e9ed4000 r--p 0004e000 08:03 1444779                    /usr/lib/x86_64-linux-gnu/libpulse.so.0.19.0
7f43e9ed4000-7f43e9ed5000 rw-p 0004f000 08:03 1444779                    /usr/lib/x86_64-linux-gnu/libpulse.so.0.19.0
7f43e9ed5000-7f43e9ed9000 ---p 00000000 00:00 0 
7f43e9ed9000-7f43e9fd6000 rw-p 00000000 00:00 0 
7f43e9fd6000-7f43e9fda000 ---p 00000000 00:00 0 
7f43e9fda000-7f43ea0d7000 rw-p 00000000 00:00 0 
7f43ea0d7000-7f43ea1d0000 r-xp 00000000 08:03 1451673                    /usr/lib/x86_64-linux-gnu/libasound.so.2.0.0
7f43ea1d0000-7f43ea3cf000 ---p 000f9000 08:03 1451673                    /usr/lib/x86_64-linux-gnu/libasound.so.2.0.0
7f43ea3cf000-7f43ea3d6000 r--p 000f8000 08:03 1451673                    /usr/lib/x86_64-linux-gnu/libasound.so.2.0.0
7f43ea3d6000-7f43ea3d7000 rw-p 000ff000 08:03 1451673                    /usr/lib/x86_64-linux-gnu/libasound.so.2.0.0
7f43ea3d7000-7f43ea3e6000 r-xp 00000000 08:03 1450288                    /usr/lib/jvm/java-9-openjdk-amd64/lib/amd64/libjsoundalsa.so
7f43ea3e6000-7f43ea5e5000 ---p 0000f000 08:03 1450288                    /usr/lib/jvm/java-9-openjdk-amd64/lib/amd64/libjsoundalsa.so
7f43ea5e5000-7f43ea5e6000 r--p 0000e000 08:03 1450288                    /usr/lib/jvm/java-9-openjdk-amd64/lib/amd64/libjsoundalsa.so
7f43ea5e6000-7f43ea5e7000 rw-p 0000f000 08:03 1450288                    /usr/lib/jvm/java-9-openjdk-amd64/lib/amd64/libjsoundalsa.so
7f43ea5e7000-7f43ea5e8000 r-xp 00000000 08:03 1456511                    /usr/lib/jvm/java-9-openjdk-amd64/lib/amd64/libjsound.so
7f43ea5e8000-7f43ea7e7000 ---p 00001000 08:03 1456511                    /usr/lib/jvm/java-9-openjdk-amd64/lib/amd64/libjsound.so
7f43ea7e7000-7f43ea7e8000 r--p 00000000 08:03 1456511                    /usr/lib/jvm/java-9-openjdk-amd64/lib/amd64/libjsound.so
7f43ea7e8000-7f43ea7e9000 rw-p 00001000 08:03 1456511                    /usr/lib/jvm/java-9-openjdk-amd64/lib/amd64/libjsound.so
7f43ea7e9000-7f43ea7ed000 ---p 00000000 00:00 0 
7f43ea7ed000-7f43ea8ea000 rw-p 00000000 00:00 0 
7f43ea8ea000-7f43ea8ee000 ---p 00000000 00:00 0 
7f43ea8ee000-7f43ea9eb000 rw-p 00000000 00:00 0 
7f43ea9eb000-7f43eaa42000 r-xp 00000000 08:03 1446770                    /usr/lib/x86_64-linux-gnu/libjpeg.so.8.0.2
7f43eaa42000-7f43eac42000 ---p 00057000 08:03 1446770                    /usr/lib/x86_64-linux-gnu/libjpeg.so.8.0.2
7f43eac42000-7f43eac43000 r--p 00057000 08:03 1446770                    /usr/lib/x86_64-linux-gnu/libjpeg.so.8.0.2
7f43eac43000-7f43eac44000 rw-p 00058000 08:03 1446770                    /usr/lib/x86_64-linux-gnu/libjpeg.so.8.0.2
7f43eac44000-7f43eac4e000 r-xp 00000000 08:03 1456546                    /usr/lib/jvm/java-9-openjdk-amd64/lib/amd64/libjavajpeg.so
7f43eac4e000-7f43eae4d000 ---p 0000a000 08:03 1456546                    /usr/lib/jvm/java-9-openjdk-amd64/lib/amd64/libjavajpeg.so
7f43eae4d000-7f43eae4e000 r--p 00009000 08:03 1456546                    /usr/lib/jvm/java-9-openjdk-amd64/lib/amd64/libjavajpeg.so
7f43eae4e000-7f43eae4f000 rw-p 0000a000 08:03 1456546                    /usr/lib/jvm/java-9-openjdk-amd64/lib/amd64/libjavajpeg.so
7f43eae4f000-7f43eb04f000 rw-p 00000000 00:00 0 
7f43eb04f000-7f43eb053000 ---p 00000000 00:00 0 
7f43eb053000-7f43eb150000 rw-p 00000000 00:00 0 
7f43eb150000-7f43eb154000 ---p 00000000 00:00 0 
7f43eb154000-7f43eb251000 rw-p 00000000 00:00 0 
7f43eb251000-7f43eb256000 r-xp 00000000 08:03 1451599                    /usr/lib/x86_64-linux-gnu/libXfixes.so.3.1.0
7f43eb256000-7f43eb455000 ---p 00005000 08:03 1451599                    /usr/lib/x86_64-linux-gnu/libXfixes.so.3.1.0
7f43eb455000-7f43eb456000 r--p 00004000 08:03 1451599                    /usr/lib/x86_64-linux-gnu/libXfixes.so.3.1.0
7f43eb456000-7f43eb457000 rw-p 00005000 08:03 1451599                    /usr/lib/x86_64-linux-gnu/libXfixes.so.3.1.0
7f43eb457000-7f43eb460000 r-xp 00000000 08:03 1451459                    /usr/lib/x86_64-linux-gnu/libXcursor.so.1.0.2
7f43eb460000-7f43eb65f000 ---p 00009000 08:03 1451459                    /usr/lib/x86_64-linux-gnu/libXcursor.so.1.0.2
7f43eb65f000-7f43eb660000 r--p 00008000 08:03 1451459                    /usr/lib/x86_64-linux-gnu/libXcursor.so.1.0.2
7f43eb660000-7f43eb661000 rw-p 00009000 08:03 1451459                    /usr/lib/x86_64-linux-gnu/libXcursor.so.1.0.2
7f43eb661000-7f43eb685000 r-xp 00000000 08:03 529175                     /lib/x86_64-linux-gnu/libpng12.so.0.54.0
7f43eb685000-7f43eb884000 ---p 00024000 08:03 529175                     /lib/x86_64-linux-gnu/libpng12.so.0.54.0
7f43eb884000-7f43eb885000 r--p 00023000 08:03 529175                     /lib/x86_64-linux-gnu/libpng12.so.0.54.0
7f43eb885000-7f43eb886000 rw-p 00024000 08:03 529175                     /lib/x86_64-linux-gnu/libpng12.so.0.54.0
7f43eb886000-7f43eb92a000 r-xp 00000000 08:03 1452259                    /usr/lib/x86_64-linux-gnu/libfreetype.so.6.12.1
7f43eb92a000-7f43ebb29000 ---p 000a4000 08:03 1452259                    /usr/lib/x86_64-linux-gnu/libfreetype.so.6.12.1
7f43ebb29000-7f43ebb2f000 r--p 000a3000 08:03 1452259                    /usr/lib/x86_64-linux-gnu/libfreetype.so.6.12.1
7f43ebb2f000-7f43ebb30000 rw-p 000a9000 08:03 1452259                    /usr/lib/x86_64-linux-gnu/libfreetype.so.6.12.1
7f43ebb30000-7f43ebbf6000 r-xp 00000000 08:03 1456520                    /usr/lib/jvm/java-9-openjdk-amd64/lib/amd64/libfontmanager.so
7f43ebbf6000-7f43ebdf5000 ---p 000c6000 08:03 1456520                    /usr/lib/jvm/java-9-openjdk-amd64/lib/amd64/libfontmanager.so
7f43ebdf5000-7f43ebdf8000 r--p 000c5000 08:03 1456520                    /usr/lib/jvm/java-9-openjdk-amd64/lib/amd64/libfontmanager.so
7f43ebdf8000-7f43ebdf9000 rw-p 000c8000 08:03 1456520                    /usr/lib/jvm/java-9-openjdk-amd64/lib/amd64/libfontmanager.so
7f43ebdf9000-7f43ebdfa000 rw-p 00000000 00:00 0 
7f43ebdfa000-7f43ebdff000 r-xp 00000000 08:03 1451595                    /usr/lib/x86_64-linux-gnu/libXdmcp.so.6.0.0
7f43ebdff000-7f43ebffe000 ---p 00005000 08:03 1451595                    /usr/lib/x86_64-linux-gnu/libXdmcp.so.6.0.0
7f43ebffe000-7f43ebfff000 r--p 00004000 08:03 1451595                    /usr/lib/x86_64-linux-gnu/libXdmcp.so.6.0.0
7f43ebfff000-7f43ec000000 rw-p 00005000 08:03 1451595                    /usr/lib/x86_64-linux-gnu/libXdmcp.so.6.0.0
7f43ec000000-7f43ec021000 rw-p 00000000 00:00 0 
7f43ec021000-7f43f0000000 ---p 00000000 00:00 0 
7f43f0000000-7f43f0021000 rw-p 00000000 00:00 0 
7f43f0021000-7f43f4000000 ---p 00000000 00:00 0 
7f43f4000000-7f43f4021000 rw-p 00000000 00:00 0 
7f43f4021000-7f43f8000000 ---p 00000000 00:00 0 
7f43f806d000-7f43f806f000 r-xp 00000000 08:03 1451584                    /usr/lib/x86_64-linux-gnu/libXau.so.6.0.0
7f43f806f000-7f43f826f000 ---p 00002000 08:03 1451584                    /usr/lib/x86_64-linux-gnu/libXau.so.6.0.0
7f43f826f000-7f43f8270000 r--p 00002000 08:03 1451584                    /usr/lib/x86_64-linux-gnu/libXau.so.6.0.0
7f43f8270000-7f43f8271000 rw-p 00003000 08:03 1451584                    /usr/lib/x86_64-linux-gnu/libXau.so.6.0.0
7f43f8271000-7f43f8292000 r-xp 00000000 08:03 1453030                    /usr/lib/x86_64-linux-gnu/libxcb.so.1.1.0
7f43f8292000-7f43f8491000 ---p 00021000 08:03 1453030                    /usr/lib/x86_64-linux-gnu/libxcb.so.1.1.0
7f43f8491000-7f43f8492000 r--p 00020000 08:03 1453030                    /usr/lib/x86_64-linux-gnu/libxcb.so.1.1.0
7f43f8492000-7f43f8493000 rw-p 00021000 08:03 1453030                    /usr/lib/x86_64-linux-gnu/libxcb.so.1.1.0
7f43f8493000-7f43f84a2000 r-xp 00000000 08:03 1451605                    /usr/lib/x86_64-linux-gnu/libXi.so.6.1.0
7f43f84a2000-7f43f86a1000 ---p 0000f000 08:03 1451605                    /usr/lib/x86_64-linux-gnu/libXi.so.6.1.0
7f43f86a1000-7f43f86a2000 r--p 0000e000 08:03 1451605                    /usr/lib/x86_64-linux-gnu/libXi.so.6.1.0
7f43f86a2000-7f43f86a3000 rw-p 0000f000 08:03 1451605                    /usr/lib/x86_64-linux-gnu/libXi.so.6.1.0
7f43f86a3000-7f43f86a8000 r-xp 00000000 08:03 1451623                    /usr/lib/x86_64-linux-gnu/libXtst.so.6.1.0
7f43f86a8000-7f43f88a7000 ---p 00005000 08:03 1451623                    /usr/lib/x86_64-linux-gnu/libXtst.so.6.1.0
7f43f88a7000-7f43f88a8000 r--p 00004000 08:03 1451623                    /usr/lib/x86_64-linux-gnu/libXtst.so.6.1.0
7f43f88a8000-7f43f88a9000 rw-p 00005000 08:03 1451623                    /usr/lib/x86_64-linux-gnu/libXtst.so.6.1.0
7f43f88a9000-7f43f88b2000 r-xp 00000000 08:03 1451617                    /usr/lib/x86_64-linux-gnu/libXrender.so.1.3.0
7f43f88b2000-7f43f8ab1000 ---p 00009000 08:03 1451617                    /usr/lib/x86_64-linux-gnu/libXrender.so.1.3.0
7f43f8ab1000-7f43f8ab2000 r--p 00008000 08:03 1451617                    /usr/lib/x86_64-linux-gnu/libXrender.so.1.3.0
7f43f8ab2000-7f43f8ab3000 rw-p 00009000 08:03 1451617                    /usr/lib/x86_64-linux-gnu/libXrender.so.1.3.0
7f43f8ab3000-7f43f8be8000 r-xp 00000000 08:03 1453226                    /usr/lib/x86_64-linux-gnu/libX11.so.6.3.0
7f43f8be8000-7f43f8de8000 ---p 00135000 08:03 1453226                    /usr/lib/x86_64-linux-gnu/libX11.so.6.3.0
7f43f8de8000-7f43f8de9000 r--p 00135000 08:03 1453226                    /usr/lib/x86_64-linux-gnu/libX11.so.6.3.0
7f43f8de9000-7f43f8ded000 rw-p 00136000 08:03 1453226                    /usr/lib/x86_64-linux-gnu/libX11.so.6.3.0
7f43f8ded000-7f43f8dfe000 r-xp 00000000 08:03 1451597                    /usr/lib/x86_64-linux-gnu/libXext.so.6.4.0
7f43f8dfe000-7f43f8ffd000 ---p 00011000 08:03 1451597                    /usr/lib/x86_64-linux-gnu/libXext.so.6.4.0
7f43f8ffd000-7f43f8ffe000 r--p 00010000 08:03 1451597                    /usr/lib/x86_64-linux-gnu/libXext.so.6.4.0
7f43f8ffe000-7f43f8fff000 rw-p 00011000 08:03 1451597                    /usr/lib/x86_64-linux-gnu/libXext.so.6.4.0
7f43f8fff000-7f43fc000000 rw-p 00000000 00:00 0 
7f43fc000000-7f43fc1bc000 rw-p 00000000 00:00 0 
7f43fc1bc000-7f4400000000 ---p 00000000 00:00 0 
7f4400000000-7f4400021000 rw-p 00000000 00:00 0 
7f4400021000-7f4404000000 ---p 00000000 00:00 0 
7f4404000000-7f44041b7000 rw-p 00000000 00:00 0 
7f44041b7000-7f4408000000 ---p 00000000 00:00 0 
7f4408000000-7f44081cb000 rw-p 00000000 00:00 0 
7f44081cb000-7f440c000000 ---p 00000000 00:00 0 
7f440c000000-7f440c021000 rw-p 00000000 00:00 0 
7f440c021000-7f4410000000 ---p 00000000 00:00 0 
7f4410000000-7f4410021000 rw-p 00000000 00:00 0 
7f4410021000-7f4414000000 ---p 00000000 00:00 0 
7f4414000000-7f4414021000 rw-p 00000000 00:00 0 
7f4414021000-7f4418000000 ---p 00000000 00:00 0 
7f4418000000-7f4418021000 rw-p 00000000 00:00 0 
7f4418021000-7f441c000000 ---p 00000000 00:00 0 
7f441c000000-7f441c021000 rw-p 00000000 00:00 0 
7f441c021000-7f4420000000 ---p 00000000 00:00 0 
7f4420000000-7f4420021000 rw-p 00000000 00:00 0 
7f4420021000-7f4424000000 ---p 00000000 00:00 0 
7f44240c7000-7f44240cb000 ---p 00000000 00:00 0 
7f44240cb000-7f44241c8000 rw-p 00000000 00:00 0 
7f44241c8000-7f442421f000 r-xp 00000000 08:03 1456547                    /usr/lib/jvm/java-9-openjdk-amd64/lib/amd64/libawt_xawt.so
7f442421f000-7f442441f000 ---p 00057000 08:03 1456547                    /usr/lib/jvm/java-9-openjdk-amd64/lib/amd64/libawt_xawt.so
7f442441f000-7f4424420000 r--p 00057000 08:03 1456547                    /usr/lib/jvm/java-9-openjdk-amd64/lib/amd64/libawt_xawt.so
7f4424420000-7f4424423000 rw-p 00058000 08:03 1456547                    /usr/lib/jvm/java-9-openjdk-amd64/lib/amd64/libawt_xawt.so
7f4424423000-7f4424424000 rw-p 00000000 00:00 0 
7f4424424000-7f44244c4000 r-xp 00000000 08:03 1456519                    /usr/lib/jvm/java-9-openjdk-amd64/lib/amd64/libawt.so
7f44244c4000-7f44246c3000 ---p 000a0000 08:03 1456519                    /usr/lib/jvm/java-9-openjdk-amd64/lib/amd64/libawt.so
7f44246c3000-7f44246c4000 r--p 0009f000 08:03 1456519                    /usr/lib/jvm/java-9-openjdk-amd64/lib/amd64/libawt.so
7f44246c4000-7f44246cf000 rw-p 000a0000 08:03 1456519                    /usr/lib/jvm/java-9-openjdk-amd64/lib/amd64/libawt.so
7f44246cf000-7f44246f4000 rw-p 00000000 00:00 0 
7f44246f4000-7f44246f5000 ---p 00000000 00:00 0 
7f44246f5000-7f44247f5000 rw-p 00000000 00:00 0 
7f44247f5000-7f44247f9000 ---p 00000000 00:00 0 
7f44247f9000-7f44248f6000 rw-p 00000000 00:00 0 
7f44248f6000-7f44248fa000 ---p 00000000 00:00 0 
7f44248fa000-7f44249f7000 rw-p 00000000 00:00 0 
7f44249f7000-7f4424a0d000 r-xp 00000000 08:03 1456521                    /usr/lib/jvm/java-9-openjdk-amd64/lib/amd64/libnet.so
7f4424a0d000-7f4424c0c000 ---p 00016000 08:03 1456521                    /usr/lib/jvm/java-9-openjdk-amd64/lib/amd64/libnet.so
7f4424c0c000-7f4424c0d000 r--p 00015000 08:03 1456521                    /usr/lib/jvm/java-9-openjdk-amd64/lib/amd64/libnet.so
7f4424c0d000-7f4424c0e000 rw-p 00016000 08:03 1456521                    /usr/lib/jvm/java-9-openjdk-amd64/lib/amd64/libnet.so
7f4424c0e000-7f4424c1f000 r-xp 00000000 08:03 1456548                    /usr/lib/jvm/java-9-openjdk-amd64/lib/amd64/libnio.so
7f4424c1f000-7f4424e1f000 ---p 00011000 08:03 1456548                    /usr/lib/jvm/java-9-openjdk-amd64/lib/amd64/libnio.so
7f4424e1f000-7f4424e20000 r--p 00011000 08:03 1456548                    /usr/lib/jvm/java-9-openjdk-amd64/lib/amd64/libnio.so
7f4424e20000-7f4424e21000 rw-p 00012000 08:03 1456548                    /usr/lib/jvm/java-9-openjdk-amd64/lib/amd64/libnio.so
7f4424e21000-7f4424e25000 ---p 00000000 00:00 0 
7f4424e25000-7f4424f22000 rw-p 00000000 00:00 0 
7f4424f22000-7f4424f26000 ---p 00000000 00:00 0 
7f4424f26000-7f4425023000 rw-p 00000000 00:00 0 
7f4425023000-7f4425027000 ---p 00000000 00:00 0 
7f4425027000-7f4425124000 rw-p 00000000 00:00 0 
7f4425124000-7f4425128000 ---p 00000000 00:00 0 
7f4425128000-7f4425225000 rw-p 00000000 00:00 0 
7f4425225000-7f4425229000 ---p 00000000 00:00 0 
7f4425229000-7f4425326000 rw-p 00000000 00:00 0 
7f4425326000-7f442532a000 ---p 00000000 00:00 0 
7f442532a000-7f4425427000 rw-p 00000000 00:00 0 
7f4425427000-7f44256ff000 r--p 00000000 08:03 1451415                    /usr/lib/locale/locale-archive
7f44256ff000-7f4425703000 ---p 00000000 00:00 0 
7f4425703000-7f4428000000 rw-p 00000000 00:00 0 
7f4428000000-7f4428021000 rw-p 00000000 00:00 0 
7f4428021000-7f442c000000 ---p 00000000 00:00 0 
7f442c00e000-7f442c012000 ---p 00000000 00:00 0 
7f442c012000-7f442c10f000 rw-p 00000000 00:00 0 
7f442c10f000-7f442c110000 ---p 00000000 00:00 0 
7f442c110000-7f442c400000 rw-p 00000000 00:00 0 
7f442c400000-7f442e108000 ---p 00000000 00:00 0 
7f442e108000-7f442e2f8000 rw-p 00000000 00:00 0 
7f442e2f8000-7f4430000000 ---p 00000000 00:00 0 
7f4430000000-7f4430021000 rw-p 00000000 00:00 0 
7f4430021000-7f4434000000 ---p 00000000 00:00 0 
7f4434000000-7f4434021000 rw-p 00000000 00:00 0 
7f4434021000-7f4438000000 ---p 00000000 00:00 0 
7f4438000000-7f4438021000 rw-p 00000000 00:00 0 
7f4438021000-7f443c000000 ---p 00000000 00:00 0 
7f443c000000-7f443c021000 rw-p 00000000 00:00 0 
7f443c021000-7f4440000000 ---p 00000000 00:00 0 
7f4440000000-7f4440021000 rw-p 00000000 00:00 0 
7f4440021000-7f4444000000 ---p 00000000 00:00 0 
7f4444000000-7f4444021000 rw-p 00000000 00:00 0 
7f4444021000-7f4448000000 ---p 00000000 00:00 0 
7f4448000000-7f4448021000 rw-p 00000000 00:00 0 
7f4448021000-7f444c000000 ---p 00000000 00:00 0 
7f444c000000-7f444c021000 rw-p 00000000 00:00 0 
7f444c021000-7f4450000000 ---p 00000000 00:00 0 
7f4450000000-7f4450021000 rw-p 00000000 00:00 0 
7f4450021000-7f4454000000 ---p 00000000 00:00 0 
7f445405c000-7f44540dc000 r-xp 00000000 08:03 524545                     /lib/x86_64-linux-gnu/libsystemd.so.0.14.0
7f44540dc000-7f44540df000 r--p 0007f000 08:03 524545                     /lib/x86_64-linux-gnu/libsystemd.so.0.14.0
7f44540df000-7f44540e0000 rw-p 00082000 08:03 524545                     /lib/x86_64-linux-gnu/libsystemd.so.0.14.0
7f44540e0000-7f44546cf000 rw-p 00000000 00:00 0 
7f44546cf000-7f44546d0000 ---p 00000000 00:00 0 
7f44546d0000-7f44547d0000 rw-p 00000000 00:00 0 
7f44547d0000-7f44547d1000 ---p 00000000 00:00 0 
7f44547d1000-7f445490f000 rw-p 00000000 00:00 0 
7f445490f000-7f4454cb0000 ---p 00000000 00:00 0 
7f4454cb0000-7f4454cee000 rw-p 00000000 00:00 0 
7f4454cee000-7f445546e000 ---p 00000000 00:00 0 
7f445546e000-7f44554ac000 rw-p 00000000 00:00 0 
7f44554ac000-7f445584d000 ---p 00000000 00:00 0 
7f445584d000-7f445584e000 ---p 00000000 00:00 0 
7f445584e000-7f445594e000 rw-p 00000000 00:00 0 
7f445594e000-7f445594f000 ---p 00000000 00:00 0 
7f445594f000-7f4455a4f000 rw-p 00000000 00:00 0 
7f4455a4f000-7f4455a50000 ---p 00000000 00:00 0 
7f4455a50000-7f4455b50000 rw-p 00000000 00:00 0 
7f4455b50000-7f4455b51000 ---p 00000000 00:00 0 
7f4455b51000-7f4455c51000 rw-p 00000000 00:00 0 
7f4455c51000-7f4455ec1000 rwxp 00000000 00:00 0 
7f4455ec1000-7f44561e1000 ---p 00000000 00:00 0 
7f44561e1000-7f4456451000 rwxp 00000000 00:00 0 
7f4456451000-7f445d719000 ---p 00000000 00:00 0 
7f445d719000-7f445d989000 rwxp 00000000 00:00 0 
7f445d989000-7f4464c51000 ---p 00000000 00:00 0 
7f4464c51000-7f446c000000 r--s 00000000 08:03 1456505                    /usr/lib/jvm/java-9-openjdk-amd64/lib/modules
7f446c000000-7f446c3a2000 rw-p 00000000 00:00 0 
7f446c3a2000-7f4470000000 ---p 00000000 00:00 0 
7f447000d000-7f44700e4000 rw-p 00000000 00:00 0 
7f44700e4000-7f44700e5000 ---p 00000000 00:00 0 
7f44700e5000-7f44705e9000 rw-p 00000000 00:00 0 
7f44705e9000-7f44705ea000 ---p 00000000 00:00 0 
7f44705ea000-7f44706ea000 rw-p 00000000 00:00 0 
7f44706ea000-7f44706eb000 ---p 00000000 00:00 0 
7f44706eb000-7f44707eb000 rw-p 00000000 00:00 0 
7f44707eb000-7f44707ec000 ---p 00000000 00:00 0 
7f44707ec000-7f44708ec000 rw-p 00000000 00:00 0 
7f44708ec000-7f44708ed000 ---p 00000000 00:00 0 
7f44708ed000-7f44709f2000 rw-p 00000000 00:00 0 
7f44709f2000-7f4470ad8000 ---p 00000000 00:00 0 
7f4470ad8000-7f4470add000 rw-p 00000000 00:00 0 
7f4470add000-7f4470bc3000 ---p 00000000 00:00 0 
7f4470bc3000-7f4470bc8000 r-xp 00000000 08:03 1456535                    /usr/lib/jvm/java-9-openjdk-amd64/lib/amd64/libjimage.so
7f4470bc8000-7f4470dc7000 ---p 00005000 08:03 1456535                    /usr/lib/jvm/java-9-openjdk-amd64/lib/amd64/libjimage.so
7f4470dc7000-7f4470dc8000 r--p 00004000 08:03 1456535                    /usr/lib/jvm/java-9-openjdk-amd64/lib/amd64/libjimage.so
7f4470dc8000-7f4470dc9000 rw-p 00005000 08:03 1456535                    /usr/lib/jvm/java-9-openjdk-amd64/lib/amd64/libjimage.so
7f4470dc9000-7f4470dd0000 r-xp 00000000 08:03 1456531                    /usr/lib/jvm/java-9-openjdk-amd64/lib/amd64/libzip.so
7f4470dd0000-7f4470fcf000 ---p 00007000 08:03 1456531                    /usr/lib/jvm/java-9-openjdk-amd64/lib/amd64/libzip.so
7f4470fcf000-7f4470fd0000 r--p 00006000 08:03 1456531                    /usr/lib/jvm/java-9-openjdk-amd64/lib/amd64/libzip.so
7f4470fd0000-7f4470fd1000 rw-p 00007000 08:03 1456531                    /usr/lib/jvm/java-9-openjdk-amd64/lib/amd64/libzip.so
7f4470fd1000-7f4470fdc000 r-xp 00000000 08:03 529398                     /lib/x86_64-linux-gnu/libnss_files-2.23.so
7f4470fdc000-7f44711db000 ---p 0000b000 08:03 529398                     /lib/x86_64-linux-gnu/libnss_files-2.23.so
7f44711db000-7f44711dc000 r--p 0000a000 08:03 529398                     /lib/x86_64-linux-gnu/libnss_files-2.23.so
7f44711dc000-7f44711dd000 rw-p 0000b000 08:03 529398                     /lib/x86_64-linux-gnu/libnss_files-2.23.so
7f44711dd000-7f44711e3000 rw-p 00000000 00:00 0 
7f44711e3000-7f44711ee000 r-xp 00000000 08:03 529391                     /lib/x86_64-linux-gnu/libnss_nis-2.23.so
7f44711ee000-7f44713ed000 ---p 0000b000 08:03 529391                     /lib/x86_64-linux-gnu/libnss_nis-2.23.so
7f44713ed000-7f44713ee000 r--p 0000a000 08:03 529391                     /lib/x86_64-linux-gnu/libnss_nis-2.23.so
7f44713ee000-7f44713ef000 rw-p 0000b000 08:03 529391                     /lib/x86_64-linux-gnu/libnss_nis-2.23.so
7f44713ef000-7f4471405000 r-xp 00000000 08:03 529396                     /lib/x86_64-linux-gnu/libnsl-2.23.so
7f4471405000-7f4471604000 ---p 00016000 08:03 529396                     /lib/x86_64-linux-gnu/libnsl-2.23.so
7f4471604000-7f4471605000 r--p 00015000 08:03 529396                     /lib/x86_64-linux-gnu/libnsl-2.23.so
7f4471605000-7f4471606000 rw-p 00016000 08:03 529396                     /lib/x86_64-linux-gnu/libnsl-2.23.so
7f4471606000-7f4471608000 rw-p 00000000 00:00 0 
7f4471608000-7f4471610000 r-xp 00000000 08:03 529402                     /lib/x86_64-linux-gnu/libnss_compat-2.23.so
7f4471610000-7f447180f000 ---p 00008000 08:03 529402                     /lib/x86_64-linux-gnu/libnss_compat-2.23.so
7f447180f000-7f4471810000 r--p 00007000 08:03 529402                     /lib/x86_64-linux-gnu/libnss_compat-2.23.so
7f4471810000-7f4471811000 rw-p 00008000 08:03 529402                     /lib/x86_64-linux-gnu/libnss_compat-2.23.so
7f4471811000-7f447183c000 r-xp 00000000 08:03 1456514                    /usr/lib/jvm/java-9-openjdk-amd64/lib/amd64/libjava.so
7f447183c000-7f4471a3b000 ---p 0002b000 08:03 1456514                    /usr/lib/jvm/java-9-openjdk-amd64/lib/amd64/libjava.so
7f4471a3b000-7f4471a3c000 r--p 0002a000 08:03 1456514                    /usr/lib/jvm/java-9-openjdk-amd64/lib/amd64/libjava.so
7f4471a3c000-7f4471a3e000 rw-p 0002b000 08:03 1456514                    /usr/lib/jvm/java-9-openjdk-amd64/lib/amd64/libjava.so
7f4471a3e000-7f4471a4b000 r-xp 00000000 08:03 1456515                    /usr/lib/jvm/java-9-openjdk-amd64/lib/amd64/libverify.so
7f4471a4b000-7f4471c4a000 ---p 0000d000 08:03 1456515                    /usr/lib/jvm/java-9-openjdk-amd64/lib/amd64/libverify.so
7f4471c4a000-7f4471c4c000 r--p 0000c000 08:03 1456515                    /usr/lib/jvm/java-9-openjdk-amd64/lib/amd64/libverify.so
7f4471c4c000-7f4471c4d000 rw-p 0000e000 08:03 1456515                    /usr/lib/jvm/java-9-openjdk-amd64/lib/amd64/libverify.so
7f4471c4d000-7f4471c54000 r-xp 00000000 08:03 529369                     /lib/x86_64-linux-gnu/librt-2.23.so
7f4471c54000-7f4471e53000 ---p 00007000 08:03 529369                     /lib/x86_64-linux-gnu/librt-2.23.so
7f4471e53000-7f4471e54000 r--p 00006000 08:03 529369                     /lib/x86_64-linux-gnu/librt-2.23.so
7f4471e54000-7f4471e55000 rw-p 00007000 08:03 529369                     /lib/x86_64-linux-gnu/librt-2.23.so
7f4471e55000-7f4471e6b000 r-xp 00000000 08:03 529607                     /lib/x86_64-linux-gnu/libgcc_s.so.1
7f4471e6b000-7f447206a000 ---p 00016000 08:03 529607                     /lib/x86_64-linux-gnu/libgcc_s.so.1
7f447206a000-7f447206b000 rw-p 00015000 08:03 529607                     /lib/x86_64-linux-gnu/libgcc_s.so.1
7f447206b000-7f4472173000 r-xp 00000000 08:03 529404                     /lib/x86_64-linux-gnu/libm-2.23.so
7f4472173000-7f4472372000 ---p 00108000 08:03 529404                     /lib/x86_64-linux-gnu/libm-2.23.so
7f4472372000-7f4472373000 r--p 00107000 08:03 529404                     /lib/x86_64-linux-gnu/libm-2.23.so
7f4472373000-7f4472374000 rw-p 00108000 08:03 529404                     /lib/x86_64-linux-gnu/libm-2.23.so
7f4472374000-7f44724e6000 r-xp 00000000 08:03 1442136                    /usr/lib/x86_64-linux-gnu/libstdc++.so.6.0.21
7f44724e6000-7f44726e6000 ---p 00172000 08:03 1442136                    /usr/lib/x86_64-linux-gnu/libstdc++.so.6.0.21
7f44726e6000-7f44726f0000 r--p 00172000 08:03 1442136                    /usr/lib/x86_64-linux-gnu/libstdc++.so.6.0.21
7f44726f0000-7f44726f2000 rw-p 0017c000 08:03 1442136                    /usr/lib/x86_64-linux-gnu/libstdc++.so.6.0.21
7f44726f2000-7f44726f6000 rw-p 00000000 00:00 0 
7f44726f6000-7f4473554000 r-xp 00000000 08:03 1456528                    /usr/lib/jvm/java-9-openjdk-amd64/lib/amd64/server/libjvm.so
7f4473554000-7f4473754000 ---p 00e5e000 08:03 1456528                    /usr/lib/jvm/java-9-openjdk-amd64/lib/amd64/server/libjvm.so
7f4473754000-7f4473806000 r--p 00e5e000 08:03 1456528                    /usr/lib/jvm/java-9-openjdk-amd64/lib/amd64/server/libjvm.so
7f4473806000-7f4473838000 rw-p 00f10000 08:03 1456528                    /usr/lib/jvm/java-9-openjdk-amd64/lib/amd64/server/libjvm.so
7f4473838000-7f447387d000 rw-p 00000000 00:00 0 
7f447387d000-7f4473895000 r-xp 00000000 08:03 529387                     /lib/x86_64-linux-gnu/libpthread-2.23.so
7f4473895000-7f4473a94000 ---p 00018000 08:03 529387                     /lib/x86_64-linux-gnu/libpthread-2.23.so
7f4473a94000-7f4473a95000 r--p 00017000 08:03 529387                     /lib/x86_64-linux-gnu/libpthread-2.23.so
7f4473a95000-7f4473a96000 rw-p 00018000 08:03 529387                     /lib/x86_64-linux-gnu/libpthread-2.23.so
7f4473a96000-7f4473a9a000 rw-p 00000000 00:00 0 
7f4473a9a000-7f4473a9d000 r-xp 00000000 08:03 529382                     /lib/x86_64-linux-gnu/libdl-2.23.so
7f4473a9d000-7f4473c9c000 ---p 00003000 08:03 529382                     /lib/x86_64-linux-gnu/libdl-2.23.so
7f4473c9c000-7f4473c9d000 r--p 00002000 08:03 529382                     /lib/x86_64-linux-gnu/libdl-2.23.so
7f4473c9d000-7f4473c9e000 rw-p 00003000 08:03 529382                     /lib/x86_64-linux-gnu/libdl-2.23.so
7f4473c9e000-7f4473cb7000 r-xp 00000000 08:03 524804                     /lib/x86_64-linux-gnu/libz.so.1.2.8
7f4473cb7000-7f4473eb6000 ---p 00019000 08:03 524804                     /lib/x86_64-linux-gnu/libz.so.1.2.8
7f4473eb6000-7f4473eb7000 r--p 00018000 08:03 524804                     /lib/x86_64-linux-gnu/libz.so.1.2.8
7f4473eb7000-7f4473eb8000 rw-p 00019000 08:03 524804                     /lib/x86_64-linux-gnu/libz.so.1.2.8
7f4473eb8000-7f4474078000 r-xp 00000000 08:03 529401                     /lib/x86_64-linux-gnu/libc-2.23.so
7f4474078000-7f4474278000 ---p 001c0000 08:03 529401                     /lib/x86_64-linux-gnu/libc-2.23.so
7f4474278000-7f447427c000 r--p 001c0000 08:03 529401                     /lib/x86_64-linux-gnu/libc-2.23.so
7f447427c000-7f447427e000 rw-p 001c4000 08:03 529401                     /lib/x86_64-linux-gnu/libc-2.23.so
7f447427e000-7f4474282000 rw-p 00000000 00:00 0 
7f4474282000-7f4474290000 r-xp 00000000 08:03 1456545                    /usr/lib/jvm/java-9-openjdk-amd64/lib/amd64/jli/libjli.so
7f4474290000-7f447448f000 ---p 0000e000 08:03 1456545                    /usr/lib/jvm/java-9-openjdk-amd64/lib/amd64/jli/libjli.so
7f447448f000-7f4474490000 r--p 0000d000 08:03 1456545                    /usr/lib/jvm/java-9-openjdk-amd64/lib/amd64/jli/libjli.so
7f4474490000-7f4474491000 rw-p 0000e000 08:03 1456545                    /usr/lib/jvm/java-9-openjdk-amd64/lib/amd64/jli/libjli.so
7f4474491000-7f44744b7000 r-xp 00000000 08:03 529386                     /lib/x86_64-linux-gnu/ld-2.23.so
7f44744e4000-7f4474588000 rw-p 00000000 00:00 0 
7f4474588000-7f447458c000 ---p 00000000 00:00 0 
7f447458c000-7f447468d000 rw-p 00000000 00:00 0 
7f4474698000-7f447469f000 r--s 00000000 08:03 1848351                    /usr/lib/x86_64-linux-gnu/gconv/gconv-modules.cache
7f447469f000-7f44746a4000 rw-p 00000000 00:00 0 
7f44746a4000-7f44746ab000 ---p 00000000 00:00 0 
7f44746ab000-7f44746b3000 rw-s 00000000 08:03 657961                     /tmp/hsperfdata_jgourd/17784
7f44746b3000-7f44746b4000 rw-p 00000000 00:00 0 
7f44746b4000-7f44746b5000 r--p 00000000 00:00 0 
7f44746b5000-7f44746b6000 rw-p 00000000 00:00 0 
7f44746b6000-7f44746b7000 r--p 00025000 08:03 529386                     /lib/x86_64-linux-gnu/ld-2.23.so
7f44746b7000-7f44746b8000 rw-p 00026000 08:03 529386                     /lib/x86_64-linux-gnu/ld-2.23.so
7f44746b8000-7f44746b9000 rw-p 00000000 00:00 0 
7ffe4eb0e000-7ffe4eb2f000 rw-p 00000000 00:00 0                          [stack]
7ffe4ebec000-7ffe4ebee000 r--p 00000000 00:00 0                          [vvar]
7ffe4ebee000-7ffe4ebf0000 r-xp 00000000 00:00 0                          [vdso]
ffffffffff600000-ffffffffff601000 r-xp 00000000 00:00 0                  [vsyscall]

VM Arguments:
java_command: Main
java_class_path (initial): .
Launcher Type: SUN_STANDARD

Environment Variables:
PATH=/home/jgourd/usr/bin:/usr/local/sbin:/usr/local/bin:/usr/sbin:/usr/bin:/sbin:/bin:/usr/games:/usr/local/games:/home/jgourd/_git/other/docs:/sbin:/usr/sbin
LD_LIBRARY_PATH=/home/jgourd/usr/lib:
SHELL=/bin/bash
DISPLAY=:0.0

Signal Handlers:
SIGSEGV: [libjvm.so+0xc12c20], sa_mask[0]=11111111011111111101111111111110, sa_flags=SA_RESTART|SA_SIGINFO
SIGBUS: [libjvm.so+0xc12c20], sa_mask[0]=11111111011111111101111111111110, sa_flags=SA_RESTART|SA_SIGINFO
SIGFPE: [libjvm.so+0xc12c20], sa_mask[0]=11111111011111111101111111111110, sa_flags=SA_RESTART|SA_SIGINFO
SIGPIPE: [libjvm.so+0xa3b600], sa_mask[0]=11111111011111111101111111111110, sa_flags=SA_RESTART|SA_SIGINFO
SIGXFSZ: [libjvm.so+0xa3b600], sa_mask[0]=11111111011111111101111111111110, sa_flags=SA_RESTART|SA_SIGINFO
SIGILL: [libjvm.so+0xc12c20], sa_mask[0]=11111111011111111101111111111110, sa_flags=SA_RESTART|SA_SIGINFO
SIGUSR2: [libjvm.so+0xa3b4a0], sa_mask[0]=00000000000000000000000000000000, sa_flags=SA_RESTART|SA_SIGINFO
SIGHUP: [libjvm.so+0xa3b870], sa_mask[0]=11111111011111111101111111111110, sa_flags=SA_RESTART|SA_SIGINFO
SIGINT: [libjvm.so+0xa3b870], sa_mask[0]=11111111011111111101111111111110, sa_flags=SA_RESTART|SA_SIGINFO
SIGTERM: [libjvm.so+0xa3b870], sa_mask[0]=11111111011111111101111111111110, sa_flags=SA_RESTART|SA_SIGINFO
SIGQUIT: [libjvm.so+0xa3b870], sa_mask[0]=11111111011111111101111111111110, sa_flags=SA_RESTART|SA_SIGINFO


---------------  S Y S T E M  ---------------

OS:DISTRIB_ID=LinuxMint
DISTRIB_RELEASE=18.3
DISTRIB_CODENAME=sylvia
DISTRIB_DESCRIPTION="Linux Mint 18.3 Sylvia"
uname:Linux 4.10.0-38-generic #42~16.04.1-Ubuntu SMP Tue Oct 10 16:32:20 UTC 2017 x86_64
libc:glibc 2.23 NPTL 2.23 
rlimit: STACK 8192k, CORE 0k, NPROC 31501, NOFILE 1048576, AS infinity
load average:0.21 0.27 0.27

/proc/meminfo:
MemTotal:        8111404 kB
MemFree:          274396 kB
MemAvailable:    5153096 kB
Buffers:         1316020 kB
Cached:          2152148 kB
SwapCached:            0 kB
Active:          4307372 kB
Inactive:        1118140 kB
Active(anon):    1890932 kB
Inactive(anon):   570320 kB
Active(file):    2416440 kB
Inactive(file):   547820 kB
Unevictable:         116 kB
Mlocked:             116 kB
SwapTotal:       8388604 kB
SwapFree:        8388604 kB
Dirty:               204 kB
Writeback:             0 kB
AnonPages:       1780396 kB
Mapped:           719652 kB
Shmem:            503488 kB
Slab:            2267836 kB
SReclaimable:    2219180 kB
SUnreclaim:        48656 kB
KernelStack:       10612 kB
PageTables:        44088 kB
NFS_Unstable:          0 kB
Bounce:                0 kB
WritebackTmp:          0 kB
CommitLimit:    12444304 kB
Committed_AS:    7124316 kB
VmallocTotal:   34359738367 kB
VmallocUsed:           0 kB
VmallocChunk:          0 kB
HardwareCorrupted:     0 kB
AnonHugePages:    624640 kB
ShmemHugePages:        0 kB
ShmemPmdMapped:        0 kB
CmaTotal:              0 kB
CmaFree:               0 kB
HugePages_Total:       0
HugePages_Free:        0
HugePages_Rsvd:        0
HugePages_Surp:        0
Hugepagesize:       2048 kB
DirectMap4k:      405076 kB
DirectMap2M:     7921664 kB
DirectMap1G:           0 kB


CPU:total 4 (2 cores per cpu, 2 threads per core) family 6 model 60 stepping 3, cmov, cx8, fxsr, mmx, sse, sse2, sse3, ssse3, sse4.1, sse4.2, popcnt, avx, avx2, aes, clmul, erms, lzcnt, ht, tsc, tscinvbit, bmi1, bmi2

CPU Model and flags from /proc/cpuinfo:
model name	: Intel(R) Core(TM) i5-4200M CPU @ 2.50GHz
flags		: fpu vme de pse tsc msr pae mce cx8 apic sep mtrr pge mca cmov pat pse36 clflush dts acpi mmx fxsr sse sse2 ss ht tm pbe syscall nx pdpe1gb rdtscp lm constant_tsc arch_perfmon pebs bts rep_good nopl xtopology nonstop_tsc aperfmperf pni pclmulqdq dtes64 monitor ds_cpl vmx est tm2 ssse3 sdbg fma cx16 xtpr pdcm pcid sse4_1 sse4_2 movbe popcnt tsc_deadline_timer aes xsave avx f16c rdrand lahf_lm abm epb tpr_shadow vnmi flexpriority ept vpid fsgsbase tsc_adjust bmi1 avx2 smep bmi2 erms invpcid xsaveopt dtherm ida arat pln pts

Memory: 4k page, physical 8111404k(274396k free), swap 8388604k(8388604k free)

vm_info: OpenJDK 64-Bit Server VM (9-internal+0-2016-04-14-195246.buildd.src) for linux-amd64 JRE (9-internal+0-2016-04-14-195246.buildd.src), built on Apr 14 2016 20:05:37 by "buildd" with gcc 5.3.1 20160413

END.
