#
# A fatal error has been detected by the Java Runtime Environment:
#
#  SIGSEGV (0xb) at pc=0x00007fa55317b009, pid=16221, tid=16259
#
# JRE version: OpenJDK Runtime Environment (9.0) (build 9-internal+0-2016-04-14-195246.buildd.src)
# Java VM: OpenJDK 64-Bit Server VM (9-internal+0-2016-04-14-195246.buildd.src, mixed mode, tiered, compressed oops, g1 gc, linux-amd64)
# Problematic frame:
# C  [libjava.so+0x1d009]  JNU_GetEnv+0x19
#
# Core dump will be written. Default location: Core dumps may be processed with "/usr/share/apport/apport %p %s %c %d %P" (or dumping to /home/jgourd/_git/school/teaching/Spring2020/Cyber Storm/challenges/reverse engineering/Inertia/distrib/core.16221)
#
# If you would like to submit a bug report, please visit:
#   http://bugreport.java.com/bugreport/crash.jsp
# The crash happened outside the Java Virtual Machine in native code.
# See problematic frame for where to report the bug.
#

---------------  S U M M A R Y ------------

Command Line: View

Host: Intel(R) Core(TM) i5-4200M CPU @ 2.50GHz, 4 cores, 7G, Linux Mint 18.3 Sylvia
Time: Fri May 15 15:03:17 2020 CDT elapsed time: 0 seconds (0d 0h 0m 0s)

---------------  T H R E A D  ---------------

Current thread (0x00007fa4b4003800):  JavaThread "AWT-EventQueue-0" [_thread_in_native, id=16259, stack(0x00007fa4b36ec000,0x00007fa4b37ed000)]

Stack: [0x00007fa4b36ec000,0x00007fa4b37ed000],  sp=0x00007fa4b37e6e20,  free space=1003k
Native frames: (J=compiled Java code, j=interpreted, Vv=VM code, C=native code)
C  [libjava.so+0x1d009]  JNU_GetEnv+0x19
C  [libfontmanager.so+0x33f8e]
C  [libfreetype.so.6+0x14d2b]  FT_Stream_Seek+0x1b

Java frames: (J=compiled Java code, j=interpreted, Vv=VM code)
j  sun.font.FreetypeFontScaler.initNativeScaler(Lsun/font/Font2D;IIZI)J+0 java.desktop@9-internal
j  sun.font.FreetypeFontScaler.<init>(Lsun/font/Font2D;IZI)V+26 java.desktop@9-internal
v  ~StubRoutines::call_stub
j  sun.reflect.NativeConstructorAccessorImpl.newInstance0(Ljava/lang/reflect/Constructor;[Ljava/lang/Object;)Ljava/lang/Object;+0 java.base@9-internal
j  sun.reflect.NativeConstructorAccessorImpl.newInstance([Ljava/lang/Object;)Ljava/lang/Object;+85 java.base@9-internal
j  sun.reflect.DelegatingConstructorAccessorImpl.newInstance([Ljava/lang/Object;)Ljava/lang/Object;+5 java.base@9-internal
j  java.lang.reflect.Constructor.newInstance([Ljava/lang/Object;)Ljava/lang/Object;+65 java.base@9-internal
j  sun.font.FontScaler.getScaler(Lsun/font/Font2D;IZI)Lsun/font/FontScaler;+39 java.desktop@9-internal
j  sun.font.TrueTypeFont.getScaler()Lsun/font/FontScaler;+21 java.desktop@9-internal
j  sun.font.FileFontStrike.<init>(Lsun/font/FileFont;Lsun/font/FontStrikeDesc;)V+204 java.desktop@9-internal
j  sun.font.FileFont.createStrike(Lsun/font/FontStrikeDesc;)Lsun/font/FontStrike;+18 java.desktop@9-internal
j  sun.font.Font2D.getStrike(Lsun/font/FontStrikeDesc;Z)Lsun/font/FontStrike;+92 java.desktop@9-internal
j  sun.font.Font2D.getStrike(Lsun/font/FontStrikeDesc;)Lsun/font/FontStrike;+3 java.desktop@9-internal
j  sun.font.CompositeStrike.getStrikeForSlot(I)Lsun/font/PhysicalStrike;+23 java.desktop@9-internal
j  sun.font.CompositeStrike.getGlyphImagePtrs([I[JI)V+2 java.desktop@9-internal
j  sun.font.GlyphList.mapChars(Lsun/java2d/loops/FontInfo;I)Z+37 java.desktop@9-internal
j  sun.font.GlyphList.setFromString(Lsun/java2d/loops/FontInfo;Ljava/lang/String;FF)Z+71 java.desktop@9-internal
j  sun.java2d.pipe.GlyphListPipe.drawString(Lsun/java2d/SunGraphics2D;Ljava/lang/String;DD)V+146 java.desktop@9-internal
j  sun.java2d.SunGraphics2D.drawString(Ljava/lang/String;II)V+68 java.desktop@9-internal
j  Game.paintComponent(Ljava/awt/Graphics;)V+55
j  javax.swing.JComponent.paint(Ljava/awt/Graphics;)V+286 java.desktop@9-internal
j  javax.swing.JComponent.paintToOffscreen(Ljava/awt/Graphics;IIIIII)V+41 java.desktop@9-internal
j  javax.swing.BufferStrategyPaintManager.paint(Ljavax/swing/JComponent;Ljavax/swing/JComponent;Ljava/awt/Graphics;IIII)Z+164 java.desktop@9-internal
j  javax.swing.RepaintManager.paint(Ljavax/swing/JComponent;Ljavax/swing/JComponent;Ljava/awt/Graphics;IIII)V+51 java.desktop@9-internal
j  javax.swing.JComponent._paintImmediately(IIII)V+683 java.desktop@9-internal
j  javax.swing.JComponent.paintImmediately(IIII)V+138 java.desktop@9-internal
j  javax.swing.RepaintManager$4.run()Ljava/lang/Void;+81 java.desktop@9-internal
j  javax.swing.RepaintManager$4.run()Ljava/lang/Object;+1 java.desktop@9-internal
v  ~StubRoutines::call_stub
j  java.security.AccessController.doPrivileged(Ljava/security/PrivilegedAction;Ljava/security/AccessControlContext;)Ljava/lang/Object;+0 java.base@9-internal
j  java.security.ProtectionDomain$JavaSecurityAccessImpl.doIntersectionPrivilege(Ljava/security/PrivilegedAction;Ljava/security/AccessControlContext;Ljava/security/AccessControlContext;)Ljava/lang/Object;+18 java.base@9-internal
j  javax.swing.RepaintManager.paintDirtyRegions(Ljava/util/Map;)V+154 java.desktop@9-internal
j  javax.swing.RepaintManager.paintDirtyRegions()V+46 java.desktop@9-internal
j  javax.swing.RepaintManager.prePaintDirtyRegions()V+73 java.desktop@9-internal
j  javax.swing.RepaintManager.access$1200(Ljavax/swing/RepaintManager;)V+1 java.desktop@9-internal
j  javax.swing.RepaintManager$ProcessingRunnable.run()V+37 java.desktop@9-internal
j  java.awt.event.InvocationEvent.dispatch()V+47 java.desktop@9-internal
j  java.awt.EventQueue.dispatchEventImpl(Ljava/awt/AWTEvent;Ljava/lang/Object;)V+21 java.desktop@9-internal
j  java.awt.EventQueue.access$500(Ljava/awt/EventQueue;Ljava/awt/AWTEvent;Ljava/lang/Object;)V+3 java.desktop@9-internal
j  java.awt.EventQueue$3.run()Ljava/lang/Void;+32 java.desktop@9-internal
j  java.awt.EventQueue$3.run()Ljava/lang/Object;+1 java.desktop@9-internal
v  ~StubRoutines::call_stub
j  java.security.AccessController.doPrivileged(Ljava/security/PrivilegedAction;Ljava/security/AccessControlContext;)Ljava/lang/Object;+0 java.base@9-internal
j  java.security.ProtectionDomain$JavaSecurityAccessImpl.doIntersectionPrivilege(Ljava/security/PrivilegedAction;Ljava/security/AccessControlContext;Ljava/security/AccessControlContext;)Ljava/lang/Object;+18 java.base@9-internal
j  java.awt.EventQueue.dispatchEvent(Ljava/awt/AWTEvent;)V+46 java.desktop@9-internal
j  java.awt.EventDispatchThread.pumpOneEventForFilters(I)V+183 java.desktop@9-internal
j  java.awt.EventDispatchThread.pumpEventsForFilter(ILjava/awt/Conditional;Ljava/awt/EventFilter;)V+35 java.desktop@9-internal
j  java.awt.EventDispatchThread.pumpEventsForHierarchy(ILjava/awt/Conditional;Ljava/awt/Component;)V+11 java.desktop@9-internal
j  java.awt.EventDispatchThread.pumpEvents(ILjava/awt/Conditional;)V+4 java.desktop@9-internal
j  java.awt.EventDispatchThread.pumpEvents(Ljava/awt/Conditional;)V+3 java.desktop@9-internal
j  java.awt.EventDispatchThread.run()V+9 java.desktop@9-internal
v  ~StubRoutines::call_stub

siginfo: si_signo: 11 (SIGSEGV), si_code: 1 (SEGV_MAPERR), si_addr: 0x0000000000000000

Register to memory mapping:

RAX=0x0000000000000000 is an unknown value
RBX=0x0000000000000000 is an unknown value
RCX=0x0000000000000000 is an unknown value
RDX=0x0000000000010002 is an unknown value
RSP=0x00007fa4b37e6e20 is pointing into the stack for thread: 0x00007fa4b4003800
RBP=0x00007fa4b37e6e30 is pointing into the stack for thread: 0x00007fa4b4003800
RSI=0x0000000000010002 is an unknown value
RDI=0x0000000000000000 is an unknown value
R8 =0x0000000000000000 is an unknown value
R9 =0x0000000000000000 is an unknown value
R10=0x00000000000001db is an unknown value
R11=0x00007fa55317aff0: JNU_GetEnv+0x0000000000000000 in /usr/lib/jvm/java-9-openjdk-amd64/lib/amd64/libjava.so at 0x00007fa55315e000
R12=0x00007fa4a802c690 is an unknown value
R13=0x0000000000000000 is an unknown value
R14=0x0000000000000000 is an unknown value
R15=0x00007fa4a802c6f0 is an unknown value


Registers:
RAX=0x0000000000000000, RBX=0x0000000000000000, RCX=0x0000000000000000, RDX=0x0000000000010002
RSP=0x00007fa4b37e6e20, RBP=0x00007fa4b37e6e30, RSI=0x0000000000010002, RDI=0x0000000000000000
R8 =0x0000000000000000, R9 =0x0000000000000000, R10=0x00000000000001db, R11=0x00007fa55317aff0
R12=0x00007fa4a802c690, R13=0x0000000000000000, R14=0x0000000000000000, R15=0x00007fa4a802c6f0
RIP=0x00007fa55317b009, EFLAGS=0x0000000000010246, CSGSFS=0x002b000000000033, ERR=0x0000000000000004
  TRAPNO=0x000000000000000e

Top of Stack: (sp=0x00007fa4b37e6e20)
0x00007fa4b37e6e20:   0000000000000000 6a2609dea96b3200
0x00007fa4b37e6e30:   00007fa4b37e6e70 00007fa5046a5f8e
0x00007fa4b37e6e40:   00007fa4a802bb40 00007fa4a802c690
0x00007fa4b37e6e50:   0000000000000000 0000000000000000
0x00007fa4b37e6e60:   00007fa4a802c690 00007fa4a802c6f0
0x00007fa4b37e6e70:   0000000000000000 00007fa5043dcd2b
0x00007fa4b37e6e80:   0000000000000000 00007fa50466ed80
0x00007fa4b37e6e90:   0000000000000000 00007fa5043f08e0
0x00007fa4b37e6ea0:   0000000000000002 0000003200000008
0x00007fa4b37e6eb0:   0000000000000000 0000000000000000
0x00007fa4b37e6ec0:   0000006e0000005b 0000000000000000
0x00007fa4b37e6ed0:   0000000000000000 0000007c00000077
0x00007fa4b37e6ee0:   0000000000000000 0000000000000000
0x00007fa4b37e6ef0:   0000000000000000 0000000000000000
0x00007fa4b37e6f00:   0000000000000000 00007fa4a8000020
0x00007fa4b37e6f10:   0000000000000070 00007fa4b37e6fc4
0x00007fa4b37e6f20:   00007fa4a802bb40 00007fa4a802c6f0
0x00007fa4b37e6f30:   00007fa4b37e6fc4 00007fa555889184
0x00007fa4b37e6f40:   0000000000000000 00007fa4b37e6f74
0x00007fa4b37e6f50:   00007fa50466b9e0 6a2609dea96b3200
0x00007fa4b37e6f60:   0000000000000070 00007fa4a802b980
0x00007fa4b37e6f70:   00007fa50466b9e0 00007fa4b37e7088
0x00007fa4b37e6f80:   00007fa4a802bb40 00007fa4a802c6f0
0x00007fa4b37e6f90:   00007fa4a802cc20 00007fa5043df4c2
0x00007fa4b37e6fa0:   0000000100000000 00007fa4b37e7090
0x00007fa4b37e6fb0:   0000000000000000 0000000000000000
0x00007fa4b37e6fc0:   00000000b37e7088 6a2609dea96b3200
0x00007fa4b37e6fd0:   00007fa4a802b980 00007fa4b37e7090
0x00007fa4b37e6fe0:   0000000000000000 00007fa4a802ba68
0x00007fa4b37e6ff0:   00007fa4b37e7290 00007fa4a802b9c8
0x00007fa4b37e7000:   00007fa4a802bb40 00007fa5043e1581
0x00007fa4b37e7010:   00007fa4b37e7090 00007fa5043e1376 

Instructions: (pc=0x00007fa55317b009)
0x00007fa55317afe9:   ff eb ea 0f 1f 40 00 55 89 f2 48 89 e5 48 83 ec
0x00007fa55317aff9:   10 64 48 8b 04 25 28 00 00 00 48 89 45 f8 31 c0
0x00007fa55317b009:   48 8b 07 48 8d 75 f0 ff 50 30 48 8b 4d f8 64 48
0x00007fa55317b019:   33 0c 25 28 00 00 00 48 8b 45 f0 75 02 c9 c3 e8 


---------------  P R O C E S S  ---------------

Java Threads: ( => current thread )
  0x00007fa54c011000 JavaThread "DestroyJavaVM" [_thread_blocked, id=16222, stack(0x00007fa555ed5000,0x00007fa555fd6000)]
  0x00007fa4b8001000 JavaThread "Java Sound Event Dispatcher" daemon [_thread_blocked, id=16267, stack(0x00007fa4b0d32000,0x00007fa4b0e33000)]
=>0x00007fa4b4003800 JavaThread "AWT-EventQueue-0" [_thread_in_native, id=16259, stack(0x00007fa4b36ec000,0x00007fa4b37ed000)]
  0x00007fa4b4002000 JavaThread "AWT-Shutdown" [_thread_blocked, id=16257, stack(0x00007fa4b37ed000,0x00007fa4b38ee000)]
  0x00007fa54c387000 JavaThread "Thread-1" [_thread_blocked, id=16251, stack(0x00007fa4d8086000,0x00007fa4d8187000)]
  0x00007fa54c385800 JavaThread "TimerQueue" daemon [_thread_blocked, id=16250, stack(0x00007fa4d8187000,0x00007fa4d8288000)]
  0x00007fa54c383800 JavaThread "Thread-0" [_thread_blocked, id=16249, stack(0x00007fa4d8288000,0x00007fa4d8389000)]
  0x00007fa54c381000 JavaThread "Image Fetcher 0" daemon [_thread_blocked, id=16248, stack(0x00007fa4d89ed000,0x00007fa4d8aee000)]
  0x00007fa54c362000 JavaThread "AWT-XAWT" daemon [_thread_in_native, id=16247, stack(0x00007fa4d8aee000,0x00007fa4d8bef000)]
  0x00007fa54c341000 JavaThread "Java2D Disposer" daemon [_thread_blocked, id=16246, stack(0x00007fa5040a2000,0x00007fa5041a3000)]
  0x00007fa54c254800 JavaThread "Service Thread" daemon [_thread_blocked, id=16244, stack(0x00007fa50c10f000,0x00007fa50c210000)]
  0x00007fa54c1b7000 JavaThread "Common-Cleaner" daemon [_thread_blocked, id=16243, stack(0x00007fa5340f7000,0x00007fa5341f8000)]
  0x00007fa54c16f000 JavaThread "Sweeper thread" daemon [_thread_blocked, id=16242, stack(0x00007fa534622000,0x00007fa534723000)]
  0x00007fa54c16d800 JavaThread "C1 CompilerThread2" daemon [_thread_blocked, id=16241, stack(0x00007fa534723000,0x00007fa534824000)]
  0x00007fa54c16b800 JavaThread "C2 CompilerThread1" daemon [_thread_in_native, id=16240, stack(0x00007fa534824000,0x00007fa534925000)]
  0x00007fa54c169800 JavaThread "C2 CompilerThread0" daemon [_thread_in_native, id=16239, stack(0x00007fa534925000,0x00007fa534a26000)]
  0x00007fa54c165000 JavaThread "Signal Dispatcher" daemon [_thread_blocked, id=16238, stack(0x00007fa534a26000,0x00007fa534b27000)]
  0x00007fa54c163000 JavaThread "Surrogate Locker Thread (Concurrent GC)" daemon [_thread_blocked, id=16237, stack(0x00007fa534b27000,0x00007fa534c28000)]
  0x00007fa54c151800 JavaThread "Finalizer" daemon [_thread_blocked, id=16236, stack(0x00007fa534f00000,0x00007fa535001000)]
  0x00007fa54c145800 JavaThread "Reference Handler" daemon [_thread_blocked, id=16235, stack(0x00007fa535001000,0x00007fa535102000)]

Other Threads:
  0x00007fa54c13b800 VMThread [stack: 0x00007fa535102000,0x00007fa535203000] [id=16234]
  0x00007fa54c257800 WatcherThread [stack: 0x00007fa50c00e000,0x00007fa50c10f000] [id=16245]

Threads with active compile tasks:
C2 CompilerThread1 723       4       java.lang.AbstractStringBuilder::append (45 bytes)
C2 CompilerThread0 724       4       java.util.HashMap::putVal (300 bytes)

VM state:not at safepoint (normal execution)

VM Mutex/Monitor currently owned by a thread: None

heap address: 0x0000000084200000, size: 1982 MB, Compressed Oops mode: 32-bit
Narrow klass base: 0x0000000000000000, Narrow klass shift: 3
Compressed class space size: 1073741824 Address: 0x0000000100000000

Heap:
 garbage-first heap   total 126976K, used 9371K [0x0000000084200000, 0x00000000843003e0, 0x0000000100000000)
  region size 1024K, 7 young (7168K), 1 survivors (1024K)
 Metaspace       used 12378K, capacity 12864K, committed 13056K, reserved 1060864K
  class space    used 1370K, capacity 1533K, committed 1536K, reserved 1048576K

Heap Regions: E=young(eden), S=young(survivor), O=old, HS=humongous(starts), HC=humongous(continues), CS=collection set, F=free, A=archive, TS=gc time stamp, AC=allocation context, TAMS=top-at-mark-start (previous, next)
|   0|0x0000000084200000, 0x0000000084300000, 0x0000000084300000|100%|HS|  |TS  0|AC  0|TAMS 0x0000000084200000, 0x0000000084200000|
|   1|0x0000000084300000, 0x0000000084400000, 0x0000000084400000|100%|HC|  |TS  0|AC  0|TAMS 0x0000000084300000, 0x0000000084300000|
|   2|0x0000000084400000, 0x0000000084500000, 0x0000000084500000|100%| O|  |TS  1|AC  0|TAMS 0x0000000084400000, 0x0000000084400000|
|   3|0x0000000084500000, 0x0000000084526e00, 0x0000000084600000| 15%| O|  |TS  1|AC  0|TAMS 0x0000000084500000, 0x0000000084500000|
|   4|0x0000000084600000, 0x0000000084600000, 0x0000000084700000|  0%| F|  |TS  0|AC  0|TAMS 0x0000000084600000, 0x0000000084600000|
|   5|0x0000000084700000, 0x0000000084700000, 0x0000000084800000|  0%| F|  |TS  0|AC  0|TAMS 0x0000000084700000, 0x0000000084700000|
|   6|0x0000000084800000, 0x0000000084800000, 0x0000000084900000|  0%| F|  |TS  0|AC  0|TAMS 0x0000000084800000, 0x0000000084800000|
|   7|0x0000000084900000, 0x0000000084900000, 0x0000000084a00000|  0%| F|  |TS  0|AC  0|TAMS 0x0000000084900000, 0x0000000084900000|
|   8|0x0000000084a00000, 0x0000000084a00000, 0x0000000084b00000|  0%| F|  |TS  0|AC  0|TAMS 0x0000000084a00000, 0x0000000084a00000|
|   9|0x0000000084b00000, 0x0000000084b00000, 0x0000000084c00000|  0%| F|  |TS  0|AC  0|TAMS 0x0000000084b00000, 0x0000000084b00000|
|  10|0x0000000084c00000, 0x0000000084c00000, 0x0000000084d00000|  0%| F|  |TS  0|AC  0|TAMS 0x0000000084c00000, 0x0000000084c00000|
|  11|0x0000000084d00000, 0x0000000084d00000, 0x0000000084e00000|  0%| F|  |TS  0|AC  0|TAMS 0x0000000084d00000, 0x0000000084d00000|
|  12|0x0000000084e00000, 0x0000000084e00000, 0x0000000084f00000|  0%| F|  |TS  0|AC  0|TAMS 0x0000000084e00000, 0x0000000084e00000|
|  13|0x0000000084f00000, 0x0000000084f00000, 0x0000000085000000|  0%| F|  |TS  0|AC  0|TAMS 0x0000000084f00000, 0x0000000084f00000|
|  14|0x0000000085000000, 0x0000000085000000, 0x0000000085100000|  0%| F|  |TS  0|AC  0|TAMS 0x0000000085000000, 0x0000000085000000|
|  15|0x0000000085100000, 0x0000000085100000, 0x0000000085200000|  0%| F|  |TS  0|AC  0|TAMS 0x0000000085100000, 0x0000000085100000|
|  16|0x0000000085200000, 0x0000000085200000, 0x0000000085300000|  0%| F|  |TS  0|AC  0|TAMS 0x0000000085200000, 0x0000000085200000|
|  17|0x0000000085300000, 0x0000000085300000, 0x0000000085400000|  0%| F|  |TS  0|AC  0|TAMS 0x0000000085300000, 0x0000000085300000|
|  18|0x0000000085400000, 0x0000000085400000, 0x0000000085500000|  0%| F|  |TS  0|AC  0|TAMS 0x0000000085400000, 0x0000000085400000|
|  19|0x0000000085500000, 0x0000000085500000, 0x0000000085600000|  0%| F|  |TS  0|AC  0|TAMS 0x0000000085500000, 0x0000000085500000|
|  20|0x0000000085600000, 0x0000000085600000, 0x0000000085700000|  0%| F|  |TS  0|AC  0|TAMS 0x0000000085600000, 0x0000000085600000|
|  21|0x0000000085700000, 0x0000000085700000, 0x0000000085800000|  0%| F|  |TS  0|AC  0|TAMS 0x0000000085700000, 0x0000000085700000|
|  22|0x0000000085800000, 0x0000000085800000, 0x0000000085900000|  0%| F|  |TS  0|AC  0|TAMS 0x0000000085800000, 0x0000000085800000|
|  23|0x0000000085900000, 0x0000000085900000, 0x0000000085a00000|  0%| F|  |TS  0|AC  0|TAMS 0x0000000085900000, 0x0000000085900000|
|  24|0x0000000085a00000, 0x0000000085a00000, 0x0000000085b00000|  0%| F|  |TS  0|AC  0|TAMS 0x0000000085a00000, 0x0000000085a00000|
|  25|0x0000000085b00000, 0x0000000085b00000, 0x0000000085c00000|  0%| F|  |TS  0|AC  0|TAMS 0x0000000085b00000, 0x0000000085b00000|
|  26|0x0000000085c00000, 0x0000000085c00000, 0x0000000085d00000|  0%| F|  |TS  0|AC  0|TAMS 0x0000000085c00000, 0x0000000085c00000|
|  27|0x0000000085d00000, 0x0000000085d00000, 0x0000000085e00000|  0%| F|  |TS  0|AC  0|TAMS 0x0000000085d00000, 0x0000000085d00000|
|  28|0x0000000085e00000, 0x0000000085e00000, 0x0000000085f00000|  0%| F|  |TS  0|AC  0|TAMS 0x0000000085e00000, 0x0000000085e00000|
|  29|0x0000000085f00000, 0x0000000085f00000, 0x0000000086000000|  0%| F|  |TS  0|AC  0|TAMS 0x0000000085f00000, 0x0000000085f00000|
|  30|0x0000000086000000, 0x0000000086000000, 0x0000000086100000|  0%| F|  |TS  0|AC  0|TAMS 0x0000000086000000, 0x0000000086000000|
|  31|0x0000000086100000, 0x0000000086100000, 0x0000000086200000|  0%| F|  |TS  0|AC  0|TAMS 0x0000000086100000, 0x0000000086100000|
|  32|0x0000000086200000, 0x0000000086200000, 0x0000000086300000|  0%| F|  |TS  0|AC  0|TAMS 0x0000000086200000, 0x0000000086200000|
|  33|0x0000000086300000, 0x0000000086300000, 0x0000000086400000|  0%| F|  |TS  0|AC  0|TAMS 0x0000000086300000, 0x0000000086300000|
|  34|0x0000000086400000, 0x0000000086400000, 0x0000000086500000|  0%| F|  |TS  0|AC  0|TAMS 0x0000000086400000, 0x0000000086400000|
|  35|0x0000000086500000, 0x0000000086500000, 0x0000000086600000|  0%| F|  |TS  0|AC  0|TAMS 0x0000000086500000, 0x0000000086500000|
|  36|0x0000000086600000, 0x0000000086600000, 0x0000000086700000|  0%| F|  |TS  0|AC  0|TAMS 0x0000000086600000, 0x0000000086600000|
|  37|0x0000000086700000, 0x0000000086700000, 0x0000000086800000|  0%| F|  |TS  0|AC  0|TAMS 0x0000000086700000, 0x0000000086700000|
|  38|0x0000000086800000, 0x0000000086800000, 0x0000000086900000|  0%| F|  |TS  0|AC  0|TAMS 0x0000000086800000, 0x0000000086800000|
|  39|0x0000000086900000, 0x0000000086900000, 0x0000000086a00000|  0%| F|  |TS  0|AC  0|TAMS 0x0000000086900000, 0x0000000086900000|
|  40|0x0000000086a00000, 0x0000000086a00000, 0x0000000086b00000|  0%| F|  |TS  0|AC  0|TAMS 0x0000000086a00000, 0x0000000086a00000|
|  41|0x0000000086b00000, 0x0000000086b00000, 0x0000000086c00000|  0%| F|  |TS  0|AC  0|TAMS 0x0000000086b00000, 0x0000000086b00000|
|  42|0x0000000086c00000, 0x0000000086c00000, 0x0000000086d00000|  0%| F|  |TS  0|AC  0|TAMS 0x0000000086c00000, 0x0000000086c00000|
|  43|0x0000000086d00000, 0x0000000086d00000, 0x0000000086e00000|  0%| F|  |TS  0|AC  0|TAMS 0x0000000086d00000, 0x0000000086d00000|
|  44|0x0000000086e00000, 0x0000000086e00000, 0x0000000086f00000|  0%| F|  |TS  0|AC  0|TAMS 0x0000000086e00000, 0x0000000086e00000|
|  45|0x0000000086f00000, 0x0000000086f00000, 0x0000000087000000|  0%| F|  |TS  0|AC  0|TAMS 0x0000000086f00000, 0x0000000086f00000|
|  46|0x0000000087000000, 0x0000000087000000, 0x0000000087100000|  0%| F|  |TS  0|AC  0|TAMS 0x0000000087000000, 0x0000000087000000|
|  47|0x0000000087100000, 0x0000000087100000, 0x0000000087200000|  0%| F|  |TS  0|AC  0|TAMS 0x0000000087100000, 0x0000000087100000|
|  48|0x0000000087200000, 0x0000000087200000, 0x0000000087300000|  0%| F|  |TS  0|AC  0|TAMS 0x0000000087200000, 0x0000000087200000|
|  49|0x0000000087300000, 0x0000000087300000, 0x0000000087400000|  0%| F|  |TS  0|AC  0|TAMS 0x0000000087300000, 0x0000000087300000|
|  50|0x0000000087400000, 0x0000000087400000, 0x0000000087500000|  0%| F|  |TS  0|AC  0|TAMS 0x0000000087400000, 0x0000000087400000|
|  51|0x0000000087500000, 0x0000000087500000, 0x0000000087600000|  0%| F|  |TS  0|AC  0|TAMS 0x0000000087500000, 0x0000000087500000|
|  52|0x0000000087600000, 0x0000000087600000, 0x0000000087700000|  0%| F|  |TS  0|AC  0|TAMS 0x0000000087600000, 0x0000000087600000|
|  53|0x0000000087700000, 0x0000000087700000, 0x0000000087800000|  0%| F|  |TS  0|AC  0|TAMS 0x0000000087700000, 0x0000000087700000|
|  54|0x0000000087800000, 0x0000000087800000, 0x0000000087900000|  0%| F|  |TS  0|AC  0|TAMS 0x0000000087800000, 0x0000000087800000|
|  55|0x0000000087900000, 0x0000000087900000, 0x0000000087a00000|  0%| F|  |TS  0|AC  0|TAMS 0x0000000087900000, 0x0000000087900000|
|  56|0x0000000087a00000, 0x0000000087a00000, 0x0000000087b00000|  0%| F|  |TS  0|AC  0|TAMS 0x0000000087a00000, 0x0000000087a00000|
|  57|0x0000000087b00000, 0x0000000087b00000, 0x0000000087c00000|  0%| F|  |TS  0|AC  0|TAMS 0x0000000087b00000, 0x0000000087b00000|
|  58|0x0000000087c00000, 0x0000000087c00000, 0x0000000087d00000|  0%| F|  |TS  0|AC  0|TAMS 0x0000000087c00000, 0x0000000087c00000|
|  59|0x0000000087d00000, 0x0000000087d00000, 0x0000000087e00000|  0%| F|  |TS  0|AC  0|TAMS 0x0000000087d00000, 0x0000000087d00000|
|  60|0x0000000087e00000, 0x0000000087e00000, 0x0000000087f00000|  0%| F|  |TS  0|AC  0|TAMS 0x0000000087e00000, 0x0000000087e00000|
|  61|0x0000000087f00000, 0x0000000087f00000, 0x0000000088000000|  0%| F|  |TS  0|AC  0|TAMS 0x0000000087f00000, 0x0000000087f00000|
|  62|0x0000000088000000, 0x0000000088000000, 0x0000000088100000|  0%| F|  |TS  0|AC  0|TAMS 0x0000000088000000, 0x0000000088000000|
|  63|0x0000000088100000, 0x0000000088100000, 0x0000000088200000|  0%| F|  |TS  0|AC  0|TAMS 0x0000000088100000, 0x0000000088100000|
|  64|0x0000000088200000, 0x0000000088200000, 0x0000000088300000|  0%| F|  |TS  0|AC  0|TAMS 0x0000000088200000, 0x0000000088200000|
|  65|0x0000000088300000, 0x0000000088300000, 0x0000000088400000|  0%| F|  |TS  0|AC  0|TAMS 0x0000000088300000, 0x0000000088300000|
|  66|0x0000000088400000, 0x0000000088400000, 0x0000000088500000|  0%| F|  |TS  0|AC  0|TAMS 0x0000000088400000, 0x0000000088400000|
|  67|0x0000000088500000, 0x0000000088500000, 0x0000000088600000|  0%| F|  |TS  0|AC  0|TAMS 0x0000000088500000, 0x0000000088500000|
|  68|0x0000000088600000, 0x0000000088600000, 0x0000000088700000|  0%| F|  |TS  0|AC  0|TAMS 0x0000000088600000, 0x0000000088600000|
|  69|0x0000000088700000, 0x0000000088700000, 0x0000000088800000|  0%| F|  |TS  0|AC  0|TAMS 0x0000000088700000, 0x0000000088700000|
|  70|0x0000000088800000, 0x0000000088800000, 0x0000000088900000|  0%| F|  |TS  0|AC  0|TAMS 0x0000000088800000, 0x0000000088800000|
|  71|0x0000000088900000, 0x0000000088900000, 0x0000000088a00000|  0%| F|  |TS  0|AC  0|TAMS 0x0000000088900000, 0x0000000088900000|
|  72|0x0000000088a00000, 0x0000000088a00000, 0x0000000088b00000|  0%| F|  |TS  0|AC  0|TAMS 0x0000000088a00000, 0x0000000088a00000|
|  73|0x0000000088b00000, 0x0000000088b00000, 0x0000000088c00000|  0%| F|  |TS  0|AC  0|TAMS 0x0000000088b00000, 0x0000000088b00000|
|  74|0x0000000088c00000, 0x0000000088c00000, 0x0000000088d00000|  0%| F|  |TS  0|AC  0|TAMS 0x0000000088c00000, 0x0000000088c00000|
|  75|0x0000000088d00000, 0x0000000088d00000, 0x0000000088e00000|  0%| F|  |TS  0|AC  0|TAMS 0x0000000088d00000, 0x0000000088d00000|
|  76|0x0000000088e00000, 0x0000000088e00000, 0x0000000088f00000|  0%| F|  |TS  0|AC  0|TAMS 0x0000000088e00000, 0x0000000088e00000|
|  77|0x0000000088f00000, 0x0000000088f00000, 0x0000000089000000|  0%| F|  |TS  0|AC  0|TAMS 0x0000000088f00000, 0x0000000088f00000|
|  78|0x0000000089000000, 0x0000000089000000, 0x0000000089100000|  0%| F|  |TS  0|AC  0|TAMS 0x0000000089000000, 0x0000000089000000|
|  79|0x0000000089100000, 0x0000000089100000, 0x0000000089200000|  0%| F|  |TS  0|AC  0|TAMS 0x0000000089100000, 0x0000000089100000|
|  80|0x0000000089200000, 0x0000000089200000, 0x0000000089300000|  0%| F|  |TS  0|AC  0|TAMS 0x0000000089200000, 0x0000000089200000|
|  81|0x0000000089300000, 0x0000000089300000, 0x0000000089400000|  0%| F|  |TS  0|AC  0|TAMS 0x0000000089300000, 0x0000000089300000|
|  82|0x0000000089400000, 0x0000000089400000, 0x0000000089500000|  0%| F|  |TS  0|AC  0|TAMS 0x0000000089400000, 0x0000000089400000|
|  83|0x0000000089500000, 0x0000000089500000, 0x0000000089600000|  0%| F|  |TS  0|AC  0|TAMS 0x0000000089500000, 0x0000000089500000|
|  84|0x0000000089600000, 0x0000000089600000, 0x0000000089700000|  0%| F|  |TS  0|AC  0|TAMS 0x0000000089600000, 0x0000000089600000|
|  85|0x0000000089700000, 0x0000000089700000, 0x0000000089800000|  0%| F|  |TS  0|AC  0|TAMS 0x0000000089700000, 0x0000000089700000|
|  86|0x0000000089800000, 0x0000000089800000, 0x0000000089900000|  0%| F|  |TS  0|AC  0|TAMS 0x0000000089800000, 0x0000000089800000|
|  87|0x0000000089900000, 0x0000000089900000, 0x0000000089a00000|  0%| F|  |TS  0|AC  0|TAMS 0x0000000089900000, 0x0000000089900000|
|  88|0x0000000089a00000, 0x0000000089a00000, 0x0000000089b00000|  0%| F|  |TS  0|AC  0|TAMS 0x0000000089a00000, 0x0000000089a00000|
|  89|0x0000000089b00000, 0x0000000089b00000, 0x0000000089c00000|  0%| F|  |TS  0|AC  0|TAMS 0x0000000089b00000, 0x0000000089b00000|
|  90|0x0000000089c00000, 0x0000000089c00000, 0x0000000089d00000|  0%| F|  |TS  0|AC  0|TAMS 0x0000000089c00000, 0x0000000089c00000|
|  91|0x0000000089d00000, 0x0000000089d00000, 0x0000000089e00000|  0%| F|  |TS  0|AC  0|TAMS 0x0000000089d00000, 0x0000000089d00000|
|  92|0x0000000089e00000, 0x0000000089e00000, 0x0000000089f00000|  0%| F|  |TS  0|AC  0|TAMS 0x0000000089e00000, 0x0000000089e00000|
|  93|0x0000000089f00000, 0x0000000089f00000, 0x000000008a000000|  0%| F|  |TS  0|AC  0|TAMS 0x0000000089f00000, 0x0000000089f00000|
|  94|0x000000008a000000, 0x000000008a000000, 0x000000008a100000|  0%| F|  |TS  0|AC  0|TAMS 0x000000008a000000, 0x000000008a000000|
|  95|0x000000008a100000, 0x000000008a100000, 0x000000008a200000|  0%| F|  |TS  0|AC  0|TAMS 0x000000008a100000, 0x000000008a100000|
|  96|0x000000008a200000, 0x000000008a200000, 0x000000008a300000|  0%| F|  |TS  0|AC  0|TAMS 0x000000008a200000, 0x000000008a200000|
|  97|0x000000008a300000, 0x000000008a300000, 0x000000008a400000|  0%| F|  |TS  0|AC  0|TAMS 0x000000008a300000, 0x000000008a300000|
|  98|0x000000008a400000, 0x000000008a400000, 0x000000008a500000|  0%| F|  |TS  0|AC  0|TAMS 0x000000008a400000, 0x000000008a400000|
|  99|0x000000008a500000, 0x000000008a500000, 0x000000008a600000|  0%| F|  |TS  0|AC  0|TAMS 0x000000008a500000, 0x000000008a500000|
| 100|0x000000008a600000, 0x000000008a600000, 0x000000008a700000|  0%| F|  |TS  0|AC  0|TAMS 0x000000008a600000, 0x000000008a600000|
| 101|0x000000008a700000, 0x000000008a700000, 0x000000008a800000|  0%| F|  |TS  0|AC  0|TAMS 0x000000008a700000, 0x000000008a700000|
| 102|0x000000008a800000, 0x000000008a800000, 0x000000008a900000|  0%| F|  |TS  0|AC  0|TAMS 0x000000008a800000, 0x000000008a800000|
| 103|0x000000008a900000, 0x000000008a900000, 0x000000008aa00000|  0%| F|  |TS  0|AC  0|TAMS 0x000000008a900000, 0x000000008a900000|
| 104|0x000000008aa00000, 0x000000008aa00000, 0x000000008ab00000|  0%| F|  |TS  0|AC  0|TAMS 0x000000008aa00000, 0x000000008aa00000|
| 105|0x000000008ab00000, 0x000000008ab00000, 0x000000008ac00000|  0%| F|  |TS  0|AC  0|TAMS 0x000000008ab00000, 0x000000008ab00000|
| 106|0x000000008ac00000, 0x000000008ac00000, 0x000000008ad00000|  0%| F|  |TS  0|AC  0|TAMS 0x000000008ac00000, 0x000000008ac00000|
| 107|0x000000008ad00000, 0x000000008ad00000, 0x000000008ae00000|  0%| F|  |TS  0|AC  0|TAMS 0x000000008ad00000, 0x000000008ad00000|
| 108|0x000000008ae00000, 0x000000008ae00000, 0x000000008af00000|  0%| F|  |TS  0|AC  0|TAMS 0x000000008ae00000, 0x000000008ae00000|
| 109|0x000000008af00000, 0x000000008af00000, 0x000000008b000000|  0%| F|  |TS  0|AC  0|TAMS 0x000000008af00000, 0x000000008af00000|
| 110|0x000000008b000000, 0x000000008b000000, 0x000000008b100000|  0%| F|  |TS  0|AC  0|TAMS 0x000000008b000000, 0x000000008b000000|
| 111|0x000000008b100000, 0x000000008b100000, 0x000000008b200000|  0%| F|  |TS  0|AC  0|TAMS 0x000000008b100000, 0x000000008b100000|
| 112|0x000000008b200000, 0x000000008b200000, 0x000000008b300000|  0%| F|  |TS  0|AC  0|TAMS 0x000000008b200000, 0x000000008b200000|
| 113|0x000000008b300000, 0x000000008b300000, 0x000000008b400000|  0%| F|  |TS  0|AC  0|TAMS 0x000000008b300000, 0x000000008b300000|
| 114|0x000000008b400000, 0x000000008b400000, 0x000000008b500000|  0%| F|  |TS  0|AC  0|TAMS 0x000000008b400000, 0x000000008b400000|
| 115|0x000000008b500000, 0x000000008b500000, 0x000000008b600000|  0%| F|  |TS  0|AC  0|TAMS 0x000000008b500000, 0x000000008b500000|
| 116|0x000000008b600000, 0x000000008b700000, 0x000000008b700000|100%| S|CS|TS  1|AC  0|TAMS 0x000000008b600000, 0x000000008b600000|
| 117|0x000000008b700000, 0x000000008b700000, 0x000000008b800000|  0%| F|  |TS  0|AC  0|TAMS 0x000000008b700000, 0x000000008b700000|
| 118|0x000000008b800000, 0x000000008b8fcc00, 0x000000008b900000| 98%| E|  |TS  0|AC  0|TAMS 0x000000008b800000, 0x000000008b800000|
| 119|0x000000008b900000, 0x000000008ba00000, 0x000000008ba00000|100%| E|CS|TS  0|AC  0|TAMS 0x000000008b900000, 0x000000008b900000|
| 120|0x000000008ba00000, 0x000000008bb00000, 0x000000008bb00000|100%| E|CS|TS  0|AC  0|TAMS 0x000000008ba00000, 0x000000008ba00000|
| 121|0x000000008bb00000, 0x000000008bc00000, 0x000000008bc00000|100%| E|CS|TS  0|AC  0|TAMS 0x000000008bb00000, 0x000000008bb00000|
| 122|0x000000008bc00000, 0x000000008bd00000, 0x000000008bd00000|100%| E|CS|TS  0|AC  0|TAMS 0x000000008bc00000, 0x000000008bc00000|
| 123|0x000000008bd00000, 0x000000008be00000, 0x000000008be00000|100%| E|CS|TS  0|AC  0|TAMS 0x000000008bd00000, 0x000000008bd00000|

Card table byte_map: [0x00007fa550a90000,0x00007fa550e6f000] byte_map_base: 0x00007fa55066f000

Marking Bits (Prev, Next): (CMBitMap*) 0x00007fa54c060650, (CMBitMap*) 0x00007fa54c0606a8
 Prev Bits: [0x00007fa50e108000, 0x00007fa510000000)
 Next Bits: [0x00007fa50c210000, 0x00007fa50e108000)

Polling page: 0x00007fa556001000

CodeHeap 'non-nmethods': size=5696Kb used=1277Kb max_used=1289Kb free=4418Kb
 bounds [0x00007fa535c51000, 0x00007fa535ec1000, 0x00007fa5361e1000]
CodeHeap 'profiled nmethods': size=120032Kb used=1208Kb max_used=1208Kb free=118823Kb
 bounds [0x00007fa5361e1000, 0x00007fa536451000, 0x00007fa53d719000]
CodeHeap 'non-profiled nmethods': size=120032Kb used=227Kb max_used=227Kb free=119805Kb
 bounds [0x00007fa53d719000, 0x00007fa53d989000, 0x00007fa544c51000]
 total_blobs=1448 nmethods=732 adapters=471
 compilation: enabled

Compilation events (10 events):
Event: 0.467 Thread 0x00007fa54c16d800  729       3       java.nio.ByteBufferAsIntBufferB::get (16 bytes)
Event: 0.468 Thread 0x00007fa54c16d800 nmethod 729 0x00007fa53630d910 code [0x00007fa53630db00, 0x00007fa53630e288]
Event: 0.468 Thread 0x00007fa54c16d800  731       1       java.nio.HeapByteBuffer::_get (7 bytes)
Event: 0.468 Thread 0x00007fa54c16d800 nmethod 731 0x00007fa53d750810 code [0x00007fa53d750980, 0x00007fa53d750ab0]
Event: 0.468 Thread 0x00007fa54c16d800  730       3       java.nio.ByteBufferAsIntBufferB::ix (9 bytes)
Event: 0.468 Thread 0x00007fa54c16d800 nmethod 730 0x00007fa53630e490 code [0x00007fa53630e600, 0x00007fa53630e750]
Event: 0.468 Thread 0x00007fa54c16d800  732       3       java.nio.Bits::getIntB (30 bytes)
Event: 0.468 Thread 0x00007fa54c16d800 nmethod 732 0x00007fa53630e810 code [0x00007fa53630e9c0, 0x00007fa53630eeb8]
Event: 0.468 Thread 0x00007fa54c16d800  733       3       java.nio.Bits::makeInt (29 bytes)
Event: 0.468 Thread 0x00007fa54c16d800 nmethod 733 0x00007fa53630f010 code [0x00007fa53630f180, 0x00007fa53630f2d0]

GC Heap History (2 events):
Event: 0.295 GC heap before
{Heap before GC invocations=0 (full 0):
 garbage-first heap   total 126976K, used 9216K [0x0000000084200000, 0x00000000843003e0, 0x0000000100000000)
  region size 1024K, 7 young (7168K), 0 survivors (0K)
 Metaspace       used 9075K, capacity 9472K, committed 9600K, reserved 1058816K
  class space    used 979K, capacity 1105K, committed 1152K, reserved 1048576K
}
Event: 0.299 GC heap after
{Heap after GC invocations=1 (full 0):
 garbage-first heap   total 126976K, used 4251K [0x0000000084200000, 0x00000000843003e0, 0x0000000100000000)
  region size 1024K, 1 young (1024K), 1 survivors (1024K)
 Metaspace       used 9075K, capacity 9472K, committed 9600K, reserved 1058816K
  class space    used 979K, capacity 1105K, committed 1152K, reserved 1048576K
}

Deoptimization events (10 events):
Event: 0.318 Thread 0x00007fa54c011000 Uncommon trap: reason=class_check action=maybe_recompile pc=0x00007fa53d723068 method=java.util.HashMap.putVal(ILjava/lang/Object;Ljava/lang/Object;ZZ)Ljava/lang/Object; @ 91
Event: 0.375 Thread 0x00007fa54c011000 Uncommon trap: reason=unstable_if action=reinterpret pc=0x00007fa53d724b50 method=java.util.HashMap.hash(Ljava/lang/Object;)I @ 1
Event: 0.382 Thread 0x00007fa54c011000 Uncommon trap: reason=class_check action=maybe_recompile pc=0x00007fa53d722b2c method=java.util.HashMap.putVal(ILjava/lang/Object;Ljava/lang/Object;ZZ)Ljava/lang/Object; @ 253
Event: 0.382 Thread 0x00007fa54c011000 Uncommon trap: reason=class_check action=maybe_recompile pc=0x00007fa53d722b2c method=java.util.HashMap.putVal(ILjava/lang/Object;Ljava/lang/Object;ZZ)Ljava/lang/Object; @ 253
Event: 0.385 Thread 0x00007fa54c011000 Uncommon trap: reason=unstable_fused_if action=reinterpret pc=0x00007fa53d72f7dc method=jdk.internal.org.objectweb.asm.ByteVector.putUTF8(Ljava/lang/String;)Ljdk/internal/org/objectweb/asm/ByteVector; @ 91
Event: 0.446 Thread 0x00007fa4b4003800 Uncommon trap: reason=unstable_if action=reinterpret pc=0x00007fa53d74bcc8 method=java.lang.StringUTF16.compress([CI[BII)I @ 20
Event: 0.457 Thread 0x00007fa4b4003800 Uncommon trap: reason=bimorphic_or_optimized_type_check action=maybe_recompile pc=0x00007fa53d74cd80 method=java.util.HashMap.putVal(ILjava/lang/Object;Ljava/lang/Object;ZZ)Ljava/lang/Object; @ 91
Event: 0.457 Thread 0x00007fa4b4003800 Uncommon trap: reason=bimorphic_or_optimized_type_check action=maybe_recompile pc=0x00007fa53d74cd80 method=java.util.HashMap.putVal(ILjava/lang/Object;Ljava/lang/Object;ZZ)Ljava/lang/Object; @ 91
Event: 0.457 Thread 0x00007fa4b4003800 Uncommon trap: reason=bimorphic_or_optimized_type_check action=maybe_recompile pc=0x00007fa53d74cd80 method=java.util.HashMap.putVal(ILjava/lang/Object;Ljava/lang/Object;ZZ)Ljava/lang/Object; @ 91
Event: 0.457 Thread 0x00007fa4b4003800 Uncommon trap: reason=bimorphic_or_optimized_type_check action=maybe_recompile pc=0x00007fa53d74cd80 method=java.util.HashMap.putVal(ILjava/lang/Object;Ljava/lang/Object;ZZ)Ljava/lang/Object; @ 91

Classes redefined (0 events):
No events

Internal exceptions (7 events):
Event: 0.136 Thread 0x00007fa54c011000 Exception <a 'java/lang/ClassNotFoundException': sun/awt/resources/awtProvider> (0x000000008bb5d588) thrown at [/build/openjdk-9-argm_o/openjdk-9-9~b114/src/hotspot/src/share/vm/classfile/systemDictionary.cpp, line 224]
Event: 0.148 Thread 0x00007fa54c011000 Exception <a 'java/io/FileNotFoundException'> (0x000000008bb9d520) thrown at [/build/openjdk-9-argm_o/openjdk-9-9~b114/src/hotspot/src/share/vm/prims/jni.cpp, line 605]
Event: 0.149 Thread 0x00007fa54c011000 Exception <a 'java/io/FileNotFoundException'> (0x000000008bba5560) thrown at [/build/openjdk-9-argm_o/openjdk-9-9~b114/src/hotspot/src/share/vm/prims/jni.cpp, line 605]
Event: 0.240 Thread 0x00007fa54c011000 Exception <a 'java/lang/ClassNotFoundException': com/sun/swing/internal/plaf/metal/resources/metalProvider> (0x000000008b966a40) thrown at [/build/openjdk-9-argm_o/openjdk-9-9~b114/src/hotspot/src/share/vm/classfile/systemDictionary.cpp, line 224]
Event: 0.241 Thread 0x00007fa54c011000 Exception <a 'java/lang/ClassNotFoundException': com/sun/swing/internal/plaf/basic/resources/basicProvider> (0x000000008b96a0d0) thrown at [/build/openjdk-9-argm_o/openjdk-9-9~b114/src/hotspot/src/share/vm/classfile/systemDictionary.cpp, line 224]
Event: 0.332 Thread 0x00007fa54c383800 Exception <a 'java/io/FileNotFoundException'> (0x000000008bb1e480) thrown at [/build/openjdk-9-argm_o/openjdk-9-9~b114/src/hotspot/src/share/vm/prims/jni.cpp, line 605]
Event: 0.375 Thread 0x00007fa54c011000 Implicit null exception at 0x00007fa53d724ab8 to 0x00007fa53d724b46

Events (10 events):
Event: 0.467 loading class sun/font/CMap$NullCMapClass
Event: 0.467 loading class sun/font/CMap$NullCMapClass done
Event: 0.467 loading class sun/font/CMap$CMapFormat12
Event: 0.467 loading class sun/font/CMap$CMapFormat12 done
Event: 0.468 loading class sun/font/FileFontStrike
Event: 0.468 loading class sun/font/FileFontStrike done
Event: 0.468 loading class sun/font/FontScaler
Event: 0.468 loading class sun/font/FontScaler done
Event: 0.468 loading class sun/font/FreetypeFontScaler
Event: 0.468 loading class sun/font/FreetypeFontScaler done


Dynamic libraries:
00400000-00401000 r-xp 00000000 08:03 1456500                            /usr/lib/jvm/java-9-openjdk-amd64/bin/java
00600000-00601000 r--p 00000000 08:03 1456500                            /usr/lib/jvm/java-9-openjdk-amd64/bin/java
00601000-00602000 rw-p 00001000 08:03 1456500                            /usr/lib/jvm/java-9-openjdk-amd64/bin/java
01118000-01139000 rw-p 00000000 00:00 0                                  [heap]
84200000-8be00000 rw-p 00000000 00:00 0 
8be00000-100000000 ---p 00000000 00:00 0 
100000000-100180000 rw-p 00000000 00:00 0 
100180000-140000000 ---p 00000000 00:00 0 
7fa497ffc000-7fa49bffd000 rw-s 00000000 00:16 32909                      /dev/shm/pulse-shm-1241688038
7fa49bffd000-7fa49fffe000 rw-s 00000000 00:16 2495165                    /dev/shm/pulse-shm-137391648
7fa49fffe000-7fa4a3fff000 rw-s 00000000 00:16 32909                      /dev/shm/pulse-shm-1241688038
7fa4a3fff000-7fa4a8000000 rw-s 00000000 00:16 2495163                    /dev/shm/pulse-shm-1475367680
7fa4a8000000-7fa4a8030000 rw-p 00000000 00:00 0 
7fa4a8030000-7fa4ac000000 ---p 00000000 00:00 0 
7fa4ac631000-7fa4ac632000 ---p 00000000 00:00 0 
7fa4ac632000-7fa4ace32000 rw-p 00000000 00:00 0 
7fa4b013d000-7fa4b0331000 rw-s 00000000 00:05 23363598                   /SYSV00000000 (deleted)
7fa4b0331000-7fa4b0471000 rw-p 00000000 00:00 0 
7fa4b0471000-7fa4b0531000 ---p 00000000 00:00 0 
7fa4b0531000-7fa4b0532000 ---p 00000000 00:00 0 
7fa4b0532000-7fa4b0d32000 rw-p 00000000 00:00 0 
7fa4b0d32000-7fa4b0d36000 ---p 00000000 00:00 0 
7fa4b0d36000-7fa4b0e33000 rw-p 00000000 00:00 0 
7fa4b0e33000-7fa4b0e39000 r-xp 00000000 08:03 1835381                    /usr/lib/x86_64-linux-gnu/alsa-lib/libasound_module_pcm_pulse.so
7fa4b0e39000-7fa4b1038000 ---p 00006000 08:03 1835381                    /usr/lib/x86_64-linux-gnu/alsa-lib/libasound_module_pcm_pulse.so
7fa4b1038000-7fa4b1039000 r--p 00005000 08:03 1835381                    /usr/lib/x86_64-linux-gnu/alsa-lib/libasound_module_pcm_pulse.so
7fa4b1039000-7fa4b103a000 rw-p 00006000 08:03 1835381                    /usr/lib/x86_64-linux-gnu/alsa-lib/libasound_module_pcm_pulse.so
7fa4b103a000-7fa4b1064000 r-xp 00000000 08:03 1448141                    /usr/lib/x86_64-linux-gnu/libvorbis.so.0.4.8
7fa4b1064000-7fa4b1263000 ---p 0002a000 08:03 1448141                    /usr/lib/x86_64-linux-gnu/libvorbis.so.0.4.8
7fa4b1263000-7fa4b1264000 r--p 00029000 08:03 1448141                    /usr/lib/x86_64-linux-gnu/libvorbis.so.0.4.8
7fa4b1264000-7fa4b1265000 rw-p 0002a000 08:03 1448141                    /usr/lib/x86_64-linux-gnu/libvorbis.so.0.4.8
7fa4b1265000-7fa4b126c000 r-xp 00000000 08:03 1452557                    /usr/lib/x86_64-linux-gnu/libogg.so.0.8.2
7fa4b126c000-7fa4b146c000 ---p 00007000 08:03 1452557                    /usr/lib/x86_64-linux-gnu/libogg.so.0.8.2
7fa4b146c000-7fa4b146d000 r--p 00007000 08:03 1452557                    /usr/lib/x86_64-linux-gnu/libogg.so.0.8.2
7fa4b146d000-7fa4b146e000 rw-p 00008000 08:03 1452557                    /usr/lib/x86_64-linux-gnu/libogg.so.0.8.2
7fa4b146e000-7fa4b1480000 r-xp 00000000 08:03 529613                     /lib/x86_64-linux-gnu/libgpg-error.so.0.17.0
7fa4b1480000-7fa4b1680000 ---p 00012000 08:03 529613                     /lib/x86_64-linux-gnu/libgpg-error.so.0.17.0
7fa4b1680000-7fa4b1681000 r--p 00012000 08:03 529613                     /lib/x86_64-linux-gnu/libgpg-error.so.0.17.0
7fa4b1681000-7fa4b1682000 rw-p 00013000 08:03 529613                     /lib/x86_64-linux-gnu/libgpg-error.so.0.17.0
7fa4b1682000-7fa4b16f0000 r-xp 00000000 08:03 529698                     /lib/x86_64-linux-gnu/libpcre.so.3.13.2
7fa4b16f0000-7fa4b18f0000 ---p 0006e000 08:03 529698                     /lib/x86_64-linux-gnu/libpcre.so.3.13.2
7fa4b18f0000-7fa4b18f1000 r--p 0006e000 08:03 529698                     /lib/x86_64-linux-gnu/libpcre.so.3.13.2
7fa4b18f1000-7fa4b18f2000 rw-p 0006f000 08:03 529698                     /lib/x86_64-linux-gnu/libpcre.so.3.13.2
7fa4b18f2000-7fa4b1909000 r-xp 00000000 08:03 529394                     /lib/x86_64-linux-gnu/libresolv-2.23.so
7fa4b1909000-7fa4b1b09000 ---p 00017000 08:03 529394                     /lib/x86_64-linux-gnu/libresolv-2.23.so
7fa4b1b09000-7fa4b1b0a000 r--p 00017000 08:03 529394                     /lib/x86_64-linux-gnu/libresolv-2.23.so
7fa4b1b0a000-7fa4b1b0b000 rw-p 00018000 08:03 529394                     /lib/x86_64-linux-gnu/libresolv-2.23.so
7fa4b1b0b000-7fa4b1b0d000 rw-p 00000000 00:00 0 
7fa4b1b0d000-7fa4b1b9a000 r-xp 00000000 08:03 1448139                    /usr/lib/x86_64-linux-gnu/libvorbisenc.so.2.0.11
7fa4b1b9a000-7fa4b1d99000 ---p 0008d000 08:03 1448139                    /usr/lib/x86_64-linux-gnu/libvorbisenc.so.2.0.11
7fa4b1d99000-7fa4b1db5000 r--p 0008c000 08:03 1448139                    /usr/lib/x86_64-linux-gnu/libvorbisenc.so.2.0.11
7fa4b1db5000-7fa4b1db6000 rw-p 000a8000 08:03 1448139                    /usr/lib/x86_64-linux-gnu/libvorbisenc.so.2.0.11
7fa4b1db6000-7fa4b1e29000 r-xp 00000000 08:03 1451425                    /usr/lib/x86_64-linux-gnu/libFLAC.so.8.3.0
7fa4b1e29000-7fa4b2029000 ---p 00073000 08:03 1451425                    /usr/lib/x86_64-linux-gnu/libFLAC.so.8.3.0
7fa4b2029000-7fa4b202a000 r--p 00073000 08:03 1451425                    /usr/lib/x86_64-linux-gnu/libFLAC.so.8.3.0
7fa4b202a000-7fa4b202b000 rw-p 00074000 08:03 1451425                    /usr/lib/x86_64-linux-gnu/libFLAC.so.8.3.0
7fa4b202b000-7fa4b2102000 r-xp 00000000 08:03 524475                     /lib/x86_64-linux-gnu/libgcrypt.so.20.0.5
7fa4b2102000-7fa4b2302000 ---p 000d7000 08:03 524475                     /lib/x86_64-linux-gnu/libgcrypt.so.20.0.5
7fa4b2302000-7fa4b2303000 r--p 000d7000 08:03 524475                     /lib/x86_64-linux-gnu/libgcrypt.so.20.0.5
7fa4b2303000-7fa4b230b000 rw-p 000d8000 08:03 524475                     /lib/x86_64-linux-gnu/libgcrypt.so.20.0.5
7fa4b230b000-7fa4b230c000 rw-p 00000000 00:00 0 
7fa4b230c000-7fa4b232d000 r-xp 00000000 08:03 529636                     /lib/x86_64-linux-gnu/liblzma.so.5.0.0
7fa4b232d000-7fa4b252c000 ---p 00021000 08:03 529636                     /lib/x86_64-linux-gnu/liblzma.so.5.0.0
7fa4b252c000-7fa4b252d000 r--p 00020000 08:03 529636                     /lib/x86_64-linux-gnu/liblzma.so.5.0.0
7fa4b252d000-7fa4b252e000 rw-p 00021000 08:03 529636                     /lib/x86_64-linux-gnu/liblzma.so.5.0.0
7fa4b252e000-7fa4b254d000 r-xp 00000000 08:03 529727                     /lib/x86_64-linux-gnu/libselinux.so.1
7fa4b254d000-7fa4b274c000 ---p 0001f000 08:03 529727                     /lib/x86_64-linux-gnu/libselinux.so.1
7fa4b274c000-7fa4b274d000 r--p 0001e000 08:03 529727                     /lib/x86_64-linux-gnu/libselinux.so.1
7fa4b274d000-7fa4b274e000 rw-p 0001f000 08:03 529727                     /lib/x86_64-linux-gnu/libselinux.so.1
7fa4b274e000-7fa4b2750000 rw-p 00000000 00:00 0 
7fa4b2750000-7fa4b2755000 r-xp 00000000 08:03 1451683                    /usr/lib/x86_64-linux-gnu/libasyncns.so.0.3.1
7fa4b2755000-7fa4b2954000 ---p 00005000 08:03 1451683                    /usr/lib/x86_64-linux-gnu/libasyncns.so.0.3.1
7fa4b2954000-7fa4b2955000 r--p 00004000 08:03 1451683                    /usr/lib/x86_64-linux-gnu/libasyncns.so.0.3.1
7fa4b2955000-7fa4b2956000 rw-p 00005000 08:03 1451683                    /usr/lib/x86_64-linux-gnu/libasyncns.so.0.3.1
7fa4b2956000-7fa4b29b9000 r-xp 00000000 08:03 1448046                    /usr/lib/x86_64-linux-gnu/libsndfile.so.1.0.25
7fa4b29b9000-7fa4b2bb9000 ---p 00063000 08:03 1448046                    /usr/lib/x86_64-linux-gnu/libsndfile.so.1.0.25
7fa4b2bb9000-7fa4b2bbb000 r--p 00063000 08:03 1448046                    /usr/lib/x86_64-linux-gnu/libsndfile.so.1.0.25
7fa4b2bbb000-7fa4b2bbc000 rw-p 00065000 08:03 1448046                    /usr/lib/x86_64-linux-gnu/libsndfile.so.1.0.25
7fa4b2bbc000-7fa4b2bc0000 rw-p 00000000 00:00 0 
7fa4b2bc0000-7fa4b2bc8000 r-xp 00000000 08:03 529755                     /lib/x86_64-linux-gnu/libwrap.so.0.7.6
7fa4b2bc8000-7fa4b2dc7000 ---p 00008000 08:03 529755                     /lib/x86_64-linux-gnu/libwrap.so.0.7.6
7fa4b2dc7000-7fa4b2dc8000 r--p 00007000 08:03 529755                     /lib/x86_64-linux-gnu/libwrap.so.0.7.6
7fa4b2dc8000-7fa4b2dc9000 rw-p 00008000 08:03 529755                     /lib/x86_64-linux-gnu/libwrap.so.0.7.6
7fa4b2dc9000-7fa4b2dca000 rw-p 00000000 00:00 0 
7fa4b2dca000-7fa4b2e15000 r-xp 00000000 08:03 524541                     /lib/x86_64-linux-gnu/libdbus-1.so.3.14.6
7fa4b2e15000-7fa4b3014000 ---p 0004b000 08:03 524541                     /lib/x86_64-linux-gnu/libdbus-1.so.3.14.6
7fa4b3014000-7fa4b3015000 r--p 0004a000 08:03 524541                     /lib/x86_64-linux-gnu/libdbus-1.so.3.14.6
7fa4b3015000-7fa4b3016000 rw-p 0004b000 08:03 524541                     /lib/x86_64-linux-gnu/libdbus-1.so.3.14.6
7fa4b3016000-7fa4b3090000 r-xp 00000000 08:03 1835514                    /usr/lib/x86_64-linux-gnu/pulseaudio/libpulsecommon-8.0.so
7fa4b3090000-7fa4b328f000 ---p 0007a000 08:03 1835514                    /usr/lib/x86_64-linux-gnu/pulseaudio/libpulsecommon-8.0.so
7fa4b328f000-7fa4b3290000 r--p 00079000 08:03 1835514                    /usr/lib/x86_64-linux-gnu/pulseaudio/libpulsecommon-8.0.so
7fa4b3290000-7fa4b3291000 rw-p 0007a000 08:03 1835514                    /usr/lib/x86_64-linux-gnu/pulseaudio/libpulsecommon-8.0.so
7fa4b3291000-7fa4b329b000 r-xp 00000000 08:03 529628                     /lib/x86_64-linux-gnu/libjson-c.so.2.0.0
7fa4b329b000-7fa4b349a000 ---p 0000a000 08:03 529628                     /lib/x86_64-linux-gnu/libjson-c.so.2.0.0
7fa4b349a000-7fa4b349b000 r--p 00009000 08:03 529628                     /lib/x86_64-linux-gnu/libjson-c.so.2.0.0
7fa4b349b000-7fa4b349c000 rw-p 0000a000 08:03 529628                     /lib/x86_64-linux-gnu/libjson-c.so.2.0.0
7fa4b349c000-7fa4b34ea000 r-xp 00000000 08:03 1444779                    /usr/lib/x86_64-linux-gnu/libpulse.so.0.19.0
7fa4b34ea000-7fa4b36ea000 ---p 0004e000 08:03 1444779                    /usr/lib/x86_64-linux-gnu/libpulse.so.0.19.0
7fa4b36ea000-7fa4b36eb000 r--p 0004e000 08:03 1444779                    /usr/lib/x86_64-linux-gnu/libpulse.so.0.19.0
7fa4b36eb000-7fa4b36ec000 rw-p 0004f000 08:03 1444779                    /usr/lib/x86_64-linux-gnu/libpulse.so.0.19.0
7fa4b36ec000-7fa4b36f0000 ---p 00000000 00:00 0 
7fa4b36f0000-7fa4b37ed000 rw-p 00000000 00:00 0 
7fa4b37ed000-7fa4b37f1000 ---p 00000000 00:00 0 
7fa4b37f1000-7fa4b38ee000 rw-p 00000000 00:00 0 
7fa4b38ee000-7fa4b39e7000 r-xp 00000000 08:03 1451673                    /usr/lib/x86_64-linux-gnu/libasound.so.2.0.0
7fa4b39e7000-7fa4b3be6000 ---p 000f9000 08:03 1451673                    /usr/lib/x86_64-linux-gnu/libasound.so.2.0.0
7fa4b3be6000-7fa4b3bed000 r--p 000f8000 08:03 1451673                    /usr/lib/x86_64-linux-gnu/libasound.so.2.0.0
7fa4b3bed000-7fa4b3bee000 rw-p 000ff000 08:03 1451673                    /usr/lib/x86_64-linux-gnu/libasound.so.2.0.0
7fa4b3bee000-7fa4b3bfd000 r-xp 00000000 08:03 1450288                    /usr/lib/jvm/java-9-openjdk-amd64/lib/amd64/libjsoundalsa.so
7fa4b3bfd000-7fa4b3dfc000 ---p 0000f000 08:03 1450288                    /usr/lib/jvm/java-9-openjdk-amd64/lib/amd64/libjsoundalsa.so
7fa4b3dfc000-7fa4b3dfd000 r--p 0000e000 08:03 1450288                    /usr/lib/jvm/java-9-openjdk-amd64/lib/amd64/libjsoundalsa.so
7fa4b3dfd000-7fa4b3dfe000 rw-p 0000f000 08:03 1450288                    /usr/lib/jvm/java-9-openjdk-amd64/lib/amd64/libjsoundalsa.so
7fa4b3dfe000-7fa4b3dff000 r-xp 00000000 08:03 1456511                    /usr/lib/jvm/java-9-openjdk-amd64/lib/amd64/libjsound.so
7fa4b3dff000-7fa4b3ffe000 ---p 00001000 08:03 1456511                    /usr/lib/jvm/java-9-openjdk-amd64/lib/amd64/libjsound.so
7fa4b3ffe000-7fa4b3fff000 r--p 00000000 08:03 1456511                    /usr/lib/jvm/java-9-openjdk-amd64/lib/amd64/libjsound.so
7fa4b3fff000-7fa4b4000000 rw-p 00001000 08:03 1456511                    /usr/lib/jvm/java-9-openjdk-amd64/lib/amd64/libjsound.so
7fa4b4000000-7fa4b4021000 rw-p 00000000 00:00 0 
7fa4b4021000-7fa4b8000000 ---p 00000000 00:00 0 
7fa4b8000000-7fa4b8021000 rw-p 00000000 00:00 0 
7fa4b8021000-7fa4bc000000 ---p 00000000 00:00 0 
7fa4bc000000-7fa4bc055000 rw-p 00000000 00:00 0 
7fa4bc055000-7fa4c0000000 ---p 00000000 00:00 0 
7fa4c0000000-7fa4c004e000 rw-p 00000000 00:00 0 
7fa4c004e000-7fa4c4000000 ---p 00000000 00:00 0 
7fa4c4000000-7fa4c4021000 rw-p 00000000 00:00 0 
7fa4c4021000-7fa4c8000000 ---p 00000000 00:00 0 
7fa4c8000000-7fa4c8021000 rw-p 00000000 00:00 0 
7fa4c8021000-7fa4cc000000 ---p 00000000 00:00 0 
7fa4cc000000-7fa4cc021000 rw-p 00000000 00:00 0 
7fa4cc021000-7fa4d0000000 ---p 00000000 00:00 0 
7fa4d0000000-7fa4d0021000 rw-p 00000000 00:00 0 
7fa4d0021000-7fa4d4000000 ---p 00000000 00:00 0 
7fa4d4000000-7fa4d4021000 rw-p 00000000 00:00 0 
7fa4d4021000-7fa4d8000000 ---p 00000000 00:00 0 
7fa4d8086000-7fa4d808a000 ---p 00000000 00:00 0 
7fa4d808a000-7fa4d8187000 rw-p 00000000 00:00 0 
7fa4d8187000-7fa4d818b000 ---p 00000000 00:00 0 
7fa4d818b000-7fa4d8288000 rw-p 00000000 00:00 0 
7fa4d8288000-7fa4d828c000 ---p 00000000 00:00 0 
7fa4d828c000-7fa4d8389000 rw-p 00000000 00:00 0 
7fa4d8389000-7fa4d83e0000 r-xp 00000000 08:03 1446770                    /usr/lib/x86_64-linux-gnu/libjpeg.so.8.0.2
7fa4d83e0000-7fa4d85e0000 ---p 00057000 08:03 1446770                    /usr/lib/x86_64-linux-gnu/libjpeg.so.8.0.2
7fa4d85e0000-7fa4d85e1000 r--p 00057000 08:03 1446770                    /usr/lib/x86_64-linux-gnu/libjpeg.so.8.0.2
7fa4d85e1000-7fa4d85e2000 rw-p 00058000 08:03 1446770                    /usr/lib/x86_64-linux-gnu/libjpeg.so.8.0.2
7fa4d85e2000-7fa4d85ec000 r-xp 00000000 08:03 1456546                    /usr/lib/jvm/java-9-openjdk-amd64/lib/amd64/libjavajpeg.so
7fa4d85ec000-7fa4d87eb000 ---p 0000a000 08:03 1456546                    /usr/lib/jvm/java-9-openjdk-amd64/lib/amd64/libjavajpeg.so
7fa4d87eb000-7fa4d87ec000 r--p 00009000 08:03 1456546                    /usr/lib/jvm/java-9-openjdk-amd64/lib/amd64/libjavajpeg.so
7fa4d87ec000-7fa4d87ed000 rw-p 0000a000 08:03 1456546                    /usr/lib/jvm/java-9-openjdk-amd64/lib/amd64/libjavajpeg.so
7fa4d87ed000-7fa4d89ed000 rw-p 00000000 00:00 0 
7fa4d89ed000-7fa4d89f1000 ---p 00000000 00:00 0 
7fa4d89f1000-7fa4d8aee000 rw-p 00000000 00:00 0 
7fa4d8aee000-7fa4d8af2000 ---p 00000000 00:00 0 
7fa4d8af2000-7fa4d8bef000 rw-p 00000000 00:00 0 
7fa4d8bef000-7fa4d8bf4000 r-xp 00000000 08:03 1451599                    /usr/lib/x86_64-linux-gnu/libXfixes.so.3.1.0
7fa4d8bf4000-7fa4d8df3000 ---p 00005000 08:03 1451599                    /usr/lib/x86_64-linux-gnu/libXfixes.so.3.1.0
7fa4d8df3000-7fa4d8df4000 r--p 00004000 08:03 1451599                    /usr/lib/x86_64-linux-gnu/libXfixes.so.3.1.0
7fa4d8df4000-7fa4d8df5000 rw-p 00005000 08:03 1451599                    /usr/lib/x86_64-linux-gnu/libXfixes.so.3.1.0
7fa4d8df5000-7fa4d8dfe000 r-xp 00000000 08:03 1451459                    /usr/lib/x86_64-linux-gnu/libXcursor.so.1.0.2
7fa4d8dfe000-7fa4d8ffd000 ---p 00009000 08:03 1451459                    /usr/lib/x86_64-linux-gnu/libXcursor.so.1.0.2
7fa4d8ffd000-7fa4d8ffe000 r--p 00008000 08:03 1451459                    /usr/lib/x86_64-linux-gnu/libXcursor.so.1.0.2
7fa4d8ffe000-7fa4d8fff000 rw-p 00009000 08:03 1451459                    /usr/lib/x86_64-linux-gnu/libXcursor.so.1.0.2
7fa4d8fff000-7fa4dc000000 rw-p 00000000 00:00 0 
7fa4dc000000-7fa4dc12d000 rw-p 00000000 00:00 0 
7fa4dc12d000-7fa4e0000000 ---p 00000000 00:00 0 
7fa4e0000000-7fa4e0021000 rw-p 00000000 00:00 0 
7fa4e0021000-7fa4e4000000 ---p 00000000 00:00 0 
7fa4e4000000-7fa4e42e3000 rw-p 00000000 00:00 0 
7fa4e42e3000-7fa4e8000000 ---p 00000000 00:00 0 
7fa4e8000000-7fa4e81e3000 rw-p 00000000 00:00 0 
7fa4e81e3000-7fa4ec000000 ---p 00000000 00:00 0 
7fa4ec000000-7fa4ec021000 rw-p 00000000 00:00 0 
7fa4ec021000-7fa4f0000000 ---p 00000000 00:00 0 
7fa4f0000000-7fa4f0021000 rw-p 00000000 00:00 0 
7fa4f0021000-7fa4f4000000 ---p 00000000 00:00 0 
7fa4f4000000-7fa4f4021000 rw-p 00000000 00:00 0 
7fa4f4021000-7fa4f8000000 ---p 00000000 00:00 0 
7fa4f8000000-7fa4f8021000 rw-p 00000000 00:00 0 
7fa4f8021000-7fa4fc000000 ---p 00000000 00:00 0 
7fa4fc000000-7fa4fc021000 rw-p 00000000 00:00 0 
7fa4fc021000-7fa500000000 ---p 00000000 00:00 0 
7fa500000000-7fa500021000 rw-p 00000000 00:00 0 
7fa500021000-7fa504000000 ---p 00000000 00:00 0 
7fa5040a2000-7fa5040a6000 ---p 00000000 00:00 0 
7fa5040a6000-7fa5041a3000 rw-p 00000000 00:00 0 
7fa5041a3000-7fa5041c7000 r-xp 00000000 08:03 529175                     /lib/x86_64-linux-gnu/libpng12.so.0.54.0
7fa5041c7000-7fa5043c6000 ---p 00024000 08:03 529175                     /lib/x86_64-linux-gnu/libpng12.so.0.54.0
7fa5043c6000-7fa5043c7000 r--p 00023000 08:03 529175                     /lib/x86_64-linux-gnu/libpng12.so.0.54.0
7fa5043c7000-7fa5043c8000 rw-p 00024000 08:03 529175                     /lib/x86_64-linux-gnu/libpng12.so.0.54.0
7fa5043c8000-7fa50446c000 r-xp 00000000 08:03 1452259                    /usr/lib/x86_64-linux-gnu/libfreetype.so.6.12.1
7fa50446c000-7fa50466b000 ---p 000a4000 08:03 1452259                    /usr/lib/x86_64-linux-gnu/libfreetype.so.6.12.1
7fa50466b000-7fa504671000 r--p 000a3000 08:03 1452259                    /usr/lib/x86_64-linux-gnu/libfreetype.so.6.12.1
7fa504671000-7fa504672000 rw-p 000a9000 08:03 1452259                    /usr/lib/x86_64-linux-gnu/libfreetype.so.6.12.1
7fa504672000-7fa504738000 r-xp 00000000 08:03 1456520                    /usr/lib/jvm/java-9-openjdk-amd64/lib/amd64/libfontmanager.so
7fa504738000-7fa504937000 ---p 000c6000 08:03 1456520                    /usr/lib/jvm/java-9-openjdk-amd64/lib/amd64/libfontmanager.so
7fa504937000-7fa50493a000 r--p 000c5000 08:03 1456520                    /usr/lib/jvm/java-9-openjdk-amd64/lib/amd64/libfontmanager.so
7fa50493a000-7fa50493b000 rw-p 000c8000 08:03 1456520                    /usr/lib/jvm/java-9-openjdk-amd64/lib/amd64/libfontmanager.so
7fa50493b000-7fa50493c000 rw-p 00000000 00:00 0 
7fa50493c000-7fa504941000 r-xp 00000000 08:03 1451595                    /usr/lib/x86_64-linux-gnu/libXdmcp.so.6.0.0
7fa504941000-7fa504b40000 ---p 00005000 08:03 1451595                    /usr/lib/x86_64-linux-gnu/libXdmcp.so.6.0.0
7fa504b40000-7fa504b41000 r--p 00004000 08:03 1451595                    /usr/lib/x86_64-linux-gnu/libXdmcp.so.6.0.0
7fa504b41000-7fa504b42000 rw-p 00005000 08:03 1451595                    /usr/lib/x86_64-linux-gnu/libXdmcp.so.6.0.0
7fa504b42000-7fa504b44000 r-xp 00000000 08:03 1451584                    /usr/lib/x86_64-linux-gnu/libXau.so.6.0.0
7fa504b44000-7fa504d44000 ---p 00002000 08:03 1451584                    /usr/lib/x86_64-linux-gnu/libXau.so.6.0.0
7fa504d44000-7fa504d45000 r--p 00002000 08:03 1451584                    /usr/lib/x86_64-linux-gnu/libXau.so.6.0.0
7fa504d45000-7fa504d46000 rw-p 00003000 08:03 1451584                    /usr/lib/x86_64-linux-gnu/libXau.so.6.0.0
7fa504d46000-7fa504d67000 r-xp 00000000 08:03 1453030                    /usr/lib/x86_64-linux-gnu/libxcb.so.1.1.0
7fa504d67000-7fa504f66000 ---p 00021000 08:03 1453030                    /usr/lib/x86_64-linux-gnu/libxcb.so.1.1.0
7fa504f66000-7fa504f67000 r--p 00020000 08:03 1453030                    /usr/lib/x86_64-linux-gnu/libxcb.so.1.1.0
7fa504f67000-7fa504f68000 rw-p 00021000 08:03 1453030                    /usr/lib/x86_64-linux-gnu/libxcb.so.1.1.0
7fa504f68000-7fa504f77000 r-xp 00000000 08:03 1451605                    /usr/lib/x86_64-linux-gnu/libXi.so.6.1.0
7fa504f77000-7fa505176000 ---p 0000f000 08:03 1451605                    /usr/lib/x86_64-linux-gnu/libXi.so.6.1.0
7fa505176000-7fa505177000 r--p 0000e000 08:03 1451605                    /usr/lib/x86_64-linux-gnu/libXi.so.6.1.0
7fa505177000-7fa505178000 rw-p 0000f000 08:03 1451605                    /usr/lib/x86_64-linux-gnu/libXi.so.6.1.0
7fa505178000-7fa50517d000 r-xp 00000000 08:03 1451623                    /usr/lib/x86_64-linux-gnu/libXtst.so.6.1.0
7fa50517d000-7fa50537c000 ---p 00005000 08:03 1451623                    /usr/lib/x86_64-linux-gnu/libXtst.so.6.1.0
7fa50537c000-7fa50537d000 r--p 00004000 08:03 1451623                    /usr/lib/x86_64-linux-gnu/libXtst.so.6.1.0
7fa50537d000-7fa50537e000 rw-p 00005000 08:03 1451623                    /usr/lib/x86_64-linux-gnu/libXtst.so.6.1.0
7fa50537e000-7fa505387000 r-xp 00000000 08:03 1451617                    /usr/lib/x86_64-linux-gnu/libXrender.so.1.3.0
7fa505387000-7fa505586000 ---p 00009000 08:03 1451617                    /usr/lib/x86_64-linux-gnu/libXrender.so.1.3.0
7fa505586000-7fa505587000 r--p 00008000 08:03 1451617                    /usr/lib/x86_64-linux-gnu/libXrender.so.1.3.0
7fa505587000-7fa505588000 rw-p 00009000 08:03 1451617                    /usr/lib/x86_64-linux-gnu/libXrender.so.1.3.0
7fa505588000-7fa5056bd000 r-xp 00000000 08:03 1453226                    /usr/lib/x86_64-linux-gnu/libX11.so.6.3.0
7fa5056bd000-7fa5058bd000 ---p 00135000 08:03 1453226                    /usr/lib/x86_64-linux-gnu/libX11.so.6.3.0
7fa5058bd000-7fa5058be000 r--p 00135000 08:03 1453226                    /usr/lib/x86_64-linux-gnu/libX11.so.6.3.0
7fa5058be000-7fa5058c2000 rw-p 00136000 08:03 1453226                    /usr/lib/x86_64-linux-gnu/libX11.so.6.3.0
7fa5058c2000-7fa5058d3000 r-xp 00000000 08:03 1451597                    /usr/lib/x86_64-linux-gnu/libXext.so.6.4.0
7fa5058d3000-7fa505ad2000 ---p 00011000 08:03 1451597                    /usr/lib/x86_64-linux-gnu/libXext.so.6.4.0
7fa505ad2000-7fa505ad3000 r--p 00010000 08:03 1451597                    /usr/lib/x86_64-linux-gnu/libXext.so.6.4.0
7fa505ad3000-7fa505ad4000 rw-p 00011000 08:03 1451597                    /usr/lib/x86_64-linux-gnu/libXext.so.6.4.0
7fa505ad4000-7fa505b2b000 r-xp 00000000 08:03 1456547                    /usr/lib/jvm/java-9-openjdk-amd64/lib/amd64/libawt_xawt.so
7fa505b2b000-7fa505d2b000 ---p 00057000 08:03 1456547                    /usr/lib/jvm/java-9-openjdk-amd64/lib/amd64/libawt_xawt.so
7fa505d2b000-7fa505d2c000 r--p 00057000 08:03 1456547                    /usr/lib/jvm/java-9-openjdk-amd64/lib/amd64/libawt_xawt.so
7fa505d2c000-7fa505d2f000 rw-p 00058000 08:03 1456547                    /usr/lib/jvm/java-9-openjdk-amd64/lib/amd64/libawt_xawt.so
7fa505d2f000-7fa505d30000 rw-p 00000000 00:00 0 
7fa505d30000-7fa505dd0000 r-xp 00000000 08:03 1456519                    /usr/lib/jvm/java-9-openjdk-amd64/lib/amd64/libawt.so
7fa505dd0000-7fa505fcf000 ---p 000a0000 08:03 1456519                    /usr/lib/jvm/java-9-openjdk-amd64/lib/amd64/libawt.so
7fa505fcf000-7fa505fd0000 r--p 0009f000 08:03 1456519                    /usr/lib/jvm/java-9-openjdk-amd64/lib/amd64/libawt.so
7fa505fd0000-7fa505fdb000 rw-p 000a0000 08:03 1456519                    /usr/lib/jvm/java-9-openjdk-amd64/lib/amd64/libawt.so
7fa505fdb000-7fa508000000 rw-p 00000000 00:00 0 
7fa508000000-7fa508021000 rw-p 00000000 00:00 0 
7fa508021000-7fa50c000000 ---p 00000000 00:00 0 
7fa50c00e000-7fa50c00f000 ---p 00000000 00:00 0 
7fa50c00f000-7fa50c10f000 rw-p 00000000 00:00 0 
7fa50c10f000-7fa50c113000 ---p 00000000 00:00 0 
7fa50c113000-7fa50c400000 rw-p 00000000 00:00 0 
7fa50c400000-7fa50e108000 ---p 00000000 00:00 0 
7fa50e108000-7fa50e2f8000 rw-p 00000000 00:00 0 
7fa50e2f8000-7fa510000000 ---p 00000000 00:00 0 
7fa510000000-7fa510021000 rw-p 00000000 00:00 0 
7fa510021000-7fa514000000 ---p 00000000 00:00 0 
7fa514000000-7fa514021000 rw-p 00000000 00:00 0 
7fa514021000-7fa518000000 ---p 00000000 00:00 0 
7fa518000000-7fa518021000 rw-p 00000000 00:00 0 
7fa518021000-7fa51c000000 ---p 00000000 00:00 0 
7fa51c000000-7fa51c021000 rw-p 00000000 00:00 0 
7fa51c021000-7fa520000000 ---p 00000000 00:00 0 
7fa520000000-7fa520021000 rw-p 00000000 00:00 0 
7fa520021000-7fa524000000 ---p 00000000 00:00 0 
7fa524000000-7fa524021000 rw-p 00000000 00:00 0 
7fa524021000-7fa528000000 ---p 00000000 00:00 0 
7fa528000000-7fa528021000 rw-p 00000000 00:00 0 
7fa528021000-7fa52c000000 ---p 00000000 00:00 0 
7fa52c000000-7fa52c021000 rw-p 00000000 00:00 0 
7fa52c021000-7fa530000000 ---p 00000000 00:00 0 
7fa530000000-7fa530021000 rw-p 00000000 00:00 0 
7fa530021000-7fa534000000 ---p 00000000 00:00 0 
7fa534072000-7fa5340f2000 r-xp 00000000 08:03 524545                     /lib/x86_64-linux-gnu/libsystemd.so.0.14.0
7fa5340f2000-7fa5340f5000 r--p 0007f000 08:03 524545                     /lib/x86_64-linux-gnu/libsystemd.so.0.14.0
7fa5340f5000-7fa5340f6000 rw-p 00082000 08:03 524545                     /lib/x86_64-linux-gnu/libsystemd.so.0.14.0
7fa5340f6000-7fa5340f7000 rw-p 00000000 00:00 0 
7fa5340f7000-7fa5340fb000 ---p 00000000 00:00 0 
7fa5340fb000-7fa5341f8000 rw-p 00000000 00:00 0 
7fa5341f8000-7fa53420e000 r-xp 00000000 08:03 1456521                    /usr/lib/jvm/java-9-openjdk-amd64/lib/amd64/libnet.so
7fa53420e000-7fa53440d000 ---p 00016000 08:03 1456521                    /usr/lib/jvm/java-9-openjdk-amd64/lib/amd64/libnet.so
7fa53440d000-7fa53440e000 r--p 00015000 08:03 1456521                    /usr/lib/jvm/java-9-openjdk-amd64/lib/amd64/libnet.so
7fa53440e000-7fa53440f000 rw-p 00016000 08:03 1456521                    /usr/lib/jvm/java-9-openjdk-amd64/lib/amd64/libnet.so
7fa53440f000-7fa534420000 r-xp 00000000 08:03 1456548                    /usr/lib/jvm/java-9-openjdk-amd64/lib/amd64/libnio.so
7fa534420000-7fa534620000 ---p 00011000 08:03 1456548                    /usr/lib/jvm/java-9-openjdk-amd64/lib/amd64/libnio.so
7fa534620000-7fa534621000 r--p 00011000 08:03 1456548                    /usr/lib/jvm/java-9-openjdk-amd64/lib/amd64/libnio.so
7fa534621000-7fa534622000 rw-p 00012000 08:03 1456548                    /usr/lib/jvm/java-9-openjdk-amd64/lib/amd64/libnio.so
7fa534622000-7fa534626000 ---p 00000000 00:00 0 
7fa534626000-7fa534723000 rw-p 00000000 00:00 0 
7fa534723000-7fa534727000 ---p 00000000 00:00 0 
7fa534727000-7fa534824000 rw-p 00000000 00:00 0 
7fa534824000-7fa534828000 ---p 00000000 00:00 0 
7fa534828000-7fa534925000 rw-p 00000000 00:00 0 
7fa534925000-7fa534929000 ---p 00000000 00:00 0 
7fa534929000-7fa534a26000 rw-p 00000000 00:00 0 
7fa534a26000-7fa534a2a000 ---p 00000000 00:00 0 
7fa534a2a000-7fa534b27000 rw-p 00000000 00:00 0 
7fa534b27000-7fa534b2b000 ---p 00000000 00:00 0 
7fa534b2b000-7fa534c28000 rw-p 00000000 00:00 0 
7fa534c28000-7fa534f00000 r--p 00000000 08:03 1451415                    /usr/lib/locale/locale-archive
7fa534f00000-7fa534f04000 ---p 00000000 00:00 0 
7fa534f04000-7fa535001000 rw-p 00000000 00:00 0 
7fa535001000-7fa535005000 ---p 00000000 00:00 0 
7fa535005000-7fa535102000 rw-p 00000000 00:00 0 
7fa535102000-7fa535103000 ---p 00000000 00:00 0 
7fa535103000-7fa535ad4000 rw-p 00000000 00:00 0 
7fa535ad4000-7fa535c51000 rw-p 00000000 00:00 0 
7fa535c51000-7fa535ec1000 rwxp 00000000 00:00 0 
7fa535ec1000-7fa5361e1000 ---p 00000000 00:00 0 
7fa5361e1000-7fa536451000 rwxp 00000000 00:00 0 
7fa536451000-7fa53d719000 ---p 00000000 00:00 0 
7fa53d719000-7fa53d989000 rwxp 00000000 00:00 0 
7fa53d989000-7fa544c51000 ---p 00000000 00:00 0 
7fa544c51000-7fa54c000000 r--s 00000000 08:03 1456505                    /usr/lib/jvm/java-9-openjdk-amd64/lib/modules
7fa54c000000-7fa54c3b7000 rw-p 00000000 00:00 0 
7fa54c3b7000-7fa550000000 ---p 00000000 00:00 0 
7fa550038000-7fa5504af000 rw-p 00000000 00:00 0 
7fa5504af000-7fa5504b0000 ---p 00000000 00:00 0 
7fa5504b0000-7fa5505b0000 rw-p 00000000 00:00 0 
7fa5505b0000-7fa5505b1000 ---p 00000000 00:00 0 
7fa5505b1000-7fa5506ef000 rw-p 00000000 00:00 0 
7fa5506ef000-7fa550a90000 ---p 00000000 00:00 0 
7fa550a90000-7fa550ace000 rw-p 00000000 00:00 0 
7fa550ace000-7fa55124e000 ---p 00000000 00:00 0 
7fa55124e000-7fa55128c000 rw-p 00000000 00:00 0 
7fa55128c000-7fa55162d000 ---p 00000000 00:00 0 
7fa55162d000-7fa55162e000 ---p 00000000 00:00 0 
7fa55162e000-7fa55172e000 rw-p 00000000 00:00 0 
7fa55172e000-7fa55172f000 ---p 00000000 00:00 0 
7fa55172f000-7fa55182f000 rw-p 00000000 00:00 0 
7fa55182f000-7fa551830000 ---p 00000000 00:00 0 
7fa551830000-7fa551930000 rw-p 00000000 00:00 0 
7fa551930000-7fa551931000 ---p 00000000 00:00 0 
7fa551931000-7fa551a31000 rw-p 00000000 00:00 0 
7fa551a31000-7fa551a32000 ---p 00000000 00:00 0 
7fa551a32000-7fa551f36000 rw-p 00000000 00:00 0 
7fa551f36000-7fa551f37000 ---p 00000000 00:00 0 
7fa551f37000-7fa552037000 rw-p 00000000 00:00 0 
7fa552037000-7fa552038000 ---p 00000000 00:00 0 
7fa552038000-7fa552138000 rw-p 00000000 00:00 0 
7fa552138000-7fa552139000 ---p 00000000 00:00 0 
7fa552139000-7fa552239000 rw-p 00000000 00:00 0 
7fa552239000-7fa55223a000 ---p 00000000 00:00 0 
7fa55223a000-7fa55233f000 rw-p 00000000 00:00 0 
7fa55233f000-7fa552425000 ---p 00000000 00:00 0 
7fa552425000-7fa55242a000 rw-p 00000000 00:00 0 
7fa55242a000-7fa552510000 ---p 00000000 00:00 0 
7fa552510000-7fa552515000 r-xp 00000000 08:03 1456535                    /usr/lib/jvm/java-9-openjdk-amd64/lib/amd64/libjimage.so
7fa552515000-7fa552714000 ---p 00005000 08:03 1456535                    /usr/lib/jvm/java-9-openjdk-amd64/lib/amd64/libjimage.so
7fa552714000-7fa552715000 r--p 00004000 08:03 1456535                    /usr/lib/jvm/java-9-openjdk-amd64/lib/amd64/libjimage.so
7fa552715000-7fa552716000 rw-p 00005000 08:03 1456535                    /usr/lib/jvm/java-9-openjdk-amd64/lib/amd64/libjimage.so
7fa552716000-7fa55271d000 r-xp 00000000 08:03 1456531                    /usr/lib/jvm/java-9-openjdk-amd64/lib/amd64/libzip.so
7fa55271d000-7fa55291c000 ---p 00007000 08:03 1456531                    /usr/lib/jvm/java-9-openjdk-amd64/lib/amd64/libzip.so
7fa55291c000-7fa55291d000 r--p 00006000 08:03 1456531                    /usr/lib/jvm/java-9-openjdk-amd64/lib/amd64/libzip.so
7fa55291d000-7fa55291e000 rw-p 00007000 08:03 1456531                    /usr/lib/jvm/java-9-openjdk-amd64/lib/amd64/libzip.so
7fa55291e000-7fa552929000 r-xp 00000000 08:03 529398                     /lib/x86_64-linux-gnu/libnss_files-2.23.so
7fa552929000-7fa552b28000 ---p 0000b000 08:03 529398                     /lib/x86_64-linux-gnu/libnss_files-2.23.so
7fa552b28000-7fa552b29000 r--p 0000a000 08:03 529398                     /lib/x86_64-linux-gnu/libnss_files-2.23.so
7fa552b29000-7fa552b2a000 rw-p 0000b000 08:03 529398                     /lib/x86_64-linux-gnu/libnss_files-2.23.so
7fa552b2a000-7fa552b30000 rw-p 00000000 00:00 0 
7fa552b30000-7fa552b3b000 r-xp 00000000 08:03 529391                     /lib/x86_64-linux-gnu/libnss_nis-2.23.so
7fa552b3b000-7fa552d3a000 ---p 0000b000 08:03 529391                     /lib/x86_64-linux-gnu/libnss_nis-2.23.so
7fa552d3a000-7fa552d3b000 r--p 0000a000 08:03 529391                     /lib/x86_64-linux-gnu/libnss_nis-2.23.so
7fa552d3b000-7fa552d3c000 rw-p 0000b000 08:03 529391                     /lib/x86_64-linux-gnu/libnss_nis-2.23.so
7fa552d3c000-7fa552d52000 r-xp 00000000 08:03 529396                     /lib/x86_64-linux-gnu/libnsl-2.23.so
7fa552d52000-7fa552f51000 ---p 00016000 08:03 529396                     /lib/x86_64-linux-gnu/libnsl-2.23.so
7fa552f51000-7fa552f52000 r--p 00015000 08:03 529396                     /lib/x86_64-linux-gnu/libnsl-2.23.so
7fa552f52000-7fa552f53000 rw-p 00016000 08:03 529396                     /lib/x86_64-linux-gnu/libnsl-2.23.so
7fa552f53000-7fa552f55000 rw-p 00000000 00:00 0 
7fa552f55000-7fa552f5d000 r-xp 00000000 08:03 529402                     /lib/x86_64-linux-gnu/libnss_compat-2.23.so
7fa552f5d000-7fa55315c000 ---p 00008000 08:03 529402                     /lib/x86_64-linux-gnu/libnss_compat-2.23.so
7fa55315c000-7fa55315d000 r--p 00007000 08:03 529402                     /lib/x86_64-linux-gnu/libnss_compat-2.23.so
7fa55315d000-7fa55315e000 rw-p 00008000 08:03 529402                     /lib/x86_64-linux-gnu/libnss_compat-2.23.so
7fa55315e000-7fa553189000 r-xp 00000000 08:03 1456514                    /usr/lib/jvm/java-9-openjdk-amd64/lib/amd64/libjava.so
7fa553189000-7fa553388000 ---p 0002b000 08:03 1456514                    /usr/lib/jvm/java-9-openjdk-amd64/lib/amd64/libjava.so
7fa553388000-7fa553389000 r--p 0002a000 08:03 1456514                    /usr/lib/jvm/java-9-openjdk-amd64/lib/amd64/libjava.so
7fa553389000-7fa55338b000 rw-p 0002b000 08:03 1456514                    /usr/lib/jvm/java-9-openjdk-amd64/lib/amd64/libjava.so
7fa55338b000-7fa553398000 r-xp 00000000 08:03 1456515                    /usr/lib/jvm/java-9-openjdk-amd64/lib/amd64/libverify.so
7fa553398000-7fa553597000 ---p 0000d000 08:03 1456515                    /usr/lib/jvm/java-9-openjdk-amd64/lib/amd64/libverify.so
7fa553597000-7fa553599000 r--p 0000c000 08:03 1456515                    /usr/lib/jvm/java-9-openjdk-amd64/lib/amd64/libverify.so
7fa553599000-7fa55359a000 rw-p 0000e000 08:03 1456515                    /usr/lib/jvm/java-9-openjdk-amd64/lib/amd64/libverify.so
7fa55359a000-7fa5535a1000 r-xp 00000000 08:03 529369                     /lib/x86_64-linux-gnu/librt-2.23.so
7fa5535a1000-7fa5537a0000 ---p 00007000 08:03 529369                     /lib/x86_64-linux-gnu/librt-2.23.so
7fa5537a0000-7fa5537a1000 r--p 00006000 08:03 529369                     /lib/x86_64-linux-gnu/librt-2.23.so
7fa5537a1000-7fa5537a2000 rw-p 00007000 08:03 529369                     /lib/x86_64-linux-gnu/librt-2.23.so
7fa5537a2000-7fa5537b8000 r-xp 00000000 08:03 529607                     /lib/x86_64-linux-gnu/libgcc_s.so.1
7fa5537b8000-7fa5539b7000 ---p 00016000 08:03 529607                     /lib/x86_64-linux-gnu/libgcc_s.so.1
7fa5539b7000-7fa5539b8000 rw-p 00015000 08:03 529607                     /lib/x86_64-linux-gnu/libgcc_s.so.1
7fa5539b8000-7fa553ac0000 r-xp 00000000 08:03 529404                     /lib/x86_64-linux-gnu/libm-2.23.so
7fa553ac0000-7fa553cbf000 ---p 00108000 08:03 529404                     /lib/x86_64-linux-gnu/libm-2.23.so
7fa553cbf000-7fa553cc0000 r--p 00107000 08:03 529404                     /lib/x86_64-linux-gnu/libm-2.23.so
7fa553cc0000-7fa553cc1000 rw-p 00108000 08:03 529404                     /lib/x86_64-linux-gnu/libm-2.23.so
7fa553cc1000-7fa553e33000 r-xp 00000000 08:03 1442136                    /usr/lib/x86_64-linux-gnu/libstdc++.so.6.0.21
7fa553e33000-7fa554033000 ---p 00172000 08:03 1442136                    /usr/lib/x86_64-linux-gnu/libstdc++.so.6.0.21
7fa554033000-7fa55403d000 r--p 00172000 08:03 1442136                    /usr/lib/x86_64-linux-gnu/libstdc++.so.6.0.21
7fa55403d000-7fa55403f000 rw-p 0017c000 08:03 1442136                    /usr/lib/x86_64-linux-gnu/libstdc++.so.6.0.21
7fa55403f000-7fa554043000 rw-p 00000000 00:00 0 
7fa554043000-7fa554ea1000 r-xp 00000000 08:03 1456528                    /usr/lib/jvm/java-9-openjdk-amd64/lib/amd64/server/libjvm.so
7fa554ea1000-7fa5550a1000 ---p 00e5e000 08:03 1456528                    /usr/lib/jvm/java-9-openjdk-amd64/lib/amd64/server/libjvm.so
7fa5550a1000-7fa555153000 r--p 00e5e000 08:03 1456528                    /usr/lib/jvm/java-9-openjdk-amd64/lib/amd64/server/libjvm.so
7fa555153000-7fa555185000 rw-p 00f10000 08:03 1456528                    /usr/lib/jvm/java-9-openjdk-amd64/lib/amd64/server/libjvm.so
7fa555185000-7fa5551ca000 rw-p 00000000 00:00 0 
7fa5551ca000-7fa5551e2000 r-xp 00000000 08:03 529387                     /lib/x86_64-linux-gnu/libpthread-2.23.so
7fa5551e2000-7fa5553e1000 ---p 00018000 08:03 529387                     /lib/x86_64-linux-gnu/libpthread-2.23.so
7fa5553e1000-7fa5553e2000 r--p 00017000 08:03 529387                     /lib/x86_64-linux-gnu/libpthread-2.23.so
7fa5553e2000-7fa5553e3000 rw-p 00018000 08:03 529387                     /lib/x86_64-linux-gnu/libpthread-2.23.so
7fa5553e3000-7fa5553e7000 rw-p 00000000 00:00 0 
7fa5553e7000-7fa5553ea000 r-xp 00000000 08:03 529382                     /lib/x86_64-linux-gnu/libdl-2.23.so
7fa5553ea000-7fa5555e9000 ---p 00003000 08:03 529382                     /lib/x86_64-linux-gnu/libdl-2.23.so
7fa5555e9000-7fa5555ea000 r--p 00002000 08:03 529382                     /lib/x86_64-linux-gnu/libdl-2.23.so
7fa5555ea000-7fa5555eb000 rw-p 00003000 08:03 529382                     /lib/x86_64-linux-gnu/libdl-2.23.so
7fa5555eb000-7fa555604000 r-xp 00000000 08:03 524804                     /lib/x86_64-linux-gnu/libz.so.1.2.8
7fa555604000-7fa555803000 ---p 00019000 08:03 524804                     /lib/x86_64-linux-gnu/libz.so.1.2.8
7fa555803000-7fa555804000 r--p 00018000 08:03 524804                     /lib/x86_64-linux-gnu/libz.so.1.2.8
7fa555804000-7fa555805000 rw-p 00019000 08:03 524804                     /lib/x86_64-linux-gnu/libz.so.1.2.8
7fa555805000-7fa5559c5000 r-xp 00000000 08:03 529401                     /lib/x86_64-linux-gnu/libc-2.23.so
7fa5559c5000-7fa555bc5000 ---p 001c0000 08:03 529401                     /lib/x86_64-linux-gnu/libc-2.23.so
7fa555bc5000-7fa555bc9000 r--p 001c0000 08:03 529401                     /lib/x86_64-linux-gnu/libc-2.23.so
7fa555bc9000-7fa555bcb000 rw-p 001c4000 08:03 529401                     /lib/x86_64-linux-gnu/libc-2.23.so
7fa555bcb000-7fa555bcf000 rw-p 00000000 00:00 0 
7fa555bcf000-7fa555bdd000 r-xp 00000000 08:03 1456545                    /usr/lib/jvm/java-9-openjdk-amd64/lib/amd64/jli/libjli.so
7fa555bdd000-7fa555ddc000 ---p 0000e000 08:03 1456545                    /usr/lib/jvm/java-9-openjdk-amd64/lib/amd64/jli/libjli.so
7fa555ddc000-7fa555ddd000 r--p 0000d000 08:03 1456545                    /usr/lib/jvm/java-9-openjdk-amd64/lib/amd64/jli/libjli.so
7fa555ddd000-7fa555dde000 rw-p 0000e000 08:03 1456545                    /usr/lib/jvm/java-9-openjdk-amd64/lib/amd64/jli/libjli.so
7fa555dde000-7fa555e04000 r-xp 00000000 08:03 529386                     /lib/x86_64-linux-gnu/ld-2.23.so
7fa555e31000-7fa555ed5000 rw-p 00000000 00:00 0 
7fa555ed5000-7fa555ed9000 ---p 00000000 00:00 0 
7fa555ed9000-7fa555fda000 rw-p 00000000 00:00 0 
7fa555fe5000-7fa555fec000 r--s 00000000 08:03 1848351                    /usr/lib/x86_64-linux-gnu/gconv/gconv-modules.cache
7fa555fec000-7fa555ff1000 rw-p 00000000 00:00 0 
7fa555ff1000-7fa555ff8000 ---p 00000000 00:00 0 
7fa555ff8000-7fa556000000 rw-s 00000000 08:03 657960                     /tmp/hsperfdata_jgourd/16221
7fa556000000-7fa556001000 rw-p 00000000 00:00 0 
7fa556001000-7fa556002000 r--p 00000000 00:00 0 
7fa556002000-7fa556003000 rw-p 00000000 00:00 0 
7fa556003000-7fa556004000 r--p 00025000 08:03 529386                     /lib/x86_64-linux-gnu/ld-2.23.so
7fa556004000-7fa556005000 rw-p 00026000 08:03 529386                     /lib/x86_64-linux-gnu/ld-2.23.so
7fa556005000-7fa556006000 rw-p 00000000 00:00 0 
7ffd98b8c000-7ffd98bad000 rw-p 00000000 00:00 0                          [stack]
7ffd98bb9000-7ffd98bbb000 r--p 00000000 00:00 0                          [vvar]
7ffd98bbb000-7ffd98bbd000 r-xp 00000000 00:00 0                          [vdso]
ffffffffff600000-ffffffffff601000 r-xp 00000000 00:00 0                  [vsyscall]

VM Arguments:
java_command: View
java_class_path (initial): .
Launcher Type: SUN_STANDARD

Environment Variables:
PATH=/home/jgourd/usr/bin:/usr/local/sbin:/usr/local/bin:/usr/sbin:/usr/bin:/sbin:/bin:/usr/games:/usr/local/games:/home/jgourd/_git/other/docs:/sbin:/usr/sbin
LD_LIBRARY_PATH=/home/jgourd/usr/lib:
SHELL=/bin/bash
DISPLAY=:0.0

Signal Handlers:
SIGSEGV: [libjvm.so+0xc12c20], sa_mask[0]=11111111011111111101111111111110, sa_flags=SA_RESTART|SA_SIGINFO
SIGBUS: [libjvm.so+0xc12c20], sa_mask[0]=11111111011111111101111111111110, sa_flags=SA_RESTART|SA_SIGINFO
SIGFPE: [libjvm.so+0xc12c20], sa_mask[0]=11111111011111111101111111111110, sa_flags=SA_RESTART|SA_SIGINFO
SIGPIPE: [libjvm.so+0xa3b600], sa_mask[0]=11111111011111111101111111111110, sa_flags=SA_RESTART|SA_SIGINFO
SIGXFSZ: [libjvm.so+0xa3b600], sa_mask[0]=11111111011111111101111111111110, sa_flags=SA_RESTART|SA_SIGINFO
SIGILL: [libjvm.so+0xc12c20], sa_mask[0]=11111111011111111101111111111110, sa_flags=SA_RESTART|SA_SIGINFO
SIGUSR2: [libjvm.so+0xa3b4a0], sa_mask[0]=00000000000000000000000000000000, sa_flags=SA_RESTART|SA_SIGINFO
SIGHUP: [libjvm.so+0xa3b870], sa_mask[0]=11111111011111111101111111111110, sa_flags=SA_RESTART|SA_SIGINFO
SIGINT: [libjvm.so+0xa3b870], sa_mask[0]=11111111011111111101111111111110, sa_flags=SA_RESTART|SA_SIGINFO
SIGTERM: [libjvm.so+0xa3b870], sa_mask[0]=11111111011111111101111111111110, sa_flags=SA_RESTART|SA_SIGINFO
SIGQUIT: [libjvm.so+0xa3b870], sa_mask[0]=11111111011111111101111111111110, sa_flags=SA_RESTART|SA_SIGINFO


---------------  S Y S T E M  ---------------

OS:DISTRIB_ID=LinuxMint
DISTRIB_RELEASE=18.3
DISTRIB_CODENAME=sylvia
DISTRIB_DESCRIPTION="Linux Mint 18.3 Sylvia"
uname:Linux 4.10.0-38-generic #42~16.04.1-Ubuntu SMP Tue Oct 10 16:32:20 UTC 2017 x86_64
libc:glibc 2.23 NPTL 2.23 
rlimit: STACK 8192k, CORE 0k, NPROC 31501, NOFILE 1048576, AS infinity
load average:0.48 0.38 0.33

/proc/meminfo:
MemTotal:        8111404 kB
MemFree:          307324 kB
MemAvailable:    5173868 kB
Buffers:         1314620 kB
Cached:          2136300 kB
SwapCached:            0 kB
Active:          4208280 kB
Inactive:        1187036 kB
Active(anon):    1877964 kB
Inactive(anon):   566252 kB
Active(file):    2330316 kB
Inactive(file):   620784 kB
Unevictable:         116 kB
Mlocked:             116 kB
SwapTotal:       8388604 kB
SwapFree:        8388604 kB
Dirty:               412 kB
Writeback:             0 kB
AnonPages:       1771060 kB
Mapped:           714000 kB
Shmem:            499576 kB
Slab:            2268884 kB
SReclaimable:    2220184 kB
SUnreclaim:        48700 kB
KernelStack:       10688 kB
PageTables:        44488 kB
NFS_Unstable:          0 kB
Bounce:                0 kB
WritebackTmp:          0 kB
CommitLimit:    12444304 kB
Committed_AS:    7129824 kB
VmallocTotal:   34359738367 kB
VmallocUsed:           0 kB
VmallocChunk:          0 kB
HardwareCorrupted:     0 kB
AnonHugePages:    628736 kB
ShmemHugePages:        0 kB
ShmemPmdMapped:        0 kB
CmaTotal:              0 kB
CmaFree:               0 kB
HugePages_Total:       0
HugePages_Free:        0
HugePages_Rsvd:        0
HugePages_Surp:        0
Hugepagesize:       2048 kB
DirectMap4k:      405076 kB
DirectMap2M:     7921664 kB
DirectMap1G:           0 kB


CPU:total 4 (2 cores per cpu, 2 threads per core) family 6 model 60 stepping 3, cmov, cx8, fxsr, mmx, sse, sse2, sse3, ssse3, sse4.1, sse4.2, popcnt, avx, avx2, aes, clmul, erms, lzcnt, ht, tsc, tscinvbit, bmi1, bmi2

CPU Model and flags from /proc/cpuinfo:
model name	: Intel(R) Core(TM) i5-4200M CPU @ 2.50GHz
flags		: fpu vme de pse tsc msr pae mce cx8 apic sep mtrr pge mca cmov pat pse36 clflush dts acpi mmx fxsr sse sse2 ss ht tm pbe syscall nx pdpe1gb rdtscp lm constant_tsc arch_perfmon pebs bts rep_good nopl xtopology nonstop_tsc aperfmperf pni pclmulqdq dtes64 monitor ds_cpl vmx est tm2 ssse3 sdbg fma cx16 xtpr pdcm pcid sse4_1 sse4_2 movbe popcnt tsc_deadline_timer aes xsave avx f16c rdrand lahf_lm abm epb tpr_shadow vnmi flexpriority ept vpid fsgsbase tsc_adjust bmi1 avx2 smep bmi2 erms invpcid xsaveopt dtherm ida arat pln pts

Memory: 4k page, physical 8111404k(307324k free), swap 8388604k(8388604k free)

vm_info: OpenJDK 64-Bit Server VM (9-internal+0-2016-04-14-195246.buildd.src) for linux-amd64 JRE (9-internal+0-2016-04-14-195246.buildd.src), built on Apr 14 2016 20:05:37 by "buildd" with gcc 5.3.1 20160413

END.
