#
# A fatal error has been detected by the Java Runtime Environment:
#
#  SIGSEGV (0xb) at pc=0x00007f6b26031009, pid=14879, tid=14917
#
# JRE version: OpenJDK Runtime Environment (9.0) (build 9-internal+0-2016-04-14-195246.buildd.src)
# Java VM: OpenJDK 64-Bit Server VM (9-internal+0-2016-04-14-195246.buildd.src, mixed mode, tiered, compressed oops, g1 gc, linux-amd64)
# Problematic frame:
# C  [libjava.so+0x1d009]  JNU_GetEnv+0x19
#
# Core dump will be written. Default location: Core dumps may be processed with "/usr/share/apport/apport %p %s %c %d %P" (or dumping to /home/jgourd/_git/school/teaching/Spring2020/Cyber Storm/challenges/reverse engineering/Inertia/distrib/core.14879)
#
# If you would like to submit a bug report, please visit:
#   http://bugreport.java.com/bugreport/crash.jsp
# The crash happened outside the Java Virtual Machine in native code.
# See problematic frame for where to report the bug.
#

---------------  S U M M A R Y ------------

Command Line: View

Host: Intel(R) Core(TM) i5-4200M CPU @ 2.50GHz, 4 cores, 7G, Linux Mint 18.3 Sylvia
Time: Fri May 15 14:56:31 2020 CDT elapsed time: 4 seconds (0d 0h 0m 4s)

---------------  T H R E A D  ---------------

Current thread (0x00007f6a8c003800):  JavaThread "AWT-EventQueue-0" [_thread_in_native, id=14917, stack(0x00007f6a9e773000,0x00007f6a9e874000)]

Stack: [0x00007f6a9e773000,0x00007f6a9e874000],  sp=0x00007f6a9e86d7a0,  free space=1001k
Native frames: (J=compiled Java code, j=interpreted, Vv=VM code, C=native code)
C  [libjava.so+0x1d009]  JNU_GetEnv+0x19
C  [libfontmanager.so+0x33f8e]
C  [libfreetype.so.6+0x14d2b]  FT_Stream_Seek+0x1b

Java frames: (J=compiled Java code, j=interpreted, Vv=VM code)
j  sun.font.FreetypeFontScaler.initNativeScaler(Lsun/font/Font2D;IIZI)J+0 java.desktop@9-internal
j  sun.font.FreetypeFontScaler.<init>(Lsun/font/Font2D;IZI)V+26 java.desktop@9-internal
v  ~StubRoutines::call_stub
j  sun.reflect.NativeConstructorAccessorImpl.newInstance0(Ljava/lang/reflect/Constructor;[Ljava/lang/Object;)Ljava/lang/Object;+0 java.base@9-internal
j  sun.reflect.NativeConstructorAccessorImpl.newInstance([Ljava/lang/Object;)Ljava/lang/Object;+85 java.base@9-internal
j  sun.reflect.DelegatingConstructorAccessorImpl.newInstance([Ljava/lang/Object;)Ljava/lang/Object;+5 java.base@9-internal
j  java.lang.reflect.Constructor.newInstance([Ljava/lang/Object;)Ljava/lang/Object;+65 java.base@9-internal
j  sun.font.FontScaler.getScaler(Lsun/font/Font2D;IZI)Lsun/font/FontScaler;+39 java.desktop@9-internal
j  sun.font.TrueTypeFont.getScaler()Lsun/font/FontScaler;+21 java.desktop@9-internal
j  sun.font.FileFontStrike.<init>(Lsun/font/FileFont;Lsun/font/FontStrikeDesc;)V+204 java.desktop@9-internal
j  sun.font.FileFont.createStrike(Lsun/font/FontStrikeDesc;)Lsun/font/FontStrike;+18 java.desktop@9-internal
j  sun.font.Font2D.getStrike(Lsun/font/FontStrikeDesc;Z)Lsun/font/FontStrike;+92 java.desktop@9-internal
j  sun.font.Font2D.getStrike(Lsun/font/FontStrikeDesc;)Lsun/font/FontStrike;+3 java.desktop@9-internal
j  sun.font.CompositeStrike.getStrikeForSlot(I)Lsun/font/PhysicalStrike;+23 java.desktop@9-internal
j  sun.font.CompositeStrike.getGlyphImagePtrs([I[JI)V+2 java.desktop@9-internal
j  sun.font.GlyphList.mapChars(Lsun/java2d/loops/FontInfo;I)Z+37 java.desktop@9-internal
j  sun.font.GlyphList.setFromString(Lsun/java2d/loops/FontInfo;Ljava/lang/String;FF)Z+71 java.desktop@9-internal
j  sun.java2d.pipe.GlyphListPipe.drawString(Lsun/java2d/SunGraphics2D;Ljava/lang/String;DD)V+146 java.desktop@9-internal
j  sun.java2d.SunGraphics2D.drawString(Ljava/lang/String;II)V+68 java.desktop@9-internal
j  Game.paintComponent(Ljava/awt/Graphics;)V+414
j  javax.swing.JComponent.paint(Ljava/awt/Graphics;)V+286 java.desktop@9-internal
j  javax.swing.JComponent.paintChildren(Ljava/awt/Graphics;)V+501 java.desktop@9-internal
j  javax.swing.JComponent.paint(Ljava/awt/Graphics;)V+318 java.desktop@9-internal
j  javax.swing.JComponent.paintChildren(Ljava/awt/Graphics;)V+501 java.desktop@9-internal
j  javax.swing.JComponent.paint(Ljava/awt/Graphics;)V+318 java.desktop@9-internal
j  javax.swing.JLayeredPane.paint(Ljava/awt/Graphics;)V+73 java.desktop@9-internal
j  javax.swing.JComponent.paintChildren(Ljava/awt/Graphics;)V+501 java.desktop@9-internal
j  javax.swing.JComponent.paintToOffscreen(Ljava/awt/Graphics;IIIIII)V+72 java.desktop@9-internal
j  javax.swing.BufferStrategyPaintManager.paint(Ljavax/swing/JComponent;Ljavax/swing/JComponent;Ljava/awt/Graphics;IIII)Z+164 java.desktop@9-internal
j  javax.swing.RepaintManager.paint(Ljavax/swing/JComponent;Ljavax/swing/JComponent;Ljava/awt/Graphics;IIII)V+51 java.desktop@9-internal
j  javax.swing.JComponent.paint(Ljava/awt/Graphics;)V+221 java.desktop@9-internal
j  java.awt.GraphicsCallback$PaintCallback.run(Ljava/awt/Component;Ljava/awt/Graphics;)V+2 java.desktop@9-internal
j  sun.awt.SunGraphicsCallback.runOneComponent(Ljava/awt/Component;Ljava/awt/Rectangle;Ljava/awt/Graphics;Ljava/awt/Shape;I)V+155 java.desktop@9-internal
j  sun.awt.SunGraphicsCallback.runComponents([Ljava/awt/Component;Ljava/awt/Graphics;I)V+157 java.desktop@9-internal
j  java.awt.Container.paint(Ljava/awt/Graphics;)V+58 java.desktop@9-internal
j  java.awt.Window.paint(Ljava/awt/Graphics;)V+68 java.desktop@9-internal
j  javax.swing.RepaintManager$4.run()Ljava/lang/Void;+142 java.desktop@9-internal
j  javax.swing.RepaintManager$4.run()Ljava/lang/Object;+1 java.desktop@9-internal
v  ~StubRoutines::call_stub
j  java.security.AccessController.doPrivileged(Ljava/security/PrivilegedAction;Ljava/security/AccessControlContext;)Ljava/lang/Object;+0 java.base@9-internal
j  java.security.ProtectionDomain$JavaSecurityAccessImpl.doIntersectionPrivilege(Ljava/security/PrivilegedAction;Ljava/security/AccessControlContext;Ljava/security/AccessControlContext;)Ljava/lang/Object;+18 java.base@9-internal
j  javax.swing.RepaintManager.paintDirtyRegions(Ljava/util/Map;)V+154 java.desktop@9-internal
j  javax.swing.RepaintManager.paintDirtyRegions()V+46 java.desktop@9-internal
j  javax.swing.RepaintManager.prePaintDirtyRegions()V+73 java.desktop@9-internal
j  javax.swing.RepaintManager.access$1200(Ljavax/swing/RepaintManager;)V+1 java.desktop@9-internal
j  javax.swing.RepaintManager$ProcessingRunnable.run()V+37 java.desktop@9-internal
j  java.awt.event.InvocationEvent.dispatch()V+47 java.desktop@9-internal
j  java.awt.EventQueue.dispatchEventImpl(Ljava/awt/AWTEvent;Ljava/lang/Object;)V+21 java.desktop@9-internal
j  java.awt.EventQueue.access$500(Ljava/awt/EventQueue;Ljava/awt/AWTEvent;Ljava/lang/Object;)V+3 java.desktop@9-internal
j  java.awt.EventQueue$3.run()Ljava/lang/Void;+32 java.desktop@9-internal
j  java.awt.EventQueue$3.run()Ljava/lang/Object;+1 java.desktop@9-internal
v  ~StubRoutines::call_stub
j  java.security.AccessController.doPrivileged(Ljava/security/PrivilegedAction;Ljava/security/AccessControlContext;)Ljava/lang/Object;+0 java.base@9-internal
j  java.security.ProtectionDomain$JavaSecurityAccessImpl.doIntersectionPrivilege(Ljava/security/PrivilegedAction;Ljava/security/AccessControlContext;Ljava/security/AccessControlContext;)Ljava/lang/Object;+18 java.base@9-internal
j  java.awt.EventQueue.dispatchEvent(Ljava/awt/AWTEvent;)V+46 java.desktop@9-internal
j  java.awt.EventDispatchThread.pumpOneEventForFilters(I)V+183 java.desktop@9-internal
j  java.awt.EventDispatchThread.pumpEventsForFilter(ILjava/awt/Conditional;Ljava/awt/EventFilter;)V+35 java.desktop@9-internal
j  java.awt.EventDispatchThread.pumpEventsForHierarchy(ILjava/awt/Conditional;Ljava/awt/Component;)V+11 java.desktop@9-internal
j  java.awt.EventDispatchThread.pumpEvents(ILjava/awt/Conditional;)V+4 java.desktop@9-internal
j  java.awt.EventDispatchThread.pumpEvents(Ljava/awt/Conditional;)V+3 java.desktop@9-internal
j  java.awt.EventDispatchThread.run()V+9 java.desktop@9-internal
v  ~StubRoutines::call_stub

siginfo: si_signo: 11 (SIGSEGV), si_code: 1 (SEGV_MAPERR), si_addr: 0x0000000000000000

Register to memory mapping:

RAX=0x0000000000000000 is an unknown value
RBX=0x0000000000000000 is an unknown value
RCX=0x0000000000000000 is an unknown value
RDX=0x0000000000010002 is an unknown value
RSP=0x00007f6a9e86d7a0 is pointing into the stack for thread: 0x00007f6a8c003800
RBP=0x00007f6a9e86d7b0 is pointing into the stack for thread: 0x00007f6a8c003800
RSI=0x0000000000010002 is an unknown value
RDI=0x0000000000000000 is an unknown value
R8 =0x0000000000000000 is an unknown value
R9 =0x0000000000000000 is an unknown value
R10=0x00000000000001db is an unknown value
R11=0x00007f6b26030ff0: JNU_GetEnv+0x0000000000000000 in /usr/lib/jvm/java-9-openjdk-amd64/lib/amd64/libjava.so at 0x00007f6b26014000
R12=0x00007f6a74030fd0 is an unknown value
R13=0x0000000000000000 is an unknown value
R14=0x0000000000000000 is an unknown value
R15=0x00007f6a74031fa0 is an unknown value


Registers:
RAX=0x0000000000000000, RBX=0x0000000000000000, RCX=0x0000000000000000, RDX=0x0000000000010002
RSP=0x00007f6a9e86d7a0, RBP=0x00007f6a9e86d7b0, RSI=0x0000000000010002, RDI=0x0000000000000000
R8 =0x0000000000000000, R9 =0x0000000000000000, R10=0x00000000000001db, R11=0x00007f6b26030ff0
R12=0x00007f6a74030fd0, R13=0x0000000000000000, R14=0x0000000000000000, R15=0x00007f6a74031fa0
RIP=0x00007f6b26031009, EFLAGS=0x0000000000010246, CSGSFS=0x002b000000000033, ERR=0x0000000000000004
  TRAPNO=0x000000000000000e

Top of Stack: (sp=0x00007f6a9e86d7a0)
0x00007f6a9e86d7a0:   0000000000000000 99a1bbfb68d6b800
0x00007f6a9e86d7b0:   00007f6a9e86d7f0 00007f6aac52cf8e
0x00007f6a9e86d7c0:   00007f6a740313d0 00007f6a74030fd0
0x00007f6a9e86d7d0:   0000000000000000 0000000000000000
0x00007f6a9e86d7e0:   00007f6a74030fd0 00007f6a74031fa0
0x00007f6a9e86d7f0:   0000000000000000 00007f6aac263d2b
0x00007f6a9e86d800:   0000000000000000 00007f6aac4f5d80
0x00007f6a9e86d810:   0000000000000000 00007f6aac2778e0
0x00007f6a9e86d820:   0000000000000002 0000003200000008
0x00007f6a9e86d830:   0000000000000000 0000000000000000
0x00007f6a9e86d840:   0000006e0000005b 0000000000000000
0x00007f6a9e86d850:   0000000000000000 0000007c00000077
0x00007f6a9e86d860:   0000000000000000 0000000000000000
0x00007f6a9e86d870:   0000000000000000 0000000000000000
0x00007f6a9e86d880:   0000000000000000 00007f6a74000020
0x00007f6a9e86d890:   0000000000000070 00007f6a9e86d944
0x00007f6a9e86d8a0:   00007f6a740313d0 00007f6a74031fa0
0x00007f6a9e86d8b0:   00007f6a9e86d944 00007f6b2873f184
0x00007f6a9e86d8c0:   0000000000000000 00007f6a9e86d8f4
0x00007f6a9e86d8d0:   00007f6aac4f29e0 99a1bbfb68d6b800
0x00007f6a9e86d8e0:   0000000000000070 00007f6a74031210
0x00007f6a9e86d8f0:   00007f6aac4f29e0 00007f6a9e86da08
0x00007f6a9e86d900:   00007f6a740313d0 00007f6a74031fa0
0x00007f6a9e86d910:   00007f6a740324d0 00007f6aac2664c2
0x00007f6a9e86d920:   0000000100000000 00007f6a9e86da10
0x00007f6a9e86d930:   0000000000000000 0000000000000000
0x00007f6a9e86d940:   000000009e86da08 99a1bbfb68d6b800
0x00007f6a9e86d950:   00007f6a74031210 00007f6a9e86da10
0x00007f6a9e86d960:   0000000000000000 00007f6a740312f8
0x00007f6a9e86d970:   00007f6a9e86dc10 00007f6a74031258
0x00007f6a9e86d980:   00007f6a740313d0 00007f6aac268581
0x00007f6a9e86d990:   00007f6a9e86da10 00007f6aac268376 

Instructions: (pc=0x00007f6b26031009)
0x00007f6b26030fe9:   ff eb ea 0f 1f 40 00 55 89 f2 48 89 e5 48 83 ec
0x00007f6b26030ff9:   10 64 48 8b 04 25 28 00 00 00 48 89 45 f8 31 c0
0x00007f6b26031009:   48 8b 07 48 8d 75 f0 ff 50 30 48 8b 4d f8 64 48
0x00007f6b26031019:   33 0c 25 28 00 00 00 48 8b 45 f0 75 02 c9 c3 e8 


---------------  P R O C E S S  ---------------

Java Threads: ( => current thread )
  0x00007f6b20011000 JavaThread "DestroyJavaVM" [_thread_blocked, id=14880, stack(0x00007f6b28d8b000,0x00007f6b28e8c000)]
  0x00007f6a88027000 JavaThread "Java Sound Event Dispatcher" daemon [_thread_blocked, id=14923, stack(0x00007f6a87cf8000,0x00007f6a87df9000)]
=>0x00007f6a8c003800 JavaThread "AWT-EventQueue-0" [_thread_in_native, id=14917, stack(0x00007f6a9e773000,0x00007f6a9e874000)]
  0x00007f6a8c002000 JavaThread "AWT-Shutdown" [_thread_blocked, id=14913, stack(0x00007f6a9e874000,0x00007f6a9e975000)]
  0x00007f6b2037d800 JavaThread "TimerQueue" daemon [_thread_blocked, id=14908, stack(0x00007f6a9f087000,0x00007f6a9f188000)]
  0x00007f6b20379000 JavaThread "Image Fetcher 0" daemon [_thread_blocked, id=14906, stack(0x00007f6a9f8ed000,0x00007f6a9f9ee000)]
  0x00007f6b20352000 JavaThread "AWT-XAWT" daemon [_thread_in_native, id=14905, stack(0x00007f6a9f9ee000,0x00007f6a9faef000)]
  0x00007f6b20331800 JavaThread "Java2D Disposer" daemon [_thread_blocked, id=14904, stack(0x00007f6a9feff000,0x00007f6aa0000000)]
  0x00007f6b20234800 JavaThread "Service Thread" daemon [_thread_blocked, id=14902, stack(0x00007f6ad8ff5000,0x00007f6ad90f6000)]
  0x00007f6b20187000 JavaThread "Common-Cleaner" daemon [_thread_blocked, id=14901, stack(0x00007f6ad90f6000,0x00007f6ad91f7000)]
  0x00007f6b20167000 JavaThread "Sweeper thread" daemon [_thread_blocked, id=14900, stack(0x00007f6ad9621000,0x00007f6ad9722000)]
  0x00007f6b20165000 JavaThread "C1 CompilerThread2" daemon [_thread_blocked, id=14899, stack(0x00007f6ad9722000,0x00007f6ad9823000)]
  0x00007f6b20163000 JavaThread "C2 CompilerThread1" daemon [_thread_in_native, id=14898, stack(0x00007f6ad9823000,0x00007f6ad9924000)]
  0x00007f6b20161800 JavaThread "C2 CompilerThread0" daemon [_thread_in_native, id=14897, stack(0x00007f6ad9924000,0x00007f6ad9a25000)]
  0x00007f6b2015d000 JavaThread "Signal Dispatcher" daemon [_thread_blocked, id=14896, stack(0x00007f6ad9a25000,0x00007f6ad9b26000)]
  0x00007f6b2015b000 JavaThread "Surrogate Locker Thread (Concurrent GC)" daemon [_thread_blocked, id=14895, stack(0x00007f6ad9b26000,0x00007f6ad9c27000)]
  0x00007f6b20149800 JavaThread "Finalizer" daemon [_thread_blocked, id=14894, stack(0x00007f6ad9eff000,0x00007f6ada000000)]
  0x00007f6b20145800 JavaThread "Reference Handler" daemon [_thread_blocked, id=14893, stack(0x00007f6ae000e000,0x00007f6ae010f000)]

Other Threads:
  0x00007f6b2013b800 VMThread [stack: 0x00007f6ae010f000,0x00007f6ae0210000] [id=14892]
  0x00007f6b20237800 WatcherThread [stack: 0x00007f6ad8ef4000,0x00007f6ad8ff5000] [id=14903]

Threads with active compile tasks:
C2 CompilerThread1 734       4       java.util.HashMap::putVal (300 bytes)
C2 CompilerThread0 727       4       java.lang.AbstractStringBuilder::append (45 bytes)

VM state:not at safepoint (normal execution)

VM Mutex/Monitor currently owned by a thread: None

heap address: 0x0000000084200000, size: 1982 MB, Compressed Oops mode: 32-bit
Narrow klass base: 0x0000000000000000, Narrow klass shift: 3
Compressed class space size: 1073741824 Address: 0x0000000100000000

Heap:
 garbage-first heap   total 126976K, used 5431K [0x0000000084200000, 0x00000000843003e0, 0x0000000100000000)
  region size 1024K, 2 young (2048K), 1 survivors (1024K)
 Metaspace       used 12421K, capacity 12864K, committed 13056K, reserved 1060864K
  class space    used 1374K, capacity 1533K, committed 1536K, reserved 1048576K

Heap Regions: E=young(eden), S=young(survivor), O=old, HS=humongous(starts), HC=humongous(continues), CS=collection set, F=free, A=archive, TS=gc time stamp, AC=allocation context, TAMS=top-at-mark-start (previous, next)
|   0|0x0000000084200000, 0x0000000084300000, 0x0000000084300000|100%|HS|  |TS  0|AC  0|TAMS 0x0000000084200000, 0x0000000084200000|
|   1|0x0000000084300000, 0x0000000084400000, 0x0000000084400000|100%|HC|  |TS  0|AC  0|TAMS 0x0000000084300000, 0x0000000084300000|
|   2|0x0000000084400000, 0x0000000084500000, 0x0000000084500000|100%| O|  |TS  1|AC  0|TAMS 0x0000000084400000, 0x0000000084400000|
|   3|0x0000000084500000, 0x0000000084600000, 0x0000000084600000|100%| O|  |TS  3|AC  0|TAMS 0x0000000084500000, 0x0000000084500000|
|   4|0x0000000084600000, 0x000000008464dc00, 0x0000000084700000| 30%| O|  |TS  3|AC  0|TAMS 0x0000000084600000, 0x0000000084600000|
|   5|0x0000000084700000, 0x0000000084700000, 0x0000000084800000|  0%| F|  |TS  0|AC  0|TAMS 0x0000000084700000, 0x0000000084700000|
|   6|0x0000000084800000, 0x0000000084800000, 0x0000000084900000|  0%| F|  |TS  0|AC  0|TAMS 0x0000000084800000, 0x0000000084800000|
|   7|0x0000000084900000, 0x0000000084900000, 0x0000000084a00000|  0%| F|  |TS  0|AC  0|TAMS 0x0000000084900000, 0x0000000084900000|
|   8|0x0000000084a00000, 0x0000000084a00000, 0x0000000084b00000|  0%| F|  |TS  0|AC  0|TAMS 0x0000000084a00000, 0x0000000084a00000|
|   9|0x0000000084b00000, 0x0000000084b00000, 0x0000000084c00000|  0%| F|  |TS  0|AC  0|TAMS 0x0000000084b00000, 0x0000000084b00000|
|  10|0x0000000084c00000, 0x0000000084c00000, 0x0000000084d00000|  0%| F|  |TS  0|AC  0|TAMS 0x0000000084c00000, 0x0000000084c00000|
|  11|0x0000000084d00000, 0x0000000084d00000, 0x0000000084e00000|  0%| F|  |TS  0|AC  0|TAMS 0x0000000084d00000, 0x0000000084d00000|
|  12|0x0000000084e00000, 0x0000000084e00000, 0x0000000084f00000|  0%| F|  |TS  0|AC  0|TAMS 0x0000000084e00000, 0x0000000084e00000|
|  13|0x0000000084f00000, 0x0000000084f00000, 0x0000000085000000|  0%| F|  |TS  0|AC  0|TAMS 0x0000000084f00000, 0x0000000084f00000|
|  14|0x0000000085000000, 0x0000000085000000, 0x0000000085100000|  0%| F|  |TS  0|AC  0|TAMS 0x0000000085000000, 0x0000000085000000|
|  15|0x0000000085100000, 0x0000000085100000, 0x0000000085200000|  0%| F|  |TS  0|AC  0|TAMS 0x0000000085100000, 0x0000000085100000|
|  16|0x0000000085200000, 0x0000000085200000, 0x0000000085300000|  0%| F|  |TS  0|AC  0|TAMS 0x0000000085200000, 0x0000000085200000|
|  17|0x0000000085300000, 0x0000000085300000, 0x0000000085400000|  0%| F|  |TS  0|AC  0|TAMS 0x0000000085300000, 0x0000000085300000|
|  18|0x0000000085400000, 0x0000000085400000, 0x0000000085500000|  0%| F|  |TS  0|AC  0|TAMS 0x0000000085400000, 0x0000000085400000|
|  19|0x0000000085500000, 0x0000000085500000, 0x0000000085600000|  0%| F|  |TS  0|AC  0|TAMS 0x0000000085500000, 0x0000000085500000|
|  20|0x0000000085600000, 0x0000000085600000, 0x0000000085700000|  0%| F|  |TS  0|AC  0|TAMS 0x0000000085600000, 0x0000000085600000|
|  21|0x0000000085700000, 0x0000000085700000, 0x0000000085800000|  0%| F|  |TS  0|AC  0|TAMS 0x0000000085700000, 0x0000000085700000|
|  22|0x0000000085800000, 0x0000000085800000, 0x0000000085900000|  0%| F|  |TS  0|AC  0|TAMS 0x0000000085800000, 0x0000000085800000|
|  23|0x0000000085900000, 0x0000000085900000, 0x0000000085a00000|  0%| F|  |TS  0|AC  0|TAMS 0x0000000085900000, 0x0000000085900000|
|  24|0x0000000085a00000, 0x0000000085a00000, 0x0000000085b00000|  0%| F|  |TS  0|AC  0|TAMS 0x0000000085a00000, 0x0000000085a00000|
|  25|0x0000000085b00000, 0x0000000085b00000, 0x0000000085c00000|  0%| F|  |TS  0|AC  0|TAMS 0x0000000085b00000, 0x0000000085b00000|
|  26|0x0000000085c00000, 0x0000000085c00000, 0x0000000085d00000|  0%| F|  |TS  0|AC  0|TAMS 0x0000000085c00000, 0x0000000085c00000|
|  27|0x0000000085d00000, 0x0000000085d00000, 0x0000000085e00000|  0%| F|  |TS  0|AC  0|TAMS 0x0000000085d00000, 0x0000000085d00000|
|  28|0x0000000085e00000, 0x0000000085e00000, 0x0000000085f00000|  0%| F|  |TS  0|AC  0|TAMS 0x0000000085e00000, 0x0000000085e00000|
|  29|0x0000000085f00000, 0x0000000085f00000, 0x0000000086000000|  0%| F|  |TS  0|AC  0|TAMS 0x0000000085f00000, 0x0000000085f00000|
|  30|0x0000000086000000, 0x0000000086000000, 0x0000000086100000|  0%| F|  |TS  0|AC  0|TAMS 0x0000000086000000, 0x0000000086000000|
|  31|0x0000000086100000, 0x0000000086100000, 0x0000000086200000|  0%| F|  |TS  0|AC  0|TAMS 0x0000000086100000, 0x0000000086100000|
|  32|0x0000000086200000, 0x0000000086200000, 0x0000000086300000|  0%| F|  |TS  0|AC  0|TAMS 0x0000000086200000, 0x0000000086200000|
|  33|0x0000000086300000, 0x0000000086300000, 0x0000000086400000|  0%| F|  |TS  0|AC  0|TAMS 0x0000000086300000, 0x0000000086300000|
|  34|0x0000000086400000, 0x0000000086400000, 0x0000000086500000|  0%| F|  |TS  0|AC  0|TAMS 0x0000000086400000, 0x0000000086400000|
|  35|0x0000000086500000, 0x0000000086500000, 0x0000000086600000|  0%| F|  |TS  0|AC  0|TAMS 0x0000000086500000, 0x0000000086500000|
|  36|0x0000000086600000, 0x0000000086600000, 0x0000000086700000|  0%| F|  |TS  0|AC  0|TAMS 0x0000000086600000, 0x0000000086600000|
|  37|0x0000000086700000, 0x0000000086700000, 0x0000000086800000|  0%| F|  |TS  0|AC  0|TAMS 0x0000000086700000, 0x0000000086700000|
|  38|0x0000000086800000, 0x0000000086800000, 0x0000000086900000|  0%| F|  |TS  0|AC  0|TAMS 0x0000000086800000, 0x0000000086800000|
|  39|0x0000000086900000, 0x0000000086900000, 0x0000000086a00000|  0%| F|  |TS  0|AC  0|TAMS 0x0000000086900000, 0x0000000086900000|
|  40|0x0000000086a00000, 0x0000000086a00000, 0x0000000086b00000|  0%| F|  |TS  0|AC  0|TAMS 0x0000000086a00000, 0x0000000086a00000|
|  41|0x0000000086b00000, 0x0000000086b00000, 0x0000000086c00000|  0%| F|  |TS  0|AC  0|TAMS 0x0000000086b00000, 0x0000000086b00000|
|  42|0x0000000086c00000, 0x0000000086c00000, 0x0000000086d00000|  0%| F|  |TS  0|AC  0|TAMS 0x0000000086c00000, 0x0000000086c00000|
|  43|0x0000000086d00000, 0x0000000086d00000, 0x0000000086e00000|  0%| F|  |TS  0|AC  0|TAMS 0x0000000086d00000, 0x0000000086d00000|
|  44|0x0000000086e00000, 0x0000000086e00000, 0x0000000086f00000|  0%| F|  |TS  0|AC  0|TAMS 0x0000000086e00000, 0x0000000086e00000|
|  45|0x0000000086f00000, 0x0000000086f00000, 0x0000000087000000|  0%| F|  |TS  0|AC  0|TAMS 0x0000000086f00000, 0x0000000086f00000|
|  46|0x0000000087000000, 0x0000000087000000, 0x0000000087100000|  0%| F|  |TS  0|AC  0|TAMS 0x0000000087000000, 0x0000000087000000|
|  47|0x0000000087100000, 0x0000000087100000, 0x0000000087200000|  0%| F|  |TS  0|AC  0|TAMS 0x0000000087100000, 0x0000000087100000|
|  48|0x0000000087200000, 0x0000000087200000, 0x0000000087300000|  0%| F|  |TS  0|AC  0|TAMS 0x0000000087200000, 0x0000000087200000|
|  49|0x0000000087300000, 0x0000000087300000, 0x0000000087400000|  0%| F|  |TS  0|AC  0|TAMS 0x0000000087300000, 0x0000000087300000|
|  50|0x0000000087400000, 0x0000000087400000, 0x0000000087500000|  0%| F|  |TS  0|AC  0|TAMS 0x0000000087400000, 0x0000000087400000|
|  51|0x0000000087500000, 0x0000000087500000, 0x0000000087600000|  0%| F|  |TS  0|AC  0|TAMS 0x0000000087500000, 0x0000000087500000|
|  52|0x0000000087600000, 0x0000000087600000, 0x0000000087700000|  0%| F|  |TS  0|AC  0|TAMS 0x0000000087600000, 0x0000000087600000|
|  53|0x0000000087700000, 0x0000000087700000, 0x0000000087800000|  0%| F|  |TS  0|AC  0|TAMS 0x0000000087700000, 0x0000000087700000|
|  54|0x0000000087800000, 0x0000000087800000, 0x0000000087900000|  0%| F|  |TS  0|AC  0|TAMS 0x0000000087800000, 0x0000000087800000|
|  55|0x0000000087900000, 0x0000000087900000, 0x0000000087a00000|  0%| F|  |TS  0|AC  0|TAMS 0x0000000087900000, 0x0000000087900000|
|  56|0x0000000087a00000, 0x0000000087a00000, 0x0000000087b00000|  0%| F|  |TS  0|AC  0|TAMS 0x0000000087a00000, 0x0000000087a00000|
|  57|0x0000000087b00000, 0x0000000087b00000, 0x0000000087c00000|  0%| F|  |TS  0|AC  0|TAMS 0x0000000087b00000, 0x0000000087b00000|
|  58|0x0000000087c00000, 0x0000000087c00000, 0x0000000087d00000|  0%| F|  |TS  0|AC  0|TAMS 0x0000000087c00000, 0x0000000087c00000|
|  59|0x0000000087d00000, 0x0000000087d00000, 0x0000000087e00000|  0%| F|  |TS  0|AC  0|TAMS 0x0000000087d00000, 0x0000000087d00000|
|  60|0x0000000087e00000, 0x0000000087e00000, 0x0000000087f00000|  0%| F|  |TS  0|AC  0|TAMS 0x0000000087e00000, 0x0000000087e00000|
|  61|0x0000000087f00000, 0x0000000087f00000, 0x0000000088000000|  0%| F|  |TS  0|AC  0|TAMS 0x0000000087f00000, 0x0000000087f00000|
|  62|0x0000000088000000, 0x0000000088000000, 0x0000000088100000|  0%| F|  |TS  0|AC  0|TAMS 0x0000000088000000, 0x0000000088000000|
|  63|0x0000000088100000, 0x0000000088100000, 0x0000000088200000|  0%| F|  |TS  0|AC  0|TAMS 0x0000000088100000, 0x0000000088100000|
|  64|0x0000000088200000, 0x0000000088200000, 0x0000000088300000|  0%| F|  |TS  0|AC  0|TAMS 0x0000000088200000, 0x0000000088200000|
|  65|0x0000000088300000, 0x0000000088300000, 0x0000000088400000|  0%| F|  |TS  0|AC  0|TAMS 0x0000000088300000, 0x0000000088300000|
|  66|0x0000000088400000, 0x0000000088400000, 0x0000000088500000|  0%| F|  |TS  0|AC  0|TAMS 0x0000000088400000, 0x0000000088400000|
|  67|0x0000000088500000, 0x0000000088500000, 0x0000000088600000|  0%| F|  |TS  0|AC  0|TAMS 0x0000000088500000, 0x0000000088500000|
|  68|0x0000000088600000, 0x0000000088600000, 0x0000000088700000|  0%| F|  |TS  0|AC  0|TAMS 0x0000000088600000, 0x0000000088600000|
|  69|0x0000000088700000, 0x0000000088700000, 0x0000000088800000|  0%| F|  |TS  0|AC  0|TAMS 0x0000000088700000, 0x0000000088700000|
|  70|0x0000000088800000, 0x0000000088800000, 0x0000000088900000|  0%| F|  |TS  0|AC  0|TAMS 0x0000000088800000, 0x0000000088800000|
|  71|0x0000000088900000, 0x0000000088900000, 0x0000000088a00000|  0%| F|  |TS  0|AC  0|TAMS 0x0000000088900000, 0x0000000088900000|
|  72|0x0000000088a00000, 0x0000000088a00000, 0x0000000088b00000|  0%| F|  |TS  0|AC  0|TAMS 0x0000000088a00000, 0x0000000088a00000|
|  73|0x0000000088b00000, 0x0000000088b00000, 0x0000000088c00000|  0%| F|  |TS  0|AC  0|TAMS 0x0000000088b00000, 0x0000000088b00000|
|  74|0x0000000088c00000, 0x0000000088c00000, 0x0000000088d00000|  0%| F|  |TS  0|AC  0|TAMS 0x0000000088c00000, 0x0000000088c00000|
|  75|0x0000000088d00000, 0x0000000088d00000, 0x0000000088e00000|  0%| F|  |TS  0|AC  0|TAMS 0x0000000088d00000, 0x0000000088d00000|
|  76|0x0000000088e00000, 0x0000000088e00000, 0x0000000088f00000|  0%| F|  |TS  0|AC  0|TAMS 0x0000000088e00000, 0x0000000088e00000|
|  77|0x0000000088f00000, 0x0000000088f00000, 0x0000000089000000|  0%| F|  |TS  0|AC  0|TAMS 0x0000000088f00000, 0x0000000088f00000|
|  78|0x0000000089000000, 0x0000000089000000, 0x0000000089100000|  0%| F|  |TS  0|AC  0|TAMS 0x0000000089000000, 0x0000000089000000|
|  79|0x0000000089100000, 0x0000000089100000, 0x0000000089200000|  0%| F|  |TS  0|AC  0|TAMS 0x0000000089100000, 0x0000000089100000|
|  80|0x0000000089200000, 0x0000000089200000, 0x0000000089300000|  0%| F|  |TS  0|AC  0|TAMS 0x0000000089200000, 0x0000000089200000|
|  81|0x0000000089300000, 0x0000000089300000, 0x0000000089400000|  0%| F|  |TS  0|AC  0|TAMS 0x0000000089300000, 0x0000000089300000|
|  82|0x0000000089400000, 0x0000000089400000, 0x0000000089500000|  0%| F|  |TS  0|AC  0|TAMS 0x0000000089400000, 0x0000000089400000|
|  83|0x0000000089500000, 0x0000000089500000, 0x0000000089600000|  0%| F|  |TS  0|AC  0|TAMS 0x0000000089500000, 0x0000000089500000|
|  84|0x0000000089600000, 0x0000000089600000, 0x0000000089700000|  0%| F|  |TS  0|AC  0|TAMS 0x0000000089600000, 0x0000000089600000|
|  85|0x0000000089700000, 0x0000000089700000, 0x0000000089800000|  0%| F|  |TS  0|AC  0|TAMS 0x0000000089700000, 0x0000000089700000|
|  86|0x0000000089800000, 0x0000000089800000, 0x0000000089900000|  0%| F|  |TS  0|AC  0|TAMS 0x0000000089800000, 0x0000000089800000|
|  87|0x0000000089900000, 0x0000000089900000, 0x0000000089a00000|  0%| F|  |TS  0|AC  0|TAMS 0x0000000089900000, 0x0000000089900000|
|  88|0x0000000089a00000, 0x0000000089a00000, 0x0000000089b00000|  0%| F|  |TS  0|AC  0|TAMS 0x0000000089a00000, 0x0000000089a00000|
|  89|0x0000000089b00000, 0x0000000089b00000, 0x0000000089c00000|  0%| F|  |TS  0|AC  0|TAMS 0x0000000089b00000, 0x0000000089b00000|
|  90|0x0000000089c00000, 0x0000000089c00000, 0x0000000089d00000|  0%| F|  |TS  0|AC  0|TAMS 0x0000000089c00000, 0x0000000089c00000|
|  91|0x0000000089d00000, 0x0000000089d00000, 0x0000000089e00000|  0%| F|  |TS  0|AC  0|TAMS 0x0000000089d00000, 0x0000000089d00000|
|  92|0x0000000089e00000, 0x0000000089e00000, 0x0000000089f00000|  0%| F|  |TS  0|AC  0|TAMS 0x0000000089e00000, 0x0000000089e00000|
|  93|0x0000000089f00000, 0x0000000089f00000, 0x000000008a000000|  0%| F|  |TS  0|AC  0|TAMS 0x0000000089f00000, 0x0000000089f00000|
|  94|0x000000008a000000, 0x000000008a000000, 0x000000008a100000|  0%| F|  |TS  0|AC  0|TAMS 0x000000008a000000, 0x000000008a000000|
|  95|0x000000008a100000, 0x000000008a100000, 0x000000008a200000|  0%| F|  |TS  0|AC  0|TAMS 0x000000008a100000, 0x000000008a100000|
|  96|0x000000008a200000, 0x000000008a200000, 0x000000008a300000|  0%| F|  |TS  0|AC  0|TAMS 0x000000008a200000, 0x000000008a200000|
|  97|0x000000008a300000, 0x000000008a300000, 0x000000008a400000|  0%| F|  |TS  0|AC  0|TAMS 0x000000008a300000, 0x000000008a300000|
|  98|0x000000008a400000, 0x000000008a400000, 0x000000008a500000|  0%| F|  |TS  0|AC  0|TAMS 0x000000008a400000, 0x000000008a400000|
|  99|0x000000008a500000, 0x000000008a500000, 0x000000008a600000|  0%| F|  |TS  0|AC  0|TAMS 0x000000008a500000, 0x000000008a500000|
| 100|0x000000008a600000, 0x000000008a600000, 0x000000008a700000|  0%| F|  |TS  0|AC  0|TAMS 0x000000008a600000, 0x000000008a600000|
| 101|0x000000008a700000, 0x000000008a700000, 0x000000008a800000|  0%| F|  |TS  0|AC  0|TAMS 0x000000008a700000, 0x000000008a700000|
| 102|0x000000008a800000, 0x000000008a800000, 0x000000008a900000|  0%| F|  |TS  0|AC  0|TAMS 0x000000008a800000, 0x000000008a800000|
| 103|0x000000008a900000, 0x000000008a900000, 0x000000008aa00000|  0%| F|  |TS  0|AC  0|TAMS 0x000000008a900000, 0x000000008a900000|
| 104|0x000000008aa00000, 0x000000008aa00000, 0x000000008ab00000|  0%| F|  |TS  0|AC  0|TAMS 0x000000008aa00000, 0x000000008aa00000|
| 105|0x000000008ab00000, 0x000000008ab00000, 0x000000008ac00000|  0%| F|  |TS  0|AC  0|TAMS 0x000000008ab00000, 0x000000008ab00000|
| 106|0x000000008ac00000, 0x000000008ac00000, 0x000000008ad00000|  0%| F|  |TS  0|AC  0|TAMS 0x000000008ac00000, 0x000000008ac00000|
| 107|0x000000008ad00000, 0x000000008ad00000, 0x000000008ae00000|  0%| F|  |TS  0|AC  0|TAMS 0x000000008ad00000, 0x000000008ad00000|
| 108|0x000000008ae00000, 0x000000008ae00000, 0x000000008af00000|  0%| F|  |TS  0|AC  0|TAMS 0x000000008ae00000, 0x000000008ae00000|
| 109|0x000000008af00000, 0x000000008af00000, 0x000000008b000000|  0%| F|  |TS  0|AC  0|TAMS 0x000000008af00000, 0x000000008af00000|
| 110|0x000000008b000000, 0x000000008b000000, 0x000000008b100000|  0%| F|  |TS  0|AC  0|TAMS 0x000000008b000000, 0x000000008b000000|
| 111|0x000000008b100000, 0x000000008b100000, 0x000000008b200000|  0%| F|  |TS  0|AC  0|TAMS 0x000000008b100000, 0x000000008b100000|
| 112|0x000000008b200000, 0x000000008b200000, 0x000000008b300000|  0%| F|  |TS  0|AC  0|TAMS 0x000000008b200000, 0x000000008b200000|
| 113|0x000000008b300000, 0x000000008b300000, 0x000000008b400000|  0%| F|  |TS  0|AC  0|TAMS 0x000000008b300000, 0x000000008b300000|
| 114|0x000000008b400000, 0x000000008b400000, 0x000000008b500000|  0%| F|  |TS  0|AC  0|TAMS 0x000000008b400000, 0x000000008b400000|
| 115|0x000000008b500000, 0x000000008b500000, 0x000000008b600000|  0%| F|  |TS  0|AC  0|TAMS 0x000000008b500000, 0x000000008b500000|
| 116|0x000000008b600000, 0x000000008b600000, 0x000000008b700000|  0%| F|  |TS  1|AC  0|TAMS 0x000000008b600000, 0x000000008b600000|
| 117|0x000000008b700000, 0x000000008b700000, 0x000000008b800000|  0%| F|  |TS  0|AC  0|TAMS 0x000000008b700000, 0x000000008b700000|
| 118|0x000000008b800000, 0x000000008b900000, 0x000000008b900000|100%| S|CS|TS  3|AC  0|TAMS 0x000000008b800000, 0x000000008b800000|
| 119|0x000000008b900000, 0x000000008b900000, 0x000000008ba00000|  0%| F|  |TS  0|AC  0|TAMS 0x000000008b900000, 0x000000008b900000|
| 120|0x000000008ba00000, 0x000000008ba00000, 0x000000008bb00000|  0%| F|  |TS  0|AC  0|TAMS 0x000000008ba00000, 0x000000008ba00000|
| 121|0x000000008bb00000, 0x000000008bb00000, 0x000000008bc00000|  0%| F|  |TS  0|AC  0|TAMS 0x000000008bb00000, 0x000000008bb00000|
| 122|0x000000008bc00000, 0x000000008bc00000, 0x000000008bd00000|  0%| F|  |TS  0|AC  0|TAMS 0x000000008bc00000, 0x000000008bc00000|
| 123|0x000000008bd00000, 0x000000008be00000, 0x000000008be00000|100%| E|  |TS  0|AC  0|TAMS 0x000000008bd00000, 0x000000008bd00000|

Card table byte_map: [0x00007f6b09493000,0x00007f6b09872000] byte_map_base: 0x00007f6b09072000

Marking Bits (Prev, Next): (CMBitMap*) 0x00007f6b20060650, (CMBitMap*) 0x00007f6b200606a8
 Prev Bits: [0x00007f6ae2108000, 0x00007f6ae4000000)
 Next Bits: [0x00007f6ae0210000, 0x00007f6ae2108000)

Polling page: 0x00007f6b28eb7000

CodeHeap 'non-nmethods': size=5696Kb used=1278Kb max_used=1289Kb free=4417Kb
 bounds [0x00007f6b09c51000, 0x00007f6b09ec1000, 0x00007f6b0a1e1000]
CodeHeap 'profiled nmethods': size=120032Kb used=1228Kb max_used=1228Kb free=118803Kb
 bounds [0x00007f6b0a1e1000, 0x00007f6b0a451000, 0x00007f6b11719000]
CodeHeap 'non-profiled nmethods': size=120032Kb used=219Kb max_used=219Kb free=119812Kb
 bounds [0x00007f6b11719000, 0x00007f6b11989000, 0x00007f6b18c51000]
 total_blobs=1449 nmethods=737 adapters=473
 compilation: enabled

Compilation events (10 events):
Event: 4.395 Thread 0x00007f6b20165000  740       1       java.nio.HeapByteBuffer::_get (7 bytes)
Event: 4.396 Thread 0x00007f6b20165000 nmethod 740 0x00007f6b1174ea10 code [0x00007f6b1174eb80, 0x00007f6b1174ecb0]
Event: 4.396 Thread 0x00007f6b20165000  739       3       java.nio.ByteBufferAsIntBufferB::ix (9 bytes)
Event: 4.396 Thread 0x00007f6b20165000 nmethod 739 0x00007f6b0a313490 code [0x00007f6b0a313600, 0x00007f6b0a313750]
Event: 4.396 Thread 0x00007f6b20165000  741       3       java.nio.Bits::getIntB (30 bytes)
Event: 4.396 Thread 0x00007f6b20161800 nmethod 714 0x00007f6b1174ed90 code [0x00007f6b1174ef40, 0x00007f6b1174f9b8]
Event: 4.396 Thread 0x00007f6b20161800  727       4       java.lang.AbstractStringBuilder::append (45 bytes)
Event: 4.396 Thread 0x00007f6b20165000 nmethod 741 0x00007f6b0a313810 code [0x00007f6b0a3139c0, 0x00007f6b0a313eb8]
Event: 4.396 Thread 0x00007f6b20165000  742       3       java.nio.Bits::makeInt (29 bytes)
Event: 4.396 Thread 0x00007f6b20165000 nmethod 742 0x00007f6b0a314010 code [0x00007f6b0a314180, 0x00007f6b0a3142d0]

GC Heap History (4 events):
Event: 0.292 GC heap before
{Heap before GC invocations=0 (full 0):
 garbage-first heap   total 126976K, used 9216K [0x0000000084200000, 0x00000000843003e0, 0x0000000100000000)
  region size 1024K, 7 young (7168K), 0 survivors (0K)
 Metaspace       used 9100K, capacity 9472K, committed 9600K, reserved 1058816K
  class space    used 979K, capacity 1105K, committed 1152K, reserved 1048576K
}
Event: 0.296 GC heap after
{Heap after GC invocations=1 (full 0):
 garbage-first heap   total 126976K, used 4250K [0x0000000084200000, 0x00000000843003e0, 0x0000000100000000)
  region size 1024K, 1 young (1024K), 1 survivors (1024K)
 Metaspace       used 9100K, capacity 9472K, committed 9600K, reserved 1058816K
  class space    used 979K, capacity 1105K, committed 1152K, reserved 1048576K
}
Event: 4.379 GC heap before
{Heap before GC invocations=1 (full 0):
 garbage-first heap   total 126976K, used 9370K [0x0000000084200000, 0x00000000843003e0, 0x0000000100000000)
  region size 1024K, 6 young (6144K), 1 survivors (1024K)
 Metaspace       used 12139K, capacity 12568K, committed 12800K, reserved 1060864K
  class space    used 1337K, capacity 1497K, committed 1536K, reserved 1048576K
}
Event: 4.383 GC heap after
{Heap after GC invocations=2 (full 0):
 garbage-first heap   total 126976K, used 5431K [0x0000000084200000, 0x00000000843003e0, 0x0000000100000000)
  region size 1024K, 1 young (1024K), 1 survivors (1024K)
 Metaspace       used 12139K, capacity 12568K, committed 12800K, reserved 1060864K
  class space    used 1337K, capacity 1497K, committed 1536K, reserved 1048576K
}

Deoptimization events (10 events):
Event: 0.314 Thread 0x00007f6b20011000 Uncommon trap: reason=class_check action=maybe_recompile pc=0x00007f6b117234e4 method=java.util.HashMap.putVal(ILjava/lang/Object;Ljava/lang/Object;ZZ)Ljava/lang/Object; @ 91
Event: 0.366 Thread 0x00007f6b20011000 Uncommon trap: reason=unstable_if action=reinterpret pc=0x00007f6b11724ed0 method=java.util.HashMap.hash(Ljava/lang/Object;)I @ 1
Event: 0.372 Thread 0x00007f6b20011000 Uncommon trap: reason=class_check action=maybe_recompile pc=0x00007f6b11722fac method=java.util.HashMap.putVal(ILjava/lang/Object;Ljava/lang/Object;ZZ)Ljava/lang/Object; @ 253
Event: 0.373 Thread 0x00007f6b20011000 Uncommon trap: reason=class_check action=maybe_recompile pc=0x00007f6b11722fac method=java.util.HashMap.putVal(ILjava/lang/Object;Ljava/lang/Object;ZZ)Ljava/lang/Object; @ 253
Event: 0.376 Thread 0x00007f6b20011000 Uncommon trap: reason=unstable_fused_if action=reinterpret pc=0x00007f6b1172f774 method=jdk.internal.org.objectweb.asm.ByteVector.putUTF8(Ljava/lang/String;)Ljdk/internal/org/objectweb/asm/ByteVector; @ 91
Event: 4.371 Thread 0x00007f6a8c003800 Uncommon trap: reason=unstable_if action=reinterpret pc=0x00007f6b1174bec8 method=java.lang.StringUTF16.compress([CI[BII)I @ 20
Event: 4.386 Thread 0x00007f6a8c003800 Uncommon trap: reason=bimorphic_or_optimized_type_check action=maybe_recompile pc=0x00007f6b1174cf80 method=java.util.HashMap.putVal(ILjava/lang/Object;Ljava/lang/Object;ZZ)Ljava/lang/Object; @ 91
Event: 4.386 Thread 0x00007f6a8c003800 Uncommon trap: reason=bimorphic_or_optimized_type_check action=maybe_recompile pc=0x00007f6b1174cf80 method=java.util.HashMap.putVal(ILjava/lang/Object;Ljava/lang/Object;ZZ)Ljava/lang/Object; @ 91
Event: 4.386 Thread 0x00007f6a8c003800 Uncommon trap: reason=bimorphic_or_optimized_type_check action=maybe_recompile pc=0x00007f6b1174cf80 method=java.util.HashMap.putVal(ILjava/lang/Object;Ljava/lang/Object;ZZ)Ljava/lang/Object; @ 91
Event: 4.386 Thread 0x00007f6a8c003800 Uncommon trap: reason=bimorphic_or_optimized_type_check action=maybe_recompile pc=0x00007f6b1174cf80 method=java.util.HashMap.putVal(ILjava/lang/Object;Ljava/lang/Object;ZZ)Ljava/lang/Object; @ 91

Classes redefined (0 events):
No events

Internal exceptions (7 events):
Event: 0.135 Thread 0x00007f6b20011000 Exception <a 'java/lang/ClassNotFoundException': sun/awt/resources/awtProvider> (0x000000008bb5d588) thrown at [/build/openjdk-9-argm_o/openjdk-9-9~b114/src/hotspot/src/share/vm/classfile/systemDictionary.cpp, line 224]
Event: 0.149 Thread 0x00007f6b20011000 Exception <a 'java/io/FileNotFoundException'> (0x000000008bb9d520) thrown at [/build/openjdk-9-argm_o/openjdk-9-9~b114/src/hotspot/src/share/vm/prims/jni.cpp, line 605]
Event: 0.151 Thread 0x00007f6b20011000 Exception <a 'java/io/FileNotFoundException'> (0x000000008bba5560) thrown at [/build/openjdk-9-argm_o/openjdk-9-9~b114/src/hotspot/src/share/vm/prims/jni.cpp, line 605]
Event: 0.245 Thread 0x00007f6b20011000 Exception <a 'java/lang/ClassNotFoundException': com/sun/swing/internal/plaf/metal/resources/metalProvider> (0x000000008b966a48) thrown at [/build/openjdk-9-argm_o/openjdk-9-9~b114/src/hotspot/src/share/vm/classfile/systemDictionary.cpp, line 224]
Event: 0.246 Thread 0x00007f6b20011000 Exception <a 'java/lang/ClassNotFoundException': com/sun/swing/internal/plaf/basic/resources/basicProvider> (0x000000008b96a0d8) thrown at [/build/openjdk-9-argm_o/openjdk-9-9~b114/src/hotspot/src/share/vm/classfile/systemDictionary.cpp, line 224]
Event: 0.332 Thread 0x00007f6b2037b800 Exception <a 'java/io/FileNotFoundException'> (0x000000008bb1dc68) thrown at [/build/openjdk-9-argm_o/openjdk-9-9~b114/src/hotspot/src/share/vm/prims/jni.cpp, line 605]
Event: 0.366 Thread 0x00007f6b20011000 Implicit null exception at 0x00007f6b11724e38 to 0x00007f6b11724ec6

Events (10 events):
Event: 4.395 loading class sun/font/CMap$NullCMapClass
Event: 4.395 loading class sun/font/CMap$NullCMapClass done
Event: 4.395 loading class sun/font/CMap$CMapFormat12
Event: 4.395 loading class sun/font/CMap$CMapFormat12 done
Event: 4.395 loading class sun/font/FileFontStrike
Event: 4.396 loading class sun/font/FileFontStrike done
Event: 4.396 loading class sun/font/FontScaler
Event: 4.396 loading class sun/font/FontScaler done
Event: 4.396 loading class sun/font/FreetypeFontScaler
Event: 4.396 loading class sun/font/FreetypeFontScaler done


Dynamic libraries:
00400000-00401000 r-xp 00000000 08:03 1456500                            /usr/lib/jvm/java-9-openjdk-amd64/bin/java
00600000-00601000 r--p 00000000 08:03 1456500                            /usr/lib/jvm/java-9-openjdk-amd64/bin/java
00601000-00602000 rw-p 00001000 08:03 1456500                            /usr/lib/jvm/java-9-openjdk-amd64/bin/java
0093d000-0095e000 rw-p 00000000 00:00 0                                  [heap]
84200000-8be00000 rw-p 00000000 00:00 0 
8be00000-100000000 ---p 00000000 00:00 0 
100000000-100180000 rw-p 00000000 00:00 0 
100180000-140000000 ---p 00000000 00:00 0 
7f6a74000000-7f6a74036000 rw-p 00000000 00:00 0 
7f6a74036000-7f6a78000000 ---p 00000000 00:00 0 
7f6a7c000000-7f6a7c021000 rw-p 00000000 00:00 0 
7f6a7c021000-7f6a80000000 ---p 00000000 00:00 0 
7f6a835f7000-7f6a835f8000 ---p 00000000 00:00 0 
7f6a835f8000-7f6a83df8000 rw-p 00000000 00:00 0 
7f6a87904000-7f6a87af8000 rw-s 00000000 00:05 22806542                   /SYSV00000000 (deleted)
7f6a87af8000-7f6a87c38000 rw-p 00000000 00:00 0 
7f6a87c38000-7f6a87cf8000 ---p 00000000 00:00 0 
7f6a87cf8000-7f6a87cfc000 ---p 00000000 00:00 0 
7f6a87cfc000-7f6a87df9000 rw-p 00000000 00:00 0 
7f6a87df9000-7f6a87dff000 r-xp 00000000 08:03 1835381                    /usr/lib/x86_64-linux-gnu/alsa-lib/libasound_module_pcm_pulse.so
7f6a87dff000-7f6a87ffe000 ---p 00006000 08:03 1835381                    /usr/lib/x86_64-linux-gnu/alsa-lib/libasound_module_pcm_pulse.so
7f6a87ffe000-7f6a87fff000 r--p 00005000 08:03 1835381                    /usr/lib/x86_64-linux-gnu/alsa-lib/libasound_module_pcm_pulse.so
7f6a87fff000-7f6a88000000 rw-p 00006000 08:03 1835381                    /usr/lib/x86_64-linux-gnu/alsa-lib/libasound_module_pcm_pulse.so
7f6a88000000-7f6a88048000 rw-p 00000000 00:00 0 
7f6a88048000-7f6a8c000000 ---p 00000000 00:00 0 
7f6a8c000000-7f6a8c021000 rw-p 00000000 00:00 0 
7f6a8c021000-7f6a90000000 ---p 00000000 00:00 0 
7f6a90000000-7f6a90021000 rw-p 00000000 00:00 0 
7f6a90021000-7f6a94000000 ---p 00000000 00:00 0 
7f6a94000000-7f6a94069000 rw-p 00000000 00:00 0 
7f6a94069000-7f6a98000000 ---p 00000000 00:00 0 
7f6a98000000-7f6a98021000 rw-p 00000000 00:00 0 
7f6a98021000-7f6a9c000000 ---p 00000000 00:00 0 
7f6a9c0c1000-7f6a9c0eb000 r-xp 00000000 08:03 1448141                    /usr/lib/x86_64-linux-gnu/libvorbis.so.0.4.8
7f6a9c0eb000-7f6a9c2ea000 ---p 0002a000 08:03 1448141                    /usr/lib/x86_64-linux-gnu/libvorbis.so.0.4.8
7f6a9c2ea000-7f6a9c2eb000 r--p 00029000 08:03 1448141                    /usr/lib/x86_64-linux-gnu/libvorbis.so.0.4.8
7f6a9c2eb000-7f6a9c2ec000 rw-p 0002a000 08:03 1448141                    /usr/lib/x86_64-linux-gnu/libvorbis.so.0.4.8
7f6a9c2ec000-7f6a9c2f3000 r-xp 00000000 08:03 1452557                    /usr/lib/x86_64-linux-gnu/libogg.so.0.8.2
7f6a9c2f3000-7f6a9c4f3000 ---p 00007000 08:03 1452557                    /usr/lib/x86_64-linux-gnu/libogg.so.0.8.2
7f6a9c4f3000-7f6a9c4f4000 r--p 00007000 08:03 1452557                    /usr/lib/x86_64-linux-gnu/libogg.so.0.8.2
7f6a9c4f4000-7f6a9c4f5000 rw-p 00008000 08:03 1452557                    /usr/lib/x86_64-linux-gnu/libogg.so.0.8.2
7f6a9c4f5000-7f6a9c507000 r-xp 00000000 08:03 529613                     /lib/x86_64-linux-gnu/libgpg-error.so.0.17.0
7f6a9c507000-7f6a9c707000 ---p 00012000 08:03 529613                     /lib/x86_64-linux-gnu/libgpg-error.so.0.17.0
7f6a9c707000-7f6a9c708000 r--p 00012000 08:03 529613                     /lib/x86_64-linux-gnu/libgpg-error.so.0.17.0
7f6a9c708000-7f6a9c709000 rw-p 00013000 08:03 529613                     /lib/x86_64-linux-gnu/libgpg-error.so.0.17.0
7f6a9c709000-7f6a9c777000 r-xp 00000000 08:03 529698                     /lib/x86_64-linux-gnu/libpcre.so.3.13.2
7f6a9c777000-7f6a9c977000 ---p 0006e000 08:03 529698                     /lib/x86_64-linux-gnu/libpcre.so.3.13.2
7f6a9c977000-7f6a9c978000 r--p 0006e000 08:03 529698                     /lib/x86_64-linux-gnu/libpcre.so.3.13.2
7f6a9c978000-7f6a9c979000 rw-p 0006f000 08:03 529698                     /lib/x86_64-linux-gnu/libpcre.so.3.13.2
7f6a9c979000-7f6a9c990000 r-xp 00000000 08:03 529394                     /lib/x86_64-linux-gnu/libresolv-2.23.so
7f6a9c990000-7f6a9cb90000 ---p 00017000 08:03 529394                     /lib/x86_64-linux-gnu/libresolv-2.23.so
7f6a9cb90000-7f6a9cb91000 r--p 00017000 08:03 529394                     /lib/x86_64-linux-gnu/libresolv-2.23.so
7f6a9cb91000-7f6a9cb92000 rw-p 00018000 08:03 529394                     /lib/x86_64-linux-gnu/libresolv-2.23.so
7f6a9cb92000-7f6a9cb94000 rw-p 00000000 00:00 0 
7f6a9cb94000-7f6a9cc21000 r-xp 00000000 08:03 1448139                    /usr/lib/x86_64-linux-gnu/libvorbisenc.so.2.0.11
7f6a9cc21000-7f6a9ce20000 ---p 0008d000 08:03 1448139                    /usr/lib/x86_64-linux-gnu/libvorbisenc.so.2.0.11
7f6a9ce20000-7f6a9ce3c000 r--p 0008c000 08:03 1448139                    /usr/lib/x86_64-linux-gnu/libvorbisenc.so.2.0.11
7f6a9ce3c000-7f6a9ce3d000 rw-p 000a8000 08:03 1448139                    /usr/lib/x86_64-linux-gnu/libvorbisenc.so.2.0.11
7f6a9ce3d000-7f6a9ceb0000 r-xp 00000000 08:03 1451425                    /usr/lib/x86_64-linux-gnu/libFLAC.so.8.3.0
7f6a9ceb0000-7f6a9d0b0000 ---p 00073000 08:03 1451425                    /usr/lib/x86_64-linux-gnu/libFLAC.so.8.3.0
7f6a9d0b0000-7f6a9d0b1000 r--p 00073000 08:03 1451425                    /usr/lib/x86_64-linux-gnu/libFLAC.so.8.3.0
7f6a9d0b1000-7f6a9d0b2000 rw-p 00074000 08:03 1451425                    /usr/lib/x86_64-linux-gnu/libFLAC.so.8.3.0
7f6a9d0b2000-7f6a9d189000 r-xp 00000000 08:03 524475                     /lib/x86_64-linux-gnu/libgcrypt.so.20.0.5
7f6a9d189000-7f6a9d389000 ---p 000d7000 08:03 524475                     /lib/x86_64-linux-gnu/libgcrypt.so.20.0.5
7f6a9d389000-7f6a9d38a000 r--p 000d7000 08:03 524475                     /lib/x86_64-linux-gnu/libgcrypt.so.20.0.5
7f6a9d38a000-7f6a9d392000 rw-p 000d8000 08:03 524475                     /lib/x86_64-linux-gnu/libgcrypt.so.20.0.5
7f6a9d392000-7f6a9d393000 rw-p 00000000 00:00 0 
7f6a9d393000-7f6a9d3b4000 r-xp 00000000 08:03 529636                     /lib/x86_64-linux-gnu/liblzma.so.5.0.0
7f6a9d3b4000-7f6a9d5b3000 ---p 00021000 08:03 529636                     /lib/x86_64-linux-gnu/liblzma.so.5.0.0
7f6a9d5b3000-7f6a9d5b4000 r--p 00020000 08:03 529636                     /lib/x86_64-linux-gnu/liblzma.so.5.0.0
7f6a9d5b4000-7f6a9d5b5000 rw-p 00021000 08:03 529636                     /lib/x86_64-linux-gnu/liblzma.so.5.0.0
7f6a9d5b5000-7f6a9d5d4000 r-xp 00000000 08:03 529727                     /lib/x86_64-linux-gnu/libselinux.so.1
7f6a9d5d4000-7f6a9d7d3000 ---p 0001f000 08:03 529727                     /lib/x86_64-linux-gnu/libselinux.so.1
7f6a9d7d3000-7f6a9d7d4000 r--p 0001e000 08:03 529727                     /lib/x86_64-linux-gnu/libselinux.so.1
7f6a9d7d4000-7f6a9d7d5000 rw-p 0001f000 08:03 529727                     /lib/x86_64-linux-gnu/libselinux.so.1
7f6a9d7d5000-7f6a9d7d7000 rw-p 00000000 00:00 0 
7f6a9d7d7000-7f6a9d7dc000 r-xp 00000000 08:03 1451683                    /usr/lib/x86_64-linux-gnu/libasyncns.so.0.3.1
7f6a9d7dc000-7f6a9d9db000 ---p 00005000 08:03 1451683                    /usr/lib/x86_64-linux-gnu/libasyncns.so.0.3.1
7f6a9d9db000-7f6a9d9dc000 r--p 00004000 08:03 1451683                    /usr/lib/x86_64-linux-gnu/libasyncns.so.0.3.1
7f6a9d9dc000-7f6a9d9dd000 rw-p 00005000 08:03 1451683                    /usr/lib/x86_64-linux-gnu/libasyncns.so.0.3.1
7f6a9d9dd000-7f6a9da40000 r-xp 00000000 08:03 1448046                    /usr/lib/x86_64-linux-gnu/libsndfile.so.1.0.25
7f6a9da40000-7f6a9dc40000 ---p 00063000 08:03 1448046                    /usr/lib/x86_64-linux-gnu/libsndfile.so.1.0.25
7f6a9dc40000-7f6a9dc42000 r--p 00063000 08:03 1448046                    /usr/lib/x86_64-linux-gnu/libsndfile.so.1.0.25
7f6a9dc42000-7f6a9dc43000 rw-p 00065000 08:03 1448046                    /usr/lib/x86_64-linux-gnu/libsndfile.so.1.0.25
7f6a9dc43000-7f6a9dc47000 rw-p 00000000 00:00 0 
7f6a9dc47000-7f6a9dc4f000 r-xp 00000000 08:03 529755                     /lib/x86_64-linux-gnu/libwrap.so.0.7.6
7f6a9dc4f000-7f6a9de4e000 ---p 00008000 08:03 529755                     /lib/x86_64-linux-gnu/libwrap.so.0.7.6
7f6a9de4e000-7f6a9de4f000 r--p 00007000 08:03 529755                     /lib/x86_64-linux-gnu/libwrap.so.0.7.6
7f6a9de4f000-7f6a9de50000 rw-p 00008000 08:03 529755                     /lib/x86_64-linux-gnu/libwrap.so.0.7.6
7f6a9de50000-7f6a9de51000 rw-p 00000000 00:00 0 
7f6a9de51000-7f6a9de9c000 r-xp 00000000 08:03 524541                     /lib/x86_64-linux-gnu/libdbus-1.so.3.14.6
7f6a9de9c000-7f6a9e09b000 ---p 0004b000 08:03 524541                     /lib/x86_64-linux-gnu/libdbus-1.so.3.14.6
7f6a9e09b000-7f6a9e09c000 r--p 0004a000 08:03 524541                     /lib/x86_64-linux-gnu/libdbus-1.so.3.14.6
7f6a9e09c000-7f6a9e09d000 rw-p 0004b000 08:03 524541                     /lib/x86_64-linux-gnu/libdbus-1.so.3.14.6
7f6a9e09d000-7f6a9e117000 r-xp 00000000 08:03 1835514                    /usr/lib/x86_64-linux-gnu/pulseaudio/libpulsecommon-8.0.so
7f6a9e117000-7f6a9e316000 ---p 0007a000 08:03 1835514                    /usr/lib/x86_64-linux-gnu/pulseaudio/libpulsecommon-8.0.so
7f6a9e316000-7f6a9e317000 r--p 00079000 08:03 1835514                    /usr/lib/x86_64-linux-gnu/pulseaudio/libpulsecommon-8.0.so
7f6a9e317000-7f6a9e318000 rw-p 0007a000 08:03 1835514                    /usr/lib/x86_64-linux-gnu/pulseaudio/libpulsecommon-8.0.so
7f6a9e318000-7f6a9e322000 r-xp 00000000 08:03 529628                     /lib/x86_64-linux-gnu/libjson-c.so.2.0.0
7f6a9e322000-7f6a9e521000 ---p 0000a000 08:03 529628                     /lib/x86_64-linux-gnu/libjson-c.so.2.0.0
7f6a9e521000-7f6a9e522000 r--p 00009000 08:03 529628                     /lib/x86_64-linux-gnu/libjson-c.so.2.0.0
7f6a9e522000-7f6a9e523000 rw-p 0000a000 08:03 529628                     /lib/x86_64-linux-gnu/libjson-c.so.2.0.0
7f6a9e523000-7f6a9e571000 r-xp 00000000 08:03 1444779                    /usr/lib/x86_64-linux-gnu/libpulse.so.0.19.0
7f6a9e571000-7f6a9e771000 ---p 0004e000 08:03 1444779                    /usr/lib/x86_64-linux-gnu/libpulse.so.0.19.0
7f6a9e771000-7f6a9e772000 r--p 0004e000 08:03 1444779                    /usr/lib/x86_64-linux-gnu/libpulse.so.0.19.0
7f6a9e772000-7f6a9e773000 rw-p 0004f000 08:03 1444779                    /usr/lib/x86_64-linux-gnu/libpulse.so.0.19.0
7f6a9e773000-7f6a9e777000 ---p 00000000 00:00 0 
7f6a9e777000-7f6a9e874000 rw-p 00000000 00:00 0 
7f6a9e874000-7f6a9e878000 ---p 00000000 00:00 0 
7f6a9e878000-7f6a9e975000 rw-p 00000000 00:00 0 
7f6a9e975000-7f6a9ea6e000 r-xp 00000000 08:03 1451673                    /usr/lib/x86_64-linux-gnu/libasound.so.2.0.0
7f6a9ea6e000-7f6a9ec6d000 ---p 000f9000 08:03 1451673                    /usr/lib/x86_64-linux-gnu/libasound.so.2.0.0
7f6a9ec6d000-7f6a9ec74000 r--p 000f8000 08:03 1451673                    /usr/lib/x86_64-linux-gnu/libasound.so.2.0.0
7f6a9ec74000-7f6a9ec75000 rw-p 000ff000 08:03 1451673                    /usr/lib/x86_64-linux-gnu/libasound.so.2.0.0
7f6a9ec75000-7f6a9ec84000 r-xp 00000000 08:03 1450288                    /usr/lib/jvm/java-9-openjdk-amd64/lib/amd64/libjsoundalsa.so
7f6a9ec84000-7f6a9ee83000 ---p 0000f000 08:03 1450288                    /usr/lib/jvm/java-9-openjdk-amd64/lib/amd64/libjsoundalsa.so
7f6a9ee83000-7f6a9ee84000 r--p 0000e000 08:03 1450288                    /usr/lib/jvm/java-9-openjdk-amd64/lib/amd64/libjsoundalsa.so
7f6a9ee84000-7f6a9ee85000 rw-p 0000f000 08:03 1450288                    /usr/lib/jvm/java-9-openjdk-amd64/lib/amd64/libjsoundalsa.so
7f6a9ee85000-7f6a9ee86000 r-xp 00000000 08:03 1456511                    /usr/lib/jvm/java-9-openjdk-amd64/lib/amd64/libjsound.so
7f6a9ee86000-7f6a9f085000 ---p 00001000 08:03 1456511                    /usr/lib/jvm/java-9-openjdk-amd64/lib/amd64/libjsound.so
7f6a9f085000-7f6a9f086000 r--p 00000000 08:03 1456511                    /usr/lib/jvm/java-9-openjdk-amd64/lib/amd64/libjsound.so
7f6a9f086000-7f6a9f087000 rw-p 00001000 08:03 1456511                    /usr/lib/jvm/java-9-openjdk-amd64/lib/amd64/libjsound.so
7f6a9f087000-7f6a9f08b000 ---p 00000000 00:00 0 
7f6a9f08b000-7f6a9f188000 rw-p 00000000 00:00 0 
7f6a9f188000-7f6a9f18c000 ---p 00000000 00:00 0 
7f6a9f18c000-7f6a9f289000 rw-p 00000000 00:00 0 
7f6a9f289000-7f6a9f2e0000 r-xp 00000000 08:03 1446770                    /usr/lib/x86_64-linux-gnu/libjpeg.so.8.0.2
7f6a9f2e0000-7f6a9f4e0000 ---p 00057000 08:03 1446770                    /usr/lib/x86_64-linux-gnu/libjpeg.so.8.0.2
7f6a9f4e0000-7f6a9f4e1000 r--p 00057000 08:03 1446770                    /usr/lib/x86_64-linux-gnu/libjpeg.so.8.0.2
7f6a9f4e1000-7f6a9f4e2000 rw-p 00058000 08:03 1446770                    /usr/lib/x86_64-linux-gnu/libjpeg.so.8.0.2
7f6a9f4e2000-7f6a9f4ec000 r-xp 00000000 08:03 1456546                    /usr/lib/jvm/java-9-openjdk-amd64/lib/amd64/libjavajpeg.so
7f6a9f4ec000-7f6a9f6eb000 ---p 0000a000 08:03 1456546                    /usr/lib/jvm/java-9-openjdk-amd64/lib/amd64/libjavajpeg.so
7f6a9f6eb000-7f6a9f6ec000 r--p 00009000 08:03 1456546                    /usr/lib/jvm/java-9-openjdk-amd64/lib/amd64/libjavajpeg.so
7f6a9f6ec000-7f6a9f6ed000 rw-p 0000a000 08:03 1456546                    /usr/lib/jvm/java-9-openjdk-amd64/lib/amd64/libjavajpeg.so
7f6a9f6ed000-7f6a9f8ed000 rw-p 00000000 00:00 0 
7f6a9f8ed000-7f6a9f8f1000 ---p 00000000 00:00 0 
7f6a9f8f1000-7f6a9f9ee000 rw-p 00000000 00:00 0 
7f6a9f9ee000-7f6a9f9f2000 ---p 00000000 00:00 0 
7f6a9f9f2000-7f6a9faef000 rw-p 00000000 00:00 0 
7f6a9faef000-7f6a9faf4000 r-xp 00000000 08:03 1451599                    /usr/lib/x86_64-linux-gnu/libXfixes.so.3.1.0
7f6a9faf4000-7f6a9fcf3000 ---p 00005000 08:03 1451599                    /usr/lib/x86_64-linux-gnu/libXfixes.so.3.1.0
7f6a9fcf3000-7f6a9fcf4000 r--p 00004000 08:03 1451599                    /usr/lib/x86_64-linux-gnu/libXfixes.so.3.1.0
7f6a9fcf4000-7f6a9fcf5000 rw-p 00005000 08:03 1451599                    /usr/lib/x86_64-linux-gnu/libXfixes.so.3.1.0
7f6a9fcf5000-7f6a9fcfe000 r-xp 00000000 08:03 1451459                    /usr/lib/x86_64-linux-gnu/libXcursor.so.1.0.2
7f6a9fcfe000-7f6a9fefd000 ---p 00009000 08:03 1451459                    /usr/lib/x86_64-linux-gnu/libXcursor.so.1.0.2
7f6a9fefd000-7f6a9fefe000 r--p 00008000 08:03 1451459                    /usr/lib/x86_64-linux-gnu/libXcursor.so.1.0.2
7f6a9fefe000-7f6a9feff000 rw-p 00009000 08:03 1451459                    /usr/lib/x86_64-linux-gnu/libXcursor.so.1.0.2
7f6a9feff000-7f6a9ff03000 ---p 00000000 00:00 0 
7f6a9ff03000-7f6aa0000000 rw-p 00000000 00:00 0 
7f6aa0000000-7f6aa0021000 rw-p 00000000 00:00 0 
7f6aa0021000-7f6aa4000000 ---p 00000000 00:00 0 
7f6aa4000000-7f6aa4021000 rw-p 00000000 00:00 0 
7f6aa4021000-7f6aa8000000 ---p 00000000 00:00 0 
7f6aa8000000-7f6aa8021000 rw-p 00000000 00:00 0 
7f6aa8021000-7f6aac000000 ---p 00000000 00:00 0 
7f6aac02a000-7f6aac04e000 r-xp 00000000 08:03 529175                     /lib/x86_64-linux-gnu/libpng12.so.0.54.0
7f6aac04e000-7f6aac24d000 ---p 00024000 08:03 529175                     /lib/x86_64-linux-gnu/libpng12.so.0.54.0
7f6aac24d000-7f6aac24e000 r--p 00023000 08:03 529175                     /lib/x86_64-linux-gnu/libpng12.so.0.54.0
7f6aac24e000-7f6aac24f000 rw-p 00024000 08:03 529175                     /lib/x86_64-linux-gnu/libpng12.so.0.54.0
7f6aac24f000-7f6aac2f3000 r-xp 00000000 08:03 1452259                    /usr/lib/x86_64-linux-gnu/libfreetype.so.6.12.1
7f6aac2f3000-7f6aac4f2000 ---p 000a4000 08:03 1452259                    /usr/lib/x86_64-linux-gnu/libfreetype.so.6.12.1
7f6aac4f2000-7f6aac4f8000 r--p 000a3000 08:03 1452259                    /usr/lib/x86_64-linux-gnu/libfreetype.so.6.12.1
7f6aac4f8000-7f6aac4f9000 rw-p 000a9000 08:03 1452259                    /usr/lib/x86_64-linux-gnu/libfreetype.so.6.12.1
7f6aac4f9000-7f6aac5bf000 r-xp 00000000 08:03 1456520                    /usr/lib/jvm/java-9-openjdk-amd64/lib/amd64/libfontmanager.so
7f6aac5bf000-7f6aac7be000 ---p 000c6000 08:03 1456520                    /usr/lib/jvm/java-9-openjdk-amd64/lib/amd64/libfontmanager.so
7f6aac7be000-7f6aac7c1000 r--p 000c5000 08:03 1456520                    /usr/lib/jvm/java-9-openjdk-amd64/lib/amd64/libfontmanager.so
7f6aac7c1000-7f6aac7c2000 rw-p 000c8000 08:03 1456520                    /usr/lib/jvm/java-9-openjdk-amd64/lib/amd64/libfontmanager.so
7f6aac7c2000-7f6aac7c3000 rw-p 00000000 00:00 0 
7f6aac7c3000-7f6aac7c8000 r-xp 00000000 08:03 1451595                    /usr/lib/x86_64-linux-gnu/libXdmcp.so.6.0.0
7f6aac7c8000-7f6aac9c7000 ---p 00005000 08:03 1451595                    /usr/lib/x86_64-linux-gnu/libXdmcp.so.6.0.0
7f6aac9c7000-7f6aac9c8000 r--p 00004000 08:03 1451595                    /usr/lib/x86_64-linux-gnu/libXdmcp.so.6.0.0
7f6aac9c8000-7f6aac9c9000 rw-p 00005000 08:03 1451595                    /usr/lib/x86_64-linux-gnu/libXdmcp.so.6.0.0
7f6aac9c9000-7f6aac9cb000 r-xp 00000000 08:03 1451584                    /usr/lib/x86_64-linux-gnu/libXau.so.6.0.0
7f6aac9cb000-7f6aacbcb000 ---p 00002000 08:03 1451584                    /usr/lib/x86_64-linux-gnu/libXau.so.6.0.0
7f6aacbcb000-7f6aacbcc000 r--p 00002000 08:03 1451584                    /usr/lib/x86_64-linux-gnu/libXau.so.6.0.0
7f6aacbcc000-7f6aacbcd000 rw-p 00003000 08:03 1451584                    /usr/lib/x86_64-linux-gnu/libXau.so.6.0.0
7f6aacbcd000-7f6aacbee000 r-xp 00000000 08:03 1453030                    /usr/lib/x86_64-linux-gnu/libxcb.so.1.1.0
7f6aacbee000-7f6aacded000 ---p 00021000 08:03 1453030                    /usr/lib/x86_64-linux-gnu/libxcb.so.1.1.0
7f6aacded000-7f6aacdee000 r--p 00020000 08:03 1453030                    /usr/lib/x86_64-linux-gnu/libxcb.so.1.1.0
7f6aacdee000-7f6aacdef000 rw-p 00021000 08:03 1453030                    /usr/lib/x86_64-linux-gnu/libxcb.so.1.1.0
7f6aacdef000-7f6aacdfe000 r-xp 00000000 08:03 1451605                    /usr/lib/x86_64-linux-gnu/libXi.so.6.1.0
7f6aacdfe000-7f6aacffd000 ---p 0000f000 08:03 1451605                    /usr/lib/x86_64-linux-gnu/libXi.so.6.1.0
7f6aacffd000-7f6aacffe000 r--p 0000e000 08:03 1451605                    /usr/lib/x86_64-linux-gnu/libXi.so.6.1.0
7f6aacffe000-7f6aacfff000 rw-p 0000f000 08:03 1451605                    /usr/lib/x86_64-linux-gnu/libXi.so.6.1.0
7f6aacfff000-7f6ab0000000 rw-p 00000000 00:00 0 
7f6ab0000000-7f6ab0184000 rw-p 00000000 00:00 0 
7f6ab0184000-7f6ab4000000 ---p 00000000 00:00 0 
7f6ab4000000-7f6ab4021000 rw-p 00000000 00:00 0 
7f6ab4021000-7f6ab8000000 ---p 00000000 00:00 0 
7f6ab8000000-7f6ab81f2000 rw-p 00000000 00:00 0 
7f6ab81f2000-7f6abc000000 ---p 00000000 00:00 0 
7f6abc000000-7f6abc218000 rw-p 00000000 00:00 0 
7f6abc218000-7f6ac0000000 ---p 00000000 00:00 0 
7f6ac0000000-7f6ac0021000 rw-p 00000000 00:00 0 
7f6ac0021000-7f6ac4000000 ---p 00000000 00:00 0 
7f6ac4000000-7f6ac4021000 rw-p 00000000 00:00 0 
7f6ac4021000-7f6ac8000000 ---p 00000000 00:00 0 
7f6ac8000000-7f6ac8021000 rw-p 00000000 00:00 0 
7f6ac8021000-7f6acc000000 ---p 00000000 00:00 0 
7f6acc000000-7f6acc021000 rw-p 00000000 00:00 0 
7f6acc021000-7f6ad0000000 ---p 00000000 00:00 0 
7f6ad0000000-7f6ad0029000 rw-p 00000000 00:00 0 
7f6ad0029000-7f6ad4000000 ---p 00000000 00:00 0 
7f6ad4000000-7f6ad4021000 rw-p 00000000 00:00 0 
7f6ad4021000-7f6ad8000000 ---p 00000000 00:00 0 
7f6ad806c000-7f6ad8071000 r-xp 00000000 08:03 1451623                    /usr/lib/x86_64-linux-gnu/libXtst.so.6.1.0
7f6ad8071000-7f6ad8270000 ---p 00005000 08:03 1451623                    /usr/lib/x86_64-linux-gnu/libXtst.so.6.1.0
7f6ad8270000-7f6ad8271000 r--p 00004000 08:03 1451623                    /usr/lib/x86_64-linux-gnu/libXtst.so.6.1.0
7f6ad8271000-7f6ad8272000 rw-p 00005000 08:03 1451623                    /usr/lib/x86_64-linux-gnu/libXtst.so.6.1.0
7f6ad8272000-7f6ad827b000 r-xp 00000000 08:03 1451617                    /usr/lib/x86_64-linux-gnu/libXrender.so.1.3.0
7f6ad827b000-7f6ad847a000 ---p 00009000 08:03 1451617                    /usr/lib/x86_64-linux-gnu/libXrender.so.1.3.0
7f6ad847a000-7f6ad847b000 r--p 00008000 08:03 1451617                    /usr/lib/x86_64-linux-gnu/libXrender.so.1.3.0
7f6ad847b000-7f6ad847c000 rw-p 00009000 08:03 1451617                    /usr/lib/x86_64-linux-gnu/libXrender.so.1.3.0
7f6ad847c000-7f6ad85b1000 r-xp 00000000 08:03 1453226                    /usr/lib/x86_64-linux-gnu/libX11.so.6.3.0
7f6ad85b1000-7f6ad87b1000 ---p 00135000 08:03 1453226                    /usr/lib/x86_64-linux-gnu/libX11.so.6.3.0
7f6ad87b1000-7f6ad87b2000 r--p 00135000 08:03 1453226                    /usr/lib/x86_64-linux-gnu/libX11.so.6.3.0
7f6ad87b2000-7f6ad87b6000 rw-p 00136000 08:03 1453226                    /usr/lib/x86_64-linux-gnu/libX11.so.6.3.0
7f6ad87b6000-7f6ad87c7000 r-xp 00000000 08:03 1451597                    /usr/lib/x86_64-linux-gnu/libXext.so.6.4.0
7f6ad87c7000-7f6ad89c6000 ---p 00011000 08:03 1451597                    /usr/lib/x86_64-linux-gnu/libXext.so.6.4.0
7f6ad89c6000-7f6ad89c7000 r--p 00010000 08:03 1451597                    /usr/lib/x86_64-linux-gnu/libXext.so.6.4.0
7f6ad89c7000-7f6ad89c8000 rw-p 00011000 08:03 1451597                    /usr/lib/x86_64-linux-gnu/libXext.so.6.4.0
7f6ad89c8000-7f6ad8a1f000 r-xp 00000000 08:03 1456547                    /usr/lib/jvm/java-9-openjdk-amd64/lib/amd64/libawt_xawt.so
7f6ad8a1f000-7f6ad8c1f000 ---p 00057000 08:03 1456547                    /usr/lib/jvm/java-9-openjdk-amd64/lib/amd64/libawt_xawt.so
7f6ad8c1f000-7f6ad8c20000 r--p 00057000 08:03 1456547                    /usr/lib/jvm/java-9-openjdk-amd64/lib/amd64/libawt_xawt.so
7f6ad8c20000-7f6ad8c23000 rw-p 00058000 08:03 1456547                    /usr/lib/jvm/java-9-openjdk-amd64/lib/amd64/libawt_xawt.so
7f6ad8c23000-7f6ad8c24000 rw-p 00000000 00:00 0 
7f6ad8c24000-7f6ad8cc4000 r-xp 00000000 08:03 1456519                    /usr/lib/jvm/java-9-openjdk-amd64/lib/amd64/libawt.so
7f6ad8cc4000-7f6ad8ec3000 ---p 000a0000 08:03 1456519                    /usr/lib/jvm/java-9-openjdk-amd64/lib/amd64/libawt.so
7f6ad8ec3000-7f6ad8ec4000 r--p 0009f000 08:03 1456519                    /usr/lib/jvm/java-9-openjdk-amd64/lib/amd64/libawt.so
7f6ad8ec4000-7f6ad8ecf000 rw-p 000a0000 08:03 1456519                    /usr/lib/jvm/java-9-openjdk-amd64/lib/amd64/libawt.so
7f6ad8ecf000-7f6ad8ef4000 rw-p 00000000 00:00 0 
7f6ad8ef4000-7f6ad8ef5000 ---p 00000000 00:00 0 
7f6ad8ef5000-7f6ad8ff5000 rw-p 00000000 00:00 0 
7f6ad8ff5000-7f6ad8ff9000 ---p 00000000 00:00 0 
7f6ad8ff9000-7f6ad90f6000 rw-p 00000000 00:00 0 
7f6ad90f6000-7f6ad90fa000 ---p 00000000 00:00 0 
7f6ad90fa000-7f6ad91f7000 rw-p 00000000 00:00 0 
7f6ad91f7000-7f6ad920d000 r-xp 00000000 08:03 1456521                    /usr/lib/jvm/java-9-openjdk-amd64/lib/amd64/libnet.so
7f6ad920d000-7f6ad940c000 ---p 00016000 08:03 1456521                    /usr/lib/jvm/java-9-openjdk-amd64/lib/amd64/libnet.so
7f6ad940c000-7f6ad940d000 r--p 00015000 08:03 1456521                    /usr/lib/jvm/java-9-openjdk-amd64/lib/amd64/libnet.so
7f6ad940d000-7f6ad940e000 rw-p 00016000 08:03 1456521                    /usr/lib/jvm/java-9-openjdk-amd64/lib/amd64/libnet.so
7f6ad940e000-7f6ad941f000 r-xp 00000000 08:03 1456548                    /usr/lib/jvm/java-9-openjdk-amd64/lib/amd64/libnio.so
7f6ad941f000-7f6ad961f000 ---p 00011000 08:03 1456548                    /usr/lib/jvm/java-9-openjdk-amd64/lib/amd64/libnio.so
7f6ad961f000-7f6ad9620000 r--p 00011000 08:03 1456548                    /usr/lib/jvm/java-9-openjdk-amd64/lib/amd64/libnio.so
7f6ad9620000-7f6ad9621000 rw-p 00012000 08:03 1456548                    /usr/lib/jvm/java-9-openjdk-amd64/lib/amd64/libnio.so
7f6ad9621000-7f6ad9625000 ---p 00000000 00:00 0 
7f6ad9625000-7f6ad9722000 rw-p 00000000 00:00 0 
7f6ad9722000-7f6ad9726000 ---p 00000000 00:00 0 
7f6ad9726000-7f6ad9823000 rw-p 00000000 00:00 0 
7f6ad9823000-7f6ad9827000 ---p 00000000 00:00 0 
7f6ad9827000-7f6ad9924000 rw-p 00000000 00:00 0 
7f6ad9924000-7f6ad9928000 ---p 00000000 00:00 0 
7f6ad9928000-7f6ad9a25000 rw-p 00000000 00:00 0 
7f6ad9a25000-7f6ad9a29000 ---p 00000000 00:00 0 
7f6ad9a29000-7f6ad9b26000 rw-p 00000000 00:00 0 
7f6ad9b26000-7f6ad9b2a000 ---p 00000000 00:00 0 
7f6ad9b2a000-7f6ad9c27000 rw-p 00000000 00:00 0 
7f6ad9c27000-7f6ad9eff000 r--p 00000000 08:03 1451415                    /usr/lib/locale/locale-archive
7f6ad9eff000-7f6ad9f03000 ---p 00000000 00:00 0 
7f6ad9f03000-7f6adc000000 rw-p 00000000 00:00 0 
7f6adc000000-7f6adc021000 rw-p 00000000 00:00 0 
7f6adc021000-7f6ae0000000 ---p 00000000 00:00 0 
7f6ae000e000-7f6ae0012000 ---p 00000000 00:00 0 
7f6ae0012000-7f6ae010f000 rw-p 00000000 00:00 0 
7f6ae010f000-7f6ae0110000 ---p 00000000 00:00 0 
7f6ae0110000-7f6ae0400000 rw-p 00000000 00:00 0 
7f6ae0400000-7f6ae2108000 ---p 00000000 00:00 0 
7f6ae2108000-7f6ae22f8000 rw-p 00000000 00:00 0 
7f6ae22f8000-7f6ae4000000 ---p 00000000 00:00 0 
7f6ae4000000-7f6ae4021000 rw-p 00000000 00:00 0 
7f6ae4021000-7f6ae8000000 ---p 00000000 00:00 0 
7f6ae8000000-7f6ae8021000 rw-p 00000000 00:00 0 
7f6ae8021000-7f6aec000000 ---p 00000000 00:00 0 
7f6aec000000-7f6aec021000 rw-p 00000000 00:00 0 
7f6aec021000-7f6af0000000 ---p 00000000 00:00 0 
7f6af0000000-7f6af0021000 rw-p 00000000 00:00 0 
7f6af0021000-7f6af4000000 ---p 00000000 00:00 0 
7f6af4000000-7f6af4021000 rw-p 00000000 00:00 0 
7f6af4021000-7f6af8000000 ---p 00000000 00:00 0 
7f6af8000000-7f6af8021000 rw-p 00000000 00:00 0 
7f6af8021000-7f6afc000000 ---p 00000000 00:00 0 
7f6afc000000-7f6afc021000 rw-p 00000000 00:00 0 
7f6afc021000-7f6b00000000 ---p 00000000 00:00 0 
7f6b00000000-7f6b00021000 rw-p 00000000 00:00 0 
7f6b00021000-7f6b04000000 ---p 00000000 00:00 0 
7f6b04000000-7f6b04021000 rw-p 00000000 00:00 0 
7f6b04021000-7f6b08000000 ---p 00000000 00:00 0 
7f6b08069000-7f6b080e9000 r-xp 00000000 08:03 524545                     /lib/x86_64-linux-gnu/libsystemd.so.0.14.0
7f6b080e9000-7f6b080ec000 r--p 0007f000 08:03 524545                     /lib/x86_64-linux-gnu/libsystemd.so.0.14.0
7f6b080ec000-7f6b080ed000 rw-p 00082000 08:03 524545                     /lib/x86_64-linux-gnu/libsystemd.so.0.14.0
7f6b080ed000-7f6b089bf000 rw-p 00000000 00:00 0 
7f6b089bf000-7f6b08fb3000 rw-p 00000000 00:00 0 
7f6b08fb3000-7f6b08fb4000 ---p 00000000 00:00 0 
7f6b08fb4000-7f6b090f2000 rw-p 00000000 00:00 0 
7f6b090f2000-7f6b09493000 ---p 00000000 00:00 0 
7f6b09493000-7f6b094d1000 rw-p 00000000 00:00 0 
7f6b094d1000-7f6b09c51000 ---p 00000000 00:00 0 
7f6b09c51000-7f6b09ec1000 rwxp 00000000 00:00 0 
7f6b09ec1000-7f6b0a1e1000 ---p 00000000 00:00 0 
7f6b0a1e1000-7f6b0a451000 rwxp 00000000 00:00 0 
7f6b0a451000-7f6b11719000 ---p 00000000 00:00 0 
7f6b11719000-7f6b11989000 rwxp 00000000 00:00 0 
7f6b11989000-7f6b18c51000 ---p 00000000 00:00 0 
7f6b18c51000-7f6b20000000 r--s 00000000 08:03 1456505                    /usr/lib/jvm/java-9-openjdk-amd64/lib/modules
7f6b20000000-7f6b203ae000 rw-p 00000000 00:00 0 
7f6b203ae000-7f6b24000000 ---p 00000000 00:00 0 
7f6b24003000-7f6b24004000 ---p 00000000 00:00 0 
7f6b24004000-7f6b24142000 rw-p 00000000 00:00 0 
7f6b24142000-7f6b244e3000 ---p 00000000 00:00 0 
7f6b244e3000-7f6b244e4000 ---p 00000000 00:00 0 
7f6b244e4000-7f6b245e4000 rw-p 00000000 00:00 0 
7f6b245e4000-7f6b245e5000 ---p 00000000 00:00 0 
7f6b245e5000-7f6b246e5000 rw-p 00000000 00:00 0 
7f6b246e5000-7f6b246e6000 ---p 00000000 00:00 0 
7f6b246e6000-7f6b247e6000 rw-p 00000000 00:00 0 
7f6b247e6000-7f6b247e7000 ---p 00000000 00:00 0 
7f6b247e7000-7f6b248e7000 rw-p 00000000 00:00 0 
7f6b248e7000-7f6b248e8000 ---p 00000000 00:00 0 
7f6b248e8000-7f6b24dec000 rw-p 00000000 00:00 0 
7f6b24dec000-7f6b24ded000 ---p 00000000 00:00 0 
7f6b24ded000-7f6b24eed000 rw-p 00000000 00:00 0 
7f6b24eed000-7f6b24eee000 ---p 00000000 00:00 0 
7f6b24eee000-7f6b24fee000 rw-p 00000000 00:00 0 
7f6b24fee000-7f6b24fef000 ---p 00000000 00:00 0 
7f6b24fef000-7f6b250ef000 rw-p 00000000 00:00 0 
7f6b250ef000-7f6b250f0000 ---p 00000000 00:00 0 
7f6b250f0000-7f6b251f5000 rw-p 00000000 00:00 0 
7f6b251f5000-7f6b252db000 ---p 00000000 00:00 0 
7f6b252db000-7f6b252e0000 rw-p 00000000 00:00 0 
7f6b252e0000-7f6b253c6000 ---p 00000000 00:00 0 
7f6b253c6000-7f6b253cb000 r-xp 00000000 08:03 1456535                    /usr/lib/jvm/java-9-openjdk-amd64/lib/amd64/libjimage.so
7f6b253cb000-7f6b255ca000 ---p 00005000 08:03 1456535                    /usr/lib/jvm/java-9-openjdk-amd64/lib/amd64/libjimage.so
7f6b255ca000-7f6b255cb000 r--p 00004000 08:03 1456535                    /usr/lib/jvm/java-9-openjdk-amd64/lib/amd64/libjimage.so
7f6b255cb000-7f6b255cc000 rw-p 00005000 08:03 1456535                    /usr/lib/jvm/java-9-openjdk-amd64/lib/amd64/libjimage.so
7f6b255cc000-7f6b255d3000 r-xp 00000000 08:03 1456531                    /usr/lib/jvm/java-9-openjdk-amd64/lib/amd64/libzip.so
7f6b255d3000-7f6b257d2000 ---p 00007000 08:03 1456531                    /usr/lib/jvm/java-9-openjdk-amd64/lib/amd64/libzip.so
7f6b257d2000-7f6b257d3000 r--p 00006000 08:03 1456531                    /usr/lib/jvm/java-9-openjdk-amd64/lib/amd64/libzip.so
7f6b257d3000-7f6b257d4000 rw-p 00007000 08:03 1456531                    /usr/lib/jvm/java-9-openjdk-amd64/lib/amd64/libzip.so
7f6b257d4000-7f6b257df000 r-xp 00000000 08:03 529398                     /lib/x86_64-linux-gnu/libnss_files-2.23.so
7f6b257df000-7f6b259de000 ---p 0000b000 08:03 529398                     /lib/x86_64-linux-gnu/libnss_files-2.23.so
7f6b259de000-7f6b259df000 r--p 0000a000 08:03 529398                     /lib/x86_64-linux-gnu/libnss_files-2.23.so
7f6b259df000-7f6b259e0000 rw-p 0000b000 08:03 529398                     /lib/x86_64-linux-gnu/libnss_files-2.23.so
7f6b259e0000-7f6b259e6000 rw-p 00000000 00:00 0 
7f6b259e6000-7f6b259f1000 r-xp 00000000 08:03 529391                     /lib/x86_64-linux-gnu/libnss_nis-2.23.so
7f6b259f1000-7f6b25bf0000 ---p 0000b000 08:03 529391                     /lib/x86_64-linux-gnu/libnss_nis-2.23.so
7f6b25bf0000-7f6b25bf1000 r--p 0000a000 08:03 529391                     /lib/x86_64-linux-gnu/libnss_nis-2.23.so
7f6b25bf1000-7f6b25bf2000 rw-p 0000b000 08:03 529391                     /lib/x86_64-linux-gnu/libnss_nis-2.23.so
7f6b25bf2000-7f6b25c08000 r-xp 00000000 08:03 529396                     /lib/x86_64-linux-gnu/libnsl-2.23.so
7f6b25c08000-7f6b25e07000 ---p 00016000 08:03 529396                     /lib/x86_64-linux-gnu/libnsl-2.23.so
7f6b25e07000-7f6b25e08000 r--p 00015000 08:03 529396                     /lib/x86_64-linux-gnu/libnsl-2.23.so
7f6b25e08000-7f6b25e09000 rw-p 00016000 08:03 529396                     /lib/x86_64-linux-gnu/libnsl-2.23.so
7f6b25e09000-7f6b25e0b000 rw-p 00000000 00:00 0 
7f6b25e0b000-7f6b25e13000 r-xp 00000000 08:03 529402                     /lib/x86_64-linux-gnu/libnss_compat-2.23.so
7f6b25e13000-7f6b26012000 ---p 00008000 08:03 529402                     /lib/x86_64-linux-gnu/libnss_compat-2.23.so
7f6b26012000-7f6b26013000 r--p 00007000 08:03 529402                     /lib/x86_64-linux-gnu/libnss_compat-2.23.so
7f6b26013000-7f6b26014000 rw-p 00008000 08:03 529402                     /lib/x86_64-linux-gnu/libnss_compat-2.23.so
7f6b26014000-7f6b2603f000 r-xp 00000000 08:03 1456514                    /usr/lib/jvm/java-9-openjdk-amd64/lib/amd64/libjava.so
7f6b2603f000-7f6b2623e000 ---p 0002b000 08:03 1456514                    /usr/lib/jvm/java-9-openjdk-amd64/lib/amd64/libjava.so
7f6b2623e000-7f6b2623f000 r--p 0002a000 08:03 1456514                    /usr/lib/jvm/java-9-openjdk-amd64/lib/amd64/libjava.so
7f6b2623f000-7f6b26241000 rw-p 0002b000 08:03 1456514                    /usr/lib/jvm/java-9-openjdk-amd64/lib/amd64/libjava.so
7f6b26241000-7f6b2624e000 r-xp 00000000 08:03 1456515                    /usr/lib/jvm/java-9-openjdk-amd64/lib/amd64/libverify.so
7f6b2624e000-7f6b2644d000 ---p 0000d000 08:03 1456515                    /usr/lib/jvm/java-9-openjdk-amd64/lib/amd64/libverify.so
7f6b2644d000-7f6b2644f000 r--p 0000c000 08:03 1456515                    /usr/lib/jvm/java-9-openjdk-amd64/lib/amd64/libverify.so
7f6b2644f000-7f6b26450000 rw-p 0000e000 08:03 1456515                    /usr/lib/jvm/java-9-openjdk-amd64/lib/amd64/libverify.so
7f6b26450000-7f6b26457000 r-xp 00000000 08:03 529369                     /lib/x86_64-linux-gnu/librt-2.23.so
7f6b26457000-7f6b26656000 ---p 00007000 08:03 529369                     /lib/x86_64-linux-gnu/librt-2.23.so
7f6b26656000-7f6b26657000 r--p 00006000 08:03 529369                     /lib/x86_64-linux-gnu/librt-2.23.so
7f6b26657000-7f6b26658000 rw-p 00007000 08:03 529369                     /lib/x86_64-linux-gnu/librt-2.23.so
7f6b26658000-7f6b2666e000 r-xp 00000000 08:03 529607                     /lib/x86_64-linux-gnu/libgcc_s.so.1
7f6b2666e000-7f6b2686d000 ---p 00016000 08:03 529607                     /lib/x86_64-linux-gnu/libgcc_s.so.1
7f6b2686d000-7f6b2686e000 rw-p 00015000 08:03 529607                     /lib/x86_64-linux-gnu/libgcc_s.so.1
7f6b2686e000-7f6b26976000 r-xp 00000000 08:03 529404                     /lib/x86_64-linux-gnu/libm-2.23.so
7f6b26976000-7f6b26b75000 ---p 00108000 08:03 529404                     /lib/x86_64-linux-gnu/libm-2.23.so
7f6b26b75000-7f6b26b76000 r--p 00107000 08:03 529404                     /lib/x86_64-linux-gnu/libm-2.23.so
7f6b26b76000-7f6b26b77000 rw-p 00108000 08:03 529404                     /lib/x86_64-linux-gnu/libm-2.23.so
7f6b26b77000-7f6b26ce9000 r-xp 00000000 08:03 1442136                    /usr/lib/x86_64-linux-gnu/libstdc++.so.6.0.21
7f6b26ce9000-7f6b26ee9000 ---p 00172000 08:03 1442136                    /usr/lib/x86_64-linux-gnu/libstdc++.so.6.0.21
7f6b26ee9000-7f6b26ef3000 r--p 00172000 08:03 1442136                    /usr/lib/x86_64-linux-gnu/libstdc++.so.6.0.21
7f6b26ef3000-7f6b26ef5000 rw-p 0017c000 08:03 1442136                    /usr/lib/x86_64-linux-gnu/libstdc++.so.6.0.21
7f6b26ef5000-7f6b26ef9000 rw-p 00000000 00:00 0 
7f6b26ef9000-7f6b27d57000 r-xp 00000000 08:03 1456528                    /usr/lib/jvm/java-9-openjdk-amd64/lib/amd64/server/libjvm.so
7f6b27d57000-7f6b27f57000 ---p 00e5e000 08:03 1456528                    /usr/lib/jvm/java-9-openjdk-amd64/lib/amd64/server/libjvm.so
7f6b27f57000-7f6b28009000 r--p 00e5e000 08:03 1456528                    /usr/lib/jvm/java-9-openjdk-amd64/lib/amd64/server/libjvm.so
7f6b28009000-7f6b2803b000 rw-p 00f10000 08:03 1456528                    /usr/lib/jvm/java-9-openjdk-amd64/lib/amd64/server/libjvm.so
7f6b2803b000-7f6b28080000 rw-p 00000000 00:00 0 
7f6b28080000-7f6b28098000 r-xp 00000000 08:03 529387                     /lib/x86_64-linux-gnu/libpthread-2.23.so
7f6b28098000-7f6b28297000 ---p 00018000 08:03 529387                     /lib/x86_64-linux-gnu/libpthread-2.23.so
7f6b28297000-7f6b28298000 r--p 00017000 08:03 529387                     /lib/x86_64-linux-gnu/libpthread-2.23.so
7f6b28298000-7f6b28299000 rw-p 00018000 08:03 529387                     /lib/x86_64-linux-gnu/libpthread-2.23.so
7f6b28299000-7f6b2829d000 rw-p 00000000 00:00 0 
7f6b2829d000-7f6b282a0000 r-xp 00000000 08:03 529382                     /lib/x86_64-linux-gnu/libdl-2.23.so
7f6b282a0000-7f6b2849f000 ---p 00003000 08:03 529382                     /lib/x86_64-linux-gnu/libdl-2.23.so
7f6b2849f000-7f6b284a0000 r--p 00002000 08:03 529382                     /lib/x86_64-linux-gnu/libdl-2.23.so
7f6b284a0000-7f6b284a1000 rw-p 00003000 08:03 529382                     /lib/x86_64-linux-gnu/libdl-2.23.so
7f6b284a1000-7f6b284ba000 r-xp 00000000 08:03 524804                     /lib/x86_64-linux-gnu/libz.so.1.2.8
7f6b284ba000-7f6b286b9000 ---p 00019000 08:03 524804                     /lib/x86_64-linux-gnu/libz.so.1.2.8
7f6b286b9000-7f6b286ba000 r--p 00018000 08:03 524804                     /lib/x86_64-linux-gnu/libz.so.1.2.8
7f6b286ba000-7f6b286bb000 rw-p 00019000 08:03 524804                     /lib/x86_64-linux-gnu/libz.so.1.2.8
7f6b286bb000-7f6b2887b000 r-xp 00000000 08:03 529401                     /lib/x86_64-linux-gnu/libc-2.23.so
7f6b2887b000-7f6b28a7b000 ---p 001c0000 08:03 529401                     /lib/x86_64-linux-gnu/libc-2.23.so
7f6b28a7b000-7f6b28a7f000 r--p 001c0000 08:03 529401                     /lib/x86_64-linux-gnu/libc-2.23.so
7f6b28a7f000-7f6b28a81000 rw-p 001c4000 08:03 529401                     /lib/x86_64-linux-gnu/libc-2.23.so
7f6b28a81000-7f6b28a85000 rw-p 00000000 00:00 0 
7f6b28a85000-7f6b28a93000 r-xp 00000000 08:03 1456545                    /usr/lib/jvm/java-9-openjdk-amd64/lib/amd64/jli/libjli.so
7f6b28a93000-7f6b28c92000 ---p 0000e000 08:03 1456545                    /usr/lib/jvm/java-9-openjdk-amd64/lib/amd64/jli/libjli.so
7f6b28c92000-7f6b28c93000 r--p 0000d000 08:03 1456545                    /usr/lib/jvm/java-9-openjdk-amd64/lib/amd64/jli/libjli.so
7f6b28c93000-7f6b28c94000 rw-p 0000e000 08:03 1456545                    /usr/lib/jvm/java-9-openjdk-amd64/lib/amd64/jli/libjli.so
7f6b28c94000-7f6b28cba000 r-xp 00000000 08:03 529386                     /lib/x86_64-linux-gnu/ld-2.23.so
7f6b28ce7000-7f6b28d8b000 rw-p 00000000 00:00 0 
7f6b28d8b000-7f6b28d8f000 ---p 00000000 00:00 0 
7f6b28d8f000-7f6b28e90000 rw-p 00000000 00:00 0 
7f6b28e9b000-7f6b28ea2000 r--s 00000000 08:03 1848351                    /usr/lib/x86_64-linux-gnu/gconv/gconv-modules.cache
7f6b28ea2000-7f6b28ea7000 rw-p 00000000 00:00 0 
7f6b28ea7000-7f6b28eae000 ---p 00000000 00:00 0 
7f6b28eae000-7f6b28eb6000 rw-s 00000000 08:03 657960                     /tmp/hsperfdata_jgourd/14879
7f6b28eb6000-7f6b28eb7000 rw-p 00000000 00:00 0 
7f6b28eb7000-7f6b28eb8000 r--p 00000000 00:00 0 
7f6b28eb8000-7f6b28eb9000 rw-p 00000000 00:00 0 
7f6b28eb9000-7f6b28eba000 r--p 00025000 08:03 529386                     /lib/x86_64-linux-gnu/ld-2.23.so
7f6b28eba000-7f6b28ebb000 rw-p 00026000 08:03 529386                     /lib/x86_64-linux-gnu/ld-2.23.so
7f6b28ebb000-7f6b28ebc000 rw-p 00000000 00:00 0 
7ffcdaf29000-7ffcdaf4a000 rw-p 00000000 00:00 0                          [stack]
7ffcdaf4e000-7ffcdaf50000 r--p 00000000 00:00 0                          [vvar]
7ffcdaf50000-7ffcdaf52000 r-xp 00000000 00:00 0                          [vdso]
ffffffffff600000-ffffffffff601000 r-xp 00000000 00:00 0                  [vsyscall]

VM Arguments:
java_command: View
java_class_path (initial): .
Launcher Type: SUN_STANDARD

Environment Variables:
PATH=/home/jgourd/usr/bin:/usr/local/sbin:/usr/local/bin:/usr/sbin:/usr/bin:/sbin:/bin:/usr/games:/usr/local/games:/home/jgourd/_git/other/docs:/sbin:/usr/sbin
LD_LIBRARY_PATH=/home/jgourd/usr/lib:
SHELL=/bin/bash
DISPLAY=:0.0

Signal Handlers:
SIGSEGV: [libjvm.so+0xc12c20], sa_mask[0]=11111111011111111101111111111110, sa_flags=SA_RESTART|SA_SIGINFO
SIGBUS: [libjvm.so+0xc12c20], sa_mask[0]=11111111011111111101111111111110, sa_flags=SA_RESTART|SA_SIGINFO
SIGFPE: [libjvm.so+0xc12c20], sa_mask[0]=11111111011111111101111111111110, sa_flags=SA_RESTART|SA_SIGINFO
SIGPIPE: [libjvm.so+0xa3b600], sa_mask[0]=11111111011111111101111111111110, sa_flags=SA_RESTART|SA_SIGINFO
SIGXFSZ: [libjvm.so+0xa3b600], sa_mask[0]=11111111011111111101111111111110, sa_flags=SA_RESTART|SA_SIGINFO
SIGILL: [libjvm.so+0xc12c20], sa_mask[0]=11111111011111111101111111111110, sa_flags=SA_RESTART|SA_SIGINFO
SIGUSR2: [libjvm.so+0xa3b4a0], sa_mask[0]=00000000000000000000000000000000, sa_flags=SA_RESTART|SA_SIGINFO
SIGHUP: [libjvm.so+0xa3b870], sa_mask[0]=11111111011111111101111111111110, sa_flags=SA_RESTART|SA_SIGINFO
SIGINT: [libjvm.so+0xa3b870], sa_mask[0]=11111111011111111101111111111110, sa_flags=SA_RESTART|SA_SIGINFO
SIGTERM: [libjvm.so+0xa3b870], sa_mask[0]=11111111011111111101111111111110, sa_flags=SA_RESTART|SA_SIGINFO
SIGQUIT: [libjvm.so+0xa3b870], sa_mask[0]=11111111011111111101111111111110, sa_flags=SA_RESTART|SA_SIGINFO


---------------  S Y S T E M  ---------------

OS:DISTRIB_ID=LinuxMint
DISTRIB_RELEASE=18.3
DISTRIB_CODENAME=sylvia
DISTRIB_DESCRIPTION="Linux Mint 18.3 Sylvia"
uname:Linux 4.10.0-38-generic #42~16.04.1-Ubuntu SMP Tue Oct 10 16:32:20 UTC 2017 x86_64
libc:glibc 2.23 NPTL 2.23 
rlimit: STACK 8192k, CORE 0k, NPROC 31501, NOFILE 1048576, AS infinity
load average:0.20 0.31 0.32

/proc/meminfo:
MemTotal:        8111404 kB
MemFree:          273340 kB
MemAvailable:    5176364 kB
Buffers:         1313804 kB
Cached:          2172584 kB
SwapCached:            0 kB
Active:          4205524 kB
Inactive:        1223576 kB
Active(anon):    1876236 kB
Inactive(anon):   565920 kB
Active(file):    2329288 kB
Inactive(file):   657656 kB
Unevictable:         116 kB
Mlocked:             116 kB
SwapTotal:       8388604 kB
SwapFree:        8388604 kB
Dirty:               340 kB
Writeback:             0 kB
AnonPages:       1771156 kB
Mapped:           714004 kB
Shmem:            499192 kB
Slab:            2269468 kB
SReclaimable:    2220820 kB
SUnreclaim:        48648 kB
KernelStack:       10592 kB
PageTables:        44464 kB
NFS_Unstable:          0 kB
Bounce:                0 kB
WritebackTmp:          0 kB
CommitLimit:    12444304 kB
Committed_AS:    7114960 kB
VmallocTotal:   34359738367 kB
VmallocUsed:           0 kB
VmallocChunk:          0 kB
HardwareCorrupted:     0 kB
AnonHugePages:    630784 kB
ShmemHugePages:        0 kB
ShmemPmdMapped:        0 kB
CmaTotal:              0 kB
CmaFree:               0 kB
HugePages_Total:       0
HugePages_Free:        0
HugePages_Rsvd:        0
HugePages_Surp:        0
Hugepagesize:       2048 kB
DirectMap4k:      405076 kB
DirectMap2M:     7921664 kB
DirectMap1G:           0 kB


CPU:total 4 (2 cores per cpu, 2 threads per core) family 6 model 60 stepping 3, cmov, cx8, fxsr, mmx, sse, sse2, sse3, ssse3, sse4.1, sse4.2, popcnt, avx, avx2, aes, clmul, erms, lzcnt, ht, tsc, tscinvbit, bmi1, bmi2

CPU Model and flags from /proc/cpuinfo:
model name	: Intel(R) Core(TM) i5-4200M CPU @ 2.50GHz
flags		: fpu vme de pse tsc msr pae mce cx8 apic sep mtrr pge mca cmov pat pse36 clflush dts acpi mmx fxsr sse sse2 ss ht tm pbe syscall nx pdpe1gb rdtscp lm constant_tsc arch_perfmon pebs bts rep_good nopl xtopology nonstop_tsc aperfmperf pni pclmulqdq dtes64 monitor ds_cpl vmx est tm2 ssse3 sdbg fma cx16 xtpr pdcm pcid sse4_1 sse4_2 movbe popcnt tsc_deadline_timer aes xsave avx f16c rdrand lahf_lm abm epb tpr_shadow vnmi flexpriority ept vpid fsgsbase tsc_adjust bmi1 avx2 smep bmi2 erms invpcid xsaveopt dtherm ida arat pln pts

Memory: 4k page, physical 8111404k(273340k free), swap 8388604k(8388604k free)

vm_info: OpenJDK 64-Bit Server VM (9-internal+0-2016-04-14-195246.buildd.src) for linux-amd64 JRE (9-internal+0-2016-04-14-195246.buildd.src), built on Apr 14 2016 20:05:37 by "buildd" with gcc 5.3.1 20160413

END.
