#
# A fatal error has been detected by the Java Runtime Environment:
#
#  SIGSEGV (0xb) at pc=0x00007f7c86dcc009, pid=12740, tid=12778
#
# JRE version: OpenJDK Runtime Environment (9.0) (build 9-internal+0-2016-04-14-195246.buildd.src)
# Java VM: OpenJDK 64-Bit Server VM (9-internal+0-2016-04-14-195246.buildd.src, mixed mode, tiered, compressed oops, g1 gc, linux-amd64)
# Problematic frame:
# C  [libjava.so+0x1d009]  JNU_GetEnv+0x19
#
# Core dump will be written. Default location: Core dumps may be processed with "/usr/share/apport/apport %p %s %c %d %P" (or dumping to /home/jgourd/_git/school/teaching/Spring2020/Cyber Storm/challenges/reverse engineering/Inertia/distrib/core.12740)
#
# If you would like to submit a bug report, please visit:
#   http://bugreport.java.com/bugreport/crash.jsp
# The crash happened outside the Java Virtual Machine in native code.
# See problematic frame for where to report the bug.
#

---------------  S U M M A R Y ------------

Command Line: View

Host: Intel(R) Core(TM) i5-4200M CPU @ 2.50GHz, 4 cores, 7G, Linux Mint 18.3 Sylvia
Time: Fri May 15 14:27:40 2020 CDT elapsed time: 5 seconds (0d 0h 0m 5s)

---------------  T H R E A D  ---------------

Current thread (0x00007f7be4009800):  JavaThread "AWT-EventQueue-0" [_thread_in_native, id=12778, stack(0x00007f7bf74ea000,0x00007f7bf75eb000)]

Stack: [0x00007f7bf74ea000,0x00007f7bf75eb000],  sp=0x00007f7bf75e4e20,  free space=1003k
Native frames: (J=compiled Java code, j=interpreted, Vv=VM code, C=native code)
C  [libjava.so+0x1d009]  JNU_GetEnv+0x19
C  [libfontmanager.so+0x33f8e]
C  [libfreetype.so.6+0x14d2b]  FT_Stream_Seek+0x1b

Java frames: (J=compiled Java code, j=interpreted, Vv=VM code)
j  sun.font.FreetypeFontScaler.initNativeScaler(Lsun/font/Font2D;IIZI)J+0 java.desktop@9-internal
j  sun.font.FreetypeFontScaler.<init>(Lsun/font/Font2D;IZI)V+26 java.desktop@9-internal
v  ~StubRoutines::call_stub
j  sun.reflect.NativeConstructorAccessorImpl.newInstance0(Ljava/lang/reflect/Constructor;[Ljava/lang/Object;)Ljava/lang/Object;+0 java.base@9-internal
j  sun.reflect.NativeConstructorAccessorImpl.newInstance([Ljava/lang/Object;)Ljava/lang/Object;+85 java.base@9-internal
j  sun.reflect.DelegatingConstructorAccessorImpl.newInstance([Ljava/lang/Object;)Ljava/lang/Object;+5 java.base@9-internal
j  java.lang.reflect.Constructor.newInstance([Ljava/lang/Object;)Ljava/lang/Object;+65 java.base@9-internal
j  sun.font.FontScaler.getScaler(Lsun/font/Font2D;IZI)Lsun/font/FontScaler;+39 java.desktop@9-internal
j  sun.font.TrueTypeFont.getScaler()Lsun/font/FontScaler;+21 java.desktop@9-internal
j  sun.font.FileFontStrike.<init>(Lsun/font/FileFont;Lsun/font/FontStrikeDesc;)V+204 java.desktop@9-internal
j  sun.font.FileFont.createStrike(Lsun/font/FontStrikeDesc;)Lsun/font/FontStrike;+18 java.desktop@9-internal
j  sun.font.Font2D.getStrike(Lsun/font/FontStrikeDesc;Z)Lsun/font/FontStrike;+92 java.desktop@9-internal
j  sun.font.Font2D.getStrike(Lsun/font/FontStrikeDesc;)Lsun/font/FontStrike;+3 java.desktop@9-internal
j  sun.font.CompositeStrike.getStrikeForSlot(I)Lsun/font/PhysicalStrike;+23 java.desktop@9-internal
j  sun.font.CompositeStrike.getGlyphImagePtrs([I[JI)V+2 java.desktop@9-internal
j  sun.font.GlyphList.mapChars(Lsun/java2d/loops/FontInfo;I)Z+37 java.desktop@9-internal
j  sun.font.GlyphList.setFromString(Lsun/java2d/loops/FontInfo;Ljava/lang/String;FF)Z+71 java.desktop@9-internal
j  sun.java2d.pipe.GlyphListPipe.drawString(Lsun/java2d/SunGraphics2D;Ljava/lang/String;DD)V+146 java.desktop@9-internal
j  sun.java2d.SunGraphics2D.drawString(Ljava/lang/String;II)V+68 java.desktop@9-internal
j  Game.paintComponent(Ljava/awt/Graphics;)V+55
j  javax.swing.JComponent.paint(Ljava/awt/Graphics;)V+286 java.desktop@9-internal
j  javax.swing.JComponent.paintToOffscreen(Ljava/awt/Graphics;IIIIII)V+41 java.desktop@9-internal
j  javax.swing.BufferStrategyPaintManager.paint(Ljavax/swing/JComponent;Ljavax/swing/JComponent;Ljava/awt/Graphics;IIII)Z+164 java.desktop@9-internal
j  javax.swing.RepaintManager.paint(Ljavax/swing/JComponent;Ljavax/swing/JComponent;Ljava/awt/Graphics;IIII)V+51 java.desktop@9-internal
j  javax.swing.JComponent._paintImmediately(IIII)V+683 java.desktop@9-internal
j  javax.swing.JComponent.paintImmediately(IIII)V+138 java.desktop@9-internal
j  javax.swing.RepaintManager$4.run()Ljava/lang/Void;+81 java.desktop@9-internal
j  javax.swing.RepaintManager$4.run()Ljava/lang/Object;+1 java.desktop@9-internal
v  ~StubRoutines::call_stub
j  java.security.AccessController.doPrivileged(Ljava/security/PrivilegedAction;Ljava/security/AccessControlContext;)Ljava/lang/Object;+0 java.base@9-internal
j  java.security.ProtectionDomain$JavaSecurityAccessImpl.doIntersectionPrivilege(Ljava/security/PrivilegedAction;Ljava/security/AccessControlContext;Ljava/security/AccessControlContext;)Ljava/lang/Object;+18 java.base@9-internal
j  javax.swing.RepaintManager.paintDirtyRegions(Ljava/util/Map;)V+154 java.desktop@9-internal
j  javax.swing.RepaintManager.paintDirtyRegions()V+46 java.desktop@9-internal
j  javax.swing.RepaintManager.prePaintDirtyRegions()V+73 java.desktop@9-internal
j  javax.swing.RepaintManager.access$1200(Ljavax/swing/RepaintManager;)V+1 java.desktop@9-internal
j  javax.swing.RepaintManager$ProcessingRunnable.run()V+37 java.desktop@9-internal
j  java.awt.event.InvocationEvent.dispatch()V+47 java.desktop@9-internal
j  java.awt.EventQueue.dispatchEventImpl(Ljava/awt/AWTEvent;Ljava/lang/Object;)V+21 java.desktop@9-internal
j  java.awt.EventQueue.access$500(Ljava/awt/EventQueue;Ljava/awt/AWTEvent;Ljava/lang/Object;)V+3 java.desktop@9-internal
j  java.awt.EventQueue$3.run()Ljava/lang/Void;+32 java.desktop@9-internal
j  java.awt.EventQueue$3.run()Ljava/lang/Object;+1 java.desktop@9-internal
v  ~StubRoutines::call_stub
j  java.security.AccessController.doPrivileged(Ljava/security/PrivilegedAction;Ljava/security/AccessControlContext;)Ljava/lang/Object;+0 java.base@9-internal
j  java.security.ProtectionDomain$JavaSecurityAccessImpl.doIntersectionPrivilege(Ljava/security/PrivilegedAction;Ljava/security/AccessControlContext;Ljava/security/AccessControlContext;)Ljava/lang/Object;+18 java.base@9-internal
j  java.awt.EventQueue.dispatchEvent(Ljava/awt/AWTEvent;)V+46 java.desktop@9-internal
j  java.awt.EventDispatchThread.pumpOneEventForFilters(I)V+183 java.desktop@9-internal
j  java.awt.EventDispatchThread.pumpEventsForFilter(ILjava/awt/Conditional;Ljava/awt/EventFilter;)V+35 java.desktop@9-internal
j  java.awt.EventDispatchThread.pumpEventsForHierarchy(ILjava/awt/Conditional;Ljava/awt/Component;)V+11 java.desktop@9-internal
j  java.awt.EventDispatchThread.pumpEvents(ILjava/awt/Conditional;)V+4 java.desktop@9-internal
j  java.awt.EventDispatchThread.pumpEvents(Ljava/awt/Conditional;)V+3 java.desktop@9-internal
j  java.awt.EventDispatchThread.run()V+9 java.desktop@9-internal
v  ~StubRoutines::call_stub

siginfo: si_signo: 11 (SIGSEGV), si_code: 1 (SEGV_MAPERR), si_addr: 0x0000000000000000

Register to memory mapping:

RAX=0x0000000000000000 is an unknown value
RBX=0x0000000000000000 is an unknown value
RCX=0x0000000000000000 is an unknown value
RDX=0x0000000000010002 is an unknown value
RSP=0x00007f7bf75e4e20 is pointing into the stack for thread: 0x00007f7be4009800
RBP=0x00007f7bf75e4e30 is pointing into the stack for thread: 0x00007f7be4009800
RSI=0x0000000000010002 is an unknown value
RDI=0x0000000000000000 is an unknown value
R8 =0x0000000000000000 is an unknown value
R9 =0x0000000000000000 is an unknown value
R10=0x00000000000001db is an unknown value
R11=0x00007f7c86dcbff0: JNU_GetEnv+0x0000000000000000 in /usr/lib/jvm/java-9-openjdk-amd64/lib/amd64/libjava.so at 0x00007f7c86daf000
R12=0x0000000002d85760 is an unknown value
R13=0x0000000000000000 is an unknown value
R14=0x0000000000000000 is an unknown value
R15=0x0000000002d86aa0 is an unknown value


Registers:
RAX=0x0000000000000000, RBX=0x0000000000000000, RCX=0x0000000000000000, RDX=0x0000000000010002
RSP=0x00007f7bf75e4e20, RBP=0x00007f7bf75e4e30, RSI=0x0000000000010002, RDI=0x0000000000000000
R8 =0x0000000000000000, R9 =0x0000000000000000, R10=0x00000000000001db, R11=0x00007f7c86dcbff0
R12=0x0000000002d85760, R13=0x0000000000000000, R14=0x0000000000000000, R15=0x0000000002d86aa0
RIP=0x00007f7c86dcc009, EFLAGS=0x0000000000010246, CSGSFS=0x002b000000000033, ERR=0x0000000000000004
  TRAPNO=0x000000000000000e

Top of Stack: (sp=0x00007f7bf75e4e20)
0x00007f7bf75e4e20:   0000000000000000 e81cad2cf992b500
0x00007f7bf75e4e30:   00007f7bf75e4e70 00007f7c3838df8e
0x00007f7bf75e4e40:   0000000002d86070 0000000002d85760
0x00007f7bf75e4e50:   0000000000000000 0000000000000000
0x00007f7bf75e4e60:   0000000002d85760 0000000002d86aa0
0x00007f7bf75e4e70:   0000000000000000 00007f7c380c4d2b
0x00007f7bf75e4e80:   0000000000000000 00007f7c38356d80
0x00007f7bf75e4e90:   0000000000000000 00007f7c380d88e0
0x00007f7bf75e4ea0:   0000000000000002 0000003200000008
0x00007f7bf75e4eb0:   0000000000000000 0000000000000000
0x00007f7bf75e4ec0:   0000006e0000005b 0000000000000000
0x00007f7bf75e4ed0:   0000000000000000 0000007c00000077
0x00007f7bf75e4ee0:   0000000000000000 0000000000000000
0x00007f7bf75e4ef0:   0000000000000000 0000000000000000
0x00007f7bf75e4f00:   0000000000000000 00007f7c8981ab20
0x00007f7bf75e4f10:   0000000000000070 00007f7bf75e4fc4
0x00007f7bf75e4f20:   0000000002d86070 0000000002d86aa0
0x00007f7bf75e4f30:   00007f7bf75e4fc4 00007f7c894da184
0x00007f7bf75e4f40:   0000000000000000 00007f7bf75e4f74
0x00007f7bf75e4f50:   00007f7c383539e0 e81cad2cf992b500
0x00007f7bf75e4f60:   0000000000000070 0000000002d85870
0x00007f7bf75e4f70:   00007f7c383539e0 00007f7bf75e5088
0x00007f7bf75e4f80:   0000000002d86070 0000000002d86aa0
0x00007f7bf75e4f90:   0000000002d86fd0 00007f7c380c74c2
0x00007f7bf75e4fa0:   0000000100000000 00007f7bf75e5090
0x00007f7bf75e4fb0:   0000000000000000 0000000000000000
0x00007f7bf75e4fc0:   00000000f75e5088 e81cad2cf992b500
0x00007f7bf75e4fd0:   0000000002d85870 00007f7bf75e5090
0x00007f7bf75e4fe0:   0000000000000000 0000000002d85f98
0x00007f7bf75e4ff0:   00007f7bf75e5290 0000000002d85ef8
0x00007f7bf75e5000:   0000000002d86070 00007f7c380c9581
0x00007f7bf75e5010:   00007f7bf75e5090 00007f7c380c9376 

Instructions: (pc=0x00007f7c86dcc009)
0x00007f7c86dcbfe9:   ff eb ea 0f 1f 40 00 55 89 f2 48 89 e5 48 83 ec
0x00007f7c86dcbff9:   10 64 48 8b 04 25 28 00 00 00 48 89 45 f8 31 c0
0x00007f7c86dcc009:   48 8b 07 48 8d 75 f0 ff 50 30 48 8b 4d f8 64 48
0x00007f7c86dcc019:   33 0c 25 28 00 00 00 48 8b 45 f0 75 02 c9 c3 e8 


---------------  P R O C E S S  ---------------

Java Threads: ( => current thread )
  0x00007f7be8001800 JavaThread "SeedGenerator Thread" daemon [_thread_blocked, id=12809, stack(0x00007f7bdfc09000,0x00007f7bdfd0a000)]
  0x0000000002d5d000 JavaThread "SeedGenerator Thread" daemon [_thread_in_Java, id=12786, stack(0x00007f7bdfd0a000,0x00007f7bdfe0b000)]
  0x00007f7c80011000 JavaThread "DestroyJavaVM" [_thread_blocked, id=12741, stack(0x00007f7c89b26000,0x00007f7c89c27000)]
  0x00007f7bec02f800 JavaThread "Java Sound Event Dispatcher" daemon [_thread_blocked, id=12784, stack(0x00007f7bf432f000,0x00007f7bf4430000)]
=>0x00007f7be4009800 JavaThread "AWT-EventQueue-0" [_thread_in_native, id=12778, stack(0x00007f7bf74ea000,0x00007f7bf75eb000)]
  0x00007f7be4008000 JavaThread "AWT-Shutdown" [_thread_blocked, id=12777, stack(0x00007f7bf75eb000,0x00007f7bf76ec000)]
  0x00007f7c80365800 JavaThread "TimerQueue" daemon [_thread_blocked, id=12769, stack(0x00007f7bf7dfe000,0x00007f7bf7eff000)]
  0x00007f7c80363800 JavaThread "Thread-0" [_thread_blocked, id=12768, stack(0x00007f7bf7eff000,0x00007f7bf8000000)]
  0x00007f7c80342000 JavaThread "AWT-XAWT" daemon [_thread_in_native, id=12766, stack(0x00007f7c0c7c8000,0x00007f7c0c8c9000)]
  0x00007f7c80321000 JavaThread "Java2D Disposer" daemon [_thread_blocked, id=12765, stack(0x00007f7c0ccd9000,0x00007f7c0cdda000)]
  0x00007f7c80254800 JavaThread "Service Thread" daemon [_thread_blocked, id=12763, stack(0x00007f7c4000e000,0x00007f7c4010f000)]
  0x00007f7c8019f000 JavaThread "Common-Cleaner" daemon [_thread_blocked, id=12762, stack(0x00007f7c4010f000,0x00007f7c40210000)]
  0x00007f7c8016f000 JavaThread "Sweeper thread" daemon [_thread_blocked, id=12761, stack(0x00007f7c682a3000,0x00007f7c683a4000)]
  0x00007f7c8016d800 JavaThread "C1 CompilerThread2" daemon [_thread_blocked, id=12760, stack(0x00007f7c683a4000,0x00007f7c684a5000)]
  0x00007f7c8016b800 JavaThread "C2 CompilerThread1" daemon [_thread_in_native, id=12759, stack(0x00007f7c684a5000,0x00007f7c685a6000)]
  0x00007f7c80169800 JavaThread "C2 CompilerThread0" daemon [_thread_blocked, id=12758, stack(0x00007f7c685a6000,0x00007f7c686a7000)]
  0x00007f7c80165000 JavaThread "Signal Dispatcher" daemon [_thread_blocked, id=12757, stack(0x00007f7c686a7000,0x00007f7c687a8000)]
  0x00007f7c80163000 JavaThread "Surrogate Locker Thread (Concurrent GC)" daemon [_thread_blocked, id=12756, stack(0x00007f7c687a8000,0x00007f7c688a9000)]
  0x00007f7c80151800 JavaThread "Finalizer" daemon [_thread_blocked, id=12755, stack(0x00007f7c68b81000,0x00007f7c68c82000)]
  0x00007f7c80145800 JavaThread "Reference Handler" daemon [_thread_blocked, id=12754, stack(0x00007f7c68c82000,0x00007f7c68d83000)]

Other Threads:
  0x00007f7c8013b800 VMThread [stack: 0x00007f7c68d83000,0x00007f7c68e84000] [id=12753]
  0x00007f7c80257800 WatcherThread [stack: 0x00007f7c39ce8000,0x00007f7c39de9000] [id=12764]

Threads with active compile tasks:
C2 CompilerThread1 858 %     4       java.util.Properties::saveConvert @ 35 (434 bytes)

VM state:not at safepoint (normal execution)

VM Mutex/Monitor currently owned by a thread: None

heap address: 0x0000000084200000, size: 1982 MB, Compressed Oops mode: 32-bit
Narrow klass base: 0x0000000000000000, Narrow klass shift: 3
Compressed class space size: 1073741824 Address: 0x0000000100000000

Heap:
 garbage-first heap   total 126976K, used 11419K [0x0000000084200000, 0x00000000843003e0, 0x0000000100000000)
  region size 1024K, 9 young (9216K), 1 survivors (1024K)
 Metaspace       used 13007K, capacity 13482K, committed 13696K, reserved 1060864K
  class space    used 1446K, capacity 1612K, committed 1664K, reserved 1048576K

Heap Regions: E=young(eden), S=young(survivor), O=old, HS=humongous(starts), HC=humongous(continues), CS=collection set, F=free, A=archive, TS=gc time stamp, AC=allocation context, TAMS=top-at-mark-start (previous, next)
|   0|0x0000000084200000, 0x0000000084300000, 0x0000000084300000|100%|HS|  |TS  0|AC  0|TAMS 0x0000000084200000, 0x0000000084200000|
|   1|0x0000000084300000, 0x0000000084400000, 0x0000000084400000|100%|HC|  |TS  0|AC  0|TAMS 0x0000000084300000, 0x0000000084300000|
|   2|0x0000000084400000, 0x0000000084500000, 0x0000000084500000|100%| O|  |TS  1|AC  0|TAMS 0x0000000084400000, 0x0000000084400000|
|   3|0x0000000084500000, 0x0000000084526e00, 0x0000000084600000| 15%| O|  |TS  1|AC  0|TAMS 0x0000000084500000, 0x0000000084500000|
|   4|0x0000000084600000, 0x0000000084600000, 0x0000000084700000|  0%| F|  |TS  0|AC  0|TAMS 0x0000000084600000, 0x0000000084600000|
|   5|0x0000000084700000, 0x0000000084700000, 0x0000000084800000|  0%| F|  |TS  0|AC  0|TAMS 0x0000000084700000, 0x0000000084700000|
|   6|0x0000000084800000, 0x0000000084800000, 0x0000000084900000|  0%| F|  |TS  0|AC  0|TAMS 0x0000000084800000, 0x0000000084800000|
|   7|0x0000000084900000, 0x0000000084900000, 0x0000000084a00000|  0%| F|  |TS  0|AC  0|TAMS 0x0000000084900000, 0x0000000084900000|
|   8|0x0000000084a00000, 0x0000000084a00000, 0x0000000084b00000|  0%| F|  |TS  0|AC  0|TAMS 0x0000000084a00000, 0x0000000084a00000|
|   9|0x0000000084b00000, 0x0000000084b00000, 0x0000000084c00000|  0%| F|  |TS  0|AC  0|TAMS 0x0000000084b00000, 0x0000000084b00000|
|  10|0x0000000084c00000, 0x0000000084c00000, 0x0000000084d00000|  0%| F|  |TS  0|AC  0|TAMS 0x0000000084c00000, 0x0000000084c00000|
|  11|0x0000000084d00000, 0x0000000084d00000, 0x0000000084e00000|  0%| F|  |TS  0|AC  0|TAMS 0x0000000084d00000, 0x0000000084d00000|
|  12|0x0000000084e00000, 0x0000000084e00000, 0x0000000084f00000|  0%| F|  |TS  0|AC  0|TAMS 0x0000000084e00000, 0x0000000084e00000|
|  13|0x0000000084f00000, 0x0000000084f00000, 0x0000000085000000|  0%| F|  |TS  0|AC  0|TAMS 0x0000000084f00000, 0x0000000084f00000|
|  14|0x0000000085000000, 0x0000000085000000, 0x0000000085100000|  0%| F|  |TS  0|AC  0|TAMS 0x0000000085000000, 0x0000000085000000|
|  15|0x0000000085100000, 0x0000000085100000, 0x0000000085200000|  0%| F|  |TS  0|AC  0|TAMS 0x0000000085100000, 0x0000000085100000|
|  16|0x0000000085200000, 0x0000000085200000, 0x0000000085300000|  0%| F|  |TS  0|AC  0|TAMS 0x0000000085200000, 0x0000000085200000|
|  17|0x0000000085300000, 0x0000000085300000, 0x0000000085400000|  0%| F|  |TS  0|AC  0|TAMS 0x0000000085300000, 0x0000000085300000|
|  18|0x0000000085400000, 0x0000000085400000, 0x0000000085500000|  0%| F|  |TS  0|AC  0|TAMS 0x0000000085400000, 0x0000000085400000|
|  19|0x0000000085500000, 0x0000000085500000, 0x0000000085600000|  0%| F|  |TS  0|AC  0|TAMS 0x0000000085500000, 0x0000000085500000|
|  20|0x0000000085600000, 0x0000000085600000, 0x0000000085700000|  0%| F|  |TS  0|AC  0|TAMS 0x0000000085600000, 0x0000000085600000|
|  21|0x0000000085700000, 0x0000000085700000, 0x0000000085800000|  0%| F|  |TS  0|AC  0|TAMS 0x0000000085700000, 0x0000000085700000|
|  22|0x0000000085800000, 0x0000000085800000, 0x0000000085900000|  0%| F|  |TS  0|AC  0|TAMS 0x0000000085800000, 0x0000000085800000|
|  23|0x0000000085900000, 0x0000000085900000, 0x0000000085a00000|  0%| F|  |TS  0|AC  0|TAMS 0x0000000085900000, 0x0000000085900000|
|  24|0x0000000085a00000, 0x0000000085a00000, 0x0000000085b00000|  0%| F|  |TS  0|AC  0|TAMS 0x0000000085a00000, 0x0000000085a00000|
|  25|0x0000000085b00000, 0x0000000085b00000, 0x0000000085c00000|  0%| F|  |TS  0|AC  0|TAMS 0x0000000085b00000, 0x0000000085b00000|
|  26|0x0000000085c00000, 0x0000000085c00000, 0x0000000085d00000|  0%| F|  |TS  0|AC  0|TAMS 0x0000000085c00000, 0x0000000085c00000|
|  27|0x0000000085d00000, 0x0000000085d00000, 0x0000000085e00000|  0%| F|  |TS  0|AC  0|TAMS 0x0000000085d00000, 0x0000000085d00000|
|  28|0x0000000085e00000, 0x0000000085e00000, 0x0000000085f00000|  0%| F|  |TS  0|AC  0|TAMS 0x0000000085e00000, 0x0000000085e00000|
|  29|0x0000000085f00000, 0x0000000085f00000, 0x0000000086000000|  0%| F|  |TS  0|AC  0|TAMS 0x0000000085f00000, 0x0000000085f00000|
|  30|0x0000000086000000, 0x0000000086000000, 0x0000000086100000|  0%| F|  |TS  0|AC  0|TAMS 0x0000000086000000, 0x0000000086000000|
|  31|0x0000000086100000, 0x0000000086100000, 0x0000000086200000|  0%| F|  |TS  0|AC  0|TAMS 0x0000000086100000, 0x0000000086100000|
|  32|0x0000000086200000, 0x0000000086200000, 0x0000000086300000|  0%| F|  |TS  0|AC  0|TAMS 0x0000000086200000, 0x0000000086200000|
|  33|0x0000000086300000, 0x0000000086300000, 0x0000000086400000|  0%| F|  |TS  0|AC  0|TAMS 0x0000000086300000, 0x0000000086300000|
|  34|0x0000000086400000, 0x0000000086400000, 0x0000000086500000|  0%| F|  |TS  0|AC  0|TAMS 0x0000000086400000, 0x0000000086400000|
|  35|0x0000000086500000, 0x0000000086500000, 0x0000000086600000|  0%| F|  |TS  0|AC  0|TAMS 0x0000000086500000, 0x0000000086500000|
|  36|0x0000000086600000, 0x0000000086600000, 0x0000000086700000|  0%| F|  |TS  0|AC  0|TAMS 0x0000000086600000, 0x0000000086600000|
|  37|0x0000000086700000, 0x0000000086700000, 0x0000000086800000|  0%| F|  |TS  0|AC  0|TAMS 0x0000000086700000, 0x0000000086700000|
|  38|0x0000000086800000, 0x0000000086800000, 0x0000000086900000|  0%| F|  |TS  0|AC  0|TAMS 0x0000000086800000, 0x0000000086800000|
|  39|0x0000000086900000, 0x0000000086900000, 0x0000000086a00000|  0%| F|  |TS  0|AC  0|TAMS 0x0000000086900000, 0x0000000086900000|
|  40|0x0000000086a00000, 0x0000000086a00000, 0x0000000086b00000|  0%| F|  |TS  0|AC  0|TAMS 0x0000000086a00000, 0x0000000086a00000|
|  41|0x0000000086b00000, 0x0000000086b00000, 0x0000000086c00000|  0%| F|  |TS  0|AC  0|TAMS 0x0000000086b00000, 0x0000000086b00000|
|  42|0x0000000086c00000, 0x0000000086c00000, 0x0000000086d00000|  0%| F|  |TS  0|AC  0|TAMS 0x0000000086c00000, 0x0000000086c00000|
|  43|0x0000000086d00000, 0x0000000086d00000, 0x0000000086e00000|  0%| F|  |TS  0|AC  0|TAMS 0x0000000086d00000, 0x0000000086d00000|
|  44|0x0000000086e00000, 0x0000000086e00000, 0x0000000086f00000|  0%| F|  |TS  0|AC  0|TAMS 0x0000000086e00000, 0x0000000086e00000|
|  45|0x0000000086f00000, 0x0000000086f00000, 0x0000000087000000|  0%| F|  |TS  0|AC  0|TAMS 0x0000000086f00000, 0x0000000086f00000|
|  46|0x0000000087000000, 0x0000000087000000, 0x0000000087100000|  0%| F|  |TS  0|AC  0|TAMS 0x0000000087000000, 0x0000000087000000|
|  47|0x0000000087100000, 0x0000000087100000, 0x0000000087200000|  0%| F|  |TS  0|AC  0|TAMS 0x0000000087100000, 0x0000000087100000|
|  48|0x0000000087200000, 0x0000000087200000, 0x0000000087300000|  0%| F|  |TS  0|AC  0|TAMS 0x0000000087200000, 0x0000000087200000|
|  49|0x0000000087300000, 0x0000000087300000, 0x0000000087400000|  0%| F|  |TS  0|AC  0|TAMS 0x0000000087300000, 0x0000000087300000|
|  50|0x0000000087400000, 0x0000000087400000, 0x0000000087500000|  0%| F|  |TS  0|AC  0|TAMS 0x0000000087400000, 0x0000000087400000|
|  51|0x0000000087500000, 0x0000000087500000, 0x0000000087600000|  0%| F|  |TS  0|AC  0|TAMS 0x0000000087500000, 0x0000000087500000|
|  52|0x0000000087600000, 0x0000000087600000, 0x0000000087700000|  0%| F|  |TS  0|AC  0|TAMS 0x0000000087600000, 0x0000000087600000|
|  53|0x0000000087700000, 0x0000000087700000, 0x0000000087800000|  0%| F|  |TS  0|AC  0|TAMS 0x0000000087700000, 0x0000000087700000|
|  54|0x0000000087800000, 0x0000000087800000, 0x0000000087900000|  0%| F|  |TS  0|AC  0|TAMS 0x0000000087800000, 0x0000000087800000|
|  55|0x0000000087900000, 0x0000000087900000, 0x0000000087a00000|  0%| F|  |TS  0|AC  0|TAMS 0x0000000087900000, 0x0000000087900000|
|  56|0x0000000087a00000, 0x0000000087a00000, 0x0000000087b00000|  0%| F|  |TS  0|AC  0|TAMS 0x0000000087a00000, 0x0000000087a00000|
|  57|0x0000000087b00000, 0x0000000087b00000, 0x0000000087c00000|  0%| F|  |TS  0|AC  0|TAMS 0x0000000087b00000, 0x0000000087b00000|
|  58|0x0000000087c00000, 0x0000000087c00000, 0x0000000087d00000|  0%| F|  |TS  0|AC  0|TAMS 0x0000000087c00000, 0x0000000087c00000|
|  59|0x0000000087d00000, 0x0000000087d00000, 0x0000000087e00000|  0%| F|  |TS  0|AC  0|TAMS 0x0000000087d00000, 0x0000000087d00000|
|  60|0x0000000087e00000, 0x0000000087e00000, 0x0000000087f00000|  0%| F|  |TS  0|AC  0|TAMS 0x0000000087e00000, 0x0000000087e00000|
|  61|0x0000000087f00000, 0x0000000087f00000, 0x0000000088000000|  0%| F|  |TS  0|AC  0|TAMS 0x0000000087f00000, 0x0000000087f00000|
|  62|0x0000000088000000, 0x0000000088000000, 0x0000000088100000|  0%| F|  |TS  0|AC  0|TAMS 0x0000000088000000, 0x0000000088000000|
|  63|0x0000000088100000, 0x0000000088100000, 0x0000000088200000|  0%| F|  |TS  0|AC  0|TAMS 0x0000000088100000, 0x0000000088100000|
|  64|0x0000000088200000, 0x0000000088200000, 0x0000000088300000|  0%| F|  |TS  0|AC  0|TAMS 0x0000000088200000, 0x0000000088200000|
|  65|0x0000000088300000, 0x0000000088300000, 0x0000000088400000|  0%| F|  |TS  0|AC  0|TAMS 0x0000000088300000, 0x0000000088300000|
|  66|0x0000000088400000, 0x0000000088400000, 0x0000000088500000|  0%| F|  |TS  0|AC  0|TAMS 0x0000000088400000, 0x0000000088400000|
|  67|0x0000000088500000, 0x0000000088500000, 0x0000000088600000|  0%| F|  |TS  0|AC  0|TAMS 0x0000000088500000, 0x0000000088500000|
|  68|0x0000000088600000, 0x0000000088600000, 0x0000000088700000|  0%| F|  |TS  0|AC  0|TAMS 0x0000000088600000, 0x0000000088600000|
|  69|0x0000000088700000, 0x0000000088700000, 0x0000000088800000|  0%| F|  |TS  0|AC  0|TAMS 0x0000000088700000, 0x0000000088700000|
|  70|0x0000000088800000, 0x0000000088800000, 0x0000000088900000|  0%| F|  |TS  0|AC  0|TAMS 0x0000000088800000, 0x0000000088800000|
|  71|0x0000000088900000, 0x0000000088900000, 0x0000000088a00000|  0%| F|  |TS  0|AC  0|TAMS 0x0000000088900000, 0x0000000088900000|
|  72|0x0000000088a00000, 0x0000000088a00000, 0x0000000088b00000|  0%| F|  |TS  0|AC  0|TAMS 0x0000000088a00000, 0x0000000088a00000|
|  73|0x0000000088b00000, 0x0000000088b00000, 0x0000000088c00000|  0%| F|  |TS  0|AC  0|TAMS 0x0000000088b00000, 0x0000000088b00000|
|  74|0x0000000088c00000, 0x0000000088c00000, 0x0000000088d00000|  0%| F|  |TS  0|AC  0|TAMS 0x0000000088c00000, 0x0000000088c00000|
|  75|0x0000000088d00000, 0x0000000088d00000, 0x0000000088e00000|  0%| F|  |TS  0|AC  0|TAMS 0x0000000088d00000, 0x0000000088d00000|
|  76|0x0000000088e00000, 0x0000000088e00000, 0x0000000088f00000|  0%| F|  |TS  0|AC  0|TAMS 0x0000000088e00000, 0x0000000088e00000|
|  77|0x0000000088f00000, 0x0000000088f00000, 0x0000000089000000|  0%| F|  |TS  0|AC  0|TAMS 0x0000000088f00000, 0x0000000088f00000|
|  78|0x0000000089000000, 0x0000000089000000, 0x0000000089100000|  0%| F|  |TS  0|AC  0|TAMS 0x0000000089000000, 0x0000000089000000|
|  79|0x0000000089100000, 0x0000000089100000, 0x0000000089200000|  0%| F|  |TS  0|AC  0|TAMS 0x0000000089100000, 0x0000000089100000|
|  80|0x0000000089200000, 0x0000000089200000, 0x0000000089300000|  0%| F|  |TS  0|AC  0|TAMS 0x0000000089200000, 0x0000000089200000|
|  81|0x0000000089300000, 0x0000000089300000, 0x0000000089400000|  0%| F|  |TS  0|AC  0|TAMS 0x0000000089300000, 0x0000000089300000|
|  82|0x0000000089400000, 0x0000000089400000, 0x0000000089500000|  0%| F|  |TS  0|AC  0|TAMS 0x0000000089400000, 0x0000000089400000|
|  83|0x0000000089500000, 0x0000000089500000, 0x0000000089600000|  0%| F|  |TS  0|AC  0|TAMS 0x0000000089500000, 0x0000000089500000|
|  84|0x0000000089600000, 0x0000000089600000, 0x0000000089700000|  0%| F|  |TS  0|AC  0|TAMS 0x0000000089600000, 0x0000000089600000|
|  85|0x0000000089700000, 0x0000000089700000, 0x0000000089800000|  0%| F|  |TS  0|AC  0|TAMS 0x0000000089700000, 0x0000000089700000|
|  86|0x0000000089800000, 0x0000000089800000, 0x0000000089900000|  0%| F|  |TS  0|AC  0|TAMS 0x0000000089800000, 0x0000000089800000|
|  87|0x0000000089900000, 0x0000000089900000, 0x0000000089a00000|  0%| F|  |TS  0|AC  0|TAMS 0x0000000089900000, 0x0000000089900000|
|  88|0x0000000089a00000, 0x0000000089a00000, 0x0000000089b00000|  0%| F|  |TS  0|AC  0|TAMS 0x0000000089a00000, 0x0000000089a00000|
|  89|0x0000000089b00000, 0x0000000089b00000, 0x0000000089c00000|  0%| F|  |TS  0|AC  0|TAMS 0x0000000089b00000, 0x0000000089b00000|
|  90|0x0000000089c00000, 0x0000000089c00000, 0x0000000089d00000|  0%| F|  |TS  0|AC  0|TAMS 0x0000000089c00000, 0x0000000089c00000|
|  91|0x0000000089d00000, 0x0000000089d00000, 0x0000000089e00000|  0%| F|  |TS  0|AC  0|TAMS 0x0000000089d00000, 0x0000000089d00000|
|  92|0x0000000089e00000, 0x0000000089e00000, 0x0000000089f00000|  0%| F|  |TS  0|AC  0|TAMS 0x0000000089e00000, 0x0000000089e00000|
|  93|0x0000000089f00000, 0x0000000089f00000, 0x000000008a000000|  0%| F|  |TS  0|AC  0|TAMS 0x0000000089f00000, 0x0000000089f00000|
|  94|0x000000008a000000, 0x000000008a000000, 0x000000008a100000|  0%| F|  |TS  0|AC  0|TAMS 0x000000008a000000, 0x000000008a000000|
|  95|0x000000008a100000, 0x000000008a100000, 0x000000008a200000|  0%| F|  |TS  0|AC  0|TAMS 0x000000008a100000, 0x000000008a100000|
|  96|0x000000008a200000, 0x000000008a200000, 0x000000008a300000|  0%| F|  |TS  0|AC  0|TAMS 0x000000008a200000, 0x000000008a200000|
|  97|0x000000008a300000, 0x000000008a300000, 0x000000008a400000|  0%| F|  |TS  0|AC  0|TAMS 0x000000008a300000, 0x000000008a300000|
|  98|0x000000008a400000, 0x000000008a400000, 0x000000008a500000|  0%| F|  |TS  0|AC  0|TAMS 0x000000008a400000, 0x000000008a400000|
|  99|0x000000008a500000, 0x000000008a500000, 0x000000008a600000|  0%| F|  |TS  0|AC  0|TAMS 0x000000008a500000, 0x000000008a500000|
| 100|0x000000008a600000, 0x000000008a600000, 0x000000008a700000|  0%| F|  |TS  0|AC  0|TAMS 0x000000008a600000, 0x000000008a600000|
| 101|0x000000008a700000, 0x000000008a700000, 0x000000008a800000|  0%| F|  |TS  0|AC  0|TAMS 0x000000008a700000, 0x000000008a700000|
| 102|0x000000008a800000, 0x000000008a800000, 0x000000008a900000|  0%| F|  |TS  0|AC  0|TAMS 0x000000008a800000, 0x000000008a800000|
| 103|0x000000008a900000, 0x000000008a900000, 0x000000008aa00000|  0%| F|  |TS  0|AC  0|TAMS 0x000000008a900000, 0x000000008a900000|
| 104|0x000000008aa00000, 0x000000008aa00000, 0x000000008ab00000|  0%| F|  |TS  0|AC  0|TAMS 0x000000008aa00000, 0x000000008aa00000|
| 105|0x000000008ab00000, 0x000000008ab00000, 0x000000008ac00000|  0%| F|  |TS  0|AC  0|TAMS 0x000000008ab00000, 0x000000008ab00000|
| 106|0x000000008ac00000, 0x000000008ac00000, 0x000000008ad00000|  0%| F|  |TS  0|AC  0|TAMS 0x000000008ac00000, 0x000000008ac00000|
| 107|0x000000008ad00000, 0x000000008ad00000, 0x000000008ae00000|  0%| F|  |TS  0|AC  0|TAMS 0x000000008ad00000, 0x000000008ad00000|
| 108|0x000000008ae00000, 0x000000008ae00000, 0x000000008af00000|  0%| F|  |TS  0|AC  0|TAMS 0x000000008ae00000, 0x000000008ae00000|
| 109|0x000000008af00000, 0x000000008af00000, 0x000000008b000000|  0%| F|  |TS  0|AC  0|TAMS 0x000000008af00000, 0x000000008af00000|
| 110|0x000000008b000000, 0x000000008b000000, 0x000000008b100000|  0%| F|  |TS  0|AC  0|TAMS 0x000000008b000000, 0x000000008b000000|
| 111|0x000000008b100000, 0x000000008b100000, 0x000000008b200000|  0%| F|  |TS  0|AC  0|TAMS 0x000000008b100000, 0x000000008b100000|
| 112|0x000000008b200000, 0x000000008b200000, 0x000000008b300000|  0%| F|  |TS  0|AC  0|TAMS 0x000000008b200000, 0x000000008b200000|
| 113|0x000000008b300000, 0x000000008b300000, 0x000000008b400000|  0%| F|  |TS  0|AC  0|TAMS 0x000000008b300000, 0x000000008b300000|
| 114|0x000000008b400000, 0x000000008b400000, 0x000000008b500000|  0%| F|  |TS  0|AC  0|TAMS 0x000000008b400000, 0x000000008b400000|
| 115|0x000000008b500000, 0x000000008b57d198, 0x000000008b600000| 48%| E|  |TS  0|AC  0|TAMS 0x000000008b500000, 0x000000008b500000|
| 116|0x000000008b600000, 0x000000008b700000, 0x000000008b700000|100%| S|CS|TS  1|AC  0|TAMS 0x000000008b600000, 0x000000008b600000|
| 117|0x000000008b700000, 0x000000008b800000, 0x000000008b800000|100%| E|CS|TS  0|AC  0|TAMS 0x000000008b700000, 0x000000008b700000|
| 118|0x000000008b800000, 0x000000008b900000, 0x000000008b900000|100%| E|CS|TS  0|AC  0|TAMS 0x000000008b800000, 0x000000008b800000|
| 119|0x000000008b900000, 0x000000008ba00000, 0x000000008ba00000|100%| E|CS|TS  0|AC  0|TAMS 0x000000008b900000, 0x000000008b900000|
| 120|0x000000008ba00000, 0x000000008bb00000, 0x000000008bb00000|100%| E|CS|TS  0|AC  0|TAMS 0x000000008ba00000, 0x000000008ba00000|
| 121|0x000000008bb00000, 0x000000008bc00000, 0x000000008bc00000|100%| E|CS|TS  0|AC  0|TAMS 0x000000008bb00000, 0x000000008bb00000|
| 122|0x000000008bc00000, 0x000000008bd00000, 0x000000008bd00000|100%| E|CS|TS  0|AC  0|TAMS 0x000000008bc00000, 0x000000008bc00000|
| 123|0x000000008bd00000, 0x000000008be00000, 0x000000008be00000|100%| E|CS|TS  0|AC  0|TAMS 0x000000008bd00000, 0x000000008bd00000|

Card table byte_map: [0x00007f7c846e1000,0x00007f7c84ac0000] byte_map_base: 0x00007f7c842c0000

Marking Bits (Prev, Next): (CMBitMap*) 0x00007f7c80060650, (CMBitMap*) 0x00007f7c800606a8
 Prev Bits: [0x00007f7c42108000, 0x00007f7c44000000)
 Next Bits: [0x00007f7c40210000, 0x00007f7c42108000)

Polling page: 0x00007f7c89c52000

CodeHeap 'non-nmethods': size=5696Kb used=1289Kb max_used=1307Kb free=4407Kb
 bounds [0x00007f7c69c51000, 0x00007f7c69ec1000, 0x00007f7c6a1e1000]
CodeHeap 'profiled nmethods': size=120032Kb used=1470Kb max_used=1470Kb free=118561Kb
 bounds [0x00007f7c6a1e1000, 0x00007f7c6a451000, 0x00007f7c71719000]
CodeHeap 'non-profiled nmethods': size=120032Kb used=283Kb max_used=283Kb free=119748Kb
 bounds [0x00007f7c71719000, 0x00007f7c71989000, 0x00007f7c78c51000]
 total_blobs=1640 nmethods=869 adapters=490
 compilation: enabled

Compilation events (10 events):
Event: 5.592 Thread 0x00007f7c8016d800 nmethod 866 0x00007f7c6a34e810 code [0x00007f7c6a34ea20, 0x00007f7c6a34f358]
Event: 5.595 Thread 0x00007f7c80169800 nmethod 864 0x00007f7c7175f210 code [0x00007f7c7175f380, 0x00007f7c7175f778]
Event: 5.598 Thread 0x00007f7c8016d800  868       3       java.nio.HeapByteBuffer::_get (7 bytes)
Event: 5.599 Thread 0x00007f7c8016d800 nmethod 868 0x00007f7c6a34f590 code [0x00007f7c6a34f700, 0x00007f7c6a34f870]
Event: 5.601 Thread 0x00007f7c8016d800  869       3       java.nio.ByteBufferAsIntBufferB::get (16 bytes)
Event: 5.601 Thread 0x00007f7c8016d800 nmethod 869 0x00007f7c6a34f990 code [0x00007f7c6a34fb80, 0x00007f7c6a350328]
Event: 5.602 Thread 0x00007f7c8016d800  870       3       java.nio.ByteBufferAsIntBufferB::ix (9 bytes)
Event: 5.602 Thread 0x00007f7c8016d800 nmethod 870 0x00007f7c6a350590 code [0x00007f7c6a350700, 0x00007f7c6a350850]
Event: 5.602 Thread 0x00007f7c8016d800  871       1       java.nio.HeapByteBuffer::_get (7 bytes)
Event: 5.602 Thread 0x00007f7c8016d800 nmethod 871 0x00007f7c7175f990 code [0x00007f7c7175fb00, 0x00007f7c7175fc30]

GC Heap History (2 events):
Event: 0.279 GC heap before
{Heap before GC invocations=0 (full 0):
 garbage-first heap   total 126976K, used 9216K [0x0000000084200000, 0x00000000843003e0, 0x0000000100000000)
  region size 1024K, 7 young (7168K), 0 survivors (0K)
 Metaspace       used 9097K, capacity 9472K, committed 9600K, reserved 1058816K
  class space    used 979K, capacity 1105K, committed 1152K, reserved 1048576K
}
Event: 0.283 GC heap after
{Heap after GC invocations=1 (full 0):
 garbage-first heap   total 126976K, used 4251K [0x0000000084200000, 0x00000000843003e0, 0x0000000100000000)
  region size 1024K, 1 young (1024K), 1 survivors (1024K)
 Metaspace       used 9097K, capacity 9472K, committed 9600K, reserved 1058816K
  class space    used 979K, capacity 1105K, committed 1152K, reserved 1048576K
}

Deoptimization events (10 events):
Event: 0.388 Thread 0x00007f7c80011000 Uncommon trap: reason=class_check action=maybe_recompile pc=0x00007f7c71722bc8 method=java.util.HashMap.putVal(ILjava/lang/Object;Ljava/lang/Object;ZZ)Ljava/lang/Object; @ 253
Event: 0.389 Thread 0x00007f7c80011000 Uncommon trap: reason=class_check action=maybe_recompile pc=0x00007f7c71722bc8 method=java.util.HashMap.putVal(ILjava/lang/Object;Ljava/lang/Object;ZZ)Ljava/lang/Object; @ 253
Event: 0.391 Thread 0x00007f7c80011000 Uncommon trap: reason=unstable_fused_if action=reinterpret pc=0x00007f7c7172f974 method=jdk.internal.org.objectweb.asm.ByteVector.putUTF8(Ljava/lang/String;)Ljdk/internal/org/objectweb/asm/ByteVector; @ 91
Event: 0.461 Thread 0x00007f7be4009800 Uncommon trap: reason=unstable_if action=reinterpret pc=0x00007f7c7174ebc8 method=java.lang.StringUTF16.compress([CI[BII)I @ 20
Event: 0.554 Thread 0x00007f7be4009800 Uncommon trap: reason=bimorphic_or_optimized_type_check action=maybe_recompile pc=0x00007f7c7174dc24 method=java.util.HashMap.putVal(ILjava/lang/Object;Ljava/lang/Object;ZZ)Ljava/lang/Object; @ 253
Event: 0.554 Thread 0x00007f7be4009800 Uncommon trap: reason=bimorphic_or_optimized_type_check action=maybe_recompile pc=0x00007f7c7174dc24 method=java.util.HashMap.putVal(ILjava/lang/Object;Ljava/lang/Object;ZZ)Ljava/lang/Object; @ 253
Event: 0.554 Thread 0x00007f7be4009800 Uncommon trap: reason=bimorphic_or_optimized_type_check action=maybe_recompile pc=0x00007f7c7174dc24 method=java.util.HashMap.putVal(ILjava/lang/Object;Ljava/lang/Object;ZZ)Ljava/lang/Object; @ 253
Event: 0.554 Thread 0x00007f7be4009800 Uncommon trap: reason=bimorphic_or_optimized_type_check action=maybe_recompile pc=0x00007f7c7174dc24 method=java.util.HashMap.putVal(ILjava/lang/Object;Ljava/lang/Object;ZZ)Ljava/lang/Object; @ 253
Event: 0.807 Thread 0x0000000002d5d000 Uncommon trap: reason=unstable_if action=reinterpret pc=0x00007f7c71756bc0 method=sun.security.provider.SeedGenerator$ThreadedSeedGenerator.run()V @ 120
Event: 5.574 Thread 0x00007f7be4009800 Uncommon trap: reason=unstable_if action=reinterpret pc=0x00007f7c717312f4 method=java.lang.String.equals(Ljava/lang/Object;)Z @ 27

Classes redefined (0 events):
No events

Internal exceptions (7 events):
Event: 0.128 Thread 0x00007f7c80011000 Exception <a 'java/lang/ClassNotFoundException': sun/awt/resources/awtProvider> (0x000000008bb5da50) thrown at [/build/openjdk-9-argm_o/openjdk-9-9~b114/src/hotspot/src/share/vm/classfile/systemDictionary.cpp, line 224]
Event: 0.139 Thread 0x00007f7c80011000 Exception <a 'java/io/FileNotFoundException'> (0x000000008bb9d918) thrown at [/build/openjdk-9-argm_o/openjdk-9-9~b114/src/hotspot/src/share/vm/prims/jni.cpp, line 605]
Event: 0.140 Thread 0x00007f7c80011000 Exception <a 'java/io/FileNotFoundException'> (0x000000008bba5958) thrown at [/build/openjdk-9-argm_o/openjdk-9-9~b114/src/hotspot/src/share/vm/prims/jni.cpp, line 605]
Event: 0.231 Thread 0x00007f7c80011000 Exception <a 'java/lang/ClassNotFoundException': com/sun/swing/internal/plaf/metal/resources/metalProvider> (0x000000008b9670a0) thrown at [/build/openjdk-9-argm_o/openjdk-9-9~b114/src/hotspot/src/share/vm/classfile/systemDictionary.cpp, line 224]
Event: 0.232 Thread 0x00007f7c80011000 Exception <a 'java/lang/ClassNotFoundException': com/sun/swing/internal/plaf/basic/resources/basicProvider> (0x000000008b96a730) thrown at [/build/openjdk-9-argm_o/openjdk-9-9~b114/src/hotspot/src/share/vm/classfile/systemDictionary.cpp, line 224]
Event: 0.323 Thread 0x00007f7c80363800 Exception <a 'java/io/FileNotFoundException'> (0x000000008bb1dbb8) thrown at [/build/openjdk-9-argm_o/openjdk-9-9~b114/src/hotspot/src/share/vm/prims/jni.cpp, line 605]
Event: 0.377 Thread 0x00007f7c80011000 Implicit null exception at 0x00007f7c717251b8 to 0x00007f7c71725246

Events (10 events):
Event: 5.601 loading class sun/font/CMap$NullCMapClass
Event: 5.601 loading class sun/font/CMap$NullCMapClass done
Event: 5.601 loading class sun/font/CMap$CMapFormat12
Event: 5.601 loading class sun/font/CMap$CMapFormat12 done
Event: 5.602 loading class sun/font/FileFontStrike
Event: 5.602 loading class sun/font/FileFontStrike done
Event: 5.603 loading class sun/font/FontScaler
Event: 5.603 loading class sun/font/FontScaler done
Event: 5.603 loading class sun/font/FreetypeFontScaler
Event: 5.603 loading class sun/font/FreetypeFontScaler done


Dynamic libraries:
00400000-00401000 r-xp 00000000 08:03 1456500                            /usr/lib/jvm/java-9-openjdk-amd64/bin/java
00600000-00601000 r--p 00000000 08:03 1456500                            /usr/lib/jvm/java-9-openjdk-amd64/bin/java
00601000-00602000 rw-p 00001000 08:03 1456500                            /usr/lib/jvm/java-9-openjdk-amd64/bin/java
02093000-02db8000 rw-p 00000000 00:00 0                                  [heap]
84200000-8be00000 rw-p 00000000 00:00 0 
8be00000-100000000 ---p 00000000 00:00 0 
100000000-1001a0000 rw-p 00000000 00:00 0 
1001a0000-140000000 ---p 00000000 00:00 0 
7f7bd3fff000-7f7bd8000000 rw-s 00000000 00:16 32909                      /dev/shm/pulse-shm-1241688038
7f7bd8000000-7f7bd8021000 rw-p 00000000 00:00 0 
7f7bd8021000-7f7bdc000000 ---p 00000000 00:00 0 
7f7bdfb08000-7f7bdfb0c000 ---p 00000000 00:00 0 
7f7bdfb0c000-7f7bdfc09000 rw-p 00000000 00:00 0 
7f7bdfc09000-7f7bdfc0d000 ---p 00000000 00:00 0 
7f7bdfc0d000-7f7bdfd0a000 rw-p 00000000 00:00 0 
7f7bdfd0a000-7f7bdfd0e000 ---p 00000000 00:00 0 
7f7bdfd0e000-7f7bdfe0b000 rw-p 00000000 00:00 0 
7f7bdfe0b000-7f7bdffff000 rw-s 00000000 00:05 22282258                   /SYSV00000000 (deleted)
7f7bdffff000-7f7be4000000 rw-s 00000000 00:16 2366005                    /dev/shm/pulse-shm-439419246
7f7be4000000-7f7be4021000 rw-p 00000000 00:00 0 
7f7be4021000-7f7be8000000 ---p 00000000 00:00 0 
7f7be8000000-7f7be8021000 rw-p 00000000 00:00 0 
7f7be8021000-7f7bec000000 ---p 00000000 00:00 0 
7f7bec000000-7f7bec046000 rw-p 00000000 00:00 0 
7f7bec046000-7f7bf0000000 ---p 00000000 00:00 0 
7f7bf0000000-7f7bf0052000 rw-p 00000000 00:00 0 
7f7bf0052000-7f7bf4000000 ---p 00000000 00:00 0 
7f7bf40ef000-7f7bf412f000 r--s 00000000 08:03 1179720                    /var/cache/fontconfig/0bd3dc0958fa2205aaaa8ebb13e2872b-le64.cache-6
7f7bf412f000-7f7bf42ef000 rw-p 00000000 00:00 0 
7f7bf42ef000-7f7bf432f000 ---p 00000000 00:00 0 
7f7bf432f000-7f7bf4333000 ---p 00000000 00:00 0 
7f7bf4333000-7f7bf4430000 rw-p 00000000 00:00 0 
7f7bf4430000-7f7bf4431000 ---p 00000000 00:00 0 
7f7bf4431000-7f7bf4c31000 rw-p 00000000 00:00 0 
7f7bf4c31000-7f7bf4c37000 r-xp 00000000 08:03 1835381                    /usr/lib/x86_64-linux-gnu/alsa-lib/libasound_module_pcm_pulse.so
7f7bf4c37000-7f7bf4e36000 ---p 00006000 08:03 1835381                    /usr/lib/x86_64-linux-gnu/alsa-lib/libasound_module_pcm_pulse.so
7f7bf4e36000-7f7bf4e37000 r--p 00005000 08:03 1835381                    /usr/lib/x86_64-linux-gnu/alsa-lib/libasound_module_pcm_pulse.so
7f7bf4e37000-7f7bf4e38000 rw-p 00006000 08:03 1835381                    /usr/lib/x86_64-linux-gnu/alsa-lib/libasound_module_pcm_pulse.so
7f7bf4e38000-7f7bf4e62000 r-xp 00000000 08:03 1448141                    /usr/lib/x86_64-linux-gnu/libvorbis.so.0.4.8
7f7bf4e62000-7f7bf5061000 ---p 0002a000 08:03 1448141                    /usr/lib/x86_64-linux-gnu/libvorbis.so.0.4.8
7f7bf5061000-7f7bf5062000 r--p 00029000 08:03 1448141                    /usr/lib/x86_64-linux-gnu/libvorbis.so.0.4.8
7f7bf5062000-7f7bf5063000 rw-p 0002a000 08:03 1448141                    /usr/lib/x86_64-linux-gnu/libvorbis.so.0.4.8
7f7bf5063000-7f7bf506a000 r-xp 00000000 08:03 1452557                    /usr/lib/x86_64-linux-gnu/libogg.so.0.8.2
7f7bf506a000-7f7bf526a000 ---p 00007000 08:03 1452557                    /usr/lib/x86_64-linux-gnu/libogg.so.0.8.2
7f7bf526a000-7f7bf526b000 r--p 00007000 08:03 1452557                    /usr/lib/x86_64-linux-gnu/libogg.so.0.8.2
7f7bf526b000-7f7bf526c000 rw-p 00008000 08:03 1452557                    /usr/lib/x86_64-linux-gnu/libogg.so.0.8.2
7f7bf526c000-7f7bf527e000 r-xp 00000000 08:03 529613                     /lib/x86_64-linux-gnu/libgpg-error.so.0.17.0
7f7bf527e000-7f7bf547e000 ---p 00012000 08:03 529613                     /lib/x86_64-linux-gnu/libgpg-error.so.0.17.0
7f7bf547e000-7f7bf547f000 r--p 00012000 08:03 529613                     /lib/x86_64-linux-gnu/libgpg-error.so.0.17.0
7f7bf547f000-7f7bf5480000 rw-p 00013000 08:03 529613                     /lib/x86_64-linux-gnu/libgpg-error.so.0.17.0
7f7bf5480000-7f7bf54ee000 r-xp 00000000 08:03 529698                     /lib/x86_64-linux-gnu/libpcre.so.3.13.2
7f7bf54ee000-7f7bf56ee000 ---p 0006e000 08:03 529698                     /lib/x86_64-linux-gnu/libpcre.so.3.13.2
7f7bf56ee000-7f7bf56ef000 r--p 0006e000 08:03 529698                     /lib/x86_64-linux-gnu/libpcre.so.3.13.2
7f7bf56ef000-7f7bf56f0000 rw-p 0006f000 08:03 529698                     /lib/x86_64-linux-gnu/libpcre.so.3.13.2
7f7bf56f0000-7f7bf5707000 r-xp 00000000 08:03 529394                     /lib/x86_64-linux-gnu/libresolv-2.23.so
7f7bf5707000-7f7bf5907000 ---p 00017000 08:03 529394                     /lib/x86_64-linux-gnu/libresolv-2.23.so
7f7bf5907000-7f7bf5908000 r--p 00017000 08:03 529394                     /lib/x86_64-linux-gnu/libresolv-2.23.so
7f7bf5908000-7f7bf5909000 rw-p 00018000 08:03 529394                     /lib/x86_64-linux-gnu/libresolv-2.23.so
7f7bf5909000-7f7bf590b000 rw-p 00000000 00:00 0 
7f7bf590b000-7f7bf5998000 r-xp 00000000 08:03 1448139                    /usr/lib/x86_64-linux-gnu/libvorbisenc.so.2.0.11
7f7bf5998000-7f7bf5b97000 ---p 0008d000 08:03 1448139                    /usr/lib/x86_64-linux-gnu/libvorbisenc.so.2.0.11
7f7bf5b97000-7f7bf5bb3000 r--p 0008c000 08:03 1448139                    /usr/lib/x86_64-linux-gnu/libvorbisenc.so.2.0.11
7f7bf5bb3000-7f7bf5bb4000 rw-p 000a8000 08:03 1448139                    /usr/lib/x86_64-linux-gnu/libvorbisenc.so.2.0.11
7f7bf5bb4000-7f7bf5c27000 r-xp 00000000 08:03 1451425                    /usr/lib/x86_64-linux-gnu/libFLAC.so.8.3.0
7f7bf5c27000-7f7bf5e27000 ---p 00073000 08:03 1451425                    /usr/lib/x86_64-linux-gnu/libFLAC.so.8.3.0
7f7bf5e27000-7f7bf5e28000 r--p 00073000 08:03 1451425                    /usr/lib/x86_64-linux-gnu/libFLAC.so.8.3.0
7f7bf5e28000-7f7bf5e29000 rw-p 00074000 08:03 1451425                    /usr/lib/x86_64-linux-gnu/libFLAC.so.8.3.0
7f7bf5e29000-7f7bf5f00000 r-xp 00000000 08:03 524475                     /lib/x86_64-linux-gnu/libgcrypt.so.20.0.5
7f7bf5f00000-7f7bf6100000 ---p 000d7000 08:03 524475                     /lib/x86_64-linux-gnu/libgcrypt.so.20.0.5
7f7bf6100000-7f7bf6101000 r--p 000d7000 08:03 524475                     /lib/x86_64-linux-gnu/libgcrypt.so.20.0.5
7f7bf6101000-7f7bf6109000 rw-p 000d8000 08:03 524475                     /lib/x86_64-linux-gnu/libgcrypt.so.20.0.5
7f7bf6109000-7f7bf610a000 rw-p 00000000 00:00 0 
7f7bf610a000-7f7bf612b000 r-xp 00000000 08:03 529636                     /lib/x86_64-linux-gnu/liblzma.so.5.0.0
7f7bf612b000-7f7bf632a000 ---p 00021000 08:03 529636                     /lib/x86_64-linux-gnu/liblzma.so.5.0.0
7f7bf632a000-7f7bf632b000 r--p 00020000 08:03 529636                     /lib/x86_64-linux-gnu/liblzma.so.5.0.0
7f7bf632b000-7f7bf632c000 rw-p 00021000 08:03 529636                     /lib/x86_64-linux-gnu/liblzma.so.5.0.0
7f7bf632c000-7f7bf634b000 r-xp 00000000 08:03 529727                     /lib/x86_64-linux-gnu/libselinux.so.1
7f7bf634b000-7f7bf654a000 ---p 0001f000 08:03 529727                     /lib/x86_64-linux-gnu/libselinux.so.1
7f7bf654a000-7f7bf654b000 r--p 0001e000 08:03 529727                     /lib/x86_64-linux-gnu/libselinux.so.1
7f7bf654b000-7f7bf654c000 rw-p 0001f000 08:03 529727                     /lib/x86_64-linux-gnu/libselinux.so.1
7f7bf654c000-7f7bf654e000 rw-p 00000000 00:00 0 
7f7bf654e000-7f7bf6553000 r-xp 00000000 08:03 1451683                    /usr/lib/x86_64-linux-gnu/libasyncns.so.0.3.1
7f7bf6553000-7f7bf6752000 ---p 00005000 08:03 1451683                    /usr/lib/x86_64-linux-gnu/libasyncns.so.0.3.1
7f7bf6752000-7f7bf6753000 r--p 00004000 08:03 1451683                    /usr/lib/x86_64-linux-gnu/libasyncns.so.0.3.1
7f7bf6753000-7f7bf6754000 rw-p 00005000 08:03 1451683                    /usr/lib/x86_64-linux-gnu/libasyncns.so.0.3.1
7f7bf6754000-7f7bf67b7000 r-xp 00000000 08:03 1448046                    /usr/lib/x86_64-linux-gnu/libsndfile.so.1.0.25
7f7bf67b7000-7f7bf69b7000 ---p 00063000 08:03 1448046                    /usr/lib/x86_64-linux-gnu/libsndfile.so.1.0.25
7f7bf69b7000-7f7bf69b9000 r--p 00063000 08:03 1448046                    /usr/lib/x86_64-linux-gnu/libsndfile.so.1.0.25
7f7bf69b9000-7f7bf69ba000 rw-p 00065000 08:03 1448046                    /usr/lib/x86_64-linux-gnu/libsndfile.so.1.0.25
7f7bf69ba000-7f7bf69be000 rw-p 00000000 00:00 0 
7f7bf69be000-7f7bf69c6000 r-xp 00000000 08:03 529755                     /lib/x86_64-linux-gnu/libwrap.so.0.7.6
7f7bf69c6000-7f7bf6bc5000 ---p 00008000 08:03 529755                     /lib/x86_64-linux-gnu/libwrap.so.0.7.6
7f7bf6bc5000-7f7bf6bc6000 r--p 00007000 08:03 529755                     /lib/x86_64-linux-gnu/libwrap.so.0.7.6
7f7bf6bc6000-7f7bf6bc7000 rw-p 00008000 08:03 529755                     /lib/x86_64-linux-gnu/libwrap.so.0.7.6
7f7bf6bc7000-7f7bf6bc8000 rw-p 00000000 00:00 0 
7f7bf6bc8000-7f7bf6c13000 r-xp 00000000 08:03 524541                     /lib/x86_64-linux-gnu/libdbus-1.so.3.14.6
7f7bf6c13000-7f7bf6e12000 ---p 0004b000 08:03 524541                     /lib/x86_64-linux-gnu/libdbus-1.so.3.14.6
7f7bf6e12000-7f7bf6e13000 r--p 0004a000 08:03 524541                     /lib/x86_64-linux-gnu/libdbus-1.so.3.14.6
7f7bf6e13000-7f7bf6e14000 rw-p 0004b000 08:03 524541                     /lib/x86_64-linux-gnu/libdbus-1.so.3.14.6
7f7bf6e14000-7f7bf6e8e000 r-xp 00000000 08:03 1835514                    /usr/lib/x86_64-linux-gnu/pulseaudio/libpulsecommon-8.0.so
7f7bf6e8e000-7f7bf708d000 ---p 0007a000 08:03 1835514                    /usr/lib/x86_64-linux-gnu/pulseaudio/libpulsecommon-8.0.so
7f7bf708d000-7f7bf708e000 r--p 00079000 08:03 1835514                    /usr/lib/x86_64-linux-gnu/pulseaudio/libpulsecommon-8.0.so
7f7bf708e000-7f7bf708f000 rw-p 0007a000 08:03 1835514                    /usr/lib/x86_64-linux-gnu/pulseaudio/libpulsecommon-8.0.so
7f7bf708f000-7f7bf7099000 r-xp 00000000 08:03 529628                     /lib/x86_64-linux-gnu/libjson-c.so.2.0.0
7f7bf7099000-7f7bf7298000 ---p 0000a000 08:03 529628                     /lib/x86_64-linux-gnu/libjson-c.so.2.0.0
7f7bf7298000-7f7bf7299000 r--p 00009000 08:03 529628                     /lib/x86_64-linux-gnu/libjson-c.so.2.0.0
7f7bf7299000-7f7bf729a000 rw-p 0000a000 08:03 529628                     /lib/x86_64-linux-gnu/libjson-c.so.2.0.0
7f7bf729a000-7f7bf72e8000 r-xp 00000000 08:03 1444779                    /usr/lib/x86_64-linux-gnu/libpulse.so.0.19.0
7f7bf72e8000-7f7bf74e8000 ---p 0004e000 08:03 1444779                    /usr/lib/x86_64-linux-gnu/libpulse.so.0.19.0
7f7bf74e8000-7f7bf74e9000 r--p 0004e000 08:03 1444779                    /usr/lib/x86_64-linux-gnu/libpulse.so.0.19.0
7f7bf74e9000-7f7bf74ea000 rw-p 0004f000 08:03 1444779                    /usr/lib/x86_64-linux-gnu/libpulse.so.0.19.0
7f7bf74ea000-7f7bf74ee000 ---p 00000000 00:00 0 
7f7bf74ee000-7f7bf75eb000 rw-p 00000000 00:00 0 
7f7bf75eb000-7f7bf75ef000 ---p 00000000 00:00 0 
7f7bf75ef000-7f7bf76ec000 rw-p 00000000 00:00 0 
7f7bf76ec000-7f7bf77e5000 r-xp 00000000 08:03 1451673                    /usr/lib/x86_64-linux-gnu/libasound.so.2.0.0
7f7bf77e5000-7f7bf79e4000 ---p 000f9000 08:03 1451673                    /usr/lib/x86_64-linux-gnu/libasound.so.2.0.0
7f7bf79e4000-7f7bf79eb000 r--p 000f8000 08:03 1451673                    /usr/lib/x86_64-linux-gnu/libasound.so.2.0.0
7f7bf79eb000-7f7bf79ec000 rw-p 000ff000 08:03 1451673                    /usr/lib/x86_64-linux-gnu/libasound.so.2.0.0
7f7bf79ec000-7f7bf79fb000 r-xp 00000000 08:03 1450288                    /usr/lib/jvm/java-9-openjdk-amd64/lib/amd64/libjsoundalsa.so
7f7bf79fb000-7f7bf7bfa000 ---p 0000f000 08:03 1450288                    /usr/lib/jvm/java-9-openjdk-amd64/lib/amd64/libjsoundalsa.so
7f7bf7bfa000-7f7bf7bfb000 r--p 0000e000 08:03 1450288                    /usr/lib/jvm/java-9-openjdk-amd64/lib/amd64/libjsoundalsa.so
7f7bf7bfb000-7f7bf7bfc000 rw-p 0000f000 08:03 1450288                    /usr/lib/jvm/java-9-openjdk-amd64/lib/amd64/libjsoundalsa.so
7f7bf7bfc000-7f7bf7bfd000 r-xp 00000000 08:03 1456511                    /usr/lib/jvm/java-9-openjdk-amd64/lib/amd64/libjsound.so
7f7bf7bfd000-7f7bf7dfc000 ---p 00001000 08:03 1456511                    /usr/lib/jvm/java-9-openjdk-amd64/lib/amd64/libjsound.so
7f7bf7dfc000-7f7bf7dfd000 r--p 00000000 08:03 1456511                    /usr/lib/jvm/java-9-openjdk-amd64/lib/amd64/libjsound.so
7f7bf7dfd000-7f7bf7dfe000 rw-p 00001000 08:03 1456511                    /usr/lib/jvm/java-9-openjdk-amd64/lib/amd64/libjsound.so
7f7bf7dfe000-7f7bf7e02000 ---p 00000000 00:00 0 
7f7bf7e02000-7f7bf7eff000 rw-p 00000000 00:00 0 
7f7bf7eff000-7f7bf7f03000 ---p 00000000 00:00 0 
7f7bf7f03000-7f7bf8000000 rw-p 00000000 00:00 0 
7f7bf8000000-7f7bf8021000 rw-p 00000000 00:00 0 
7f7bf8021000-7f7bfc000000 ---p 00000000 00:00 0 
7f7bfc000000-7f7bfc021000 rw-p 00000000 00:00 0 
7f7bfc021000-7f7c00000000 ---p 00000000 00:00 0 
7f7c00000000-7f7c00021000 rw-p 00000000 00:00 0 
7f7c00021000-7f7c04000000 ---p 00000000 00:00 0 
7f7c04000000-7f7c04021000 rw-p 00000000 00:00 0 
7f7c04021000-7f7c08000000 ---p 00000000 00:00 0 
7f7c08000000-7f7c08021000 rw-p 00000000 00:00 0 
7f7c08021000-7f7c0c000000 ---p 00000000 00:00 0 
7f7c0c001000-7f7c0c008000 r--s 00000000 08:03 1190212                    /var/cache/fontconfig/4be9850f182b35c1350b6bbf2e42601c-le64.cache-6
7f7c0c008000-7f7c0c013000 r--s 00000000 08:03 1179758                    /var/cache/fontconfig/945677eb7aeaf62f1d50efc3fb3ec7d8-le64.cache-6
7f7c0c013000-7f7c0c028000 r--s 00000000 08:03 1179719                    /var/cache/fontconfig/04aabc0a78ac019cf9454389977116d2-le64.cache-6
7f7c0c028000-7f7c0c063000 r--s 00000000 08:03 1188631                    /var/cache/fontconfig/365b55f210c0a22e9a19e35191240f32-le64.cache-6
7f7c0c063000-7f7c0c0ba000 r-xp 00000000 08:03 1446770                    /usr/lib/x86_64-linux-gnu/libjpeg.so.8.0.2
7f7c0c0ba000-7f7c0c2ba000 ---p 00057000 08:03 1446770                    /usr/lib/x86_64-linux-gnu/libjpeg.so.8.0.2
7f7c0c2ba000-7f7c0c2bb000 r--p 00057000 08:03 1446770                    /usr/lib/x86_64-linux-gnu/libjpeg.so.8.0.2
7f7c0c2bb000-7f7c0c2bc000 rw-p 00058000 08:03 1446770                    /usr/lib/x86_64-linux-gnu/libjpeg.so.8.0.2
7f7c0c2bc000-7f7c0c2c6000 r-xp 00000000 08:03 1456546                    /usr/lib/jvm/java-9-openjdk-amd64/lib/amd64/libjavajpeg.so
7f7c0c2c6000-7f7c0c4c5000 ---p 0000a000 08:03 1456546                    /usr/lib/jvm/java-9-openjdk-amd64/lib/amd64/libjavajpeg.so
7f7c0c4c5000-7f7c0c4c6000 r--p 00009000 08:03 1456546                    /usr/lib/jvm/java-9-openjdk-amd64/lib/amd64/libjavajpeg.so
7f7c0c4c6000-7f7c0c4c7000 rw-p 0000a000 08:03 1456546                    /usr/lib/jvm/java-9-openjdk-amd64/lib/amd64/libjavajpeg.so
7f7c0c4c7000-7f7c0c6c7000 rw-p 00000000 00:00 0 
7f7c0c6c7000-7f7c0c6cb000 ---p 00000000 00:00 0 
7f7c0c6cb000-7f7c0c7c8000 rw-p 00000000 00:00 0 
7f7c0c7c8000-7f7c0c7cc000 ---p 00000000 00:00 0 
7f7c0c7cc000-7f7c0c8c9000 rw-p 00000000 00:00 0 
7f7c0c8c9000-7f7c0c8ce000 r-xp 00000000 08:03 1451599                    /usr/lib/x86_64-linux-gnu/libXfixes.so.3.1.0
7f7c0c8ce000-7f7c0cacd000 ---p 00005000 08:03 1451599                    /usr/lib/x86_64-linux-gnu/libXfixes.so.3.1.0
7f7c0cacd000-7f7c0cace000 r--p 00004000 08:03 1451599                    /usr/lib/x86_64-linux-gnu/libXfixes.so.3.1.0
7f7c0cace000-7f7c0cacf000 rw-p 00005000 08:03 1451599                    /usr/lib/x86_64-linux-gnu/libXfixes.so.3.1.0
7f7c0cacf000-7f7c0cad8000 r-xp 00000000 08:03 1451459                    /usr/lib/x86_64-linux-gnu/libXcursor.so.1.0.2
7f7c0cad8000-7f7c0ccd7000 ---p 00009000 08:03 1451459                    /usr/lib/x86_64-linux-gnu/libXcursor.so.1.0.2
7f7c0ccd7000-7f7c0ccd8000 r--p 00008000 08:03 1451459                    /usr/lib/x86_64-linux-gnu/libXcursor.so.1.0.2
7f7c0ccd8000-7f7c0ccd9000 rw-p 00009000 08:03 1451459                    /usr/lib/x86_64-linux-gnu/libXcursor.so.1.0.2
7f7c0ccd9000-7f7c0ccdd000 ---p 00000000 00:00 0 
7f7c0ccdd000-7f7c0cdda000 rw-p 00000000 00:00 0 
7f7c0cdda000-7f7c0cdfe000 r-xp 00000000 08:03 529175                     /lib/x86_64-linux-gnu/libpng12.so.0.54.0
7f7c0cdfe000-7f7c0cffd000 ---p 00024000 08:03 529175                     /lib/x86_64-linux-gnu/libpng12.so.0.54.0
7f7c0cffd000-7f7c0cffe000 r--p 00023000 08:03 529175                     /lib/x86_64-linux-gnu/libpng12.so.0.54.0
7f7c0cffe000-7f7c0cfff000 rw-p 00024000 08:03 529175                     /lib/x86_64-linux-gnu/libpng12.so.0.54.0
7f7c0cfff000-7f7c10000000 rw-p 00000000 00:00 0 
7f7c10000000-7f7c10132000 rw-p 00000000 00:00 0 
7f7c10132000-7f7c14000000 ---p 00000000 00:00 0 
7f7c14000000-7f7c14021000 rw-p 00000000 00:00 0 
7f7c14021000-7f7c18000000 ---p 00000000 00:00 0 
7f7c18000000-7f7c18221000 rw-p 00000000 00:00 0 
7f7c18221000-7f7c1c000000 ---p 00000000 00:00 0 
7f7c1c000000-7f7c1c294000 rw-p 00000000 00:00 0 
7f7c1c294000-7f7c20000000 ---p 00000000 00:00 0 
7f7c20000000-7f7c20021000 rw-p 00000000 00:00 0 
7f7c20021000-7f7c24000000 ---p 00000000 00:00 0 
7f7c24000000-7f7c24021000 rw-p 00000000 00:00 0 
7f7c24021000-7f7c28000000 ---p 00000000 00:00 0 
7f7c28000000-7f7c28021000 rw-p 00000000 00:00 0 
7f7c28021000-7f7c2c000000 ---p 00000000 00:00 0 
7f7c2c000000-7f7c2c021000 rw-p 00000000 00:00 0 
7f7c2c021000-7f7c30000000 ---p 00000000 00:00 0 
7f7c30000000-7f7c30021000 rw-p 00000000 00:00 0 
7f7c30021000-7f7c34000000 ---p 00000000 00:00 0 
7f7c34000000-7f7c34021000 rw-p 00000000 00:00 0 
7f7c34021000-7f7c38000000 ---p 00000000 00:00 0 
7f7c38006000-7f7c38007000 r--s 00000000 08:03 1189677                    /var/cache/fontconfig/087e1975ba9a574b140bb1df193bf770-le64.cache-6
7f7c38007000-7f7c38009000 r--s 00000000 08:03 1179760                    /var/cache/fontconfig/99e8ed0e538f840c565b6ed5dad60d56-le64.cache-6
7f7c38009000-7f7c3800f000 r--s 00000000 08:03 1179729                    /var/cache/fontconfig/2cd17615ca594fa2959ae173292e504c-le64.cache-6
7f7c3800f000-7f7c38010000 r--s 00000000 08:03 1179722                    /var/cache/fontconfig/0d8c3b2ac0904cb8a57a757ad11a4a08-le64.cache-6
7f7c38010000-7f7c38014000 r--s 00000000 08:03 1190226                    /var/cache/fontconfig/de156ccd2eddbdc19d37a45b8b2aac9c-le64.cache-6
7f7c38014000-7f7c38015000 r--s 00000000 08:03 1179726                    /var/cache/fontconfig/1ac9eb803944fde146138c791f5cc56a-le64.cache-6
7f7c38015000-7f7c38019000 r--s 00000000 08:03 1179734                    /var/cache/fontconfig/385c0604a188198f04d133e54aba7fe7-le64.cache-6
7f7c38019000-7f7c3801a000 r--s 00000000 08:03 1179779                    /var/cache/fontconfig/dc05db6664285cc2f12bf69c139ae4c3-le64.cache-6
7f7c3801a000-7f7c3801c000 r--s 00000000 08:03 1179723                    /var/cache/fontconfig/14a5e22175779b556eaa434240950366-le64.cache-6
7f7c3801c000-7f7c3801d000 r--s 00000000 08:03 1179750                    /var/cache/fontconfig/660208299946a285a940457d1287da33-le64.cache-6
7f7c3801d000-7f7c3801f000 r--s 00000000 08:03 1179741                    /var/cache/fontconfig/4f3e3037c9980c83b53a9351efadef62-le64.cache-6
7f7c3801f000-7f7c38022000 r--s 00000000 08:03 1179754                    /var/cache/fontconfig/767a8244fc0220cfb567a839d0392e0b-le64.cache-6
7f7c38022000-7f7c38023000 r--s 00000000 08:03 1185650                    /var/cache/fontconfig/4794a0821666d79190d59a36cb4f44b5-le64.cache-6
7f7c38023000-7f7c38028000 r--s 00000000 08:03 1179757                    /var/cache/fontconfig/8801497958630a81b71ace7c5f9b32a8-le64.cache-6
7f7c38028000-7f7c3803b000 r--s 00000000 08:03 1190210                    /var/cache/fontconfig/0803af20a7ba402d0f8dfc574e6f6639-le64.cache-6
7f7c3803b000-7f7c3803e000 r--s 00000000 08:03 1179763                    /var/cache/fontconfig/a015930274ffcd967d2ca1b57da47cc7-le64.cache-6
7f7c3803e000-7f7c38042000 r--s 00000000 08:03 1193172                    /var/cache/fontconfig/c57959a16110560c8d0fcea73374aeeb-le64.cache-6
7f7c38042000-7f7c38043000 r--s 00000000 08:03 1179767                    /var/cache/fontconfig/b872e6e592da6075ffa4ab0a1fcc0c75-le64.cache-6
7f7c38043000-7f7c38044000 r--s 00000000 08:03 1179784                    /var/cache/fontconfig/f6d4eedfaab2589bde49f7a3ff831d22-le64.cache-6
7f7c38044000-7f7c38045000 r--s 00000000 08:03 1179748                    /var/cache/fontconfig/589f83ef4c36d296ce6e1c846f468f08-le64.cache-6
7f7c38045000-7f7c38046000 r--s 00000000 08:03 1179769                    /var/cache/fontconfig/bab58bb527bb656aaa9f116d68a48d89-le64.cache-6
7f7c38046000-7f7c38047000 r--s 00000000 08:03 1179727                    /var/cache/fontconfig/2171a34dccabdb6bcbbc728186263178-le64.cache-6
7f7c38047000-7f7c38048000 r--s 00000000 08:03 1179770                    /var/cache/fontconfig/c5c45a61289222e0d30b1a26ef4effbe-le64.cache-6
7f7c38048000-7f7c38049000 r--s 00000000 08:03 1179765                    /var/cache/fontconfig/aec30016f93e1b46d1a973dce0d74068-le64.cache-6
7f7c38049000-7f7c3804a000 r--s 00000000 08:03 1179735                    /var/cache/fontconfig/3f589640d34b7dc9042c8d453f7c8b9c-le64.cache-6
7f7c3804a000-7f7c3804b000 r--s 00000000 08:03 1179724                    /var/cache/fontconfig/16c2fda60d1b4b719f4b3d06fd951d25-le64.cache-6
7f7c3804b000-7f7c3804c000 r--s 00000000 08:03 1179764                    /var/cache/fontconfig/a48eab177a16e4f3713381162db2f3e9-le64.cache-6
7f7c3804c000-7f7c3804d000 r--s 00000000 08:03 1179744                    /var/cache/fontconfig/564b2e68ac9bc4e36a6f7f6d6125ec1c-le64.cache-6
7f7c3804d000-7f7c38054000 r--s 00000000 08:03 1179730                    /var/cache/fontconfig/3047814df9a2f067bd2d96a2b9c36e5a-le64.cache-6
7f7c38054000-7f7c3805c000 r--s 00000000 08:03 1189675                    /var/cache/fontconfig/bf3b770c553c462765856025a94f1ce6-le64.cache-6
7f7c3805c000-7f7c3805d000 r--s 00000000 08:03 1179745                    /var/cache/fontconfig/56cf4f4769d0f4abc89a4895d7bd3ae1-le64.cache-6
7f7c3805d000-7f7c3805e000 r--s 00000000 08:03 1179768                    /var/cache/fontconfig/b9d506c9ac06c20b433354fa67a72993-le64.cache-6
7f7c3805e000-7f7c38064000 r--s 00000000 08:03 1179766                    /var/cache/fontconfig/b47c4e1ecd0709278f4910c18777a504-le64.cache-6
7f7c38064000-7f7c38077000 r--s 00000000 08:03 1179776                    /var/cache/fontconfig/d52a8644073d54c13679302ca1180695-le64.cache-6
7f7c38077000-7f7c38078000 r--s 00000000 08:03 1179732                    /var/cache/fontconfig/370e5b74bf5dafc30834de68e24a87a4-le64.cache-6
7f7c38078000-7f7c38079000 r--s 00000000 08:03 1179752                    /var/cache/fontconfig/6b2c5944714ca7831b25bed9e85cb5c8-le64.cache-6
7f7c38079000-7f7c3807a000 r--s 00000000 08:03 1179775                    /var/cache/fontconfig/d5178ab6d91b49bf20a416737dcea9e8-le64.cache-6
7f7c3807a000-7f7c3807d000 r--s 00000000 08:03 1179783                    /var/cache/fontconfig/f259c2cffa685e28062317905db73c4a-le64.cache-6
7f7c3807d000-7f7c3808f000 r--s 00000000 08:03 1179761                    /var/cache/fontconfig/9b89f8e3dae116d678bbf48e5f21f69b-le64.cache-6
7f7c3808f000-7f7c380b0000 r--s 00000000 08:03 1179690                    /var/cache/fontconfig/467c019e582ee353435ea5c21d137ef6-le64.cache-6
7f7c380b0000-7f7c38154000 r-xp 00000000 08:03 1452259                    /usr/lib/x86_64-linux-gnu/libfreetype.so.6.12.1
7f7c38154000-7f7c38353000 ---p 000a4000 08:03 1452259                    /usr/lib/x86_64-linux-gnu/libfreetype.so.6.12.1
7f7c38353000-7f7c38359000 r--p 000a3000 08:03 1452259                    /usr/lib/x86_64-linux-gnu/libfreetype.so.6.12.1
7f7c38359000-7f7c3835a000 rw-p 000a9000 08:03 1452259                    /usr/lib/x86_64-linux-gnu/libfreetype.so.6.12.1
7f7c3835a000-7f7c38420000 r-xp 00000000 08:03 1456520                    /usr/lib/jvm/java-9-openjdk-amd64/lib/amd64/libfontmanager.so
7f7c38420000-7f7c3861f000 ---p 000c6000 08:03 1456520                    /usr/lib/jvm/java-9-openjdk-amd64/lib/amd64/libfontmanager.so
7f7c3861f000-7f7c38622000 r--p 000c5000 08:03 1456520                    /usr/lib/jvm/java-9-openjdk-amd64/lib/amd64/libfontmanager.so
7f7c38622000-7f7c38623000 rw-p 000c8000 08:03 1456520                    /usr/lib/jvm/java-9-openjdk-amd64/lib/amd64/libfontmanager.so
7f7c38623000-7f7c38624000 rw-p 00000000 00:00 0 
7f7c38624000-7f7c38629000 r-xp 00000000 08:03 1451595                    /usr/lib/x86_64-linux-gnu/libXdmcp.so.6.0.0
7f7c38629000-7f7c38828000 ---p 00005000 08:03 1451595                    /usr/lib/x86_64-linux-gnu/libXdmcp.so.6.0.0
7f7c38828000-7f7c38829000 r--p 00004000 08:03 1451595                    /usr/lib/x86_64-linux-gnu/libXdmcp.so.6.0.0
7f7c38829000-7f7c3882a000 rw-p 00005000 08:03 1451595                    /usr/lib/x86_64-linux-gnu/libXdmcp.so.6.0.0
7f7c3882a000-7f7c3882c000 r-xp 00000000 08:03 1451584                    /usr/lib/x86_64-linux-gnu/libXau.so.6.0.0
7f7c3882c000-7f7c38a2c000 ---p 00002000 08:03 1451584                    /usr/lib/x86_64-linux-gnu/libXau.so.6.0.0
7f7c38a2c000-7f7c38a2d000 r--p 00002000 08:03 1451584                    /usr/lib/x86_64-linux-gnu/libXau.so.6.0.0
7f7c38a2d000-7f7c38a2e000 rw-p 00003000 08:03 1451584                    /usr/lib/x86_64-linux-gnu/libXau.so.6.0.0
7f7c38a2e000-7f7c38a4f000 r-xp 00000000 08:03 1453030                    /usr/lib/x86_64-linux-gnu/libxcb.so.1.1.0
7f7c38a4f000-7f7c38c4e000 ---p 00021000 08:03 1453030                    /usr/lib/x86_64-linux-gnu/libxcb.so.1.1.0
7f7c38c4e000-7f7c38c4f000 r--p 00020000 08:03 1453030                    /usr/lib/x86_64-linux-gnu/libxcb.so.1.1.0
7f7c38c4f000-7f7c38c50000 rw-p 00021000 08:03 1453030                    /usr/lib/x86_64-linux-gnu/libxcb.so.1.1.0
7f7c38c50000-7f7c38c5f000 r-xp 00000000 08:03 1451605                    /usr/lib/x86_64-linux-gnu/libXi.so.6.1.0
7f7c38c5f000-7f7c38e5e000 ---p 0000f000 08:03 1451605                    /usr/lib/x86_64-linux-gnu/libXi.so.6.1.0
7f7c38e5e000-7f7c38e5f000 r--p 0000e000 08:03 1451605                    /usr/lib/x86_64-linux-gnu/libXi.so.6.1.0
7f7c38e5f000-7f7c38e60000 rw-p 0000f000 08:03 1451605                    /usr/lib/x86_64-linux-gnu/libXi.so.6.1.0
7f7c38e60000-7f7c38e65000 r-xp 00000000 08:03 1451623                    /usr/lib/x86_64-linux-gnu/libXtst.so.6.1.0
7f7c38e65000-7f7c39064000 ---p 00005000 08:03 1451623                    /usr/lib/x86_64-linux-gnu/libXtst.so.6.1.0
7f7c39064000-7f7c39065000 r--p 00004000 08:03 1451623                    /usr/lib/x86_64-linux-gnu/libXtst.so.6.1.0
7f7c39065000-7f7c39066000 rw-p 00005000 08:03 1451623                    /usr/lib/x86_64-linux-gnu/libXtst.so.6.1.0
7f7c39066000-7f7c3906f000 r-xp 00000000 08:03 1451617                    /usr/lib/x86_64-linux-gnu/libXrender.so.1.3.0
7f7c3906f000-7f7c3926e000 ---p 00009000 08:03 1451617                    /usr/lib/x86_64-linux-gnu/libXrender.so.1.3.0
7f7c3926e000-7f7c3926f000 r--p 00008000 08:03 1451617                    /usr/lib/x86_64-linux-gnu/libXrender.so.1.3.0
7f7c3926f000-7f7c39270000 rw-p 00009000 08:03 1451617                    /usr/lib/x86_64-linux-gnu/libXrender.so.1.3.0
7f7c39270000-7f7c393a5000 r-xp 00000000 08:03 1453226                    /usr/lib/x86_64-linux-gnu/libX11.so.6.3.0
7f7c393a5000-7f7c395a5000 ---p 00135000 08:03 1453226                    /usr/lib/x86_64-linux-gnu/libX11.so.6.3.0
7f7c395a5000-7f7c395a6000 r--p 00135000 08:03 1453226                    /usr/lib/x86_64-linux-gnu/libX11.so.6.3.0
7f7c395a6000-7f7c395aa000 rw-p 00136000 08:03 1453226                    /usr/lib/x86_64-linux-gnu/libX11.so.6.3.0
7f7c395aa000-7f7c395bb000 r-xp 00000000 08:03 1451597                    /usr/lib/x86_64-linux-gnu/libXext.so.6.4.0
7f7c395bb000-7f7c397ba000 ---p 00011000 08:03 1451597                    /usr/lib/x86_64-linux-gnu/libXext.so.6.4.0
7f7c397ba000-7f7c397bb000 r--p 00010000 08:03 1451597                    /usr/lib/x86_64-linux-gnu/libXext.so.6.4.0
7f7c397bb000-7f7c397bc000 rw-p 00011000 08:03 1451597                    /usr/lib/x86_64-linux-gnu/libXext.so.6.4.0
7f7c397bc000-7f7c39813000 r-xp 00000000 08:03 1456547                    /usr/lib/jvm/java-9-openjdk-amd64/lib/amd64/libawt_xawt.so
7f7c39813000-7f7c39a13000 ---p 00057000 08:03 1456547                    /usr/lib/jvm/java-9-openjdk-amd64/lib/amd64/libawt_xawt.so
7f7c39a13000-7f7c39a14000 r--p 00057000 08:03 1456547                    /usr/lib/jvm/java-9-openjdk-amd64/lib/amd64/libawt_xawt.so
7f7c39a14000-7f7c39a17000 rw-p 00058000 08:03 1456547                    /usr/lib/jvm/java-9-openjdk-amd64/lib/amd64/libawt_xawt.so
7f7c39a17000-7f7c39a18000 rw-p 00000000 00:00 0 
7f7c39a18000-7f7c39ab8000 r-xp 00000000 08:03 1456519                    /usr/lib/jvm/java-9-openjdk-amd64/lib/amd64/libawt.so
7f7c39ab8000-7f7c39cb7000 ---p 000a0000 08:03 1456519                    /usr/lib/jvm/java-9-openjdk-amd64/lib/amd64/libawt.so
7f7c39cb7000-7f7c39cb8000 r--p 0009f000 08:03 1456519                    /usr/lib/jvm/java-9-openjdk-amd64/lib/amd64/libawt.so
7f7c39cb8000-7f7c39cc3000 rw-p 000a0000 08:03 1456519                    /usr/lib/jvm/java-9-openjdk-amd64/lib/amd64/libawt.so
7f7c39cc3000-7f7c39ce8000 rw-p 00000000 00:00 0 
7f7c39ce8000-7f7c39ce9000 ---p 00000000 00:00 0 
7f7c39ce9000-7f7c39de9000 rw-p 00000000 00:00 0 
7f7c39de9000-7f7c39dff000 r-xp 00000000 08:03 1456521                    /usr/lib/jvm/java-9-openjdk-amd64/lib/amd64/libnet.so
7f7c39dff000-7f7c39ffe000 ---p 00016000 08:03 1456521                    /usr/lib/jvm/java-9-openjdk-amd64/lib/amd64/libnet.so
7f7c39ffe000-7f7c39fff000 r--p 00015000 08:03 1456521                    /usr/lib/jvm/java-9-openjdk-amd64/lib/amd64/libnet.so
7f7c39fff000-7f7c3a000000 rw-p 00016000 08:03 1456521                    /usr/lib/jvm/java-9-openjdk-amd64/lib/amd64/libnet.so
7f7c3a000000-7f7c3c000000 rw-p 00000000 00:00 0 
7f7c3c000000-7f7c3c021000 rw-p 00000000 00:00 0 
7f7c3c021000-7f7c40000000 ---p 00000000 00:00 0 
7f7c40000000-7f7c40003000 r--s 00000000 08:03 1179751                    /var/cache/fontconfig/674d1711f2d1d2a09646eb0bdcadee49-le64.cache-6
7f7c40003000-7f7c4000e000 r--s 00000000 08:03 1179777                    /var/cache/fontconfig/d589a48862398ed80a3d6066f4f56f4c-le64.cache-6
7f7c4000e000-7f7c40012000 ---p 00000000 00:00 0 
7f7c40012000-7f7c4010f000 rw-p 00000000 00:00 0 
7f7c4010f000-7f7c40113000 ---p 00000000 00:00 0 
7f7c40113000-7f7c40400000 rw-p 00000000 00:00 0 
7f7c40400000-7f7c42108000 ---p 00000000 00:00 0 
7f7c42108000-7f7c422f8000 rw-p 00000000 00:00 0 
7f7c422f8000-7f7c44000000 ---p 00000000 00:00 0 
7f7c44000000-7f7c44021000 rw-p 00000000 00:00 0 
7f7c44021000-7f7c48000000 ---p 00000000 00:00 0 
7f7c48000000-7f7c48021000 rw-p 00000000 00:00 0 
7f7c48021000-7f7c4c000000 ---p 00000000 00:00 0 
7f7c4c000000-7f7c4c021000 rw-p 00000000 00:00 0 
7f7c4c021000-7f7c50000000 ---p 00000000 00:00 0 
7f7c50000000-7f7c50021000 rw-p 00000000 00:00 0 
7f7c50021000-7f7c54000000 ---p 00000000 00:00 0 
7f7c54000000-7f7c54021000 rw-p 00000000 00:00 0 
7f7c54021000-7f7c58000000 ---p 00000000 00:00 0 
7f7c58000000-7f7c58021000 rw-p 00000000 00:00 0 
7f7c58021000-7f7c5c000000 ---p 00000000 00:00 0 
7f7c5c000000-7f7c5c021000 rw-p 00000000 00:00 0 
7f7c5c021000-7f7c60000000 ---p 00000000 00:00 0 
7f7c60000000-7f7c60021000 rw-p 00000000 00:00 0 
7f7c60021000-7f7c64000000 ---p 00000000 00:00 0 
7f7c64000000-7f7c64021000 rw-p 00000000 00:00 0 
7f7c64021000-7f7c68000000 ---p 00000000 00:00 0 
7f7c68000000-7f7c68002000 r--s 00000000 08:03 1179742                    /var/cache/fontconfig/550f3886151c940c12a5ed35f6a00586-le64.cache-6
7f7c68002000-7f7c6800b000 r--s 00000000 08:03 1179773                    /var/cache/fontconfig/d0972c3d32f097851eb916381fc38920-le64.cache-6
7f7c6800b000-7f7c6808b000 r-xp 00000000 08:03 524545                     /lib/x86_64-linux-gnu/libsystemd.so.0.14.0
7f7c6808b000-7f7c6808e000 r--p 0007f000 08:03 524545                     /lib/x86_64-linux-gnu/libsystemd.so.0.14.0
7f7c6808e000-7f7c6808f000 rw-p 00082000 08:03 524545                     /lib/x86_64-linux-gnu/libsystemd.so.0.14.0
7f7c6808f000-7f7c68090000 rw-p 00000000 00:00 0 
7f7c68090000-7f7c680a1000 r-xp 00000000 08:03 1456548                    /usr/lib/jvm/java-9-openjdk-amd64/lib/amd64/libnio.so
7f7c680a1000-7f7c682a1000 ---p 00011000 08:03 1456548                    /usr/lib/jvm/java-9-openjdk-amd64/lib/amd64/libnio.so
7f7c682a1000-7f7c682a2000 r--p 00011000 08:03 1456548                    /usr/lib/jvm/java-9-openjdk-amd64/lib/amd64/libnio.so
7f7c682a2000-7f7c682a3000 rw-p 00012000 08:03 1456548                    /usr/lib/jvm/java-9-openjdk-amd64/lib/amd64/libnio.so
7f7c682a3000-7f7c682a7000 ---p 00000000 00:00 0 
7f7c682a7000-7f7c683a4000 rw-p 00000000 00:00 0 
7f7c683a4000-7f7c683a8000 ---p 00000000 00:00 0 
7f7c683a8000-7f7c684a5000 rw-p 00000000 00:00 0 
7f7c684a5000-7f7c684a9000 ---p 00000000 00:00 0 
7f7c684a9000-7f7c685a6000 rw-p 00000000 00:00 0 
7f7c685a6000-7f7c685aa000 ---p 00000000 00:00 0 
7f7c685aa000-7f7c686a7000 rw-p 00000000 00:00 0 
7f7c686a7000-7f7c686ab000 ---p 00000000 00:00 0 
7f7c686ab000-7f7c687a8000 rw-p 00000000 00:00 0 
7f7c687a8000-7f7c687ac000 ---p 00000000 00:00 0 
7f7c687ac000-7f7c688a9000 rw-p 00000000 00:00 0 
7f7c688a9000-7f7c68b81000 r--p 00000000 08:03 1451415                    /usr/lib/locale/locale-archive
7f7c68b81000-7f7c68b85000 ---p 00000000 00:00 0 
7f7c68b85000-7f7c68c82000 rw-p 00000000 00:00 0 
7f7c68c82000-7f7c68c86000 ---p 00000000 00:00 0 
7f7c68c86000-7f7c68d83000 rw-p 00000000 00:00 0 
7f7c68d83000-7f7c68d84000 ---p 00000000 00:00 0 
7f7c68d84000-7f7c69755000 rw-p 00000000 00:00 0 
7f7c69755000-7f7c69c51000 rw-p 00000000 00:00 0 
7f7c69c51000-7f7c69ec1000 rwxp 00000000 00:00 0 
7f7c69ec1000-7f7c6a1e1000 ---p 00000000 00:00 0 
7f7c6a1e1000-7f7c6a451000 rwxp 00000000 00:00 0 
7f7c6a451000-7f7c71719000 ---p 00000000 00:00 0 
7f7c71719000-7f7c71989000 rwxp 00000000 00:00 0 
7f7c71989000-7f7c78c51000 ---p 00000000 00:00 0 
7f7c78c51000-7f7c80000000 r--s 00000000 08:03 1456505                    /usr/lib/jvm/java-9-openjdk-amd64/lib/modules
7f7c80000000-7f7c8039b000 rw-p 00000000 00:00 0 
7f7c8039b000-7f7c84000000 ---p 00000000 00:00 0 
7f7c84000000-7f7c84001000 r--s 00000000 08:03 1179743                    /var/cache/fontconfig/551ecf3b0e8b0bca0f25c0944f561853-le64.cache-6
7f7c84001000-7f7c84002000 r--s 00000000 08:03 1189673                    /var/cache/fontconfig/8a687c406b77f27d99abfeeba937fcce-le64.cache-6
7f7c84002000-7f7c84003000 r--s 00000000 08:03 1179731                    /var/cache/fontconfig/30829fa25452a46451e813d634d7f916-le64.cache-6
7f7c84003000-7f7c84004000 r--s 00000000 08:03 1179721                    /var/cache/fontconfig/0c9eb80ebd1c36541ebe2852d3bb0c49-le64.cache-6
7f7c84004000-7f7c84005000 r--s 00000000 08:03 1179728                    /var/cache/fontconfig/22368d551a680bfe5a62c02760edf4ea-le64.cache-6
7f7c84005000-7f7c84006000 r--s 00000000 08:03 1179740                    /var/cache/fontconfig/4d9c95eba1cb85bbcf2878543262124a-le64.cache-6
7f7c84006000-7f7c84007000 r--s 00000000 08:03 1179756                    /var/cache/fontconfig/85e0a52ce643a7ba2ae53e5d6949cead-le64.cache-6
7f7c84007000-7f7c84008000 r--s 00000000 08:03 1179737                    /var/cache/fontconfig/49f0de54bdd920fe4f0dfd4cbac43e6b-le64.cache-6
7f7c84008000-7f7c84100000 rw-p 00000000 00:00 0 
7f7c84100000-7f7c84101000 ---p 00000000 00:00 0 
7f7c84101000-7f7c84201000 rw-p 00000000 00:00 0 
7f7c84201000-7f7c84202000 ---p 00000000 00:00 0 
7f7c84202000-7f7c84340000 rw-p 00000000 00:00 0 
7f7c84340000-7f7c846e1000 ---p 00000000 00:00 0 
7f7c846e1000-7f7c8471f000 rw-p 00000000 00:00 0 
7f7c8471f000-7f7c84e9f000 ---p 00000000 00:00 0 
7f7c84e9f000-7f7c84edd000 rw-p 00000000 00:00 0 
7f7c84edd000-7f7c8527e000 ---p 00000000 00:00 0 
7f7c8527e000-7f7c8527f000 ---p 00000000 00:00 0 
7f7c8527f000-7f7c8537f000 rw-p 00000000 00:00 0 
7f7c8537f000-7f7c85380000 ---p 00000000 00:00 0 
7f7c85380000-7f7c85480000 rw-p 00000000 00:00 0 
7f7c85480000-7f7c85481000 ---p 00000000 00:00 0 
7f7c85481000-7f7c85581000 rw-p 00000000 00:00 0 
7f7c85581000-7f7c85582000 ---p 00000000 00:00 0 
7f7c85582000-7f7c85682000 rw-p 00000000 00:00 0 
7f7c85682000-7f7c85683000 ---p 00000000 00:00 0 
7f7c85683000-7f7c85b87000 rw-p 00000000 00:00 0 
7f7c85b87000-7f7c85b88000 ---p 00000000 00:00 0 
7f7c85b88000-7f7c85c88000 rw-p 00000000 00:00 0 
7f7c85c88000-7f7c85c89000 ---p 00000000 00:00 0 
7f7c85c89000-7f7c85d89000 rw-p 00000000 00:00 0 
7f7c85d89000-7f7c85d8a000 ---p 00000000 00:00 0 
7f7c85d8a000-7f7c85e8a000 rw-p 00000000 00:00 0 
7f7c85e8a000-7f7c85e8b000 ---p 00000000 00:00 0 
7f7c85e8b000-7f7c85f90000 rw-p 00000000 00:00 0 
7f7c85f90000-7f7c86076000 ---p 00000000 00:00 0 
7f7c86076000-7f7c8607b000 rw-p 00000000 00:00 0 
7f7c8607b000-7f7c86161000 ---p 00000000 00:00 0 
7f7c86161000-7f7c86166000 r-xp 00000000 08:03 1456535                    /usr/lib/jvm/java-9-openjdk-amd64/lib/amd64/libjimage.so
7f7c86166000-7f7c86365000 ---p 00005000 08:03 1456535                    /usr/lib/jvm/java-9-openjdk-amd64/lib/amd64/libjimage.so
7f7c86365000-7f7c86366000 r--p 00004000 08:03 1456535                    /usr/lib/jvm/java-9-openjdk-amd64/lib/amd64/libjimage.so
7f7c86366000-7f7c86367000 rw-p 00005000 08:03 1456535                    /usr/lib/jvm/java-9-openjdk-amd64/lib/amd64/libjimage.so
7f7c86367000-7f7c8636e000 r-xp 00000000 08:03 1456531                    /usr/lib/jvm/java-9-openjdk-amd64/lib/amd64/libzip.so
7f7c8636e000-7f7c8656d000 ---p 00007000 08:03 1456531                    /usr/lib/jvm/java-9-openjdk-amd64/lib/amd64/libzip.so
7f7c8656d000-7f7c8656e000 r--p 00006000 08:03 1456531                    /usr/lib/jvm/java-9-openjdk-amd64/lib/amd64/libzip.so
7f7c8656e000-7f7c8656f000 rw-p 00007000 08:03 1456531                    /usr/lib/jvm/java-9-openjdk-amd64/lib/amd64/libzip.so
7f7c8656f000-7f7c8657a000 r-xp 00000000 08:03 529398                     /lib/x86_64-linux-gnu/libnss_files-2.23.so
7f7c8657a000-7f7c86779000 ---p 0000b000 08:03 529398                     /lib/x86_64-linux-gnu/libnss_files-2.23.so
7f7c86779000-7f7c8677a000 r--p 0000a000 08:03 529398                     /lib/x86_64-linux-gnu/libnss_files-2.23.so
7f7c8677a000-7f7c8677b000 rw-p 0000b000 08:03 529398                     /lib/x86_64-linux-gnu/libnss_files-2.23.so
7f7c8677b000-7f7c86781000 rw-p 00000000 00:00 0 
7f7c86781000-7f7c8678c000 r-xp 00000000 08:03 529391                     /lib/x86_64-linux-gnu/libnss_nis-2.23.so
7f7c8678c000-7f7c8698b000 ---p 0000b000 08:03 529391                     /lib/x86_64-linux-gnu/libnss_nis-2.23.so
7f7c8698b000-7f7c8698c000 r--p 0000a000 08:03 529391                     /lib/x86_64-linux-gnu/libnss_nis-2.23.so
7f7c8698c000-7f7c8698d000 rw-p 0000b000 08:03 529391                     /lib/x86_64-linux-gnu/libnss_nis-2.23.so
7f7c8698d000-7f7c869a3000 r-xp 00000000 08:03 529396                     /lib/x86_64-linux-gnu/libnsl-2.23.so
7f7c869a3000-7f7c86ba2000 ---p 00016000 08:03 529396                     /lib/x86_64-linux-gnu/libnsl-2.23.so
7f7c86ba2000-7f7c86ba3000 r--p 00015000 08:03 529396                     /lib/x86_64-linux-gnu/libnsl-2.23.so
7f7c86ba3000-7f7c86ba4000 rw-p 00016000 08:03 529396                     /lib/x86_64-linux-gnu/libnsl-2.23.so
7f7c86ba4000-7f7c86ba6000 rw-p 00000000 00:00 0 
7f7c86ba6000-7f7c86bae000 r-xp 00000000 08:03 529402                     /lib/x86_64-linux-gnu/libnss_compat-2.23.so
7f7c86bae000-7f7c86dad000 ---p 00008000 08:03 529402                     /lib/x86_64-linux-gnu/libnss_compat-2.23.so
7f7c86dad000-7f7c86dae000 r--p 00007000 08:03 529402                     /lib/x86_64-linux-gnu/libnss_compat-2.23.so
7f7c86dae000-7f7c86daf000 rw-p 00008000 08:03 529402                     /lib/x86_64-linux-gnu/libnss_compat-2.23.so
7f7c86daf000-7f7c86dda000 r-xp 00000000 08:03 1456514                    /usr/lib/jvm/java-9-openjdk-amd64/lib/amd64/libjava.so
7f7c86dda000-7f7c86fd9000 ---p 0002b000 08:03 1456514                    /usr/lib/jvm/java-9-openjdk-amd64/lib/amd64/libjava.so
7f7c86fd9000-7f7c86fda000 r--p 0002a000 08:03 1456514                    /usr/lib/jvm/java-9-openjdk-amd64/lib/amd64/libjava.so
7f7c86fda000-7f7c86fdc000 rw-p 0002b000 08:03 1456514                    /usr/lib/jvm/java-9-openjdk-amd64/lib/amd64/libjava.so
7f7c86fdc000-7f7c86fe9000 r-xp 00000000 08:03 1456515                    /usr/lib/jvm/java-9-openjdk-amd64/lib/amd64/libverify.so
7f7c86fe9000-7f7c871e8000 ---p 0000d000 08:03 1456515                    /usr/lib/jvm/java-9-openjdk-amd64/lib/amd64/libverify.so
7f7c871e8000-7f7c871ea000 r--p 0000c000 08:03 1456515                    /usr/lib/jvm/java-9-openjdk-amd64/lib/amd64/libverify.so
7f7c871ea000-7f7c871eb000 rw-p 0000e000 08:03 1456515                    /usr/lib/jvm/java-9-openjdk-amd64/lib/amd64/libverify.so
7f7c871eb000-7f7c871f2000 r-xp 00000000 08:03 529369                     /lib/x86_64-linux-gnu/librt-2.23.so
7f7c871f2000-7f7c873f1000 ---p 00007000 08:03 529369                     /lib/x86_64-linux-gnu/librt-2.23.so
7f7c873f1000-7f7c873f2000 r--p 00006000 08:03 529369                     /lib/x86_64-linux-gnu/librt-2.23.so
7f7c873f2000-7f7c873f3000 rw-p 00007000 08:03 529369                     /lib/x86_64-linux-gnu/librt-2.23.so
7f7c873f3000-7f7c87409000 r-xp 00000000 08:03 529607                     /lib/x86_64-linux-gnu/libgcc_s.so.1
7f7c87409000-7f7c87608000 ---p 00016000 08:03 529607                     /lib/x86_64-linux-gnu/libgcc_s.so.1
7f7c87608000-7f7c87609000 rw-p 00015000 08:03 529607                     /lib/x86_64-linux-gnu/libgcc_s.so.1
7f7c87609000-7f7c87711000 r-xp 00000000 08:03 529404                     /lib/x86_64-linux-gnu/libm-2.23.so
7f7c87711000-7f7c87910000 ---p 00108000 08:03 529404                     /lib/x86_64-linux-gnu/libm-2.23.so
7f7c87910000-7f7c87911000 r--p 00107000 08:03 529404                     /lib/x86_64-linux-gnu/libm-2.23.so
7f7c87911000-7f7c87912000 rw-p 00108000 08:03 529404                     /lib/x86_64-linux-gnu/libm-2.23.so
7f7c87912000-7f7c87a84000 r-xp 00000000 08:03 1442136                    /usr/lib/x86_64-linux-gnu/libstdc++.so.6.0.21
7f7c87a84000-7f7c87c84000 ---p 00172000 08:03 1442136                    /usr/lib/x86_64-linux-gnu/libstdc++.so.6.0.21
7f7c87c84000-7f7c87c8e000 r--p 00172000 08:03 1442136                    /usr/lib/x86_64-linux-gnu/libstdc++.so.6.0.21
7f7c87c8e000-7f7c87c90000 rw-p 0017c000 08:03 1442136                    /usr/lib/x86_64-linux-gnu/libstdc++.so.6.0.21
7f7c87c90000-7f7c87c94000 rw-p 00000000 00:00 0 
7f7c87c94000-7f7c88af2000 r-xp 00000000 08:03 1456528                    /usr/lib/jvm/java-9-openjdk-amd64/lib/amd64/server/libjvm.so
7f7c88af2000-7f7c88cf2000 ---p 00e5e000 08:03 1456528                    /usr/lib/jvm/java-9-openjdk-amd64/lib/amd64/server/libjvm.so
7f7c88cf2000-7f7c88da4000 r--p 00e5e000 08:03 1456528                    /usr/lib/jvm/java-9-openjdk-amd64/lib/amd64/server/libjvm.so
7f7c88da4000-7f7c88dd6000 rw-p 00f10000 08:03 1456528                    /usr/lib/jvm/java-9-openjdk-amd64/lib/amd64/server/libjvm.so
7f7c88dd6000-7f7c88e1b000 rw-p 00000000 00:00 0 
7f7c88e1b000-7f7c88e33000 r-xp 00000000 08:03 529387                     /lib/x86_64-linux-gnu/libpthread-2.23.so
7f7c88e33000-7f7c89032000 ---p 00018000 08:03 529387                     /lib/x86_64-linux-gnu/libpthread-2.23.so
7f7c89032000-7f7c89033000 r--p 00017000 08:03 529387                     /lib/x86_64-linux-gnu/libpthread-2.23.so
7f7c89033000-7f7c89034000 rw-p 00018000 08:03 529387                     /lib/x86_64-linux-gnu/libpthread-2.23.so
7f7c89034000-7f7c89038000 rw-p 00000000 00:00 0 
7f7c89038000-7f7c8903b000 r-xp 00000000 08:03 529382                     /lib/x86_64-linux-gnu/libdl-2.23.so
7f7c8903b000-7f7c8923a000 ---p 00003000 08:03 529382                     /lib/x86_64-linux-gnu/libdl-2.23.so
7f7c8923a000-7f7c8923b000 r--p 00002000 08:03 529382                     /lib/x86_64-linux-gnu/libdl-2.23.so
7f7c8923b000-7f7c8923c000 rw-p 00003000 08:03 529382                     /lib/x86_64-linux-gnu/libdl-2.23.so
7f7c8923c000-7f7c89255000 r-xp 00000000 08:03 524804                     /lib/x86_64-linux-gnu/libz.so.1.2.8
7f7c89255000-7f7c89454000 ---p 00019000 08:03 524804                     /lib/x86_64-linux-gnu/libz.so.1.2.8
7f7c89454000-7f7c89455000 r--p 00018000 08:03 524804                     /lib/x86_64-linux-gnu/libz.so.1.2.8
7f7c89455000-7f7c89456000 rw-p 00019000 08:03 524804                     /lib/x86_64-linux-gnu/libz.so.1.2.8
7f7c89456000-7f7c89616000 r-xp 00000000 08:03 529401                     /lib/x86_64-linux-gnu/libc-2.23.so
7f7c89616000-7f7c89816000 ---p 001c0000 08:03 529401                     /lib/x86_64-linux-gnu/libc-2.23.so
7f7c89816000-7f7c8981a000 r--p 001c0000 08:03 529401                     /lib/x86_64-linux-gnu/libc-2.23.so
7f7c8981a000-7f7c8981c000 rw-p 001c4000 08:03 529401                     /lib/x86_64-linux-gnu/libc-2.23.so
7f7c8981c000-7f7c89820000 rw-p 00000000 00:00 0 
7f7c89820000-7f7c8982e000 r-xp 00000000 08:03 1456545                    /usr/lib/jvm/java-9-openjdk-amd64/lib/amd64/jli/libjli.so
7f7c8982e000-7f7c89a2d000 ---p 0000e000 08:03 1456545                    /usr/lib/jvm/java-9-openjdk-amd64/lib/amd64/jli/libjli.so
7f7c89a2d000-7f7c89a2e000 r--p 0000d000 08:03 1456545                    /usr/lib/jvm/java-9-openjdk-amd64/lib/amd64/jli/libjli.so
7f7c89a2e000-7f7c89a2f000 rw-p 0000e000 08:03 1456545                    /usr/lib/jvm/java-9-openjdk-amd64/lib/amd64/jli/libjli.so
7f7c89a2f000-7f7c89a55000 r-xp 00000000 08:03 529386                     /lib/x86_64-linux-gnu/ld-2.23.so
7f7c89a55000-7f7c89a56000 r--s 00000000 08:03 1179785                    /var/cache/fontconfig/f6e6e0a5c3d2f6ae0c0c2e0ecd42a997-le64.cache-6
7f7c89a56000-7f7c89a57000 r--s 00000000 08:03 1179738                    /var/cache/fontconfig/4b2eda6bb976bda485cb2176619421d5-le64.cache-6
7f7c89a57000-7f7c89a6d000 r--s 00000000 08:03 1189972                    /var/cache/fontconfig/e13b20fdb08344e0e664864cc2ede53d-le64.cache-6
7f7c89a6d000-7f7c89a82000 r--s 00000000 08:04 15112623                   /home/jgourd/.cache/fontconfig/2220622a7ae5053fa5b6f8d8257f49fb-le64.cache-6
7f7c89a82000-7f7c89b26000 rw-p 00000000 00:00 0 
7f7c89b26000-7f7c89b2a000 ---p 00000000 00:00 0 
7f7c89b2a000-7f7c89c2b000 rw-p 00000000 00:00 0 
7f7c89c2b000-7f7c89c2c000 r--s 00000000 08:03 1189659                    /var/cache/fontconfig/c277e94e32b20404286a1ddafa5a80f0-le64.cache-6
7f7c89c2c000-7f7c89c30000 r--s 00000000 08:03 1189628                    /var/cache/fontconfig/7ef2298fde41cc6eeb7af42e48b7d293-le64.cache-6
7f7c89c30000-7f7c89c31000 r--s 00000000 08:03 1182693                    /var/cache/fontconfig/e0aa53bcfa504e64f87823c16bc01eb6-le64.cache-6
7f7c89c31000-7f7c89c36000 r--s 00000000 08:04 15110318                   /home/jgourd/.cache/fontconfig/9d876c902df9b7ba7a46a1a391095215-le64.cache-6
7f7c89c36000-7f7c89c3d000 r--s 00000000 08:03 1848351                    /usr/lib/x86_64-linux-gnu/gconv/gconv-modules.cache
7f7c89c3d000-7f7c89c42000 rw-p 00000000 00:00 0 
7f7c89c42000-7f7c89c49000 ---p 00000000 00:00 0 
7f7c89c49000-7f7c89c51000 rw-s 00000000 08:03 657959                     /tmp/hsperfdata_jgourd/12740
7f7c89c51000-7f7c89c52000 rw-p 00000000 00:00 0 
7f7c89c52000-7f7c89c53000 r--p 00000000 00:00 0 
7f7c89c53000-7f7c89c54000 rw-p 00000000 00:00 0 
7f7c89c54000-7f7c89c55000 r--p 00025000 08:03 529386                     /lib/x86_64-linux-gnu/ld-2.23.so
7f7c89c55000-7f7c89c56000 rw-p 00026000 08:03 529386                     /lib/x86_64-linux-gnu/ld-2.23.so
7f7c89c56000-7f7c89c57000 rw-p 00000000 00:00 0 
7ffcf5208000-7ffcf5229000 rw-p 00000000 00:00 0                          [stack]
7ffcf52c8000-7ffcf52ca000 r--p 00000000 00:00 0                          [vvar]
7ffcf52ca000-7ffcf52cc000 r-xp 00000000 00:00 0                          [vdso]
ffffffffff600000-ffffffffff601000 r-xp 00000000 00:00 0                  [vsyscall]

VM Arguments:
java_command: View
java_class_path (initial): .
Launcher Type: SUN_STANDARD

Environment Variables:
PATH=/home/jgourd/usr/bin:/usr/local/sbin:/usr/local/bin:/usr/sbin:/usr/bin:/sbin:/bin:/usr/games:/usr/local/games:/home/jgourd/_git/other/docs:/sbin:/usr/sbin
LD_LIBRARY_PATH=/home/jgourd/usr/lib:
SHELL=/bin/bash
DISPLAY=:0.0

Signal Handlers:
SIGSEGV: [libjvm.so+0xc12c20], sa_mask[0]=11111111011111111101111111111110, sa_flags=SA_RESTART|SA_SIGINFO
SIGBUS: [libjvm.so+0xc12c20], sa_mask[0]=11111111011111111101111111111110, sa_flags=SA_RESTART|SA_SIGINFO
SIGFPE: [libjvm.so+0xc12c20], sa_mask[0]=11111111011111111101111111111110, sa_flags=SA_RESTART|SA_SIGINFO
SIGPIPE: [libjvm.so+0xa3b600], sa_mask[0]=11111111011111111101111111111110, sa_flags=SA_RESTART|SA_SIGINFO
SIGXFSZ: [libjvm.so+0xa3b600], sa_mask[0]=11111111011111111101111111111110, sa_flags=SA_RESTART|SA_SIGINFO
SIGILL: [libjvm.so+0xc12c20], sa_mask[0]=11111111011111111101111111111110, sa_flags=SA_RESTART|SA_SIGINFO
SIGUSR2: [libjvm.so+0xa3b4a0], sa_mask[0]=00000000000000000000000000000000, sa_flags=SA_RESTART|SA_SIGINFO
SIGHUP: [libjvm.so+0xa3b870], sa_mask[0]=11111111011111111101111111111110, sa_flags=SA_RESTART|SA_SIGINFO
SIGINT: [libjvm.so+0xa3b870], sa_mask[0]=11111111011111111101111111111110, sa_flags=SA_RESTART|SA_SIGINFO
SIGTERM: [libjvm.so+0xa3b870], sa_mask[0]=11111111011111111101111111111110, sa_flags=SA_RESTART|SA_SIGINFO
SIGQUIT: [libjvm.so+0xa3b870], sa_mask[0]=11111111011111111101111111111110, sa_flags=SA_RESTART|SA_SIGINFO


---------------  S Y S T E M  ---------------

OS:DISTRIB_ID=LinuxMint
DISTRIB_RELEASE=18.3
DISTRIB_CODENAME=sylvia
DISTRIB_DESCRIPTION="Linux Mint 18.3 Sylvia"
uname:Linux 4.10.0-38-generic #42~16.04.1-Ubuntu SMP Tue Oct 10 16:32:20 UTC 2017 x86_64
libc:glibc 2.23 NPTL 2.23 
rlimit: STACK 8192k, CORE 0k, NPROC 31501, NOFILE 1048576, AS infinity
load average:0.34 0.26 0.32

/proc/meminfo:
MemTotal:        8111404 kB
MemFree:          299732 kB
MemAvailable:    5219680 kB
Buffers:         1311080 kB
Cached:          2181568 kB
SwapCached:            0 kB
Active:          4168496 kB
Inactive:        1235936 kB
Active(anon):    1845384 kB
Inactive(anon):   555772 kB
Active(file):    2323112 kB
Inactive(file):   680164 kB
Unevictable:         116 kB
Mlocked:             116 kB
SwapTotal:       8388604 kB
SwapFree:        8388604 kB
Dirty:               152 kB
Writeback:             0 kB
AnonPages:       1746036 kB
Mapped:           713952 kB
Shmem:            489044 kB
Slab:            2270052 kB
SReclaimable:    2221412 kB
SUnreclaim:        48640 kB
KernelStack:       10712 kB
PageTables:        44292 kB
NFS_Unstable:          0 kB
Bounce:                0 kB
WritebackTmp:          0 kB
CommitLimit:    12444304 kB
Committed_AS:    7012840 kB
VmallocTotal:   34359738367 kB
VmallocUsed:           0 kB
VmallocChunk:          0 kB
HardwareCorrupted:     0 kB
AnonHugePages:    634880 kB
ShmemHugePages:        0 kB
ShmemPmdMapped:        0 kB
CmaTotal:              0 kB
CmaFree:               0 kB
HugePages_Total:       0
HugePages_Free:        0
HugePages_Rsvd:        0
HugePages_Surp:        0
Hugepagesize:       2048 kB
DirectMap4k:      396884 kB
DirectMap2M:     7929856 kB
DirectMap1G:           0 kB


CPU:total 4 (2 cores per cpu, 2 threads per core) family 6 model 60 stepping 3, cmov, cx8, fxsr, mmx, sse, sse2, sse3, ssse3, sse4.1, sse4.2, popcnt, avx, avx2, aes, clmul, erms, lzcnt, ht, tsc, tscinvbit, bmi1, bmi2

CPU Model and flags from /proc/cpuinfo:
model name	: Intel(R) Core(TM) i5-4200M CPU @ 2.50GHz
flags		: fpu vme de pse tsc msr pae mce cx8 apic sep mtrr pge mca cmov pat pse36 clflush dts acpi mmx fxsr sse sse2 ss ht tm pbe syscall nx pdpe1gb rdtscp lm constant_tsc arch_perfmon pebs bts rep_good nopl xtopology nonstop_tsc aperfmperf pni pclmulqdq dtes64 monitor ds_cpl vmx est tm2 ssse3 sdbg fma cx16 xtpr pdcm pcid sse4_1 sse4_2 movbe popcnt tsc_deadline_timer aes xsave avx f16c rdrand lahf_lm abm epb tpr_shadow vnmi flexpriority ept vpid fsgsbase tsc_adjust bmi1 avx2 smep bmi2 erms invpcid xsaveopt dtherm ida arat pln pts

Memory: 4k page, physical 8111404k(299732k free), swap 8388604k(8388604k free)

vm_info: OpenJDK 64-Bit Server VM (9-internal+0-2016-04-14-195246.buildd.src) for linux-amd64 JRE (9-internal+0-2016-04-14-195246.buildd.src), built on Apr 14 2016 20:05:37 by "buildd" with gcc 5.3.1 20160413

END.
