#
# A fatal error has been detected by the Java Runtime Environment:
#
#  SIGSEGV (0xb) at pc=0x00007f1f1811c009, pid=16296, tid=16333
#
# JRE version: OpenJDK Runtime Environment (9.0) (build 9-internal+0-2016-04-14-195246.buildd.src)
# Java VM: OpenJDK 64-Bit Server VM (9-internal+0-2016-04-14-195246.buildd.src, mixed mode, tiered, compressed oops, g1 gc, linux-amd64)
# Problematic frame:
# C  [libjava.so+0x1d009]  JNU_GetEnv+0x19
#
# Core dump will be written. Default location: Core dumps may be processed with "/usr/share/apport/apport %p %s %c %d %P" (or dumping to /home/jgourd/_git/school/teaching/Spring2020/Cyber Storm/challenges/reverse engineering/Inertia/distrib/core.16296)
#
# If you would like to submit a bug report, please visit:
#   http://bugreport.java.com/bugreport/crash.jsp
# The crash happened outside the Java Virtual Machine in native code.
# See problematic frame for where to report the bug.
#

---------------  S U M M A R Y ------------

Command Line: View

Host: Intel(R) Core(TM) i5-4200M CPU @ 2.50GHz, 4 cores, 7G, Linux Mint 18.3 Sylvia
Time: Fri May 15 15:03:31 2020 CDT elapsed time: 0 seconds (0d 0h 0m 0s)

---------------  T H R E A D  ---------------

Current thread (0x00007f1e78003800):  JavaThread "AWT-EventQueue-0" [_thread_in_native, id=16333, stack(0x00007f1e98815000,0x00007f1e98916000)]

Stack: [0x00007f1e98815000,0x00007f1e98916000],  sp=0x00007f1e9890fe20,  free space=1003k
Native frames: (J=compiled Java code, j=interpreted, Vv=VM code, C=native code)
C  [libjava.so+0x1d009]  JNU_GetEnv+0x19
C  [libfontmanager.so+0x33f8e]
C  [libfreetype.so.6+0x14d2b]  FT_Stream_Seek+0x1b

Java frames: (J=compiled Java code, j=interpreted, Vv=VM code)
j  sun.font.FreetypeFontScaler.initNativeScaler(Lsun/font/Font2D;IIZI)J+0 java.desktop@9-internal
j  sun.font.FreetypeFontScaler.<init>(Lsun/font/Font2D;IZI)V+26 java.desktop@9-internal
v  ~StubRoutines::call_stub
j  sun.reflect.NativeConstructorAccessorImpl.newInstance0(Ljava/lang/reflect/Constructor;[Ljava/lang/Object;)Ljava/lang/Object;+0 java.base@9-internal
j  sun.reflect.NativeConstructorAccessorImpl.newInstance([Ljava/lang/Object;)Ljava/lang/Object;+85 java.base@9-internal
j  sun.reflect.DelegatingConstructorAccessorImpl.newInstance([Ljava/lang/Object;)Ljava/lang/Object;+5 java.base@9-internal
j  java.lang.reflect.Constructor.newInstance([Ljava/lang/Object;)Ljava/lang/Object;+65 java.base@9-internal
j  sun.font.FontScaler.getScaler(Lsun/font/Font2D;IZI)Lsun/font/FontScaler;+39 java.desktop@9-internal
j  sun.font.TrueTypeFont.getScaler()Lsun/font/FontScaler;+21 java.desktop@9-internal
j  sun.font.FileFontStrike.<init>(Lsun/font/FileFont;Lsun/font/FontStrikeDesc;)V+204 java.desktop@9-internal
j  sun.font.FileFont.createStrike(Lsun/font/FontStrikeDesc;)Lsun/font/FontStrike;+18 java.desktop@9-internal
j  sun.font.Font2D.getStrike(Lsun/font/FontStrikeDesc;Z)Lsun/font/FontStrike;+92 java.desktop@9-internal
j  sun.font.Font2D.getStrike(Lsun/font/FontStrikeDesc;)Lsun/font/FontStrike;+3 java.desktop@9-internal
j  sun.font.CompositeStrike.getStrikeForSlot(I)Lsun/font/PhysicalStrike;+23 java.desktop@9-internal
j  sun.font.CompositeStrike.getGlyphImagePtrs([I[JI)V+2 java.desktop@9-internal
j  sun.font.GlyphList.mapChars(Lsun/java2d/loops/FontInfo;I)Z+37 java.desktop@9-internal
j  sun.font.GlyphList.setFromString(Lsun/java2d/loops/FontInfo;Ljava/lang/String;FF)Z+71 java.desktop@9-internal
j  sun.java2d.pipe.GlyphListPipe.drawString(Lsun/java2d/SunGraphics2D;Ljava/lang/String;DD)V+146 java.desktop@9-internal
j  sun.java2d.SunGraphics2D.drawString(Ljava/lang/String;II)V+68 java.desktop@9-internal
j  Game.paintComponent(Ljava/awt/Graphics;)V+55
j  javax.swing.JComponent.paint(Ljava/awt/Graphics;)V+286 java.desktop@9-internal
j  javax.swing.JComponent.paintToOffscreen(Ljava/awt/Graphics;IIIIII)V+41 java.desktop@9-internal
j  javax.swing.BufferStrategyPaintManager.paint(Ljavax/swing/JComponent;Ljavax/swing/JComponent;Ljava/awt/Graphics;IIII)Z+164 java.desktop@9-internal
j  javax.swing.RepaintManager.paint(Ljavax/swing/JComponent;Ljavax/swing/JComponent;Ljava/awt/Graphics;IIII)V+51 java.desktop@9-internal
j  javax.swing.JComponent._paintImmediately(IIII)V+683 java.desktop@9-internal
j  javax.swing.JComponent.paintImmediately(IIII)V+138 java.desktop@9-internal
j  javax.swing.RepaintManager$4.run()Ljava/lang/Void;+81 java.desktop@9-internal
j  javax.swing.RepaintManager$4.run()Ljava/lang/Object;+1 java.desktop@9-internal
v  ~StubRoutines::call_stub
j  java.security.AccessController.doPrivileged(Ljava/security/PrivilegedAction;Ljava/security/AccessControlContext;)Ljava/lang/Object;+0 java.base@9-internal
j  java.security.ProtectionDomain$JavaSecurityAccessImpl.doIntersectionPrivilege(Ljava/security/PrivilegedAction;Ljava/security/AccessControlContext;Ljava/security/AccessControlContext;)Ljava/lang/Object;+18 java.base@9-internal
j  javax.swing.RepaintManager.paintDirtyRegions(Ljava/util/Map;)V+154 java.desktop@9-internal
j  javax.swing.RepaintManager.paintDirtyRegions()V+46 java.desktop@9-internal
j  javax.swing.RepaintManager.prePaintDirtyRegions()V+73 java.desktop@9-internal
j  javax.swing.RepaintManager.access$1200(Ljavax/swing/RepaintManager;)V+1 java.desktop@9-internal
j  javax.swing.RepaintManager$ProcessingRunnable.run()V+37 java.desktop@9-internal
j  java.awt.event.InvocationEvent.dispatch()V+47 java.desktop@9-internal
j  java.awt.EventQueue.dispatchEventImpl(Ljava/awt/AWTEvent;Ljava/lang/Object;)V+21 java.desktop@9-internal
j  java.awt.EventQueue.access$500(Ljava/awt/EventQueue;Ljava/awt/AWTEvent;Ljava/lang/Object;)V+3 java.desktop@9-internal
j  java.awt.EventQueue$3.run()Ljava/lang/Void;+32 java.desktop@9-internal
j  java.awt.EventQueue$3.run()Ljava/lang/Object;+1 java.desktop@9-internal
v  ~StubRoutines::call_stub
j  java.security.AccessController.doPrivileged(Ljava/security/PrivilegedAction;Ljava/security/AccessControlContext;)Ljava/lang/Object;+0 java.base@9-internal
j  java.security.ProtectionDomain$JavaSecurityAccessImpl.doIntersectionPrivilege(Ljava/security/PrivilegedAction;Ljava/security/AccessControlContext;Ljava/security/AccessControlContext;)Ljava/lang/Object;+18 java.base@9-internal
j  java.awt.EventQueue.dispatchEvent(Ljava/awt/AWTEvent;)V+46 java.desktop@9-internal
j  java.awt.EventDispatchThread.pumpOneEventForFilters(I)V+183 java.desktop@9-internal
j  java.awt.EventDispatchThread.pumpEventsForFilter(ILjava/awt/Conditional;Ljava/awt/EventFilter;)V+35 java.desktop@9-internal
j  java.awt.EventDispatchThread.pumpEventsForHierarchy(ILjava/awt/Conditional;Ljava/awt/Component;)V+11 java.desktop@9-internal
j  java.awt.EventDispatchThread.pumpEvents(ILjava/awt/Conditional;)V+4 java.desktop@9-internal
j  java.awt.EventDispatchThread.pumpEvents(Ljava/awt/Conditional;)V+3 java.desktop@9-internal
j  java.awt.EventDispatchThread.run()V+9 java.desktop@9-internal
v  ~StubRoutines::call_stub

siginfo: si_signo: 11 (SIGSEGV), si_code: 1 (SEGV_MAPERR), si_addr: 0x0000000000000000

Register to memory mapping:

RAX=0x0000000000000000 is an unknown value
RBX=0x0000000000000000 is an unknown value
RCX=0x0000000000000000 is an unknown value
RDX=0x0000000000010002 is an unknown value
RSP=0x00007f1e9890fe20 is pointing into the stack for thread: 0x00007f1e78003800
RBP=0x00007f1e9890fe30 is pointing into the stack for thread: 0x00007f1e78003800
RSI=0x0000000000010002 is an unknown value
RDI=0x0000000000000000 is an unknown value
R8 =0x0000000000000000 is an unknown value
R9 =0x0000000000000000 is an unknown value
R10=0x00000000000001db is an unknown value
R11=0x00007f1f1811bff0: JNU_GetEnv+0x0000000000000000 in /usr/lib/jvm/java-9-openjdk-amd64/lib/amd64/libjava.so at 0x00007f1f180ff000
R12=0x00007f1e700218e0 is an unknown value
R13=0x0000000000000000 is an unknown value
R14=0x0000000000000000 is an unknown value
R15=0x00007f1e7003cfa0 is an unknown value


Registers:
RAX=0x0000000000000000, RBX=0x0000000000000000, RCX=0x0000000000000000, RDX=0x0000000000010002
RSP=0x00007f1e9890fe20, RBP=0x00007f1e9890fe30, RSI=0x0000000000010002, RDI=0x0000000000000000
R8 =0x0000000000000000, R9 =0x0000000000000000, R10=0x00000000000001db, R11=0x00007f1f1811bff0
R12=0x00007f1e700218e0, R13=0x0000000000000000, R14=0x0000000000000000, R15=0x00007f1e7003cfa0
RIP=0x00007f1f1811c009, EFLAGS=0x0000000000010246, CSGSFS=0x002b000000000033, ERR=0x0000000000000004
  TRAPNO=0x000000000000000e

Top of Stack: (sp=0x00007f1e9890fe20)
0x00007f1e9890fe20:   0000000000000000 42322768e8fb5600
0x00007f1e9890fe30:   00007f1e9890fe70 00007f1e9a5a4f8e
0x00007f1e9890fe40:   00007f1e7003c410 00007f1e700218e0
0x00007f1e9890fe50:   0000000000000000 0000000000000000
0x00007f1e9890fe60:   00007f1e700218e0 00007f1e7003cfa0
0x00007f1e9890fe70:   0000000000000000 00007f1e9a2dbd2b
0x00007f1e9890fe80:   0000000000000000 00007f1e9a56dd80
0x00007f1e9890fe90:   0000000000000000 00007f1e9a2ef8e0
0x00007f1e9890fea0:   0000000000000002 0000003200000008
0x00007f1e9890feb0:   0000000000000000 0000000000000000
0x00007f1e9890fec0:   0000006e0000005b 0000000000000000
0x00007f1e9890fed0:   0000000000000000 0000007c00000077
0x00007f1e9890fee0:   0000000000000000 0000000000000000
0x00007f1e9890fef0:   0000000000000000 0000000000000000
0x00007f1e9890ff00:   0000000000000000 00007f1e70000020
0x00007f1e9890ff10:   0000000000000070 00007f1e9890ffc4
0x00007f1e9890ff20:   00007f1e7003c410 00007f1e7003cfa0
0x00007f1e9890ff30:   00007f1e9890ffc4 00007f1f1a82a184
0x00007f1e9890ff40:   0000000000000000 00007f1e9890ff74
0x00007f1e9890ff50:   00007f1e9a56a9e0 42322768e8fb5600
0x00007f1e9890ff60:   0000000000000070 00007f1e70022350
0x00007f1e9890ff70:   00007f1e9a56a9e0 00007f1e98910088
0x00007f1e9890ff80:   00007f1e7003c410 00007f1e7003cfa0
0x00007f1e9890ff90:   00007f1e7003d4d0 00007f1e9a2de4c2
0x00007f1e9890ffa0:   0000000100000000 00007f1e98910090
0x00007f1e9890ffb0:   0000000000000000 0000000000000000
0x00007f1e9890ffc0:   0000000098910088 42322768e8fb5600
0x00007f1e9890ffd0:   00007f1e70022350 00007f1e98910090
0x00007f1e9890ffe0:   0000000000000000 00007f1e7003c338
0x00007f1e9890fff0:   00007f1e98910290 00007f1e7003c298
0x00007f1e98910000:   00007f1e7003c410 00007f1e9a2e0581
0x00007f1e98910010:   00007f1e98910090 00007f1e9a2e0376 

Instructions: (pc=0x00007f1f1811c009)
0x00007f1f1811bfe9:   ff eb ea 0f 1f 40 00 55 89 f2 48 89 e5 48 83 ec
0x00007f1f1811bff9:   10 64 48 8b 04 25 28 00 00 00 48 89 45 f8 31 c0
0x00007f1f1811c009:   48 8b 07 48 8d 75 f0 ff 50 30 48 8b 4d f8 64 48
0x00007f1f1811c019:   33 0c 25 28 00 00 00 48 8b 45 f0 75 02 c9 c3 e8 


---------------  P R O C E S S  ---------------

Java Threads: ( => current thread )
  0x00007f1f14011000 JavaThread "DestroyJavaVM" [_thread_blocked, id=16297, stack(0x00007f1f1ae76000,0x00007f1f1af77000)]
  0x00007f1e84027800 JavaThread "Java Sound Event Dispatcher" daemon [_thread_blocked, id=16340, stack(0x00007f1e9803e000,0x00007f1e9813f000)]
=>0x00007f1e78003800 JavaThread "AWT-EventQueue-0" [_thread_in_native, id=16333, stack(0x00007f1e98815000,0x00007f1e98916000)]
  0x00007f1e78002000 JavaThread "AWT-Shutdown" [_thread_blocked, id=16332, stack(0x00007f1e98916000,0x00007f1e98a17000)]
  0x00007f1f14395800 JavaThread "TimerQueue" daemon [_thread_blocked, id=16325, stack(0x00007f1e99129000,0x00007f1e9922a000)]
  0x00007f1f14393800 JavaThread "Thread-0" [_thread_blocked, id=16324, stack(0x00007f1e9922a000,0x00007f1e9932b000)]
  0x00007f1f14391000 JavaThread "Image Fetcher 0" daemon [_thread_blocked, id=16323, stack(0x00007f1e9998f000,0x00007f1e99a90000)]
  0x00007f1f14352000 JavaThread "AWT-XAWT" daemon [_thread_in_native, id=16322, stack(0x00007f1e99a90000,0x00007f1e99b91000)]
  0x00007f1f14331800 JavaThread "Java2D Disposer" daemon [_thread_blocked, id=16321, stack(0x00007f1e99fa1000,0x00007f1e9a0a2000)]
  0x00007f1f1424c800 JavaThread "Service Thread" daemon [_thread_blocked, id=16319, stack(0x00007f1eb80f5000,0x00007f1eb81f6000)]
  0x00007f1f141af000 JavaThread "Common-Cleaner" daemon [_thread_blocked, id=16318, stack(0x00007f1eb81f6000,0x00007f1eb82f7000)]
  0x00007f1f1416f000 JavaThread "Sweeper thread" daemon [_thread_blocked, id=16317, stack(0x00007f1ebb722000,0x00007f1ebb823000)]
  0x00007f1f1416d800 JavaThread "C1 CompilerThread2" daemon [_thread_blocked, id=16316, stack(0x00007f1ebb823000,0x00007f1ebb924000)]
  0x00007f1f1416b800 JavaThread "C2 CompilerThread1" daemon [_thread_in_native, id=16315, stack(0x00007f1ebb924000,0x00007f1ebba25000)]
  0x00007f1f14169800 JavaThread "C2 CompilerThread0" daemon [_thread_in_native, id=16314, stack(0x00007f1ebba25000,0x00007f1ebbb26000)]
  0x00007f1f14165000 JavaThread "Signal Dispatcher" daemon [_thread_blocked, id=16313, stack(0x00007f1ebbb26000,0x00007f1ebbc27000)]
  0x00007f1f14163000 JavaThread "Surrogate Locker Thread (Concurrent GC)" daemon [_thread_blocked, id=16312, stack(0x00007f1ebbc27000,0x00007f1ebbd28000)]
  0x00007f1f14151800 JavaThread "Finalizer" daemon [_thread_blocked, id=16311, stack(0x00007f1ed00cc000,0x00007f1ed01cd000)]
  0x00007f1f14145800 JavaThread "Reference Handler" daemon [_thread_blocked, id=16310, stack(0x00007f1ed01cd000,0x00007f1ed02ce000)]

Other Threads:
  0x00007f1f1413b800 VMThread [stack: 0x00007f1ed02ce000,0x00007f1ed03cf000] [id=16309]
  0x00007f1f1424f800 WatcherThread [stack: 0x00007f1e9beff000,0x00007f1e9c000000] [id=16320]

Threads with active compile tasks:
C2 CompilerThread1 705       4       java.lang.StringBuilder::append (8 bytes)
C2 CompilerThread0 706       4       java.util.HashMap::putVal (300 bytes)

VM state:not at safepoint (normal execution)

VM Mutex/Monitor currently owned by a thread: None

heap address: 0x0000000084200000, size: 1982 MB, Compressed Oops mode: 32-bit
Narrow klass base: 0x0000000000000000, Narrow klass shift: 3
Compressed class space size: 1073741824 Address: 0x0000000100000000

Heap:
 garbage-first heap   total 126976K, used 9370K [0x0000000084200000, 0x00000000843003e0, 0x0000000100000000)
  region size 1024K, 7 young (7168K), 1 survivors (1024K)
 Metaspace       used 12343K, capacity 12800K, committed 13056K, reserved 1060864K
  class space    used 1374K, capacity 1533K, committed 1536K, reserved 1048576K

Heap Regions: E=young(eden), S=young(survivor), O=old, HS=humongous(starts), HC=humongous(continues), CS=collection set, F=free, A=archive, TS=gc time stamp, AC=allocation context, TAMS=top-at-mark-start (previous, next)
|   0|0x0000000084200000, 0x0000000084300000, 0x0000000084300000|100%|HS|  |TS  0|AC  0|TAMS 0x0000000084200000, 0x0000000084200000|
|   1|0x0000000084300000, 0x0000000084400000, 0x0000000084400000|100%|HC|  |TS  0|AC  0|TAMS 0x0000000084300000, 0x0000000084300000|
|   2|0x0000000084400000, 0x0000000084500000, 0x0000000084500000|100%| O|  |TS  1|AC  0|TAMS 0x0000000084400000, 0x0000000084400000|
|   3|0x0000000084500000, 0x0000000084526a00, 0x0000000084600000| 15%| O|  |TS  1|AC  0|TAMS 0x0000000084500000, 0x0000000084500000|
|   4|0x0000000084600000, 0x0000000084600000, 0x0000000084700000|  0%| F|  |TS  0|AC  0|TAMS 0x0000000084600000, 0x0000000084600000|
|   5|0x0000000084700000, 0x0000000084700000, 0x0000000084800000|  0%| F|  |TS  0|AC  0|TAMS 0x0000000084700000, 0x0000000084700000|
|   6|0x0000000084800000, 0x0000000084800000, 0x0000000084900000|  0%| F|  |TS  0|AC  0|TAMS 0x0000000084800000, 0x0000000084800000|
|   7|0x0000000084900000, 0x0000000084900000, 0x0000000084a00000|  0%| F|  |TS  0|AC  0|TAMS 0x0000000084900000, 0x0000000084900000|
|   8|0x0000000084a00000, 0x0000000084a00000, 0x0000000084b00000|  0%| F|  |TS  0|AC  0|TAMS 0x0000000084a00000, 0x0000000084a00000|
|   9|0x0000000084b00000, 0x0000000084b00000, 0x0000000084c00000|  0%| F|  |TS  0|AC  0|TAMS 0x0000000084b00000, 0x0000000084b00000|
|  10|0x0000000084c00000, 0x0000000084c00000, 0x0000000084d00000|  0%| F|  |TS  0|AC  0|TAMS 0x0000000084c00000, 0x0000000084c00000|
|  11|0x0000000084d00000, 0x0000000084d00000, 0x0000000084e00000|  0%| F|  |TS  0|AC  0|TAMS 0x0000000084d00000, 0x0000000084d00000|
|  12|0x0000000084e00000, 0x0000000084e00000, 0x0000000084f00000|  0%| F|  |TS  0|AC  0|TAMS 0x0000000084e00000, 0x0000000084e00000|
|  13|0x0000000084f00000, 0x0000000084f00000, 0x0000000085000000|  0%| F|  |TS  0|AC  0|TAMS 0x0000000084f00000, 0x0000000084f00000|
|  14|0x0000000085000000, 0x0000000085000000, 0x0000000085100000|  0%| F|  |TS  0|AC  0|TAMS 0x0000000085000000, 0x0000000085000000|
|  15|0x0000000085100000, 0x0000000085100000, 0x0000000085200000|  0%| F|  |TS  0|AC  0|TAMS 0x0000000085100000, 0x0000000085100000|
|  16|0x0000000085200000, 0x0000000085200000, 0x0000000085300000|  0%| F|  |TS  0|AC  0|TAMS 0x0000000085200000, 0x0000000085200000|
|  17|0x0000000085300000, 0x0000000085300000, 0x0000000085400000|  0%| F|  |TS  0|AC  0|TAMS 0x0000000085300000, 0x0000000085300000|
|  18|0x0000000085400000, 0x0000000085400000, 0x0000000085500000|  0%| F|  |TS  0|AC  0|TAMS 0x0000000085400000, 0x0000000085400000|
|  19|0x0000000085500000, 0x0000000085500000, 0x0000000085600000|  0%| F|  |TS  0|AC  0|TAMS 0x0000000085500000, 0x0000000085500000|
|  20|0x0000000085600000, 0x0000000085600000, 0x0000000085700000|  0%| F|  |TS  0|AC  0|TAMS 0x0000000085600000, 0x0000000085600000|
|  21|0x0000000085700000, 0x0000000085700000, 0x0000000085800000|  0%| F|  |TS  0|AC  0|TAMS 0x0000000085700000, 0x0000000085700000|
|  22|0x0000000085800000, 0x0000000085800000, 0x0000000085900000|  0%| F|  |TS  0|AC  0|TAMS 0x0000000085800000, 0x0000000085800000|
|  23|0x0000000085900000, 0x0000000085900000, 0x0000000085a00000|  0%| F|  |TS  0|AC  0|TAMS 0x0000000085900000, 0x0000000085900000|
|  24|0x0000000085a00000, 0x0000000085a00000, 0x0000000085b00000|  0%| F|  |TS  0|AC  0|TAMS 0x0000000085a00000, 0x0000000085a00000|
|  25|0x0000000085b00000, 0x0000000085b00000, 0x0000000085c00000|  0%| F|  |TS  0|AC  0|TAMS 0x0000000085b00000, 0x0000000085b00000|
|  26|0x0000000085c00000, 0x0000000085c00000, 0x0000000085d00000|  0%| F|  |TS  0|AC  0|TAMS 0x0000000085c00000, 0x0000000085c00000|
|  27|0x0000000085d00000, 0x0000000085d00000, 0x0000000085e00000|  0%| F|  |TS  0|AC  0|TAMS 0x0000000085d00000, 0x0000000085d00000|
|  28|0x0000000085e00000, 0x0000000085e00000, 0x0000000085f00000|  0%| F|  |TS  0|AC  0|TAMS 0x0000000085e00000, 0x0000000085e00000|
|  29|0x0000000085f00000, 0x0000000085f00000, 0x0000000086000000|  0%| F|  |TS  0|AC  0|TAMS 0x0000000085f00000, 0x0000000085f00000|
|  30|0x0000000086000000, 0x0000000086000000, 0x0000000086100000|  0%| F|  |TS  0|AC  0|TAMS 0x0000000086000000, 0x0000000086000000|
|  31|0x0000000086100000, 0x0000000086100000, 0x0000000086200000|  0%| F|  |TS  0|AC  0|TAMS 0x0000000086100000, 0x0000000086100000|
|  32|0x0000000086200000, 0x0000000086200000, 0x0000000086300000|  0%| F|  |TS  0|AC  0|TAMS 0x0000000086200000, 0x0000000086200000|
|  33|0x0000000086300000, 0x0000000086300000, 0x0000000086400000|  0%| F|  |TS  0|AC  0|TAMS 0x0000000086300000, 0x0000000086300000|
|  34|0x0000000086400000, 0x0000000086400000, 0x0000000086500000|  0%| F|  |TS  0|AC  0|TAMS 0x0000000086400000, 0x0000000086400000|
|  35|0x0000000086500000, 0x0000000086500000, 0x0000000086600000|  0%| F|  |TS  0|AC  0|TAMS 0x0000000086500000, 0x0000000086500000|
|  36|0x0000000086600000, 0x0000000086600000, 0x0000000086700000|  0%| F|  |TS  0|AC  0|TAMS 0x0000000086600000, 0x0000000086600000|
|  37|0x0000000086700000, 0x0000000086700000, 0x0000000086800000|  0%| F|  |TS  0|AC  0|TAMS 0x0000000086700000, 0x0000000086700000|
|  38|0x0000000086800000, 0x0000000086800000, 0x0000000086900000|  0%| F|  |TS  0|AC  0|TAMS 0x0000000086800000, 0x0000000086800000|
|  39|0x0000000086900000, 0x0000000086900000, 0x0000000086a00000|  0%| F|  |TS  0|AC  0|TAMS 0x0000000086900000, 0x0000000086900000|
|  40|0x0000000086a00000, 0x0000000086a00000, 0x0000000086b00000|  0%| F|  |TS  0|AC  0|TAMS 0x0000000086a00000, 0x0000000086a00000|
|  41|0x0000000086b00000, 0x0000000086b00000, 0x0000000086c00000|  0%| F|  |TS  0|AC  0|TAMS 0x0000000086b00000, 0x0000000086b00000|
|  42|0x0000000086c00000, 0x0000000086c00000, 0x0000000086d00000|  0%| F|  |TS  0|AC  0|TAMS 0x0000000086c00000, 0x0000000086c00000|
|  43|0x0000000086d00000, 0x0000000086d00000, 0x0000000086e00000|  0%| F|  |TS  0|AC  0|TAMS 0x0000000086d00000, 0x0000000086d00000|
|  44|0x0000000086e00000, 0x0000000086e00000, 0x0000000086f00000|  0%| F|  |TS  0|AC  0|TAMS 0x0000000086e00000, 0x0000000086e00000|
|  45|0x0000000086f00000, 0x0000000086f00000, 0x0000000087000000|  0%| F|  |TS  0|AC  0|TAMS 0x0000000086f00000, 0x0000000086f00000|
|  46|0x0000000087000000, 0x0000000087000000, 0x0000000087100000|  0%| F|  |TS  0|AC  0|TAMS 0x0000000087000000, 0x0000000087000000|
|  47|0x0000000087100000, 0x0000000087100000, 0x0000000087200000|  0%| F|  |TS  0|AC  0|TAMS 0x0000000087100000, 0x0000000087100000|
|  48|0x0000000087200000, 0x0000000087200000, 0x0000000087300000|  0%| F|  |TS  0|AC  0|TAMS 0x0000000087200000, 0x0000000087200000|
|  49|0x0000000087300000, 0x0000000087300000, 0x0000000087400000|  0%| F|  |TS  0|AC  0|TAMS 0x0000000087300000, 0x0000000087300000|
|  50|0x0000000087400000, 0x0000000087400000, 0x0000000087500000|  0%| F|  |TS  0|AC  0|TAMS 0x0000000087400000, 0x0000000087400000|
|  51|0x0000000087500000, 0x0000000087500000, 0x0000000087600000|  0%| F|  |TS  0|AC  0|TAMS 0x0000000087500000, 0x0000000087500000|
|  52|0x0000000087600000, 0x0000000087600000, 0x0000000087700000|  0%| F|  |TS  0|AC  0|TAMS 0x0000000087600000, 0x0000000087600000|
|  53|0x0000000087700000, 0x0000000087700000, 0x0000000087800000|  0%| F|  |TS  0|AC  0|TAMS 0x0000000087700000, 0x0000000087700000|
|  54|0x0000000087800000, 0x0000000087800000, 0x0000000087900000|  0%| F|  |TS  0|AC  0|TAMS 0x0000000087800000, 0x0000000087800000|
|  55|0x0000000087900000, 0x0000000087900000, 0x0000000087a00000|  0%| F|  |TS  0|AC  0|TAMS 0x0000000087900000, 0x0000000087900000|
|  56|0x0000000087a00000, 0x0000000087a00000, 0x0000000087b00000|  0%| F|  |TS  0|AC  0|TAMS 0x0000000087a00000, 0x0000000087a00000|
|  57|0x0000000087b00000, 0x0000000087b00000, 0x0000000087c00000|  0%| F|  |TS  0|AC  0|TAMS 0x0000000087b00000, 0x0000000087b00000|
|  58|0x0000000087c00000, 0x0000000087c00000, 0x0000000087d00000|  0%| F|  |TS  0|AC  0|TAMS 0x0000000087c00000, 0x0000000087c00000|
|  59|0x0000000087d00000, 0x0000000087d00000, 0x0000000087e00000|  0%| F|  |TS  0|AC  0|TAMS 0x0000000087d00000, 0x0000000087d00000|
|  60|0x0000000087e00000, 0x0000000087e00000, 0x0000000087f00000|  0%| F|  |TS  0|AC  0|TAMS 0x0000000087e00000, 0x0000000087e00000|
|  61|0x0000000087f00000, 0x0000000087f00000, 0x0000000088000000|  0%| F|  |TS  0|AC  0|TAMS 0x0000000087f00000, 0x0000000087f00000|
|  62|0x0000000088000000, 0x0000000088000000, 0x0000000088100000|  0%| F|  |TS  0|AC  0|TAMS 0x0000000088000000, 0x0000000088000000|
|  63|0x0000000088100000, 0x0000000088100000, 0x0000000088200000|  0%| F|  |TS  0|AC  0|TAMS 0x0000000088100000, 0x0000000088100000|
|  64|0x0000000088200000, 0x0000000088200000, 0x0000000088300000|  0%| F|  |TS  0|AC  0|TAMS 0x0000000088200000, 0x0000000088200000|
|  65|0x0000000088300000, 0x0000000088300000, 0x0000000088400000|  0%| F|  |TS  0|AC  0|TAMS 0x0000000088300000, 0x0000000088300000|
|  66|0x0000000088400000, 0x0000000088400000, 0x0000000088500000|  0%| F|  |TS  0|AC  0|TAMS 0x0000000088400000, 0x0000000088400000|
|  67|0x0000000088500000, 0x0000000088500000, 0x0000000088600000|  0%| F|  |TS  0|AC  0|TAMS 0x0000000088500000, 0x0000000088500000|
|  68|0x0000000088600000, 0x0000000088600000, 0x0000000088700000|  0%| F|  |TS  0|AC  0|TAMS 0x0000000088600000, 0x0000000088600000|
|  69|0x0000000088700000, 0x0000000088700000, 0x0000000088800000|  0%| F|  |TS  0|AC  0|TAMS 0x0000000088700000, 0x0000000088700000|
|  70|0x0000000088800000, 0x0000000088800000, 0x0000000088900000|  0%| F|  |TS  0|AC  0|TAMS 0x0000000088800000, 0x0000000088800000|
|  71|0x0000000088900000, 0x0000000088900000, 0x0000000088a00000|  0%| F|  |TS  0|AC  0|TAMS 0x0000000088900000, 0x0000000088900000|
|  72|0x0000000088a00000, 0x0000000088a00000, 0x0000000088b00000|  0%| F|  |TS  0|AC  0|TAMS 0x0000000088a00000, 0x0000000088a00000|
|  73|0x0000000088b00000, 0x0000000088b00000, 0x0000000088c00000|  0%| F|  |TS  0|AC  0|TAMS 0x0000000088b00000, 0x0000000088b00000|
|  74|0x0000000088c00000, 0x0000000088c00000, 0x0000000088d00000|  0%| F|  |TS  0|AC  0|TAMS 0x0000000088c00000, 0x0000000088c00000|
|  75|0x0000000088d00000, 0x0000000088d00000, 0x0000000088e00000|  0%| F|  |TS  0|AC  0|TAMS 0x0000000088d00000, 0x0000000088d00000|
|  76|0x0000000088e00000, 0x0000000088e00000, 0x0000000088f00000|  0%| F|  |TS  0|AC  0|TAMS 0x0000000088e00000, 0x0000000088e00000|
|  77|0x0000000088f00000, 0x0000000088f00000, 0x0000000089000000|  0%| F|  |TS  0|AC  0|TAMS 0x0000000088f00000, 0x0000000088f00000|
|  78|0x0000000089000000, 0x0000000089000000, 0x0000000089100000|  0%| F|  |TS  0|AC  0|TAMS 0x0000000089000000, 0x0000000089000000|
|  79|0x0000000089100000, 0x0000000089100000, 0x0000000089200000|  0%| F|  |TS  0|AC  0|TAMS 0x0000000089100000, 0x0000000089100000|
|  80|0x0000000089200000, 0x0000000089200000, 0x0000000089300000|  0%| F|  |TS  0|AC  0|TAMS 0x0000000089200000, 0x0000000089200000|
|  81|0x0000000089300000, 0x0000000089300000, 0x0000000089400000|  0%| F|  |TS  0|AC  0|TAMS 0x0000000089300000, 0x0000000089300000|
|  82|0x0000000089400000, 0x0000000089400000, 0x0000000089500000|  0%| F|  |TS  0|AC  0|TAMS 0x0000000089400000, 0x0000000089400000|
|  83|0x0000000089500000, 0x0000000089500000, 0x0000000089600000|  0%| F|  |TS  0|AC  0|TAMS 0x0000000089500000, 0x0000000089500000|
|  84|0x0000000089600000, 0x0000000089600000, 0x0000000089700000|  0%| F|  |TS  0|AC  0|TAMS 0x0000000089600000, 0x0000000089600000|
|  85|0x0000000089700000, 0x0000000089700000, 0x0000000089800000|  0%| F|  |TS  0|AC  0|TAMS 0x0000000089700000, 0x0000000089700000|
|  86|0x0000000089800000, 0x0000000089800000, 0x0000000089900000|  0%| F|  |TS  0|AC  0|TAMS 0x0000000089800000, 0x0000000089800000|
|  87|0x0000000089900000, 0x0000000089900000, 0x0000000089a00000|  0%| F|  |TS  0|AC  0|TAMS 0x0000000089900000, 0x0000000089900000|
|  88|0x0000000089a00000, 0x0000000089a00000, 0x0000000089b00000|  0%| F|  |TS  0|AC  0|TAMS 0x0000000089a00000, 0x0000000089a00000|
|  89|0x0000000089b00000, 0x0000000089b00000, 0x0000000089c00000|  0%| F|  |TS  0|AC  0|TAMS 0x0000000089b00000, 0x0000000089b00000|
|  90|0x0000000089c00000, 0x0000000089c00000, 0x0000000089d00000|  0%| F|  |TS  0|AC  0|TAMS 0x0000000089c00000, 0x0000000089c00000|
|  91|0x0000000089d00000, 0x0000000089d00000, 0x0000000089e00000|  0%| F|  |TS  0|AC  0|TAMS 0x0000000089d00000, 0x0000000089d00000|
|  92|0x0000000089e00000, 0x0000000089e00000, 0x0000000089f00000|  0%| F|  |TS  0|AC  0|TAMS 0x0000000089e00000, 0x0000000089e00000|
|  93|0x0000000089f00000, 0x0000000089f00000, 0x000000008a000000|  0%| F|  |TS  0|AC  0|TAMS 0x0000000089f00000, 0x0000000089f00000|
|  94|0x000000008a000000, 0x000000008a000000, 0x000000008a100000|  0%| F|  |TS  0|AC  0|TAMS 0x000000008a000000, 0x000000008a000000|
|  95|0x000000008a100000, 0x000000008a100000, 0x000000008a200000|  0%| F|  |TS  0|AC  0|TAMS 0x000000008a100000, 0x000000008a100000|
|  96|0x000000008a200000, 0x000000008a200000, 0x000000008a300000|  0%| F|  |TS  0|AC  0|TAMS 0x000000008a200000, 0x000000008a200000|
|  97|0x000000008a300000, 0x000000008a300000, 0x000000008a400000|  0%| F|  |TS  0|AC  0|TAMS 0x000000008a300000, 0x000000008a300000|
|  98|0x000000008a400000, 0x000000008a400000, 0x000000008a500000|  0%| F|  |TS  0|AC  0|TAMS 0x000000008a400000, 0x000000008a400000|
|  99|0x000000008a500000, 0x000000008a500000, 0x000000008a600000|  0%| F|  |TS  0|AC  0|TAMS 0x000000008a500000, 0x000000008a500000|
| 100|0x000000008a600000, 0x000000008a600000, 0x000000008a700000|  0%| F|  |TS  0|AC  0|TAMS 0x000000008a600000, 0x000000008a600000|
| 101|0x000000008a700000, 0x000000008a700000, 0x000000008a800000|  0%| F|  |TS  0|AC  0|TAMS 0x000000008a700000, 0x000000008a700000|
| 102|0x000000008a800000, 0x000000008a800000, 0x000000008a900000|  0%| F|  |TS  0|AC  0|TAMS 0x000000008a800000, 0x000000008a800000|
| 103|0x000000008a900000, 0x000000008a900000, 0x000000008aa00000|  0%| F|  |TS  0|AC  0|TAMS 0x000000008a900000, 0x000000008a900000|
| 104|0x000000008aa00000, 0x000000008aa00000, 0x000000008ab00000|  0%| F|  |TS  0|AC  0|TAMS 0x000000008aa00000, 0x000000008aa00000|
| 105|0x000000008ab00000, 0x000000008ab00000, 0x000000008ac00000|  0%| F|  |TS  0|AC  0|TAMS 0x000000008ab00000, 0x000000008ab00000|
| 106|0x000000008ac00000, 0x000000008ac00000, 0x000000008ad00000|  0%| F|  |TS  0|AC  0|TAMS 0x000000008ac00000, 0x000000008ac00000|
| 107|0x000000008ad00000, 0x000000008ad00000, 0x000000008ae00000|  0%| F|  |TS  0|AC  0|TAMS 0x000000008ad00000, 0x000000008ad00000|
| 108|0x000000008ae00000, 0x000000008ae00000, 0x000000008af00000|  0%| F|  |TS  0|AC  0|TAMS 0x000000008ae00000, 0x000000008ae00000|
| 109|0x000000008af00000, 0x000000008af00000, 0x000000008b000000|  0%| F|  |TS  0|AC  0|TAMS 0x000000008af00000, 0x000000008af00000|
| 110|0x000000008b000000, 0x000000008b000000, 0x000000008b100000|  0%| F|  |TS  0|AC  0|TAMS 0x000000008b000000, 0x000000008b000000|
| 111|0x000000008b100000, 0x000000008b100000, 0x000000008b200000|  0%| F|  |TS  0|AC  0|TAMS 0x000000008b100000, 0x000000008b100000|
| 112|0x000000008b200000, 0x000000008b200000, 0x000000008b300000|  0%| F|  |TS  0|AC  0|TAMS 0x000000008b200000, 0x000000008b200000|
| 113|0x000000008b300000, 0x000000008b300000, 0x000000008b400000|  0%| F|  |TS  0|AC  0|TAMS 0x000000008b300000, 0x000000008b300000|
| 114|0x000000008b400000, 0x000000008b400000, 0x000000008b500000|  0%| F|  |TS  0|AC  0|TAMS 0x000000008b400000, 0x000000008b400000|
| 115|0x000000008b500000, 0x000000008b500000, 0x000000008b600000|  0%| F|  |TS  0|AC  0|TAMS 0x000000008b500000, 0x000000008b500000|
| 116|0x000000008b600000, 0x000000008b700000, 0x000000008b700000|100%| S|CS|TS  1|AC  0|TAMS 0x000000008b600000, 0x000000008b600000|
| 117|0x000000008b700000, 0x000000008b700000, 0x000000008b800000|  0%| F|  |TS  0|AC  0|TAMS 0x000000008b700000, 0x000000008b700000|
| 118|0x000000008b800000, 0x000000008b87d1a0, 0x000000008b900000| 48%| E|  |TS  0|AC  0|TAMS 0x000000008b800000, 0x000000008b800000|
| 119|0x000000008b900000, 0x000000008ba00000, 0x000000008ba00000|100%| E|CS|TS  0|AC  0|TAMS 0x000000008b900000, 0x000000008b900000|
| 120|0x000000008ba00000, 0x000000008bb00000, 0x000000008bb00000|100%| E|CS|TS  0|AC  0|TAMS 0x000000008ba00000, 0x000000008ba00000|
| 121|0x000000008bb00000, 0x000000008bc00000, 0x000000008bc00000|100%| E|CS|TS  0|AC  0|TAMS 0x000000008bb00000, 0x000000008bb00000|
| 122|0x000000008bc00000, 0x000000008bd00000, 0x000000008bd00000|100%| E|CS|TS  0|AC  0|TAMS 0x000000008bc00000, 0x000000008bc00000|
| 123|0x000000008bd00000, 0x000000008be00000, 0x000000008be00000|100%| E|CS|TS  0|AC  0|TAMS 0x000000008bd00000, 0x000000008bd00000|

Card table byte_map: [0x00007f1ed7463000,0x00007f1ed7842000] byte_map_base: 0x00007f1ed7042000

Marking Bits (Prev, Next): (CMBitMap*) 0x00007f1f14060650, (CMBitMap*) 0x00007f1f140606a8
 Prev Bits: [0x00007f1ed518c000, 0x00007f1ed7084000)
 Next Bits: [0x00007f1ed3294000, 0x00007f1ed518c000)

Polling page: 0x00007f1f1afa2000

CodeHeap 'non-nmethods': size=5696Kb used=1277Kb max_used=1290Kb free=4418Kb
 bounds [0x00007f1efd003000, 0x00007f1efd273000, 0x00007f1efd593000]
CodeHeap 'profiled nmethods': size=120032Kb used=1153Kb max_used=1153Kb free=118878Kb
 bounds [0x00007f1efd593000, 0x00007f1efd803000, 0x00007f1f04acb000]
CodeHeap 'non-profiled nmethods': size=120032Kb used=219Kb max_used=219Kb free=119812Kb
 bounds [0x00007f1f04acb000, 0x00007f1f04d3b000, 0x00007f1f0c003000]
 total_blobs=1429 nmethods=713 adapters=471
 compilation: enabled

Compilation events (10 events):
Event: 0.455 Thread 0x00007f1f1416d800 nmethod 712 0x00007f1efd6b1a90 code [0x00007f1efd6b1c80, 0x00007f1efd6b2408]
Event: 0.455 Thread 0x00007f1f1416d800  714       1       java.nio.HeapByteBuffer::_get (7 bytes)
Event: 0.455 Thread 0x00007f1f1416d800 nmethod 714 0x00007f1f04b00990 code [0x00007f1f04b00b00, 0x00007f1f04b00c30]
Event: 0.455 Thread 0x00007f1f1416d800  715       3       java.nio.Bits::getIntB (30 bytes)
Event: 0.455 Thread 0x00007f1f1416d800 nmethod 715 0x00007f1efd6b2610 code [0x00007f1efd6b27c0, 0x00007f1efd6b2cb8]
Event: 0.455 Thread 0x00007f1f1416d800  713       3       java.nio.ByteBufferAsIntBufferB::ix (9 bytes)
Event: 0.455 Thread 0x00007f1f1416d800 nmethod 713 0x00007f1efd6b2e10 code [0x00007f1efd6b2f80, 0x00007f1efd6b30d0]
Event: 0.455 Thread 0x00007f1f1416d800  716       3       java.nio.Bits::makeInt (29 bytes)
Event: 0.455 Thread 0x00007f1f1416d800 nmethod 716 0x00007f1efd6b3190 code [0x00007f1efd6b3300, 0x00007f1efd6b3450]
Event: 0.456 Thread 0x00007f1f1416b800 nmethod 689 0x00007f1f04b00d10 code [0x00007f1f04b00ec0, 0x00007f1f04b01938]

GC Heap History (2 events):
Event: 0.290 GC heap before
{Heap before GC invocations=0 (full 0):
 garbage-first heap   total 126976K, used 9216K [0x0000000084200000, 0x00000000843003e0, 0x0000000100000000)
  region size 1024K, 7 young (7168K), 0 survivors (0K)
 Metaspace       used 9100K, capacity 9472K, committed 9600K, reserved 1058816K
  class space    used 979K, capacity 1105K, committed 1152K, reserved 1048576K
}
Event: 0.294 GC heap after
{Heap after GC invocations=1 (full 0):
 garbage-first heap   total 126976K, used 4250K [0x0000000084200000, 0x00000000843003e0, 0x0000000100000000)
  region size 1024K, 1 young (1024K), 1 survivors (1024K)
 Metaspace       used 9100K, capacity 9472K, committed 9600K, reserved 1058816K
  class space    used 979K, capacity 1105K, committed 1152K, reserved 1048576K
}

Deoptimization events (10 events):
Event: 0.310 Thread 0x00007f1f14011000 Uncommon trap: reason=class_check action=maybe_recompile pc=0x00007f1f04ad5164 method=java.util.HashMap.putVal(ILjava/lang/Object;Ljava/lang/Object;ZZ)Ljava/lang/Object; @ 91
Event: 0.311 Thread 0x00007f1f14011000 Uncommon trap: reason=class_check action=maybe_recompile pc=0x00007f1f04ad5164 method=java.util.HashMap.putVal(ILjava/lang/Object;Ljava/lang/Object;ZZ)Ljava/lang/Object; @ 91
Event: 0.364 Thread 0x00007f1f14011000 Uncommon trap: reason=unstable_if action=reinterpret pc=0x00007f1f04ad6b50 method=java.util.HashMap.hash(Ljava/lang/Object;)I @ 1
Event: 0.371 Thread 0x00007f1f14011000 Uncommon trap: reason=class_check action=maybe_recompile pc=0x00007f1f04ad4c2c method=java.util.HashMap.putVal(ILjava/lang/Object;Ljava/lang/Object;ZZ)Ljava/lang/Object; @ 253
Event: 0.372 Thread 0x00007f1f14011000 Uncommon trap: reason=class_check action=maybe_recompile pc=0x00007f1f04ad4c2c method=java.util.HashMap.putVal(ILjava/lang/Object;Ljava/lang/Object;ZZ)Ljava/lang/Object; @ 253
Event: 0.374 Thread 0x00007f1f14011000 Uncommon trap: reason=unstable_fused_if action=reinterpret pc=0x00007f1f04ae1674 method=jdk.internal.org.objectweb.asm.ByteVector.putUTF8(Ljava/lang/String;)Ljdk/internal/org/objectweb/asm/ByteVector; @ 91
Event: 0.445 Thread 0x00007f1e78003800 Uncommon trap: reason=bimorphic_or_optimized_type_check action=maybe_recompile pc=0x00007f1f04afde00 method=java.util.HashMap.putVal(ILjava/lang/Object;Ljava/lang/Object;ZZ)Ljava/lang/Object; @ 91
Event: 0.445 Thread 0x00007f1e78003800 Uncommon trap: reason=bimorphic_or_optimized_type_check action=maybe_recompile pc=0x00007f1f04afde00 method=java.util.HashMap.putVal(ILjava/lang/Object;Ljava/lang/Object;ZZ)Ljava/lang/Object; @ 91
Event: 0.445 Thread 0x00007f1e78003800 Uncommon trap: reason=bimorphic_or_optimized_type_check action=maybe_recompile pc=0x00007f1f04afde00 method=java.util.HashMap.putVal(ILjava/lang/Object;Ljava/lang/Object;ZZ)Ljava/lang/Object; @ 91
Event: 0.445 Thread 0x00007f1e78003800 Uncommon trap: reason=bimorphic_or_optimized_type_check action=maybe_recompile pc=0x00007f1f04afde00 method=java.util.HashMap.putVal(ILjava/lang/Object;Ljava/lang/Object;ZZ)Ljava/lang/Object; @ 91

Classes redefined (0 events):
No events

Internal exceptions (7 events):
Event: 0.141 Thread 0x00007f1f14011000 Exception <a 'java/lang/ClassNotFoundException': sun/awt/resources/awtProvider> (0x000000008bb5d588) thrown at [/build/openjdk-9-argm_o/openjdk-9-9~b114/src/hotspot/src/share/vm/classfile/systemDictionary.cpp, line 224]
Event: 0.154 Thread 0x00007f1f14011000 Exception <a 'java/io/FileNotFoundException'> (0x000000008bb9d520) thrown at [/build/openjdk-9-argm_o/openjdk-9-9~b114/src/hotspot/src/share/vm/prims/jni.cpp, line 605]
Event: 0.155 Thread 0x00007f1f14011000 Exception <a 'java/io/FileNotFoundException'> (0x000000008bba5560) thrown at [/build/openjdk-9-argm_o/openjdk-9-9~b114/src/hotspot/src/share/vm/prims/jni.cpp, line 605]
Event: 0.240 Thread 0x00007f1f14011000 Exception <a 'java/lang/ClassNotFoundException': com/sun/swing/internal/plaf/metal/resources/metalProvider> (0x000000008b966a98) thrown at [/build/openjdk-9-argm_o/openjdk-9-9~b114/src/hotspot/src/share/vm/classfile/systemDictionary.cpp, line 224]
Event: 0.240 Thread 0x00007f1f14011000 Exception <a 'java/lang/ClassNotFoundException': com/sun/swing/internal/plaf/basic/resources/basicProvider> (0x000000008b96a128) thrown at [/build/openjdk-9-argm_o/openjdk-9-9~b114/src/hotspot/src/share/vm/classfile/systemDictionary.cpp, line 224]
Event: 0.333 Thread 0x00007f1f14393800 Exception <a 'java/io/FileNotFoundException'> (0x000000008bb1e3b0) thrown at [/build/openjdk-9-argm_o/openjdk-9-9~b114/src/hotspot/src/share/vm/prims/jni.cpp, line 605]
Event: 0.364 Thread 0x00007f1f14011000 Implicit null exception at 0x00007f1f04ad6ab8 to 0x00007f1f04ad6b46

Events (10 events):
Event: 0.454 loading class sun/font/CMap$NullCMapClass
Event: 0.454 loading class sun/font/CMap$NullCMapClass done
Event: 0.454 loading class sun/font/CMap$CMapFormat12
Event: 0.454 loading class sun/font/CMap$CMapFormat12 done
Event: 0.455 loading class sun/font/FileFontStrike
Event: 0.455 loading class sun/font/FileFontStrike done
Event: 0.455 loading class sun/font/FontScaler
Event: 0.455 loading class sun/font/FontScaler done
Event: 0.455 loading class sun/font/FreetypeFontScaler
Event: 0.455 loading class sun/font/FreetypeFontScaler done


Dynamic libraries:
00400000-00401000 r-xp 00000000 08:03 1456500                            /usr/lib/jvm/java-9-openjdk-amd64/bin/java
00600000-00601000 r--p 00000000 08:03 1456500                            /usr/lib/jvm/java-9-openjdk-amd64/bin/java
00601000-00602000 rw-p 00001000 08:03 1456500                            /usr/lib/jvm/java-9-openjdk-amd64/bin/java
0088f000-008b0000 rw-p 00000000 00:00 0                                  [heap]
84200000-8be00000 rw-p 00000000 00:00 0 
8be00000-100000000 ---p 00000000 00:00 0 
100000000-100180000 rw-p 00000000 00:00 0 
100180000-140000000 ---p 00000000 00:00 0 
7f1e63ffe000-7f1e67fff000 rw-s 00000000 00:16 32909                      /dev/shm/pulse-shm-1241688038
7f1e67fff000-7f1e6c000000 rw-s 00000000 00:16 2496998                    /dev/shm/pulse-shm-1513219590
7f1e6c000000-7f1e6c021000 rw-p 00000000 00:00 0 
7f1e6c021000-7f1e70000000 ---p 00000000 00:00 0 
7f1e70000000-7f1e70041000 rw-p 00000000 00:00 0 
7f1e70041000-7f1e74000000 ---p 00000000 00:00 0 
7f1e78000000-7f1e78021000 rw-p 00000000 00:00 0 
7f1e78021000-7f1e7c000000 ---p 00000000 00:00 0 
7f1e7d228000-7f1e7d41c000 rw-s 00000000 00:05 23429134                   /SYSV00000000 (deleted)
7f1e7d41c000-7f1e7d55c000 rw-p 00000000 00:00 0 
7f1e7d55c000-7f1e7d61c000 ---p 00000000 00:00 0 
7f1e7d61c000-7f1e7d61d000 ---p 00000000 00:00 0 
7f1e7d61d000-7f1e7de1d000 rw-p 00000000 00:00 0 
7f1e7de1d000-7f1e7de23000 r-xp 00000000 08:03 1835381                    /usr/lib/x86_64-linux-gnu/alsa-lib/libasound_module_pcm_pulse.so
7f1e7de23000-7f1e7e022000 ---p 00006000 08:03 1835381                    /usr/lib/x86_64-linux-gnu/alsa-lib/libasound_module_pcm_pulse.so
7f1e7e022000-7f1e7e023000 r--p 00005000 08:03 1835381                    /usr/lib/x86_64-linux-gnu/alsa-lib/libasound_module_pcm_pulse.so
7f1e7e023000-7f1e7e024000 rw-p 00006000 08:03 1835381                    /usr/lib/x86_64-linux-gnu/alsa-lib/libasound_module_pcm_pulse.so
7f1e7e024000-7f1e7e04e000 r-xp 00000000 08:03 1448141                    /usr/lib/x86_64-linux-gnu/libvorbis.so.0.4.8
7f1e7e04e000-7f1e7e24d000 ---p 0002a000 08:03 1448141                    /usr/lib/x86_64-linux-gnu/libvorbis.so.0.4.8
7f1e7e24d000-7f1e7e24e000 r--p 00029000 08:03 1448141                    /usr/lib/x86_64-linux-gnu/libvorbis.so.0.4.8
7f1e7e24e000-7f1e7e24f000 rw-p 0002a000 08:03 1448141                    /usr/lib/x86_64-linux-gnu/libvorbis.so.0.4.8
7f1e7e24f000-7f1e7e256000 r-xp 00000000 08:03 1452557                    /usr/lib/x86_64-linux-gnu/libogg.so.0.8.2
7f1e7e256000-7f1e7e456000 ---p 00007000 08:03 1452557                    /usr/lib/x86_64-linux-gnu/libogg.so.0.8.2
7f1e7e456000-7f1e7e457000 r--p 00007000 08:03 1452557                    /usr/lib/x86_64-linux-gnu/libogg.so.0.8.2
7f1e7e457000-7f1e7e458000 rw-p 00008000 08:03 1452557                    /usr/lib/x86_64-linux-gnu/libogg.so.0.8.2
7f1e7e458000-7f1e7e46a000 r-xp 00000000 08:03 529613                     /lib/x86_64-linux-gnu/libgpg-error.so.0.17.0
7f1e7e46a000-7f1e7e66a000 ---p 00012000 08:03 529613                     /lib/x86_64-linux-gnu/libgpg-error.so.0.17.0
7f1e7e66a000-7f1e7e66b000 r--p 00012000 08:03 529613                     /lib/x86_64-linux-gnu/libgpg-error.so.0.17.0
7f1e7e66b000-7f1e7e66c000 rw-p 00013000 08:03 529613                     /lib/x86_64-linux-gnu/libgpg-error.so.0.17.0
7f1e7e66c000-7f1e7e6da000 r-xp 00000000 08:03 529698                     /lib/x86_64-linux-gnu/libpcre.so.3.13.2
7f1e7e6da000-7f1e7e8da000 ---p 0006e000 08:03 529698                     /lib/x86_64-linux-gnu/libpcre.so.3.13.2
7f1e7e8da000-7f1e7e8db000 r--p 0006e000 08:03 529698                     /lib/x86_64-linux-gnu/libpcre.so.3.13.2
7f1e7e8db000-7f1e7e8dc000 rw-p 0006f000 08:03 529698                     /lib/x86_64-linux-gnu/libpcre.so.3.13.2
7f1e7e8dc000-7f1e7e8f3000 r-xp 00000000 08:03 529394                     /lib/x86_64-linux-gnu/libresolv-2.23.so
7f1e7e8f3000-7f1e7eaf3000 ---p 00017000 08:03 529394                     /lib/x86_64-linux-gnu/libresolv-2.23.so
7f1e7eaf3000-7f1e7eaf4000 r--p 00017000 08:03 529394                     /lib/x86_64-linux-gnu/libresolv-2.23.so
7f1e7eaf4000-7f1e7eaf5000 rw-p 00018000 08:03 529394                     /lib/x86_64-linux-gnu/libresolv-2.23.so
7f1e7eaf5000-7f1e7eaf7000 rw-p 00000000 00:00 0 
7f1e7eaf7000-7f1e7eb84000 r-xp 00000000 08:03 1448139                    /usr/lib/x86_64-linux-gnu/libvorbisenc.so.2.0.11
7f1e7eb84000-7f1e7ed83000 ---p 0008d000 08:03 1448139                    /usr/lib/x86_64-linux-gnu/libvorbisenc.so.2.0.11
7f1e7ed83000-7f1e7ed9f000 r--p 0008c000 08:03 1448139                    /usr/lib/x86_64-linux-gnu/libvorbisenc.so.2.0.11
7f1e7ed9f000-7f1e7eda0000 rw-p 000a8000 08:03 1448139                    /usr/lib/x86_64-linux-gnu/libvorbisenc.so.2.0.11
7f1e7eda0000-7f1e7ee13000 r-xp 00000000 08:03 1451425                    /usr/lib/x86_64-linux-gnu/libFLAC.so.8.3.0
7f1e7ee13000-7f1e7f013000 ---p 00073000 08:03 1451425                    /usr/lib/x86_64-linux-gnu/libFLAC.so.8.3.0
7f1e7f013000-7f1e7f014000 r--p 00073000 08:03 1451425                    /usr/lib/x86_64-linux-gnu/libFLAC.so.8.3.0
7f1e7f014000-7f1e7f015000 rw-p 00074000 08:03 1451425                    /usr/lib/x86_64-linux-gnu/libFLAC.so.8.3.0
7f1e7f015000-7f1e7f0ec000 r-xp 00000000 08:03 524475                     /lib/x86_64-linux-gnu/libgcrypt.so.20.0.5
7f1e7f0ec000-7f1e7f2ec000 ---p 000d7000 08:03 524475                     /lib/x86_64-linux-gnu/libgcrypt.so.20.0.5
7f1e7f2ec000-7f1e7f2ed000 r--p 000d7000 08:03 524475                     /lib/x86_64-linux-gnu/libgcrypt.so.20.0.5
7f1e7f2ed000-7f1e7f2f5000 rw-p 000d8000 08:03 524475                     /lib/x86_64-linux-gnu/libgcrypt.so.20.0.5
7f1e7f2f5000-7f1e7f2f6000 rw-p 00000000 00:00 0 
7f1e7f2f6000-7f1e7f317000 r-xp 00000000 08:03 529636                     /lib/x86_64-linux-gnu/liblzma.so.5.0.0
7f1e7f317000-7f1e7f516000 ---p 00021000 08:03 529636                     /lib/x86_64-linux-gnu/liblzma.so.5.0.0
7f1e7f516000-7f1e7f517000 r--p 00020000 08:03 529636                     /lib/x86_64-linux-gnu/liblzma.so.5.0.0
7f1e7f517000-7f1e7f518000 rw-p 00021000 08:03 529636                     /lib/x86_64-linux-gnu/liblzma.so.5.0.0
7f1e7f518000-7f1e7f537000 r-xp 00000000 08:03 529727                     /lib/x86_64-linux-gnu/libselinux.so.1
7f1e7f537000-7f1e7f736000 ---p 0001f000 08:03 529727                     /lib/x86_64-linux-gnu/libselinux.so.1
7f1e7f736000-7f1e7f737000 r--p 0001e000 08:03 529727                     /lib/x86_64-linux-gnu/libselinux.so.1
7f1e7f737000-7f1e7f738000 rw-p 0001f000 08:03 529727                     /lib/x86_64-linux-gnu/libselinux.so.1
7f1e7f738000-7f1e7f73a000 rw-p 00000000 00:00 0 
7f1e7f73a000-7f1e7f73f000 r-xp 00000000 08:03 1451683                    /usr/lib/x86_64-linux-gnu/libasyncns.so.0.3.1
7f1e7f73f000-7f1e7f93e000 ---p 00005000 08:03 1451683                    /usr/lib/x86_64-linux-gnu/libasyncns.so.0.3.1
7f1e7f93e000-7f1e7f93f000 r--p 00004000 08:03 1451683                    /usr/lib/x86_64-linux-gnu/libasyncns.so.0.3.1
7f1e7f93f000-7f1e7f940000 rw-p 00005000 08:03 1451683                    /usr/lib/x86_64-linux-gnu/libasyncns.so.0.3.1
7f1e7f940000-7f1e7f9a3000 r-xp 00000000 08:03 1448046                    /usr/lib/x86_64-linux-gnu/libsndfile.so.1.0.25
7f1e7f9a3000-7f1e7fba3000 ---p 00063000 08:03 1448046                    /usr/lib/x86_64-linux-gnu/libsndfile.so.1.0.25
7f1e7fba3000-7f1e7fba5000 r--p 00063000 08:03 1448046                    /usr/lib/x86_64-linux-gnu/libsndfile.so.1.0.25
7f1e7fba5000-7f1e7fba6000 rw-p 00065000 08:03 1448046                    /usr/lib/x86_64-linux-gnu/libsndfile.so.1.0.25
7f1e7fba6000-7f1e7fbaa000 rw-p 00000000 00:00 0 
7f1e7fbaa000-7f1e7fbb2000 r-xp 00000000 08:03 529755                     /lib/x86_64-linux-gnu/libwrap.so.0.7.6
7f1e7fbb2000-7f1e7fdb1000 ---p 00008000 08:03 529755                     /lib/x86_64-linux-gnu/libwrap.so.0.7.6
7f1e7fdb1000-7f1e7fdb2000 r--p 00007000 08:03 529755                     /lib/x86_64-linux-gnu/libwrap.so.0.7.6
7f1e7fdb2000-7f1e7fdb3000 rw-p 00008000 08:03 529755                     /lib/x86_64-linux-gnu/libwrap.so.0.7.6
7f1e7fdb3000-7f1e7fdb4000 rw-p 00000000 00:00 0 
7f1e7fdb4000-7f1e7fdff000 r-xp 00000000 08:03 524541                     /lib/x86_64-linux-gnu/libdbus-1.so.3.14.6
7f1e7fdff000-7f1e7fffe000 ---p 0004b000 08:03 524541                     /lib/x86_64-linux-gnu/libdbus-1.so.3.14.6
7f1e7fffe000-7f1e7ffff000 r--p 0004a000 08:03 524541                     /lib/x86_64-linux-gnu/libdbus-1.so.3.14.6
7f1e7ffff000-7f1e80000000 rw-p 0004b000 08:03 524541                     /lib/x86_64-linux-gnu/libdbus-1.so.3.14.6
7f1e80000000-7f1e80056000 rw-p 00000000 00:00 0 
7f1e80056000-7f1e84000000 ---p 00000000 00:00 0 
7f1e84000000-7f1e84047000 rw-p 00000000 00:00 0 
7f1e84047000-7f1e88000000 ---p 00000000 00:00 0 
7f1e88000000-7f1e88021000 rw-p 00000000 00:00 0 
7f1e88021000-7f1e8c000000 ---p 00000000 00:00 0 
7f1e8c000000-7f1e8c021000 rw-p 00000000 00:00 0 
7f1e8c021000-7f1e90000000 ---p 00000000 00:00 0 
7f1e90000000-7f1e90021000 rw-p 00000000 00:00 0 
7f1e90021000-7f1e94000000 ---p 00000000 00:00 0 
7f1e94000000-7f1e94021000 rw-p 00000000 00:00 0 
7f1e94021000-7f1e98000000 ---p 00000000 00:00 0 
7f1e9803e000-7f1e98042000 ---p 00000000 00:00 0 
7f1e98042000-7f1e9813f000 rw-p 00000000 00:00 0 
7f1e9813f000-7f1e981b9000 r-xp 00000000 08:03 1835514                    /usr/lib/x86_64-linux-gnu/pulseaudio/libpulsecommon-8.0.so
7f1e981b9000-7f1e983b8000 ---p 0007a000 08:03 1835514                    /usr/lib/x86_64-linux-gnu/pulseaudio/libpulsecommon-8.0.so
7f1e983b8000-7f1e983b9000 r--p 00079000 08:03 1835514                    /usr/lib/x86_64-linux-gnu/pulseaudio/libpulsecommon-8.0.so
7f1e983b9000-7f1e983ba000 rw-p 0007a000 08:03 1835514                    /usr/lib/x86_64-linux-gnu/pulseaudio/libpulsecommon-8.0.so
7f1e983ba000-7f1e983c4000 r-xp 00000000 08:03 529628                     /lib/x86_64-linux-gnu/libjson-c.so.2.0.0
7f1e983c4000-7f1e985c3000 ---p 0000a000 08:03 529628                     /lib/x86_64-linux-gnu/libjson-c.so.2.0.0
7f1e985c3000-7f1e985c4000 r--p 00009000 08:03 529628                     /lib/x86_64-linux-gnu/libjson-c.so.2.0.0
7f1e985c4000-7f1e985c5000 rw-p 0000a000 08:03 529628                     /lib/x86_64-linux-gnu/libjson-c.so.2.0.0
7f1e985c5000-7f1e98613000 r-xp 00000000 08:03 1444779                    /usr/lib/x86_64-linux-gnu/libpulse.so.0.19.0
7f1e98613000-7f1e98813000 ---p 0004e000 08:03 1444779                    /usr/lib/x86_64-linux-gnu/libpulse.so.0.19.0
7f1e98813000-7f1e98814000 r--p 0004e000 08:03 1444779                    /usr/lib/x86_64-linux-gnu/libpulse.so.0.19.0
7f1e98814000-7f1e98815000 rw-p 0004f000 08:03 1444779                    /usr/lib/x86_64-linux-gnu/libpulse.so.0.19.0
7f1e98815000-7f1e98819000 ---p 00000000 00:00 0 
7f1e98819000-7f1e98916000 rw-p 00000000 00:00 0 
7f1e98916000-7f1e9891a000 ---p 00000000 00:00 0 
7f1e9891a000-7f1e98a17000 rw-p 00000000 00:00 0 
7f1e98a17000-7f1e98b10000 r-xp 00000000 08:03 1451673                    /usr/lib/x86_64-linux-gnu/libasound.so.2.0.0
7f1e98b10000-7f1e98d0f000 ---p 000f9000 08:03 1451673                    /usr/lib/x86_64-linux-gnu/libasound.so.2.0.0
7f1e98d0f000-7f1e98d16000 r--p 000f8000 08:03 1451673                    /usr/lib/x86_64-linux-gnu/libasound.so.2.0.0
7f1e98d16000-7f1e98d17000 rw-p 000ff000 08:03 1451673                    /usr/lib/x86_64-linux-gnu/libasound.so.2.0.0
7f1e98d17000-7f1e98d26000 r-xp 00000000 08:03 1450288                    /usr/lib/jvm/java-9-openjdk-amd64/lib/amd64/libjsoundalsa.so
7f1e98d26000-7f1e98f25000 ---p 0000f000 08:03 1450288                    /usr/lib/jvm/java-9-openjdk-amd64/lib/amd64/libjsoundalsa.so
7f1e98f25000-7f1e98f26000 r--p 0000e000 08:03 1450288                    /usr/lib/jvm/java-9-openjdk-amd64/lib/amd64/libjsoundalsa.so
7f1e98f26000-7f1e98f27000 rw-p 0000f000 08:03 1450288                    /usr/lib/jvm/java-9-openjdk-amd64/lib/amd64/libjsoundalsa.so
7f1e98f27000-7f1e98f28000 r-xp 00000000 08:03 1456511                    /usr/lib/jvm/java-9-openjdk-amd64/lib/amd64/libjsound.so
7f1e98f28000-7f1e99127000 ---p 00001000 08:03 1456511                    /usr/lib/jvm/java-9-openjdk-amd64/lib/amd64/libjsound.so
7f1e99127000-7f1e99128000 r--p 00000000 08:03 1456511                    /usr/lib/jvm/java-9-openjdk-amd64/lib/amd64/libjsound.so
7f1e99128000-7f1e99129000 rw-p 00001000 08:03 1456511                    /usr/lib/jvm/java-9-openjdk-amd64/lib/amd64/libjsound.so
7f1e99129000-7f1e9912d000 ---p 00000000 00:00 0 
7f1e9912d000-7f1e9922a000 rw-p 00000000 00:00 0 
7f1e9922a000-7f1e9922e000 ---p 00000000 00:00 0 
7f1e9922e000-7f1e9932b000 rw-p 00000000 00:00 0 
7f1e9932b000-7f1e99382000 r-xp 00000000 08:03 1446770                    /usr/lib/x86_64-linux-gnu/libjpeg.so.8.0.2
7f1e99382000-7f1e99582000 ---p 00057000 08:03 1446770                    /usr/lib/x86_64-linux-gnu/libjpeg.so.8.0.2
7f1e99582000-7f1e99583000 r--p 00057000 08:03 1446770                    /usr/lib/x86_64-linux-gnu/libjpeg.so.8.0.2
7f1e99583000-7f1e99584000 rw-p 00058000 08:03 1446770                    /usr/lib/x86_64-linux-gnu/libjpeg.so.8.0.2
7f1e99584000-7f1e9958e000 r-xp 00000000 08:03 1456546                    /usr/lib/jvm/java-9-openjdk-amd64/lib/amd64/libjavajpeg.so
7f1e9958e000-7f1e9978d000 ---p 0000a000 08:03 1456546                    /usr/lib/jvm/java-9-openjdk-amd64/lib/amd64/libjavajpeg.so
7f1e9978d000-7f1e9978e000 r--p 00009000 08:03 1456546                    /usr/lib/jvm/java-9-openjdk-amd64/lib/amd64/libjavajpeg.so
7f1e9978e000-7f1e9978f000 rw-p 0000a000 08:03 1456546                    /usr/lib/jvm/java-9-openjdk-amd64/lib/amd64/libjavajpeg.so
7f1e9978f000-7f1e9998f000 rw-p 00000000 00:00 0 
7f1e9998f000-7f1e99993000 ---p 00000000 00:00 0 
7f1e99993000-7f1e99a90000 rw-p 00000000 00:00 0 
7f1e99a90000-7f1e99a94000 ---p 00000000 00:00 0 
7f1e99a94000-7f1e99b91000 rw-p 00000000 00:00 0 
7f1e99b91000-7f1e99b96000 r-xp 00000000 08:03 1451599                    /usr/lib/x86_64-linux-gnu/libXfixes.so.3.1.0
7f1e99b96000-7f1e99d95000 ---p 00005000 08:03 1451599                    /usr/lib/x86_64-linux-gnu/libXfixes.so.3.1.0
7f1e99d95000-7f1e99d96000 r--p 00004000 08:03 1451599                    /usr/lib/x86_64-linux-gnu/libXfixes.so.3.1.0
7f1e99d96000-7f1e99d97000 rw-p 00005000 08:03 1451599                    /usr/lib/x86_64-linux-gnu/libXfixes.so.3.1.0
7f1e99d97000-7f1e99da0000 r-xp 00000000 08:03 1451459                    /usr/lib/x86_64-linux-gnu/libXcursor.so.1.0.2
7f1e99da0000-7f1e99f9f000 ---p 00009000 08:03 1451459                    /usr/lib/x86_64-linux-gnu/libXcursor.so.1.0.2
7f1e99f9f000-7f1e99fa0000 r--p 00008000 08:03 1451459                    /usr/lib/x86_64-linux-gnu/libXcursor.so.1.0.2
7f1e99fa0000-7f1e99fa1000 rw-p 00009000 08:03 1451459                    /usr/lib/x86_64-linux-gnu/libXcursor.so.1.0.2
7f1e99fa1000-7f1e99fa5000 ---p 00000000 00:00 0 
7f1e99fa5000-7f1e9a0a2000 rw-p 00000000 00:00 0 
7f1e9a0a2000-7f1e9a0c6000 r-xp 00000000 08:03 529175                     /lib/x86_64-linux-gnu/libpng12.so.0.54.0
7f1e9a0c6000-7f1e9a2c5000 ---p 00024000 08:03 529175                     /lib/x86_64-linux-gnu/libpng12.so.0.54.0
7f1e9a2c5000-7f1e9a2c6000 r--p 00023000 08:03 529175                     /lib/x86_64-linux-gnu/libpng12.so.0.54.0
7f1e9a2c6000-7f1e9a2c7000 rw-p 00024000 08:03 529175                     /lib/x86_64-linux-gnu/libpng12.so.0.54.0
7f1e9a2c7000-7f1e9a36b000 r-xp 00000000 08:03 1452259                    /usr/lib/x86_64-linux-gnu/libfreetype.so.6.12.1
7f1e9a36b000-7f1e9a56a000 ---p 000a4000 08:03 1452259                    /usr/lib/x86_64-linux-gnu/libfreetype.so.6.12.1
7f1e9a56a000-7f1e9a570000 r--p 000a3000 08:03 1452259                    /usr/lib/x86_64-linux-gnu/libfreetype.so.6.12.1
7f1e9a570000-7f1e9a571000 rw-p 000a9000 08:03 1452259                    /usr/lib/x86_64-linux-gnu/libfreetype.so.6.12.1
7f1e9a571000-7f1e9a637000 r-xp 00000000 08:03 1456520                    /usr/lib/jvm/java-9-openjdk-amd64/lib/amd64/libfontmanager.so
7f1e9a637000-7f1e9a836000 ---p 000c6000 08:03 1456520                    /usr/lib/jvm/java-9-openjdk-amd64/lib/amd64/libfontmanager.so
7f1e9a836000-7f1e9a839000 r--p 000c5000 08:03 1456520                    /usr/lib/jvm/java-9-openjdk-amd64/lib/amd64/libfontmanager.so
7f1e9a839000-7f1e9a83a000 rw-p 000c8000 08:03 1456520                    /usr/lib/jvm/java-9-openjdk-amd64/lib/amd64/libfontmanager.so
7f1e9a83a000-7f1e9a83b000 rw-p 00000000 00:00 0 
7f1e9a83b000-7f1e9a840000 r-xp 00000000 08:03 1451595                    /usr/lib/x86_64-linux-gnu/libXdmcp.so.6.0.0
7f1e9a840000-7f1e9aa3f000 ---p 00005000 08:03 1451595                    /usr/lib/x86_64-linux-gnu/libXdmcp.so.6.0.0
7f1e9aa3f000-7f1e9aa40000 r--p 00004000 08:03 1451595                    /usr/lib/x86_64-linux-gnu/libXdmcp.so.6.0.0
7f1e9aa40000-7f1e9aa41000 rw-p 00005000 08:03 1451595                    /usr/lib/x86_64-linux-gnu/libXdmcp.so.6.0.0
7f1e9aa41000-7f1e9aa43000 r-xp 00000000 08:03 1451584                    /usr/lib/x86_64-linux-gnu/libXau.so.6.0.0
7f1e9aa43000-7f1e9ac43000 ---p 00002000 08:03 1451584                    /usr/lib/x86_64-linux-gnu/libXau.so.6.0.0
7f1e9ac43000-7f1e9ac44000 r--p 00002000 08:03 1451584                    /usr/lib/x86_64-linux-gnu/libXau.so.6.0.0
7f1e9ac44000-7f1e9ac45000 rw-p 00003000 08:03 1451584                    /usr/lib/x86_64-linux-gnu/libXau.so.6.0.0
7f1e9ac45000-7f1e9ac66000 r-xp 00000000 08:03 1453030                    /usr/lib/x86_64-linux-gnu/libxcb.so.1.1.0
7f1e9ac66000-7f1e9ae65000 ---p 00021000 08:03 1453030                    /usr/lib/x86_64-linux-gnu/libxcb.so.1.1.0
7f1e9ae65000-7f1e9ae66000 r--p 00020000 08:03 1453030                    /usr/lib/x86_64-linux-gnu/libxcb.so.1.1.0
7f1e9ae66000-7f1e9ae67000 rw-p 00021000 08:03 1453030                    /usr/lib/x86_64-linux-gnu/libxcb.so.1.1.0
7f1e9ae67000-7f1e9ae76000 r-xp 00000000 08:03 1451605                    /usr/lib/x86_64-linux-gnu/libXi.so.6.1.0
7f1e9ae76000-7f1e9b075000 ---p 0000f000 08:03 1451605                    /usr/lib/x86_64-linux-gnu/libXi.so.6.1.0
7f1e9b075000-7f1e9b076000 r--p 0000e000 08:03 1451605                    /usr/lib/x86_64-linux-gnu/libXi.so.6.1.0
7f1e9b076000-7f1e9b077000 rw-p 0000f000 08:03 1451605                    /usr/lib/x86_64-linux-gnu/libXi.so.6.1.0
7f1e9b077000-7f1e9b07c000 r-xp 00000000 08:03 1451623                    /usr/lib/x86_64-linux-gnu/libXtst.so.6.1.0
7f1e9b07c000-7f1e9b27b000 ---p 00005000 08:03 1451623                    /usr/lib/x86_64-linux-gnu/libXtst.so.6.1.0
7f1e9b27b000-7f1e9b27c000 r--p 00004000 08:03 1451623                    /usr/lib/x86_64-linux-gnu/libXtst.so.6.1.0
7f1e9b27c000-7f1e9b27d000 rw-p 00005000 08:03 1451623                    /usr/lib/x86_64-linux-gnu/libXtst.so.6.1.0
7f1e9b27d000-7f1e9b286000 r-xp 00000000 08:03 1451617                    /usr/lib/x86_64-linux-gnu/libXrender.so.1.3.0
7f1e9b286000-7f1e9b485000 ---p 00009000 08:03 1451617                    /usr/lib/x86_64-linux-gnu/libXrender.so.1.3.0
7f1e9b485000-7f1e9b486000 r--p 00008000 08:03 1451617                    /usr/lib/x86_64-linux-gnu/libXrender.so.1.3.0
7f1e9b486000-7f1e9b487000 rw-p 00009000 08:03 1451617                    /usr/lib/x86_64-linux-gnu/libXrender.so.1.3.0
7f1e9b487000-7f1e9b5bc000 r-xp 00000000 08:03 1453226                    /usr/lib/x86_64-linux-gnu/libX11.so.6.3.0
7f1e9b5bc000-7f1e9b7bc000 ---p 00135000 08:03 1453226                    /usr/lib/x86_64-linux-gnu/libX11.so.6.3.0
7f1e9b7bc000-7f1e9b7bd000 r--p 00135000 08:03 1453226                    /usr/lib/x86_64-linux-gnu/libX11.so.6.3.0
7f1e9b7bd000-7f1e9b7c1000 rw-p 00136000 08:03 1453226                    /usr/lib/x86_64-linux-gnu/libX11.so.6.3.0
7f1e9b7c1000-7f1e9b7d2000 r-xp 00000000 08:03 1451597                    /usr/lib/x86_64-linux-gnu/libXext.so.6.4.0
7f1e9b7d2000-7f1e9b9d1000 ---p 00011000 08:03 1451597                    /usr/lib/x86_64-linux-gnu/libXext.so.6.4.0
7f1e9b9d1000-7f1e9b9d2000 r--p 00010000 08:03 1451597                    /usr/lib/x86_64-linux-gnu/libXext.so.6.4.0
7f1e9b9d2000-7f1e9b9d3000 rw-p 00011000 08:03 1451597                    /usr/lib/x86_64-linux-gnu/libXext.so.6.4.0
7f1e9b9d3000-7f1e9ba2a000 r-xp 00000000 08:03 1456547                    /usr/lib/jvm/java-9-openjdk-amd64/lib/amd64/libawt_xawt.so
7f1e9ba2a000-7f1e9bc2a000 ---p 00057000 08:03 1456547                    /usr/lib/jvm/java-9-openjdk-amd64/lib/amd64/libawt_xawt.so
7f1e9bc2a000-7f1e9bc2b000 r--p 00057000 08:03 1456547                    /usr/lib/jvm/java-9-openjdk-amd64/lib/amd64/libawt_xawt.so
7f1e9bc2b000-7f1e9bc2e000 rw-p 00058000 08:03 1456547                    /usr/lib/jvm/java-9-openjdk-amd64/lib/amd64/libawt_xawt.so
7f1e9bc2e000-7f1e9bc2f000 rw-p 00000000 00:00 0 
7f1e9bc2f000-7f1e9bccf000 r-xp 00000000 08:03 1456519                    /usr/lib/jvm/java-9-openjdk-amd64/lib/amd64/libawt.so
7f1e9bccf000-7f1e9bece000 ---p 000a0000 08:03 1456519                    /usr/lib/jvm/java-9-openjdk-amd64/lib/amd64/libawt.so
7f1e9bece000-7f1e9becf000 r--p 0009f000 08:03 1456519                    /usr/lib/jvm/java-9-openjdk-amd64/lib/amd64/libawt.so
7f1e9becf000-7f1e9beda000 rw-p 000a0000 08:03 1456519                    /usr/lib/jvm/java-9-openjdk-amd64/lib/amd64/libawt.so
7f1e9beda000-7f1e9beff000 rw-p 00000000 00:00 0 
7f1e9beff000-7f1e9bf00000 ---p 00000000 00:00 0 
7f1e9bf00000-7f1e9c000000 rw-p 00000000 00:00 0 
7f1e9c000000-7f1e9c021000 rw-p 00000000 00:00 0 
7f1e9c021000-7f1ea0000000 ---p 00000000 00:00 0 
7f1ea0000000-7f1ea0021000 rw-p 00000000 00:00 0 
7f1ea0021000-7f1ea4000000 ---p 00000000 00:00 0 
7f1ea4000000-7f1ea41ee000 rw-p 00000000 00:00 0 
7f1ea41ee000-7f1ea8000000 ---p 00000000 00:00 0 
7f1ea8000000-7f1ea813b000 rw-p 00000000 00:00 0 
7f1ea813b000-7f1eac000000 ---p 00000000 00:00 0 
7f1eac000000-7f1eac021000 rw-p 00000000 00:00 0 
7f1eac021000-7f1eb0000000 ---p 00000000 00:00 0 
7f1eb0000000-7f1eb0220000 rw-p 00000000 00:00 0 
7f1eb0220000-7f1eb4000000 ---p 00000000 00:00 0 
7f1eb4000000-7f1eb4021000 rw-p 00000000 00:00 0 
7f1eb4021000-7f1eb8000000 ---p 00000000 00:00 0 
7f1eb80f5000-7f1eb80f9000 ---p 00000000 00:00 0 
7f1eb80f9000-7f1eb81f6000 rw-p 00000000 00:00 0 
7f1eb81f6000-7f1eb81fa000 ---p 00000000 00:00 0 
7f1eb81fa000-7f1ebb2f8000 rw-p 00000000 00:00 0 
7f1ebb2f8000-7f1ebb30e000 r-xp 00000000 08:03 1456521                    /usr/lib/jvm/java-9-openjdk-amd64/lib/amd64/libnet.so
7f1ebb30e000-7f1ebb50d000 ---p 00016000 08:03 1456521                    /usr/lib/jvm/java-9-openjdk-amd64/lib/amd64/libnet.so
7f1ebb50d000-7f1ebb50e000 r--p 00015000 08:03 1456521                    /usr/lib/jvm/java-9-openjdk-amd64/lib/amd64/libnet.so
7f1ebb50e000-7f1ebb50f000 rw-p 00016000 08:03 1456521                    /usr/lib/jvm/java-9-openjdk-amd64/lib/amd64/libnet.so
7f1ebb50f000-7f1ebb520000 r-xp 00000000 08:03 1456548                    /usr/lib/jvm/java-9-openjdk-amd64/lib/amd64/libnio.so
7f1ebb520000-7f1ebb720000 ---p 00011000 08:03 1456548                    /usr/lib/jvm/java-9-openjdk-amd64/lib/amd64/libnio.so
7f1ebb720000-7f1ebb721000 r--p 00011000 08:03 1456548                    /usr/lib/jvm/java-9-openjdk-amd64/lib/amd64/libnio.so
7f1ebb721000-7f1ebb722000 rw-p 00012000 08:03 1456548                    /usr/lib/jvm/java-9-openjdk-amd64/lib/amd64/libnio.so
7f1ebb722000-7f1ebb726000 ---p 00000000 00:00 0 
7f1ebb726000-7f1ebb823000 rw-p 00000000 00:00 0 
7f1ebb823000-7f1ebb827000 ---p 00000000 00:00 0 
7f1ebb827000-7f1ebb924000 rw-p 00000000 00:00 0 
7f1ebb924000-7f1ebb928000 ---p 00000000 00:00 0 
7f1ebb928000-7f1ebba25000 rw-p 00000000 00:00 0 
7f1ebba25000-7f1ebba29000 ---p 00000000 00:00 0 
7f1ebba29000-7f1ebbb26000 rw-p 00000000 00:00 0 
7f1ebbb26000-7f1ebbb2a000 ---p 00000000 00:00 0 
7f1ebbb2a000-7f1ebbc27000 rw-p 00000000 00:00 0 
7f1ebbc27000-7f1ebbc2b000 ---p 00000000 00:00 0 
7f1ebbc2b000-7f1ebbd28000 rw-p 00000000 00:00 0 
7f1ebbd28000-7f1ebc000000 r--p 00000000 08:03 1451415                    /usr/lib/locale/locale-archive
7f1ebc000000-7f1ebc021000 rw-p 00000000 00:00 0 
7f1ebc021000-7f1ec0000000 ---p 00000000 00:00 0 
7f1ec0000000-7f1ec0021000 rw-p 00000000 00:00 0 
7f1ec0021000-7f1ec4000000 ---p 00000000 00:00 0 
7f1ec4000000-7f1ec4021000 rw-p 00000000 00:00 0 
7f1ec4021000-7f1ec8000000 ---p 00000000 00:00 0 
7f1ec8000000-7f1ec8021000 rw-p 00000000 00:00 0 
7f1ec8021000-7f1ecc000000 ---p 00000000 00:00 0 
7f1ecc000000-7f1ecc021000 rw-p 00000000 00:00 0 
7f1ecc021000-7f1ed0000000 ---p 00000000 00:00 0 
7f1ed0047000-7f1ed00c7000 r-xp 00000000 08:03 524545                     /lib/x86_64-linux-gnu/libsystemd.so.0.14.0
7f1ed00c7000-7f1ed00ca000 r--p 0007f000 08:03 524545                     /lib/x86_64-linux-gnu/libsystemd.so.0.14.0
7f1ed00ca000-7f1ed00cb000 rw-p 00082000 08:03 524545                     /lib/x86_64-linux-gnu/libsystemd.so.0.14.0
7f1ed00cb000-7f1ed00cc000 rw-p 00000000 00:00 0 
7f1ed00cc000-7f1ed00d0000 ---p 00000000 00:00 0 
7f1ed00d0000-7f1ed01cd000 rw-p 00000000 00:00 0 
7f1ed01cd000-7f1ed01d1000 ---p 00000000 00:00 0 
7f1ed01d1000-7f1ed02ce000 rw-p 00000000 00:00 0 
7f1ed02ce000-7f1ed02cf000 ---p 00000000 00:00 0 
7f1ed02cf000-7f1ed0ca0000 rw-p 00000000 00:00 0 
7f1ed0ca0000-7f1ed3484000 rw-p 00000000 00:00 0 
7f1ed3484000-7f1ed518c000 ---p 00000000 00:00 0 
7f1ed518c000-7f1ed537c000 rw-p 00000000 00:00 0 
7f1ed537c000-7f1ed7084000 ---p 00000000 00:00 0 
7f1ed7084000-7f1ed70c2000 rw-p 00000000 00:00 0 
7f1ed70c2000-7f1ed7463000 ---p 00000000 00:00 0 
7f1ed7463000-7f1ed74a1000 rw-p 00000000 00:00 0 
7f1ed74a1000-7f1ed7c21000 ---p 00000000 00:00 0 
7f1ed7c21000-7f1ed7c5f000 rw-p 00000000 00:00 0 
7f1ed7c5f000-7f1ed8000000 ---p 00000000 00:00 0 
7f1ed8000000-7f1ed8021000 rw-p 00000000 00:00 0 
7f1ed8021000-7f1edc000000 ---p 00000000 00:00 0 
7f1edc000000-7f1edc021000 rw-p 00000000 00:00 0 
7f1edc021000-7f1ee0000000 ---p 00000000 00:00 0 
7f1ee0000000-7f1ee0021000 rw-p 00000000 00:00 0 
7f1ee0021000-7f1ee4000000 ---p 00000000 00:00 0 
7f1ee4000000-7f1ee4021000 rw-p 00000000 00:00 0 
7f1ee4021000-7f1ee8000000 ---p 00000000 00:00 0 
7f1ee8000000-7f1ee8021000 rw-p 00000000 00:00 0 
7f1ee8021000-7f1eec000000 ---p 00000000 00:00 0 
7f1eec000000-7f1eec021000 rw-p 00000000 00:00 0 
7f1eec021000-7f1ef0000000 ---p 00000000 00:00 0 
7f1ef0000000-7f1ef0021000 rw-p 00000000 00:00 0 
7f1ef0021000-7f1ef4000000 ---p 00000000 00:00 0 
7f1ef4000000-7f1ef4021000 rw-p 00000000 00:00 0 
7f1ef4021000-7f1ef8000000 ---p 00000000 00:00 0 
7f1ef8000000-7f1ef8021000 rw-p 00000000 00:00 0 
7f1ef8021000-7f1efc000000 ---p 00000000 00:00 0 
7f1efc009000-7f1efc00a000 ---p 00000000 00:00 0 
7f1efc00a000-7f1efc10a000 rw-p 00000000 00:00 0 
7f1efc10a000-7f1efc10b000 ---p 00000000 00:00 0 
7f1efc10b000-7f1efc20b000 rw-p 00000000 00:00 0 
7f1efc20b000-7f1efc20c000 ---p 00000000 00:00 0 
7f1efc20c000-7f1efc30c000 rw-p 00000000 00:00 0 
7f1efc30c000-7f1efc30d000 ---p 00000000 00:00 0 
7f1efc30d000-7f1efc40d000 rw-p 00000000 00:00 0 
7f1efc40d000-7f1efc40e000 ---p 00000000 00:00 0 
7f1efc40e000-7f1efc50e000 rw-p 00000000 00:00 0 
7f1efc50e000-7f1efc50f000 ---p 00000000 00:00 0 
7f1efc50f000-7f1efc60f000 rw-p 00000000 00:00 0 
7f1efc60f000-7f1efc610000 ---p 00000000 00:00 0 
7f1efc610000-7f1efcb14000 rw-p 00000000 00:00 0 
7f1efcb14000-7f1efcb15000 ---p 00000000 00:00 0 
7f1efcb15000-7f1efcc15000 rw-p 00000000 00:00 0 
7f1efcc15000-7f1efcc16000 ---p 00000000 00:00 0 
7f1efcc16000-7f1efcd16000 rw-p 00000000 00:00 0 
7f1efcd16000-7f1efcd17000 ---p 00000000 00:00 0 
7f1efcd17000-7f1efce17000 rw-p 00000000 00:00 0 
7f1efce17000-7f1efce18000 ---p 00000000 00:00 0 
7f1efce18000-7f1efcf1d000 rw-p 00000000 00:00 0 
7f1efcf1d000-7f1efd003000 ---p 00000000 00:00 0 
7f1efd003000-7f1efd273000 rwxp 00000000 00:00 0 
7f1efd273000-7f1efd593000 ---p 00000000 00:00 0 
7f1efd593000-7f1efd803000 rwxp 00000000 00:00 0 
7f1efd803000-7f1f04acb000 ---p 00000000 00:00 0 
7f1f04acb000-7f1f04d3b000 rwxp 00000000 00:00 0 
7f1f04d3b000-7f1f0c003000 ---p 00000000 00:00 0 
7f1f0c003000-7f1f133b2000 r--s 00000000 08:03 1456505                    /usr/lib/jvm/java-9-openjdk-amd64/lib/modules
7f1f133b2000-7f1f133b7000 r-xp 00000000 08:03 1456535                    /usr/lib/jvm/java-9-openjdk-amd64/lib/amd64/libjimage.so
7f1f133b7000-7f1f135b6000 ---p 00005000 08:03 1456535                    /usr/lib/jvm/java-9-openjdk-amd64/lib/amd64/libjimage.so
7f1f135b6000-7f1f135b7000 r--p 00004000 08:03 1456535                    /usr/lib/jvm/java-9-openjdk-amd64/lib/amd64/libjimage.so
7f1f135b7000-7f1f135b8000 rw-p 00005000 08:03 1456535                    /usr/lib/jvm/java-9-openjdk-amd64/lib/amd64/libjimage.so
7f1f135b8000-7f1f135bf000 r-xp 00000000 08:03 1456531                    /usr/lib/jvm/java-9-openjdk-amd64/lib/amd64/libzip.so
7f1f135bf000-7f1f137be000 ---p 00007000 08:03 1456531                    /usr/lib/jvm/java-9-openjdk-amd64/lib/amd64/libzip.so
7f1f137be000-7f1f137bf000 r--p 00006000 08:03 1456531                    /usr/lib/jvm/java-9-openjdk-amd64/lib/amd64/libzip.so
7f1f137bf000-7f1f137c0000 rw-p 00007000 08:03 1456531                    /usr/lib/jvm/java-9-openjdk-amd64/lib/amd64/libzip.so
7f1f137c0000-7f1f137cb000 r-xp 00000000 08:03 529398                     /lib/x86_64-linux-gnu/libnss_files-2.23.so
7f1f137cb000-7f1f139ca000 ---p 0000b000 08:03 529398                     /lib/x86_64-linux-gnu/libnss_files-2.23.so
7f1f139ca000-7f1f139cb000 r--p 0000a000 08:03 529398                     /lib/x86_64-linux-gnu/libnss_files-2.23.so
7f1f139cb000-7f1f139cc000 rw-p 0000b000 08:03 529398                     /lib/x86_64-linux-gnu/libnss_files-2.23.so
7f1f139cc000-7f1f139d2000 rw-p 00000000 00:00 0 
7f1f139d2000-7f1f139dd000 r-xp 00000000 08:03 529391                     /lib/x86_64-linux-gnu/libnss_nis-2.23.so
7f1f139dd000-7f1f13bdc000 ---p 0000b000 08:03 529391                     /lib/x86_64-linux-gnu/libnss_nis-2.23.so
7f1f13bdc000-7f1f13bdd000 r--p 0000a000 08:03 529391                     /lib/x86_64-linux-gnu/libnss_nis-2.23.so
7f1f13bdd000-7f1f13bde000 rw-p 0000b000 08:03 529391                     /lib/x86_64-linux-gnu/libnss_nis-2.23.so
7f1f13bde000-7f1f13bf4000 r-xp 00000000 08:03 529396                     /lib/x86_64-linux-gnu/libnsl-2.23.so
7f1f13bf4000-7f1f13df3000 ---p 00016000 08:03 529396                     /lib/x86_64-linux-gnu/libnsl-2.23.so
7f1f13df3000-7f1f13df4000 r--p 00015000 08:03 529396                     /lib/x86_64-linux-gnu/libnsl-2.23.so
7f1f13df4000-7f1f13df5000 rw-p 00016000 08:03 529396                     /lib/x86_64-linux-gnu/libnsl-2.23.so
7f1f13df5000-7f1f13df7000 rw-p 00000000 00:00 0 
7f1f13df7000-7f1f13dff000 r-xp 00000000 08:03 529402                     /lib/x86_64-linux-gnu/libnss_compat-2.23.so
7f1f13dff000-7f1f13ffe000 ---p 00008000 08:03 529402                     /lib/x86_64-linux-gnu/libnss_compat-2.23.so
7f1f13ffe000-7f1f13fff000 r--p 00007000 08:03 529402                     /lib/x86_64-linux-gnu/libnss_compat-2.23.so
7f1f13fff000-7f1f14000000 rw-p 00008000 08:03 529402                     /lib/x86_64-linux-gnu/libnss_compat-2.23.so
7f1f14000000-7f1f143c4000 rw-p 00000000 00:00 0 
7f1f143c4000-7f1f18000000 ---p 00000000 00:00 0 
7f1f18014000-7f1f18019000 rw-p 00000000 00:00 0 
7f1f18019000-7f1f180ff000 ---p 00000000 00:00 0 
7f1f180ff000-7f1f1812a000 r-xp 00000000 08:03 1456514                    /usr/lib/jvm/java-9-openjdk-amd64/lib/amd64/libjava.so
7f1f1812a000-7f1f18329000 ---p 0002b000 08:03 1456514                    /usr/lib/jvm/java-9-openjdk-amd64/lib/amd64/libjava.so
7f1f18329000-7f1f1832a000 r--p 0002a000 08:03 1456514                    /usr/lib/jvm/java-9-openjdk-amd64/lib/amd64/libjava.so
7f1f1832a000-7f1f1832c000 rw-p 0002b000 08:03 1456514                    /usr/lib/jvm/java-9-openjdk-amd64/lib/amd64/libjava.so
7f1f1832c000-7f1f18339000 r-xp 00000000 08:03 1456515                    /usr/lib/jvm/java-9-openjdk-amd64/lib/amd64/libverify.so
7f1f18339000-7f1f18538000 ---p 0000d000 08:03 1456515                    /usr/lib/jvm/java-9-openjdk-amd64/lib/amd64/libverify.so
7f1f18538000-7f1f1853a000 r--p 0000c000 08:03 1456515                    /usr/lib/jvm/java-9-openjdk-amd64/lib/amd64/libverify.so
7f1f1853a000-7f1f1853b000 rw-p 0000e000 08:03 1456515                    /usr/lib/jvm/java-9-openjdk-amd64/lib/amd64/libverify.so
7f1f1853b000-7f1f18542000 r-xp 00000000 08:03 529369                     /lib/x86_64-linux-gnu/librt-2.23.so
7f1f18542000-7f1f18741000 ---p 00007000 08:03 529369                     /lib/x86_64-linux-gnu/librt-2.23.so
7f1f18741000-7f1f18742000 r--p 00006000 08:03 529369                     /lib/x86_64-linux-gnu/librt-2.23.so
7f1f18742000-7f1f18743000 rw-p 00007000 08:03 529369                     /lib/x86_64-linux-gnu/librt-2.23.so
7f1f18743000-7f1f18759000 r-xp 00000000 08:03 529607                     /lib/x86_64-linux-gnu/libgcc_s.so.1
7f1f18759000-7f1f18958000 ---p 00016000 08:03 529607                     /lib/x86_64-linux-gnu/libgcc_s.so.1
7f1f18958000-7f1f18959000 rw-p 00015000 08:03 529607                     /lib/x86_64-linux-gnu/libgcc_s.so.1
7f1f18959000-7f1f18a61000 r-xp 00000000 08:03 529404                     /lib/x86_64-linux-gnu/libm-2.23.so
7f1f18a61000-7f1f18c60000 ---p 00108000 08:03 529404                     /lib/x86_64-linux-gnu/libm-2.23.so
7f1f18c60000-7f1f18c61000 r--p 00107000 08:03 529404                     /lib/x86_64-linux-gnu/libm-2.23.so
7f1f18c61000-7f1f18c62000 rw-p 00108000 08:03 529404                     /lib/x86_64-linux-gnu/libm-2.23.so
7f1f18c62000-7f1f18dd4000 r-xp 00000000 08:03 1442136                    /usr/lib/x86_64-linux-gnu/libstdc++.so.6.0.21
7f1f18dd4000-7f1f18fd4000 ---p 00172000 08:03 1442136                    /usr/lib/x86_64-linux-gnu/libstdc++.so.6.0.21
7f1f18fd4000-7f1f18fde000 r--p 00172000 08:03 1442136                    /usr/lib/x86_64-linux-gnu/libstdc++.so.6.0.21
7f1f18fde000-7f1f18fe0000 rw-p 0017c000 08:03 1442136                    /usr/lib/x86_64-linux-gnu/libstdc++.so.6.0.21
7f1f18fe0000-7f1f18fe4000 rw-p 00000000 00:00 0 
7f1f18fe4000-7f1f19e42000 r-xp 00000000 08:03 1456528                    /usr/lib/jvm/java-9-openjdk-amd64/lib/amd64/server/libjvm.so
7f1f19e42000-7f1f1a042000 ---p 00e5e000 08:03 1456528                    /usr/lib/jvm/java-9-openjdk-amd64/lib/amd64/server/libjvm.so
7f1f1a042000-7f1f1a0f4000 r--p 00e5e000 08:03 1456528                    /usr/lib/jvm/java-9-openjdk-amd64/lib/amd64/server/libjvm.so
7f1f1a0f4000-7f1f1a126000 rw-p 00f10000 08:03 1456528                    /usr/lib/jvm/java-9-openjdk-amd64/lib/amd64/server/libjvm.so
7f1f1a126000-7f1f1a16b000 rw-p 00000000 00:00 0 
7f1f1a16b000-7f1f1a183000 r-xp 00000000 08:03 529387                     /lib/x86_64-linux-gnu/libpthread-2.23.so
7f1f1a183000-7f1f1a382000 ---p 00018000 08:03 529387                     /lib/x86_64-linux-gnu/libpthread-2.23.so
7f1f1a382000-7f1f1a383000 r--p 00017000 08:03 529387                     /lib/x86_64-linux-gnu/libpthread-2.23.so
7f1f1a383000-7f1f1a384000 rw-p 00018000 08:03 529387                     /lib/x86_64-linux-gnu/libpthread-2.23.so
7f1f1a384000-7f1f1a388000 rw-p 00000000 00:00 0 
7f1f1a388000-7f1f1a38b000 r-xp 00000000 08:03 529382                     /lib/x86_64-linux-gnu/libdl-2.23.so
7f1f1a38b000-7f1f1a58a000 ---p 00003000 08:03 529382                     /lib/x86_64-linux-gnu/libdl-2.23.so
7f1f1a58a000-7f1f1a58b000 r--p 00002000 08:03 529382                     /lib/x86_64-linux-gnu/libdl-2.23.so
7f1f1a58b000-7f1f1a58c000 rw-p 00003000 08:03 529382                     /lib/x86_64-linux-gnu/libdl-2.23.so
7f1f1a58c000-7f1f1a5a5000 r-xp 00000000 08:03 524804                     /lib/x86_64-linux-gnu/libz.so.1.2.8
7f1f1a5a5000-7f1f1a7a4000 ---p 00019000 08:03 524804                     /lib/x86_64-linux-gnu/libz.so.1.2.8
7f1f1a7a4000-7f1f1a7a5000 r--p 00018000 08:03 524804                     /lib/x86_64-linux-gnu/libz.so.1.2.8
7f1f1a7a5000-7f1f1a7a6000 rw-p 00019000 08:03 524804                     /lib/x86_64-linux-gnu/libz.so.1.2.8
7f1f1a7a6000-7f1f1a966000 r-xp 00000000 08:03 529401                     /lib/x86_64-linux-gnu/libc-2.23.so
7f1f1a966000-7f1f1ab66000 ---p 001c0000 08:03 529401                     /lib/x86_64-linux-gnu/libc-2.23.so
7f1f1ab66000-7f1f1ab6a000 r--p 001c0000 08:03 529401                     /lib/x86_64-linux-gnu/libc-2.23.so
7f1f1ab6a000-7f1f1ab6c000 rw-p 001c4000 08:03 529401                     /lib/x86_64-linux-gnu/libc-2.23.so
7f1f1ab6c000-7f1f1ab70000 rw-p 00000000 00:00 0 
7f1f1ab70000-7f1f1ab7e000 r-xp 00000000 08:03 1456545                    /usr/lib/jvm/java-9-openjdk-amd64/lib/amd64/jli/libjli.so
7f1f1ab7e000-7f1f1ad7d000 ---p 0000e000 08:03 1456545                    /usr/lib/jvm/java-9-openjdk-amd64/lib/amd64/jli/libjli.so
7f1f1ad7d000-7f1f1ad7e000 r--p 0000d000 08:03 1456545                    /usr/lib/jvm/java-9-openjdk-amd64/lib/amd64/jli/libjli.so
7f1f1ad7e000-7f1f1ad7f000 rw-p 0000e000 08:03 1456545                    /usr/lib/jvm/java-9-openjdk-amd64/lib/amd64/jli/libjli.so
7f1f1ad7f000-7f1f1ada5000 r-xp 00000000 08:03 529386                     /lib/x86_64-linux-gnu/ld-2.23.so
7f1f1add2000-7f1f1ae76000 rw-p 00000000 00:00 0 
7f1f1ae76000-7f1f1ae7a000 ---p 00000000 00:00 0 
7f1f1ae7a000-7f1f1af7b000 rw-p 00000000 00:00 0 
7f1f1af86000-7f1f1af8d000 r--s 00000000 08:03 1848351                    /usr/lib/x86_64-linux-gnu/gconv/gconv-modules.cache
7f1f1af8d000-7f1f1af92000 rw-p 00000000 00:00 0 
7f1f1af92000-7f1f1af99000 ---p 00000000 00:00 0 
7f1f1af99000-7f1f1afa1000 rw-s 00000000 08:03 657960                     /tmp/hsperfdata_jgourd/16296
7f1f1afa1000-7f1f1afa2000 rw-p 00000000 00:00 0 
7f1f1afa2000-7f1f1afa3000 r--p 00000000 00:00 0 
7f1f1afa3000-7f1f1afa4000 rw-p 00000000 00:00 0 
7f1f1afa4000-7f1f1afa5000 r--p 00025000 08:03 529386                     /lib/x86_64-linux-gnu/ld-2.23.so
7f1f1afa5000-7f1f1afa6000 rw-p 00026000 08:03 529386                     /lib/x86_64-linux-gnu/ld-2.23.so
7f1f1afa6000-7f1f1afa7000 rw-p 00000000 00:00 0 
7ffcbfe2f000-7ffcbfe50000 rw-p 00000000 00:00 0                          [stack]
7ffcbff36000-7ffcbff38000 r--p 00000000 00:00 0                          [vvar]
7ffcbff38000-7ffcbff3a000 r-xp 00000000 00:00 0                          [vdso]
ffffffffff600000-ffffffffff601000 r-xp 00000000 00:00 0                  [vsyscall]

VM Arguments:
java_command: View
java_class_path (initial): .
Launcher Type: SUN_STANDARD

Environment Variables:
PATH=/home/jgourd/usr/bin:/usr/local/sbin:/usr/local/bin:/usr/sbin:/usr/bin:/sbin:/bin:/usr/games:/usr/local/games:/home/jgourd/_git/other/docs:/sbin:/usr/sbin
LD_LIBRARY_PATH=/home/jgourd/usr/lib:
SHELL=/bin/bash
DISPLAY=:0.0

Signal Handlers:
SIGSEGV: [libjvm.so+0xc12c20], sa_mask[0]=11111111011111111101111111111110, sa_flags=SA_RESTART|SA_SIGINFO
SIGBUS: [libjvm.so+0xc12c20], sa_mask[0]=11111111011111111101111111111110, sa_flags=SA_RESTART|SA_SIGINFO
SIGFPE: [libjvm.so+0xc12c20], sa_mask[0]=11111111011111111101111111111110, sa_flags=SA_RESTART|SA_SIGINFO
SIGPIPE: [libjvm.so+0xa3b600], sa_mask[0]=11111111011111111101111111111110, sa_flags=SA_RESTART|SA_SIGINFO
SIGXFSZ: [libjvm.so+0xa3b600], sa_mask[0]=11111111011111111101111111111110, sa_flags=SA_RESTART|SA_SIGINFO
SIGILL: [libjvm.so+0xc12c20], sa_mask[0]=11111111011111111101111111111110, sa_flags=SA_RESTART|SA_SIGINFO
SIGUSR2: [libjvm.so+0xa3b4a0], sa_mask[0]=00000000000000000000000000000000, sa_flags=SA_RESTART|SA_SIGINFO
SIGHUP: [libjvm.so+0xa3b870], sa_mask[0]=11111111011111111101111111111110, sa_flags=SA_RESTART|SA_SIGINFO
SIGINT: [libjvm.so+0xa3b870], sa_mask[0]=11111111011111111101111111111110, sa_flags=SA_RESTART|SA_SIGINFO
SIGTERM: [libjvm.so+0xa3b870], sa_mask[0]=11111111011111111101111111111110, sa_flags=SA_RESTART|SA_SIGINFO
SIGQUIT: [libjvm.so+0xa3b870], sa_mask[0]=11111111011111111101111111111110, sa_flags=SA_RESTART|SA_SIGINFO


---------------  S Y S T E M  ---------------

OS:DISTRIB_ID=LinuxMint
DISTRIB_RELEASE=18.3
DISTRIB_CODENAME=sylvia
DISTRIB_DESCRIPTION="Linux Mint 18.3 Sylvia"
uname:Linux 4.10.0-38-generic #42~16.04.1-Ubuntu SMP Tue Oct 10 16:32:20 UTC 2017 x86_64
libc:glibc 2.23 NPTL 2.23 
rlimit: STACK 8192k, CORE 0k, NPROC 31501, NOFILE 1048576, AS infinity
load average:0.45 0.37 0.33

/proc/meminfo:
MemTotal:        8111404 kB
MemFree:          308408 kB
MemAvailable:    5175080 kB
Buffers:         1314668 kB
Cached:          2136180 kB
SwapCached:            0 kB
Active:          4207924 kB
Inactive:        1186960 kB
Active(anon):    1877556 kB
Inactive(anon):   566100 kB
Active(file):    2330368 kB
Inactive(file):   620860 kB
Unevictable:         116 kB
Mlocked:             116 kB
SwapTotal:       8388604 kB
SwapFree:        8388604 kB
Dirty:               540 kB
Writeback:             0 kB
AnonPages:       1770580 kB
Mapped:           713648 kB
Shmem:            499376 kB
Slab:            2268884 kB
SReclaimable:    2220184 kB
SUnreclaim:        48700 kB
KernelStack:       10576 kB
PageTables:        44444 kB
NFS_Unstable:          0 kB
Bounce:                0 kB
WritebackTmp:          0 kB
CommitLimit:    12444304 kB
Committed_AS:    7112948 kB
VmallocTotal:   34359738367 kB
VmallocUsed:           0 kB
VmallocChunk:          0 kB
HardwareCorrupted:     0 kB
AnonHugePages:    628736 kB
ShmemHugePages:        0 kB
ShmemPmdMapped:        0 kB
CmaTotal:              0 kB
CmaFree:               0 kB
HugePages_Total:       0
HugePages_Free:        0
HugePages_Rsvd:        0
HugePages_Surp:        0
Hugepagesize:       2048 kB
DirectMap4k:      405076 kB
DirectMap2M:     7921664 kB
DirectMap1G:           0 kB


CPU:total 4 (2 cores per cpu, 2 threads per core) family 6 model 60 stepping 3, cmov, cx8, fxsr, mmx, sse, sse2, sse3, ssse3, sse4.1, sse4.2, popcnt, avx, avx2, aes, clmul, erms, lzcnt, ht, tsc, tscinvbit, bmi1, bmi2

CPU Model and flags from /proc/cpuinfo:
model name	: Intel(R) Core(TM) i5-4200M CPU @ 2.50GHz
flags		: fpu vme de pse tsc msr pae mce cx8 apic sep mtrr pge mca cmov pat pse36 clflush dts acpi mmx fxsr sse sse2 ss ht tm pbe syscall nx pdpe1gb rdtscp lm constant_tsc arch_perfmon pebs bts rep_good nopl xtopology nonstop_tsc aperfmperf pni pclmulqdq dtes64 monitor ds_cpl vmx est tm2 ssse3 sdbg fma cx16 xtpr pdcm pcid sse4_1 sse4_2 movbe popcnt tsc_deadline_timer aes xsave avx f16c rdrand lahf_lm abm epb tpr_shadow vnmi flexpriority ept vpid fsgsbase tsc_adjust bmi1 avx2 smep bmi2 erms invpcid xsaveopt dtherm ida arat pln pts

Memory: 4k page, physical 8111404k(308408k free), swap 8388604k(8388604k free)

vm_info: OpenJDK 64-Bit Server VM (9-internal+0-2016-04-14-195246.buildd.src) for linux-amd64 JRE (9-internal+0-2016-04-14-195246.buildd.src), built on Apr 14 2016 20:05:37 by "buildd" with gcc 5.3.1 20160413

END.
